
===========================================================================
report_checks -path_delay min (Hold)
============================================================================
======================= Fastest Corner ===================================

Startpoint: A[6] (input port clocked by clk)
Endpoint: Result[6] (output port clocked by clk)
Path Group: clk
Path Type: min
Corner: Fastest

Fanout     Cap    Slew   Delay    Time   Description
-----------------------------------------------------------------------------
                  0.00    0.00    0.00   clock clk (rise edge)
                          0.00    0.00   clock network delay (ideal)
                          2.00    2.00 v input external delay
                  0.00    0.00    2.00 v A[6] (in)
     1    0.00                           A[6] (net)
                  0.00    0.00    2.00 v input7/A (sky130_fd_sc_hd__buf_4)
                  0.06    0.11    2.11 v input7/X (sky130_fd_sc_hd__buf_4)
     8    0.06                           net7 (net)
                  0.07    0.01    2.12 v _317_/A (sky130_fd_sc_hd__nand2_1)
                  0.04    0.05    2.17 ^ _317_/Y (sky130_fd_sc_hd__nand2_1)
     1    0.00                           _069_ (net)
                  0.04    0.00    2.17 ^ _318_/A2 (sky130_fd_sc_hd__a21o_1)
                  0.04    0.07    2.24 ^ _318_/X (sky130_fd_sc_hd__a21o_1)
     1    0.01                           _070_ (net)
                  0.04    0.00    2.24 ^ _319_/C1 (sky130_fd_sc_hd__o211ai_1)
                  0.04    0.05    2.29 v _319_/Y (sky130_fd_sc_hd__o211ai_1)
     1    0.01                           _071_ (net)
                  0.04    0.00    2.29 v _320_/B1 (sky130_fd_sc_hd__a31o_4)
                  0.07    0.13    2.42 v _320_/X (sky130_fd_sc_hd__a31o_4)
     2    0.07                           net28 (net)
                  0.08    0.01    2.43 v output28/A (sky130_fd_sc_hd__buf_2)
                  0.06    0.13    2.56 v output28/X (sky130_fd_sc_hd__buf_2)
     1    0.03                           Result[6] (net)
                  0.06    0.00    2.56 v Result[6] (out)
                                  2.56   data arrival time

                  0.00    0.00    0.00   clock clk (rise edge)
                          0.00    0.00   clock network delay (ideal)
                          0.25    0.25   clock uncertainty
                          0.00    0.25   clock reconvergence pessimism
                         -2.00   -1.75   output external delay
                                 -1.75   data required time
-----------------------------------------------------------------------------
                                 -1.75   data required time
                                 -2.56   data arrival time
-----------------------------------------------------------------------------
                                  4.31   slack (MET)


Startpoint: A[5] (input port clocked by clk)
Endpoint: Result[5] (output port clocked by clk)
Path Group: clk
Path Type: min
Corner: Fastest

Fanout     Cap    Slew   Delay    Time   Description
-----------------------------------------------------------------------------
                  0.00    0.00    0.00   clock clk (rise edge)
                          0.00    0.00   clock network delay (ideal)
                          2.00    2.00 v input external delay
                  0.00    0.00    2.00 v A[5] (in)
     1    0.00                           A[5] (net)
                  0.00    0.00    2.00 v input6/A (sky130_fd_sc_hd__clkbuf_4)
                  0.08    0.12    2.12 v input6/X (sky130_fd_sc_hd__clkbuf_4)
     8    0.05                           net6 (net)
                  0.08    0.01    2.13 v _296_/B1 (sky130_fd_sc_hd__o21ai_1)
                  0.05    0.07    2.19 ^ _296_/Y (sky130_fd_sc_hd__o21ai_1)
     1    0.00                           _049_ (net)
                  0.05    0.00    2.19 ^ _297_/A2 (sky130_fd_sc_hd__a21o_1)
                  0.05    0.09    2.28 ^ _297_/X (sky130_fd_sc_hd__a21o_1)
     1    0.01                           _050_ (net)
                  0.05    0.00    2.28 ^ _298_/C1 (sky130_fd_sc_hd__o211ai_2)
                  0.03    0.04    2.32 v _298_/Y (sky130_fd_sc_hd__o211ai_2)
     1    0.01                           _051_ (net)
                  0.03    0.00    2.32 v _299_/B1 (sky130_fd_sc_hd__a31o_4)
                  0.06    0.11    2.43 v _299_/X (sky130_fd_sc_hd__a31o_4)
     2    0.06                           net27 (net)
                  0.07    0.01    2.44 v output27/A (sky130_fd_sc_hd__buf_2)
                  0.06    0.13    2.56 v output27/X (sky130_fd_sc_hd__buf_2)
     1    0.03                           Result[5] (net)
                  0.06    0.00    2.56 v Result[5] (out)
                                  2.56   data arrival time

                  0.00    0.00    0.00   clock clk (rise edge)
                          0.00    0.00   clock network delay (ideal)
                          0.25    0.25   clock uncertainty
                          0.00    0.25   clock reconvergence pessimism
                         -2.00   -1.75   output external delay
                                 -1.75   data required time
-----------------------------------------------------------------------------
                                 -1.75   data required time
                                 -2.56   data arrival time
-----------------------------------------------------------------------------
                                  4.31   slack (MET)


Startpoint: B[0] (input port clocked by clk)
Endpoint: Zero (output port clocked by clk)
Path Group: clk
Path Type: min
Corner: Fastest

Fanout     Cap    Slew   Delay    Time   Description
-----------------------------------------------------------------------------
                  0.00    0.00    0.00   clock clk (rise edge)
                          0.00    0.00   clock network delay (ideal)
                          2.00    2.00 v input external delay
                  0.00    0.00    2.00 v B[0] (in)
     1    0.00                           B[0] (net)
                  0.00    0.00    2.00 v input9/A (sky130_fd_sc_hd__buf_2)
                  0.08    0.11    2.12 v input9/X (sky130_fd_sc_hd__buf_2)
     3    0.05                           net9 (net)
                  0.08    0.01    2.12 v _178_/A (sky130_fd_sc_hd__nand2_2)
                  0.10    0.10    2.23 ^ _178_/Y (sky130_fd_sc_hd__nand2_2)
     6    0.02                           _111_ (net)
                  0.10    0.00    2.23 ^ _358_/A1 (sky130_fd_sc_hd__a211o_1)
                  0.05    0.09    2.32 ^ _358_/X (sky130_fd_sc_hd__a211o_1)
     1    0.01                           _106_ (net)
                  0.05    0.00    2.32 ^ _360_/B (sky130_fd_sc_hd__or4bb_2)
                  0.05    0.10    2.42 ^ _360_/X (sky130_fd_sc_hd__or4bb_2)
     1    0.01                           _108_ (net)
                  0.05    0.00    2.42 ^ _361_/B1 (sky130_fd_sc_hd__o31ai_4)
                  0.05    0.05    2.47 v _361_/Y (sky130_fd_sc_hd__o31ai_4)
     1    0.04                           net30 (net)
                  0.05    0.00    2.47 v output30/A (sky130_fd_sc_hd__buf_6)
                  0.03    0.09    2.57 v output30/X (sky130_fd_sc_hd__buf_6)
     1    0.03                           Zero (net)
                  0.03    0.00    2.57 v Zero (out)
                                  2.57   data arrival time

                  0.00    0.00    0.00   clock clk (rise edge)
                          0.00    0.00   clock network delay (ideal)
                          0.25    0.25   clock uncertainty
                          0.00    0.25   clock reconvergence pessimism
                         -2.00   -1.75   output external delay
                                 -1.75   data required time
-----------------------------------------------------------------------------
                                 -1.75   data required time
                                 -2.57   data arrival time
-----------------------------------------------------------------------------
                                  4.32   slack (MET)


Startpoint: B[1] (input port clocked by clk)
Endpoint: Result[1] (output port clocked by clk)
Path Group: clk
Path Type: min
Corner: Fastest

Fanout     Cap    Slew   Delay    Time   Description
-----------------------------------------------------------------------------
                  0.00    0.00    0.00   clock clk (rise edge)
                          0.00    0.00   clock network delay (ideal)
                          2.00    2.00 v input external delay
                  0.01    0.00    2.00 v B[1] (in)
     1    0.00                           B[1] (net)
                  0.01    0.00    2.00 v input10/A (sky130_fd_sc_hd__buf_4)
                  0.07    0.12    2.12 v input10/X (sky130_fd_sc_hd__buf_4)
     4    0.08                           net10 (net)
                  0.08    0.02    2.14 v _203_/A2 (sky130_fd_sc_hd__o21ai_1)
                  0.04    0.09    2.23 ^ _203_/Y (sky130_fd_sc_hd__o21ai_1)
     1    0.00                           _136_ (net)
                  0.04    0.00    2.23 ^ _204_/D1 (sky130_fd_sc_hd__o2111a_1)
                  0.03    0.07    2.30 ^ _204_/X (sky130_fd_sc_hd__o2111a_1)
     1    0.00                           _137_ (net)
                  0.03    0.00    2.30 ^ _205_/B1 (sky130_fd_sc_hd__o21ai_1)
                  0.03    0.03    2.33 v _205_/Y (sky130_fd_sc_hd__o21ai_1)
     1    0.01                           _138_ (net)
                  0.03    0.00    2.33 v _206_/B1 (sky130_fd_sc_hd__a31o_4)
                  0.06    0.11    2.44 v _206_/X (sky130_fd_sc_hd__a31o_4)
     2    0.05                           net23 (net)
                  0.07    0.01    2.45 v output23/A (sky130_fd_sc_hd__clkbuf_4)
                  0.06    0.13    2.58 v output23/X (sky130_fd_sc_hd__clkbuf_4)
     1    0.03                           Result[1] (net)
                  0.06    0.00    2.58 v Result[1] (out)
                                  2.58   data arrival time

                  0.00    0.00    0.00   clock clk (rise edge)
                          0.00    0.00   clock network delay (ideal)
                          0.25    0.25   clock uncertainty
                          0.00    0.25   clock reconvergence pessimism
                         -2.00   -1.75   output external delay
                                 -1.75   data required time
-----------------------------------------------------------------------------
                                 -1.75   data required time
                                 -2.58   data arrival time
-----------------------------------------------------------------------------
                                  4.33   slack (MET)


Startpoint: A[2] (input port clocked by clk)
Endpoint: Result[2] (output port clocked by clk)
Path Group: clk
Path Type: min
Corner: Fastest

Fanout     Cap    Slew   Delay    Time   Description
-----------------------------------------------------------------------------
                  0.00    0.00    0.00   clock clk (rise edge)
                          0.00    0.00   clock network delay (ideal)
                          2.00    2.00 ^ input external delay
                  0.01    0.01    2.01 ^ A[2] (in)
     1    0.00                           A[2] (net)
                  0.01    0.00    2.01 ^ input3/A (sky130_fd_sc_hd__buf_4)
                  0.16    0.14    2.15 ^ input3/X (sky130_fd_sc_hd__buf_4)
     9    0.07                           net3 (net)
                  0.16    0.02    2.16 ^ _220_/A1 (sky130_fd_sc_hd__o221a_1)
                  0.03    0.10    2.27 ^ _220_/X (sky130_fd_sc_hd__o221a_1)
     1    0.00                           _152_ (net)
                  0.03    0.00    2.27 ^ _232_/A (sky130_fd_sc_hd__and3_1)
                  0.08    0.11    2.38 ^ _232_/X (sky130_fd_sc_hd__and3_1)
     1    0.01                           _164_ (net)
                  0.08    0.00    2.38 ^ _233_/B1 (sky130_fd_sc_hd__o21ai_4)
                  0.07    0.06    2.44 v _233_/Y (sky130_fd_sc_hd__o21ai_4)
     2    0.05                           net24 (net)
                  0.07    0.01    2.45 v output24/A (sky130_fd_sc_hd__clkbuf_4)
                  0.06    0.13    2.58 v output24/X (sky130_fd_sc_hd__clkbuf_4)
     1    0.03                           Result[2] (net)
                  0.06    0.00    2.58 v Result[2] (out)
                                  2.58   data arrival time

                  0.00    0.00    0.00   clock clk (rise edge)
                          0.00    0.00   clock network delay (ideal)
                          0.25    0.25   clock uncertainty
                          0.00    0.25   clock reconvergence pessimism
                         -2.00   -1.75   output external delay
                                 -1.75   data required time
-----------------------------------------------------------------------------
                                 -1.75   data required time
                                 -2.58   data arrival time
-----------------------------------------------------------------------------
                                  4.33   slack (MET)


Startpoint: A[0] (input port clocked by clk)
Endpoint: Result[0] (output port clocked by clk)
Path Group: clk
Path Type: min
Corner: Fastest

Fanout     Cap    Slew   Delay    Time   Description
-----------------------------------------------------------------------------
                  0.00    0.00    0.00   clock clk (rise edge)
                          0.00    0.00   clock network delay (ideal)
                          2.00    2.00 ^ input external delay
                  0.02    0.01    2.01 ^ A[0] (in)
     1    0.00                           A[0] (net)
                  0.02    0.00    2.01 ^ input1/A (sky130_fd_sc_hd__buf_4)
                  0.15    0.14    2.15 ^ input1/X (sky130_fd_sc_hd__buf_4)
     9    0.07                           net1 (net)
                  0.16    0.02    2.16 ^ _350_/B (sky130_fd_sc_hd__or2_1)
                  0.08    0.11    2.27 ^ _350_/X (sky130_fd_sc_hd__or2_1)
     3    0.01                           _099_ (net)
                  0.08    0.00    2.27 ^ _354_/A2 (sky130_fd_sc_hd__a211o_2)
                  0.14    0.16    2.43 ^ _354_/X (sky130_fd_sc_hd__a211o_2)
     2    0.04                           net22 (net)
                  0.14    0.01    2.44 ^ output22/A (sky130_fd_sc_hd__clkbuf_4)
                  0.09    0.15    2.59 ^ output22/X (sky130_fd_sc_hd__clkbuf_4)
     1    0.03                           Result[0] (net)
                  0.09    0.00    2.59 ^ Result[0] (out)
                                  2.59   data arrival time

                  0.00    0.00    0.00   clock clk (rise edge)
                          0.00    0.00   clock network delay (ideal)
                          0.25    0.25   clock uncertainty
                          0.00    0.25   clock reconvergence pessimism
                         -2.00   -1.75   output external delay
                                 -1.75   data required time
-----------------------------------------------------------------------------
                                 -1.75   data required time
                                 -2.59   data arrival time
-----------------------------------------------------------------------------
                                  4.34   slack (MET)


Startpoint: A[3] (input port clocked by clk)
Endpoint: Result[3] (output port clocked by clk)
Path Group: clk
Path Type: min
Corner: Fastest

Fanout     Cap    Slew   Delay    Time   Description
-----------------------------------------------------------------------------
                  0.00    0.00    0.00   clock clk (rise edge)
                          0.00    0.00   clock network delay (ideal)
                          2.00    2.00 ^ input external delay
                  0.02    0.01    2.01 ^ A[3] (in)
     1    0.00                           A[3] (net)
                  0.02    0.00    2.01 ^ input4/A (sky130_fd_sc_hd__clkbuf_8)
                  0.12    0.13    2.14 ^ input4/X (sky130_fd_sc_hd__clkbuf_8)
    10    0.09                           net4 (net)
                  0.13    0.02    2.16 ^ _238_/A1 (sky130_fd_sc_hd__o22a_1)
                  0.02    0.08    2.24 ^ _238_/X (sky130_fd_sc_hd__o22a_1)
     1    0.00                           _169_ (net)
                  0.02    0.00    2.24 ^ _246_/B (sky130_fd_sc_hd__and4_1)
                  0.09    0.14    2.38 ^ _246_/X (sky130_fd_sc_hd__and4_1)
     1    0.01                           _001_ (net)
                  0.09    0.00    2.38 ^ _255_/A (sky130_fd_sc_hd__nand2_4)
                  0.08    0.07    2.45 v _255_/Y (sky130_fd_sc_hd__nand2_4)
     2    0.05                           net25 (net)
                  0.08    0.01    2.46 v output25/A (sky130_fd_sc_hd__buf_2)
                  0.06    0.13    2.59 v output25/X (sky130_fd_sc_hd__buf_2)
     1    0.03                           Result[3] (net)
                  0.06    0.00    2.59 v Result[3] (out)
                                  2.59   data arrival time

                  0.00    0.00    0.00   clock clk (rise edge)
                          0.00    0.00   clock network delay (ideal)
                          0.25    0.25   clock uncertainty
                          0.00    0.25   clock reconvergence pessimism
                         -2.00   -1.75   output external delay
                                 -1.75   data required time
-----------------------------------------------------------------------------
                                 -1.75   data required time
                                 -2.59   data arrival time
-----------------------------------------------------------------------------
                                  4.34   slack (MET)


Startpoint: A[7] (input port clocked by clk)
Endpoint: Result[7] (output port clocked by clk)
Path Group: clk
Path Type: min
Corner: Fastest

Fanout     Cap    Slew   Delay    Time   Description
-----------------------------------------------------------------------------
                  0.00    0.00    0.00   clock clk (rise edge)
                          0.00    0.00   clock network delay (ideal)
                          2.00    2.00 v input external delay
                  0.00    0.00    2.00 v A[7] (in)
     1    0.00                           A[7] (net)
                  0.00    0.00    2.00 v input8/A (sky130_fd_sc_hd__buf_4)
                  0.07    0.11    2.11 v input8/X (sky130_fd_sc_hd__buf_4)
     9    0.06                           net8 (net)
                  0.07    0.01    2.12 v _329_/A (sky130_fd_sc_hd__inv_2)
                  0.03    0.05    2.17 ^ _329_/Y (sky130_fd_sc_hd__inv_2)
     2    0.01                           _080_ (net)
                  0.03    0.00    2.17 ^ _330_/A (sky130_fd_sc_hd__or3_1)
                  0.02    0.06    2.23 ^ _330_/X (sky130_fd_sc_hd__or3_1)
     1    0.00                           _081_ (net)
                  0.02    0.00    2.23 ^ _336_/B (sky130_fd_sc_hd__and4_1)
                  0.09    0.14    2.36 ^ _336_/X (sky130_fd_sc_hd__and4_1)
     1    0.01                           _087_ (net)
                  0.09    0.00    2.36 ^ _343_/B1 (sky130_fd_sc_hd__o211ai_4)
                  0.10    0.09    2.46 v _343_/Y (sky130_fd_sc_hd__o211ai_4)
     2    0.05                           net29 (net)
                  0.10    0.01    2.46 v output29/A (sky130_fd_sc_hd__clkbuf_4)
                  0.06    0.14    2.61 v output29/X (sky130_fd_sc_hd__clkbuf_4)
     1    0.03                           Result[7] (net)
                  0.06    0.00    2.61 v Result[7] (out)
                                  2.61   data arrival time

                  0.00    0.00    0.00   clock clk (rise edge)
                          0.00    0.00   clock network delay (ideal)
                          0.25    0.25   clock uncertainty
                          0.00    0.25   clock reconvergence pessimism
                         -2.00   -1.75   output external delay
                                 -1.75   data required time
-----------------------------------------------------------------------------
                                 -1.75   data required time
                                 -2.61   data arrival time
-----------------------------------------------------------------------------
                                  4.36   slack (MET)


Startpoint: B[7] (input port clocked by clk)
Endpoint: CarryOut (output port clocked by clk)
Path Group: clk
Path Type: min
Corner: Fastest

Fanout     Cap    Slew   Delay    Time   Description
-----------------------------------------------------------------------------
                  0.00    0.00    0.00   clock clk (rise edge)
                          0.00    0.00   clock network delay (ideal)
                          2.00    2.00 ^ input external delay
                  0.02    0.01    2.01 ^ B[7] (in)
     1    0.00                           B[7] (net)
                  0.02    0.00    2.01 ^ input16/A (sky130_fd_sc_hd__buf_4)
                  0.12    0.12    2.13 ^ input16/X (sky130_fd_sc_hd__buf_4)
     4    0.06                           net16 (net)
                  0.12    0.01    2.14 ^ _345_/A2 (sky130_fd_sc_hd__o211a_1)
                  0.04    0.10    2.24 ^ _345_/X (sky130_fd_sc_hd__o211a_1)
     1    0.01                           _095_ (net)
                  0.04    0.00    2.24 ^ _348_/A (sky130_fd_sc_hd__or3b_4)
                  0.09    0.12    2.36 ^ _348_/X (sky130_fd_sc_hd__or3b_4)
     1    0.03                           _098_ (net)
                  0.09    0.00    2.36 ^ _349_/A (sky130_fd_sc_hd__clkbuf_2)
                  0.10    0.12    2.48 ^ _349_/X (sky130_fd_sc_hd__clkbuf_2)
     1    0.02                           net21 (net)
                  0.10    0.00    2.49 ^ output21/A (sky130_fd_sc_hd__clkbuf_4)
                  0.09    0.14    2.62 ^ output21/X (sky130_fd_sc_hd__clkbuf_4)
     1    0.03                           CarryOut (net)
                  0.09    0.00    2.63 ^ CarryOut (out)
                                  2.63   data arrival time

                  0.00    0.00    0.00   clock clk (rise edge)
                          0.00    0.00   clock network delay (ideal)
                          0.25    0.25   clock uncertainty
                          0.00    0.25   clock reconvergence pessimism
                         -2.00   -1.75   output external delay
                                 -1.75   data required time
-----------------------------------------------------------------------------
                                 -1.75   data required time
                                 -2.63   data arrival time
-----------------------------------------------------------------------------
                                  4.38   slack (MET)


Startpoint: B[4] (input port clocked by clk)
Endpoint: Result[4] (output port clocked by clk)
Path Group: clk
Path Type: min
Corner: Fastest

Fanout     Cap    Slew   Delay    Time   Description
-----------------------------------------------------------------------------
                  0.00    0.00    0.00   clock clk (rise edge)
                          0.00    0.00   clock network delay (ideal)
                          2.00    2.00 ^ input external delay
                  0.02    0.01    2.01 ^ B[4] (in)
     1    0.00                           B[4] (net)
                  0.02    0.00    2.01 ^ input13/A (sky130_fd_sc_hd__clkbuf_4)
                  0.11    0.13    2.14 ^ input13/X (sky130_fd_sc_hd__clkbuf_4)
     4    0.05                           net13 (net)
                  0.11    0.01    2.15 ^ _256_/B (sky130_fd_sc_hd__nor2_1)
                  0.05    0.05    2.20 v _256_/Y (sky130_fd_sc_hd__nor2_1)
     2    0.01                           _010_ (net)
                  0.05    0.00    2.20 v _262_/A1 (sky130_fd_sc_hd__o221ai_1)
                  0.05    0.13    2.33 ^ _262_/Y (sky130_fd_sc_hd__o221ai_1)
     1    0.00                           _016_ (net)
                  0.05    0.00    2.33 ^ _278_/A (sky130_fd_sc_hd__or3b_4)
                  0.03    0.08    2.41 ^ _278_/X (sky130_fd_sc_hd__or3b_4)
     1    0.01                           _032_ (net)
                  0.03    0.00    2.41 ^ _279_/A (sky130_fd_sc_hd__buf_6)
                  0.07    0.09    2.49 ^ _279_/X (sky130_fd_sc_hd__buf_6)
     2    0.05                           net26 (net)
                  0.07    0.01    2.50 ^ output26/A (sky130_fd_sc_hd__clkbuf_4)
                  0.08    0.13    2.63 ^ output26/X (sky130_fd_sc_hd__clkbuf_4)
     1    0.03                           Result[4] (net)
                  0.08    0.00    2.63 ^ Result[4] (out)
                                  2.63   data arrival time

                  0.00    0.00    0.00   clock clk (rise edge)
                          0.00    0.00   clock network delay (ideal)
                          0.25    0.25   clock uncertainty
                          0.00    0.25   clock reconvergence pessimism
                         -2.00   -1.75   output external delay
                                 -1.75   data required time
-----------------------------------------------------------------------------
                                 -1.75   data required time
                                 -2.63   data arrival time
-----------------------------------------------------------------------------
                                  4.38   slack (MET)



======================= Slowest Corner ===================================

Startpoint: A[0] (input port clocked by clk)
Endpoint: Result[0] (output port clocked by clk)
Path Group: clk
Path Type: min
Corner: Slowest

Fanout     Cap    Slew   Delay    Time   Description
-----------------------------------------------------------------------------
                  0.00    0.00    0.00   clock clk (rise edge)
                          0.00    0.00   clock network delay (ideal)
                          2.00    2.00 ^ input external delay
                  0.03    0.02    2.02 ^ A[0] (in)
     1    0.00                           A[0] (net)
                  0.03    0.00    2.02 ^ input1/A (sky130_fd_sc_hd__buf_4)
                  0.33    0.35    2.37 ^ input1/X (sky130_fd_sc_hd__buf_4)
     9    0.07                           net1 (net)
                  0.33    0.02    2.38 ^ _350_/B (sky130_fd_sc_hd__or2_1)
                  0.17    0.33    2.71 ^ _350_/X (sky130_fd_sc_hd__or2_1)
     3    0.01                           _099_ (net)
                  0.17    0.00    2.71 ^ _354_/A2 (sky130_fd_sc_hd__a211o_2)
                  0.30    0.47    3.18 ^ _354_/X (sky130_fd_sc_hd__a211o_2)
     2    0.04                           net22 (net)
                  0.30    0.01    3.18 ^ output22/A (sky130_fd_sc_hd__clkbuf_4)
                  0.18    0.41    3.60 ^ output22/X (sky130_fd_sc_hd__clkbuf_4)
     1    0.03                           Result[0] (net)
                  0.18    0.00    3.60 ^ Result[0] (out)
                                  3.60   data arrival time

                  0.00    0.00    0.00   clock clk (rise edge)
                          0.00    0.00   clock network delay (ideal)
                          0.25    0.25   clock uncertainty
                          0.00    0.25   clock reconvergence pessimism
                         -2.00   -1.75   output external delay
                                 -1.75   data required time
-----------------------------------------------------------------------------
                                 -1.75   data required time
                                 -3.60   data arrival time
-----------------------------------------------------------------------------
                                  5.35   slack (MET)


Startpoint: Sel[2] (input port clocked by clk)
Endpoint: Result[1] (output port clocked by clk)
Path Group: clk
Path Type: min
Corner: Slowest

Fanout     Cap    Slew   Delay    Time   Description
-----------------------------------------------------------------------------
                  0.00    0.00    0.00   clock clk (rise edge)
                          0.00    0.00   clock network delay (ideal)
                          2.00    2.00 ^ input external delay
                  0.03    0.02    2.02 ^ Sel[2] (in)
     1    0.00                           Sel[2] (net)
                  0.03    0.00    2.02 ^ input19/A (sky130_fd_sc_hd__clkbuf_4)
                  0.26    0.35    2.36 ^ input19/X (sky130_fd_sc_hd__clkbuf_4)
     7    0.05                           net19 (net)
                  0.26    0.01    2.37 ^ _182_/A (sky130_fd_sc_hd__nor4_1)
                  0.08    0.18    2.55 v _182_/Y (sky130_fd_sc_hd__nor4_1)
     2    0.01                           _115_ (net)
                  0.08    0.00    2.55 v max_cap1/A (sky130_fd_sc_hd__clkbuf_1)
                  0.08    0.18    2.73 v max_cap1/X (sky130_fd_sc_hd__clkbuf_1)
     1    0.01                           net33 (net)
                  0.08    0.00    2.73 v _206_/A2 (sky130_fd_sc_hd__a31o_4)
                  0.17    0.50    3.24 v _206_/X (sky130_fd_sc_hd__a31o_4)
     2    0.05                           net23 (net)
                  0.17    0.01    3.25 v output23/A (sky130_fd_sc_hd__clkbuf_4)
                  0.14    0.35    3.60 v output23/X (sky130_fd_sc_hd__clkbuf_4)
     1    0.03                           Result[1] (net)
                  0.14    0.00    3.60 v Result[1] (out)
                                  3.60   data arrival time

                  0.00    0.00    0.00   clock clk (rise edge)
                          0.00    0.00   clock network delay (ideal)
                          0.25    0.25   clock uncertainty
                          0.00    0.25   clock reconvergence pessimism
                         -2.00   -1.75   output external delay
                                 -1.75   data required time
-----------------------------------------------------------------------------
                                 -1.75   data required time
                                 -3.60   data arrival time
-----------------------------------------------------------------------------
                                  5.35   slack (MET)


Startpoint: Sel[2] (input port clocked by clk)
Endpoint: Zero (output port clocked by clk)
Path Group: clk
Path Type: min
Corner: Slowest

Fanout     Cap    Slew   Delay    Time   Description
-----------------------------------------------------------------------------
                  0.00    0.00    0.00   clock clk (rise edge)
                          0.00    0.00   clock network delay (ideal)
                          2.00    2.00 ^ input external delay
                  0.03    0.02    2.02 ^ Sel[2] (in)
     1    0.00                           Sel[2] (net)
                  0.03    0.00    2.02 ^ input19/A (sky130_fd_sc_hd__clkbuf_4)
                  0.26    0.35    2.36 ^ input19/X (sky130_fd_sc_hd__clkbuf_4)
     7    0.05                           net19 (net)
                  0.26    0.01    2.37 ^ _355_/A (sky130_fd_sc_hd__or4b_1)
                  0.11    0.29    2.66 ^ _355_/X (sky130_fd_sc_hd__or4b_1)
     2    0.01                           _103_ (net)
                  0.11    0.00    2.66 ^ _358_/B1 (sky130_fd_sc_hd__a211o_1)
                  0.11    0.21    2.87 ^ _358_/X (sky130_fd_sc_hd__a211o_1)
     1    0.01                           _106_ (net)
                  0.11    0.00    2.87 ^ _360_/B (sky130_fd_sc_hd__or4bb_2)
                  0.12    0.25    3.12 ^ _360_/X (sky130_fd_sc_hd__or4bb_2)
     1    0.01                           _108_ (net)
                  0.12    0.00    3.12 ^ _361_/B1 (sky130_fd_sc_hd__o31ai_4)
                  0.17    0.23    3.35 v _361_/Y (sky130_fd_sc_hd__o31ai_4)
     1    0.04                           net30 (net)
                  0.17    0.00    3.36 v output30/A (sky130_fd_sc_hd__buf_6)
                  0.08    0.28    3.64 v output30/X (sky130_fd_sc_hd__buf_6)
     1    0.03                           Zero (net)
                  0.08    0.00    3.64 v Zero (out)
                                  3.64   data arrival time

                  0.00    0.00    0.00   clock clk (rise edge)
                          0.00    0.00   clock network delay (ideal)
                          0.25    0.25   clock uncertainty
                          0.00    0.25   clock reconvergence pessimism
                         -2.00   -1.75   output external delay
                                 -1.75   data required time
-----------------------------------------------------------------------------
                                 -1.75   data required time
                                 -3.64   data arrival time
-----------------------------------------------------------------------------
                                  5.39   slack (MET)


Startpoint: B[4] (input port clocked by clk)
Endpoint: Result[4] (output port clocked by clk)
Path Group: clk
Path Type: min
Corner: Slowest

Fanout     Cap    Slew   Delay    Time   Description
-----------------------------------------------------------------------------
                  0.00    0.00    0.00   clock clk (rise edge)
                          0.00    0.00   clock network delay (ideal)
                          2.00    2.00 ^ input external delay
                  0.04    0.02    2.02 ^ B[4] (in)
     1    0.00                           B[4] (net)
                  0.04    0.00    2.02 ^ input13/A (sky130_fd_sc_hd__clkbuf_4)
                  0.24    0.33    2.35 ^ input13/X (sky130_fd_sc_hd__clkbuf_4)
     4    0.05                           net13 (net)
                  0.24    0.01    2.36 ^ _256_/B (sky130_fd_sc_hd__nor2_1)
                  0.10    0.18    2.54 v _256_/Y (sky130_fd_sc_hd__nor2_1)
     2    0.01                           _010_ (net)
                  0.10    0.00    2.54 v _262_/A1 (sky130_fd_sc_hd__o221ai_1)
                  0.14    0.34    2.88 ^ _262_/Y (sky130_fd_sc_hd__o221ai_1)
     1    0.00                           _016_ (net)
                  0.14    0.00    2.88 ^ _278_/A (sky130_fd_sc_hd__or3b_4)
                  0.06    0.23    3.11 ^ _278_/X (sky130_fd_sc_hd__or3b_4)
     1    0.01                           _032_ (net)
                  0.06    0.00    3.11 ^ _279_/A (sky130_fd_sc_hd__buf_6)
                  0.16    0.23    3.34 ^ _279_/X (sky130_fd_sc_hd__buf_6)
     2    0.05                           net26 (net)
                  0.16    0.01    3.34 ^ output26/A (sky130_fd_sc_hd__clkbuf_4)
                  0.18    0.35    3.69 ^ output26/X (sky130_fd_sc_hd__clkbuf_4)
     1    0.03                           Result[4] (net)
                  0.18    0.00    3.69 ^ Result[4] (out)
                                  3.69   data arrival time

                  0.00    0.00    0.00   clock clk (rise edge)
                          0.00    0.00   clock network delay (ideal)
                          0.25    0.25   clock uncertainty
                          0.00    0.25   clock reconvergence pessimism
                         -2.00   -1.75   output external delay
                                 -1.75   data required time
-----------------------------------------------------------------------------
                                 -1.75   data required time
                                 -3.69   data arrival time
-----------------------------------------------------------------------------
                                  5.44   slack (MET)


Startpoint: B[7] (input port clocked by clk)
Endpoint: CarryOut (output port clocked by clk)
Path Group: clk
Path Type: min
Corner: Slowest

Fanout     Cap    Slew   Delay    Time   Description
-----------------------------------------------------------------------------
                  0.00    0.00    0.00   clock clk (rise edge)
                          0.00    0.00   clock network delay (ideal)
                          2.00    2.00 ^ input external delay
                  0.04    0.02    2.02 ^ B[7] (in)
     1    0.00                           B[7] (net)
                  0.04    0.00    2.02 ^ input16/A (sky130_fd_sc_hd__buf_4)
                  0.26    0.31    2.33 ^ input16/X (sky130_fd_sc_hd__buf_4)
     4    0.06                           net16 (net)
                  0.26    0.01    2.34 ^ _345_/A2 (sky130_fd_sc_hd__o211a_1)
                  0.11    0.35    2.69 ^ _345_/X (sky130_fd_sc_hd__o211a_1)
     1    0.01                           _095_ (net)
                  0.11    0.00    2.69 ^ _348_/A (sky130_fd_sc_hd__or3b_4)
                  0.18    0.32    3.01 ^ _348_/X (sky130_fd_sc_hd__or3b_4)
     1    0.03                           _098_ (net)
                  0.18    0.00    3.02 ^ _349_/A (sky130_fd_sc_hd__clkbuf_2)
                  0.20    0.32    3.33 ^ _349_/X (sky130_fd_sc_hd__clkbuf_2)
     1    0.02                           net21 (net)
                  0.20    0.00    3.34 ^ output21/A (sky130_fd_sc_hd__clkbuf_4)
                  0.18    0.37    3.71 ^ output21/X (sky130_fd_sc_hd__clkbuf_4)
     1    0.03                           CarryOut (net)
                  0.18    0.00    3.71 ^ CarryOut (out)
                                  3.71   data arrival time

                  0.00    0.00    0.00   clock clk (rise edge)
                          0.00    0.00   clock network delay (ideal)
                          0.25    0.25   clock uncertainty
                          0.00    0.25   clock reconvergence pessimism
                         -2.00   -1.75   output external delay
                                 -1.75   data required time
-----------------------------------------------------------------------------
                                 -1.75   data required time
                                 -3.71   data arrival time
-----------------------------------------------------------------------------
                                  5.46   slack (MET)


Startpoint: A[5] (input port clocked by clk)
Endpoint: Result[5] (output port clocked by clk)
Path Group: clk
Path Type: min
Corner: Slowest

Fanout     Cap    Slew   Delay    Time   Description
-----------------------------------------------------------------------------
                  0.00    0.00    0.00   clock clk (rise edge)
                          0.00    0.00   clock network delay (ideal)
                          2.00    2.00 ^ input external delay
                  0.03    0.02    2.02 ^ A[5] (in)
     1    0.00                           A[5] (net)
                  0.03    0.00    2.02 ^ input6/A (sky130_fd_sc_hd__clkbuf_4)
                  0.25    0.34    2.35 ^ input6/X (sky130_fd_sc_hd__clkbuf_4)
     8    0.05                           net6 (net)
                  0.25    0.01    2.36 ^ _296_/B1 (sky130_fd_sc_hd__o21ai_1)
                  0.08    0.19    2.55 v _296_/Y (sky130_fd_sc_hd__o21ai_1)
     1    0.00                           _049_ (net)
                  0.08    0.00    2.55 v _297_/A2 (sky130_fd_sc_hd__a21o_1)
                  0.09    0.34    2.89 v _297_/X (sky130_fd_sc_hd__a21o_1)
     1    0.01                           _050_ (net)
                  0.09    0.00    2.89 v _298_/C1 (sky130_fd_sc_hd__o211ai_2)
                  0.10    0.11    3.00 ^ _298_/Y (sky130_fd_sc_hd__o211ai_2)
     1    0.01                           _051_ (net)
                  0.10    0.00    3.00 ^ _299_/B1 (sky130_fd_sc_hd__a31o_4)
                  0.27    0.32    3.32 ^ _299_/X (sky130_fd_sc_hd__a31o_4)
     2    0.06                           net27 (net)
                  0.28    0.01    3.33 ^ output27/A (sky130_fd_sc_hd__buf_2)
                  0.27    0.41    3.74 ^ output27/X (sky130_fd_sc_hd__buf_2)
     1    0.03                           Result[5] (net)
                  0.27    0.00    3.74 ^ Result[5] (out)
                                  3.74   data arrival time

                  0.00    0.00    0.00   clock clk (rise edge)
                          0.00    0.00   clock network delay (ideal)
                          0.25    0.25   clock uncertainty
                          0.00    0.25   clock reconvergence pessimism
                         -2.00   -1.75   output external delay
                                 -1.75   data required time
-----------------------------------------------------------------------------
                                 -1.75   data required time
                                 -3.74   data arrival time
-----------------------------------------------------------------------------
                                  5.49   slack (MET)


Startpoint: Sel[2] (input port clocked by clk)
Endpoint: Result[2] (output port clocked by clk)
Path Group: clk
Path Type: min
Corner: Slowest

Fanout     Cap    Slew   Delay    Time   Description
-----------------------------------------------------------------------------
                  0.00    0.00    0.00   clock clk (rise edge)
                          0.00    0.00   clock network delay (ideal)
                          2.00    2.00 ^ input external delay
                  0.03    0.02    2.02 ^ Sel[2] (in)
     1    0.00                           Sel[2] (net)
                  0.03    0.00    2.02 ^ input19/A (sky130_fd_sc_hd__clkbuf_4)
                  0.26    0.35    2.36 ^ input19/X (sky130_fd_sc_hd__clkbuf_4)
     7    0.05                           net19 (net)
                  0.26    0.01    2.37 ^ _186_/A (sky130_fd_sc_hd__nor2_1)
                  0.08    0.16    2.53 v _186_/Y (sky130_fd_sc_hd__nor2_1)
     2    0.00                           _119_ (net)
                  0.08    0.00    2.53 v _187_/B (sky130_fd_sc_hd__nand2_1)
                  0.21    0.20    2.74 ^ _187_/Y (sky130_fd_sc_hd__nand2_1)
     3    0.01                           _120_ (net)
                  0.21    0.00    2.74 ^ _213_/B (sky130_fd_sc_hd__nor2_2)
                  0.13    0.18    2.92 v _213_/Y (sky130_fd_sc_hd__nor2_2)
     5    0.03                           _145_ (net)
                  0.13    0.00    2.92 v _215_/A (sky130_fd_sc_hd__nand2_1)
                  0.17    0.19    3.11 ^ _215_/Y (sky130_fd_sc_hd__nand2_1)
     1    0.01                           _147_ (net)
                  0.17    0.00    3.11 ^ _233_/A2 (sky130_fd_sc_hd__o21ai_4)
                  0.22    0.25    3.36 v _233_/Y (sky130_fd_sc_hd__o21ai_4)
     2    0.05                           net24 (net)
                  0.22    0.01    3.37 v output24/A (sky130_fd_sc_hd__clkbuf_4)
                  0.14    0.38    3.74 v output24/X (sky130_fd_sc_hd__clkbuf_4)
     1    0.03                           Result[2] (net)
                  0.14    0.00    3.74 v Result[2] (out)
                                  3.74   data arrival time

                  0.00    0.00    0.00   clock clk (rise edge)
                          0.00    0.00   clock network delay (ideal)
                          0.25    0.25   clock uncertainty
                          0.00    0.25   clock reconvergence pessimism
                         -2.00   -1.75   output external delay
                                 -1.75   data required time
-----------------------------------------------------------------------------
                                 -1.75   data required time
                                 -3.74   data arrival time
-----------------------------------------------------------------------------
                                  5.49   slack (MET)


Startpoint: A[3] (input port clocked by clk)
Endpoint: Result[3] (output port clocked by clk)
Path Group: clk
Path Type: min
Corner: Slowest

Fanout     Cap    Slew   Delay    Time   Description
-----------------------------------------------------------------------------
                  0.00    0.00    0.00   clock clk (rise edge)
                          0.00    0.00   clock network delay (ideal)
                          2.00    2.00 v input external delay
                  0.02    0.01    2.01 v A[3] (in)
     1    0.00                           A[3] (net)
                  0.02    0.00    2.01 v input4/A (sky130_fd_sc_hd__clkbuf_8)
                  0.17    0.30    2.31 v input4/X (sky130_fd_sc_hd__clkbuf_8)
    10    0.08                           net4 (net)
                  0.18    0.02    2.33 v _235_/A (sky130_fd_sc_hd__nand2_1)
                  0.09    0.14    2.48 ^ _235_/Y (sky130_fd_sc_hd__nand2_1)
     1    0.00                           _166_ (net)
                  0.09    0.00    2.48 ^ _236_/A2 (sky130_fd_sc_hd__a21o_1)
                  0.05    0.20    2.67 ^ _236_/X (sky130_fd_sc_hd__a21o_1)
     1    0.00                           _167_ (net)
                  0.05    0.00    2.67 ^ _246_/A (sky130_fd_sc_hd__and4_1)
                  0.22    0.42    3.10 ^ _246_/X (sky130_fd_sc_hd__and4_1)
     1    0.01                           _001_ (net)
                  0.22    0.00    3.10 ^ _255_/A (sky130_fd_sc_hd__nand2_4)
                  0.22    0.25    3.35 v _255_/Y (sky130_fd_sc_hd__nand2_4)
     2    0.05                           net25 (net)
                  0.22    0.01    3.36 v output25/A (sky130_fd_sc_hd__buf_2)
                  0.16    0.40    3.76 v output25/X (sky130_fd_sc_hd__buf_2)
     1    0.03                           Result[3] (net)
                  0.16    0.00    3.76 v Result[3] (out)
                                  3.76   data arrival time

                  0.00    0.00    0.00   clock clk (rise edge)
                          0.00    0.00   clock network delay (ideal)
                          0.25    0.25   clock uncertainty
                          0.00    0.25   clock reconvergence pessimism
                         -2.00   -1.75   output external delay
                                 -1.75   data required time
-----------------------------------------------------------------------------
                                 -1.75   data required time
                                 -3.76   data arrival time
-----------------------------------------------------------------------------
                                  5.51   slack (MET)


Startpoint: A[6] (input port clocked by clk)
Endpoint: Result[7] (output port clocked by clk)
Path Group: clk
Path Type: min
Corner: Slowest

Fanout     Cap    Slew   Delay    Time   Description
-----------------------------------------------------------------------------
                  0.00    0.00    0.00   clock clk (rise edge)
                          0.00    0.00   clock network delay (ideal)
                          2.00    2.00 v input external delay
                  0.02    0.01    2.01 v A[6] (in)
     1    0.00                           A[6] (net)
                  0.02    0.00    2.01 v input7/A (sky130_fd_sc_hd__buf_4)
                  0.15    0.30    2.31 v input7/X (sky130_fd_sc_hd__buf_4)
     8    0.06                           net7 (net)
                  0.15    0.01    2.32 v _301_/A (sky130_fd_sc_hd__nand2_2)
                  0.15    0.19    2.51 ^ _301_/Y (sky130_fd_sc_hd__nand2_2)
     4    0.02                           _053_ (net)
                  0.15    0.00    2.51 ^ _324_/B1 (sky130_fd_sc_hd__o21ai_2)
                  0.14    0.18    2.69 v _324_/Y (sky130_fd_sc_hd__o21ai_2)
     2    0.01                           _075_ (net)
                  0.14    0.00    2.69 v _325_/B (sky130_fd_sc_hd__xnor2_2)
                  0.11    0.29    2.98 ^ _325_/Y (sky130_fd_sc_hd__xnor2_2)
     1    0.01                           _076_ (net)
                  0.11    0.00    2.98 ^ _343_/A2 (sky130_fd_sc_hd__o211ai_4)
                  0.37    0.35    3.33 v _343_/Y (sky130_fd_sc_hd__o211ai_4)
     2    0.05                           net29 (net)
                  0.37    0.01    3.34 v output29/A (sky130_fd_sc_hd__clkbuf_4)
                  0.14    0.44    3.78 v output29/X (sky130_fd_sc_hd__clkbuf_4)
     1    0.03                           Result[7] (net)
                  0.14    0.00    3.78 v Result[7] (out)
                                  3.78   data arrival time

                  0.00    0.00    0.00   clock clk (rise edge)
                          0.00    0.00   clock network delay (ideal)
                          0.25    0.25   clock uncertainty
                          0.00    0.25   clock reconvergence pessimism
                         -2.00   -1.75   output external delay
                                 -1.75   data required time
-----------------------------------------------------------------------------
                                 -1.75   data required time
                                 -3.78   data arrival time
-----------------------------------------------------------------------------
                                  5.53   slack (MET)


Startpoint: A[6] (input port clocked by clk)
Endpoint: Result[6] (output port clocked by clk)
Path Group: clk
Path Type: min
Corner: Slowest

Fanout     Cap    Slew   Delay    Time   Description
-----------------------------------------------------------------------------
                  0.00    0.00    0.00   clock clk (rise edge)
                          0.00    0.00   clock network delay (ideal)
                          2.00    2.00 v input external delay
                  0.02    0.01    2.01 v A[6] (in)
     1    0.00                           A[6] (net)
                  0.02    0.00    2.01 v input7/A (sky130_fd_sc_hd__buf_4)
                  0.15    0.30    2.31 v input7/X (sky130_fd_sc_hd__buf_4)
     8    0.06                           net7 (net)
                  0.15    0.01    2.32 v _317_/A (sky130_fd_sc_hd__nand2_1)
                  0.08    0.12    2.44 ^ _317_/Y (sky130_fd_sc_hd__nand2_1)
     1    0.00                           _069_ (net)
                  0.08    0.00    2.44 ^ _318_/A2 (sky130_fd_sc_hd__a21o_1)
                  0.08    0.22    2.67 ^ _318_/X (sky130_fd_sc_hd__a21o_1)
     1    0.00                           _070_ (net)
                  0.08    0.00    2.67 ^ _319_/C1 (sky130_fd_sc_hd__o211ai_1)
                  0.20    0.24    2.90 v _319_/Y (sky130_fd_sc_hd__o211ai_1)
     1    0.01                           _071_ (net)
                  0.20    0.00    2.90 v _320_/B1 (sky130_fd_sc_hd__a31o_4)
                  0.21    0.54    3.45 v _320_/X (sky130_fd_sc_hd__a31o_4)
     2    0.07                           net28 (net)
                  0.21    0.01    3.46 v output28/A (sky130_fd_sc_hd__buf_2)
                  0.17    0.39    3.85 v output28/X (sky130_fd_sc_hd__buf_2)
     1    0.03                           Result[6] (net)
                  0.17    0.00    3.85 v Result[6] (out)
                                  3.85   data arrival time

                  0.00    0.00    0.00   clock clk (rise edge)
                          0.00    0.00   clock network delay (ideal)
                          0.25    0.25   clock uncertainty
                          0.00    0.25   clock reconvergence pessimism
                         -2.00   -1.75   output external delay
                                 -1.75   data required time
-----------------------------------------------------------------------------
                                 -1.75   data required time
                                 -3.85   data arrival time
-----------------------------------------------------------------------------
                                  5.60   slack (MET)



======================= Typical Corner ===================================

Startpoint: A[0] (input port clocked by clk)
Endpoint: Result[0] (output port clocked by clk)
Path Group: clk
Path Type: min
Corner: Typical

Fanout     Cap    Slew   Delay    Time   Description
-----------------------------------------------------------------------------
                  0.00    0.00    0.00   clock clk (rise edge)
                          0.00    0.00   clock network delay (ideal)
                          2.00    2.00 ^ input external delay
                  0.02    0.01    2.01 ^ A[0] (in)
     1    0.00                           A[0] (net)
                  0.02    0.00    2.01 ^ input1/A (sky130_fd_sc_hd__buf_4)
                  0.21    0.20    2.21 ^ input1/X (sky130_fd_sc_hd__buf_4)
     9    0.07                           net1 (net)
                  0.21    0.02    2.23 ^ _350_/B (sky130_fd_sc_hd__or2_1)
                  0.11    0.17    2.40 ^ _350_/X (sky130_fd_sc_hd__or2_1)
     3    0.01                           _099_ (net)
                  0.11    0.00    2.40 ^ _354_/A2 (sky130_fd_sc_hd__a211o_2)
                  0.19    0.24    2.64 ^ _354_/X (sky130_fd_sc_hd__a211o_2)
     2    0.04                           net22 (net)
                  0.19    0.01    2.65 ^ output22/A (sky130_fd_sc_hd__clkbuf_4)
                  0.11    0.22    2.87 ^ output22/X (sky130_fd_sc_hd__clkbuf_4)
     1    0.03                           Result[0] (net)
                  0.11    0.00    2.88 ^ Result[0] (out)
                                  2.88   data arrival time

                  0.00    0.00    0.00   clock clk (rise edge)
                          0.00    0.00   clock network delay (ideal)
                          0.25    0.25   clock uncertainty
                          0.00    0.25   clock reconvergence pessimism
                         -2.00   -1.75   output external delay
                                 -1.75   data required time
-----------------------------------------------------------------------------
                                 -1.75   data required time
                                 -2.88   data arrival time
-----------------------------------------------------------------------------
                                  4.63   slack (MET)


Startpoint: B[0] (input port clocked by clk)
Endpoint: Result[1] (output port clocked by clk)
Path Group: clk
Path Type: min
Corner: Typical

Fanout     Cap    Slew   Delay    Time   Description
-----------------------------------------------------------------------------
                  0.00    0.00    0.00   clock clk (rise edge)
                          0.00    0.00   clock network delay (ideal)
                          2.00    2.00 v input external delay
                  0.01    0.00    2.00 v B[0] (in)
     1    0.00                           B[0] (net)
                  0.01    0.00    2.00 v input9/A (sky130_fd_sc_hd__buf_2)
                  0.12    0.17    2.18 v input9/X (sky130_fd_sc_hd__buf_2)
     3    0.05                           net9 (net)
                  0.12    0.01    2.19 v _178_/A (sky130_fd_sc_hd__nand2_2)
                  0.13    0.14    2.33 ^ _178_/Y (sky130_fd_sc_hd__nand2_2)
     6    0.02                           _111_ (net)
                  0.13    0.00    2.33 ^ _179_/B (sky130_fd_sc_hd__nand2_1)
                  0.05    0.08    2.40 v _179_/Y (sky130_fd_sc_hd__nand2_1)
     1    0.00                           _112_ (net)
                  0.05    0.00    2.40 v _206_/A1 (sky130_fd_sc_hd__a31o_4)
                  0.09    0.27    2.67 v _206_/X (sky130_fd_sc_hd__a31o_4)
     2    0.05                           net23 (net)
                  0.10    0.01    2.68 v output23/A (sky130_fd_sc_hd__clkbuf_4)
                  0.08    0.19    2.88 v output23/X (sky130_fd_sc_hd__clkbuf_4)
     1    0.03                           Result[1] (net)
                  0.08    0.00    2.88 v Result[1] (out)
                                  2.88   data arrival time

                  0.00    0.00    0.00   clock clk (rise edge)
                          0.00    0.00   clock network delay (ideal)
                          0.25    0.25   clock uncertainty
                          0.00    0.25   clock reconvergence pessimism
                         -2.00   -1.75   output external delay
                                 -1.75   data required time
-----------------------------------------------------------------------------
                                 -1.75   data required time
                                 -2.88   data arrival time
-----------------------------------------------------------------------------
                                  4.63   slack (MET)


Startpoint: B[0] (input port clocked by clk)
Endpoint: Zero (output port clocked by clk)
Path Group: clk
Path Type: min
Corner: Typical

Fanout     Cap    Slew   Delay    Time   Description
-----------------------------------------------------------------------------
                  0.00    0.00    0.00   clock clk (rise edge)
                          0.00    0.00   clock network delay (ideal)
                          2.00    2.00 v input external delay
                  0.01    0.00    2.00 v B[0] (in)
     1    0.00                           B[0] (net)
                  0.01    0.00    2.00 v input9/A (sky130_fd_sc_hd__buf_2)
                  0.12    0.17    2.18 v input9/X (sky130_fd_sc_hd__buf_2)
     3    0.05                           net9 (net)
                  0.12    0.01    2.19 v _178_/A (sky130_fd_sc_hd__nand2_2)
                  0.13    0.14    2.33 ^ _178_/Y (sky130_fd_sc_hd__nand2_2)
     6    0.02                           _111_ (net)
                  0.13    0.00    2.33 ^ _358_/A1 (sky130_fd_sc_hd__a211o_1)
                  0.07    0.15    2.48 ^ _358_/X (sky130_fd_sc_hd__a211o_1)
     1    0.01                           _106_ (net)
                  0.07    0.00    2.48 ^ _360_/B (sky130_fd_sc_hd__or4bb_2)
                  0.07    0.14    2.62 ^ _360_/X (sky130_fd_sc_hd__or4bb_2)
     1    0.01                           _108_ (net)
                  0.07    0.00    2.62 ^ _361_/B1 (sky130_fd_sc_hd__o31ai_4)
                  0.09    0.12    2.74 v _361_/Y (sky130_fd_sc_hd__o31ai_4)
     1    0.04                           net30 (net)
                  0.09    0.00    2.75 v output30/A (sky130_fd_sc_hd__buf_6)
                  0.04    0.15    2.89 v output30/X (sky130_fd_sc_hd__buf_6)
     1    0.03                           Zero (net)
                  0.04    0.00    2.89 v Zero (out)
                                  2.89   data arrival time

                  0.00    0.00    0.00   clock clk (rise edge)
                          0.00    0.00   clock network delay (ideal)
                          0.25    0.25   clock uncertainty
                          0.00    0.25   clock reconvergence pessimism
                         -2.00   -1.75   output external delay
                                 -1.75   data required time
-----------------------------------------------------------------------------
                                 -1.75   data required time
                                 -2.89   data arrival time
-----------------------------------------------------------------------------
                                  4.64   slack (MET)


Startpoint: A[3] (input port clocked by clk)
Endpoint: Result[3] (output port clocked by clk)
Path Group: clk
Path Type: min
Corner: Typical

Fanout     Cap    Slew   Delay    Time   Description
-----------------------------------------------------------------------------
                  0.00    0.00    0.00   clock clk (rise edge)
                          0.00    0.00   clock network delay (ideal)
                          2.00    2.00 v input external delay
                  0.01    0.01    2.01 v A[3] (in)
     1    0.00                           A[3] (net)
                  0.01    0.00    2.01 v input4/A (sky130_fd_sc_hd__clkbuf_8)
                  0.10    0.16    2.17 v input4/X (sky130_fd_sc_hd__clkbuf_8)
    10    0.08                           net4 (net)
                  0.11    0.02    2.19 v _235_/A (sky130_fd_sc_hd__nand2_1)
                  0.05    0.08    2.27 ^ _235_/Y (sky130_fd_sc_hd__nand2_1)
     1    0.00                           _166_ (net)
                  0.05    0.00    2.27 ^ _236_/A2 (sky130_fd_sc_hd__a21o_1)
                  0.03    0.10    2.37 ^ _236_/X (sky130_fd_sc_hd__a21o_1)
     1    0.00                           _167_ (net)
                  0.03    0.00    2.37 ^ _246_/A (sky130_fd_sc_hd__and4_1)
                  0.13    0.21    2.58 ^ _246_/X (sky130_fd_sc_hd__and4_1)
     1    0.01                           _001_ (net)
                  0.13    0.00    2.58 ^ _255_/A (sky130_fd_sc_hd__nand2_4)
                  0.11    0.12    2.70 v _255_/Y (sky130_fd_sc_hd__nand2_4)
     2    0.05                           net25 (net)
                  0.11    0.01    2.71 v output25/A (sky130_fd_sc_hd__buf_2)
                  0.09    0.20    2.91 v output25/X (sky130_fd_sc_hd__buf_2)
     1    0.03                           Result[3] (net)
                  0.09    0.00    2.91 v Result[3] (out)
                                  2.91   data arrival time

                  0.00    0.00    0.00   clock clk (rise edge)
                          0.00    0.00   clock network delay (ideal)
                          0.25    0.25   clock uncertainty
                          0.00    0.25   clock reconvergence pessimism
                         -2.00   -1.75   output external delay
                                 -1.75   data required time
-----------------------------------------------------------------------------
                                 -1.75   data required time
                                 -2.91   data arrival time
-----------------------------------------------------------------------------
                                  4.66   slack (MET)


Startpoint: B[7] (input port clocked by clk)
Endpoint: CarryOut (output port clocked by clk)
Path Group: clk
Path Type: min
Corner: Typical

Fanout     Cap    Slew   Delay    Time   Description
-----------------------------------------------------------------------------
                  0.00    0.00    0.00   clock clk (rise edge)
                          0.00    0.00   clock network delay (ideal)
                          2.00    2.00 ^ input external delay
                  0.02    0.01    2.01 ^ B[7] (in)
     1    0.00                           B[7] (net)
                  0.02    0.00    2.01 ^ input16/A (sky130_fd_sc_hd__buf_4)
                  0.16    0.17    2.19 ^ input16/X (sky130_fd_sc_hd__buf_4)
     4    0.06                           net16 (net)
                  0.16    0.01    2.20 ^ _345_/A2 (sky130_fd_sc_hd__o211a_1)
                  0.06    0.16    2.36 ^ _345_/X (sky130_fd_sc_hd__o211a_1)
     1    0.01                           _095_ (net)
                  0.06    0.00    2.36 ^ _348_/A (sky130_fd_sc_hd__or3b_4)
                  0.12    0.18    2.54 ^ _348_/X (sky130_fd_sc_hd__or3b_4)
     1    0.03                           _098_ (net)
                  0.12    0.00    2.54 ^ _349_/A (sky130_fd_sc_hd__clkbuf_2)
                  0.13    0.18    2.72 ^ _349_/X (sky130_fd_sc_hd__clkbuf_2)
     1    0.02                           net21 (net)
                  0.13    0.00    2.72 ^ output21/A (sky130_fd_sc_hd__clkbuf_4)
                  0.11    0.20    2.93 ^ output21/X (sky130_fd_sc_hd__clkbuf_4)
     1    0.03                           CarryOut (net)
                  0.11    0.00    2.93 ^ CarryOut (out)
                                  2.93   data arrival time

                  0.00    0.00    0.00   clock clk (rise edge)
                          0.00    0.00   clock network delay (ideal)
                          0.25    0.25   clock uncertainty
                          0.00    0.25   clock reconvergence pessimism
                         -2.00   -1.75   output external delay
                                 -1.75   data required time
-----------------------------------------------------------------------------
                                 -1.75   data required time
                                 -2.93   data arrival time
-----------------------------------------------------------------------------
                                  4.68   slack (MET)


Startpoint: A[2] (input port clocked by clk)
Endpoint: Result[2] (output port clocked by clk)
Path Group: clk
Path Type: min
Corner: Typical

Fanout     Cap    Slew   Delay    Time   Description
-----------------------------------------------------------------------------
                  0.00    0.00    0.00   clock clk (rise edge)
                          0.00    0.00   clock network delay (ideal)
                          2.00    2.00 ^ input external delay
                  0.02    0.01    2.01 ^ A[2] (in)
     1    0.00                           A[2] (net)
                  0.02    0.00    2.01 ^ input3/A (sky130_fd_sc_hd__buf_4)
                  0.21    0.20    2.21 ^ input3/X (sky130_fd_sc_hd__buf_4)
     9    0.07                           net3 (net)
                  0.21    0.02    2.23 ^ _220_/A1 (sky130_fd_sc_hd__o221a_1)
                  0.04    0.19    2.42 ^ _220_/X (sky130_fd_sc_hd__o221a_1)
     1    0.00                           _152_ (net)
                  0.04    0.00    2.42 ^ _232_/A (sky130_fd_sc_hd__and3_1)
                  0.11    0.17    2.60 ^ _232_/X (sky130_fd_sc_hd__and3_1)
     1    0.01                           _164_ (net)
                  0.11    0.00    2.60 ^ _233_/B1 (sky130_fd_sc_hd__o21ai_4)
                  0.12    0.12    2.72 v _233_/Y (sky130_fd_sc_hd__o21ai_4)
     2    0.05                           net24 (net)
                  0.12    0.01    2.73 v output24/A (sky130_fd_sc_hd__clkbuf_4)
                  0.08    0.20    2.93 v output24/X (sky130_fd_sc_hd__clkbuf_4)
     1    0.03                           Result[2] (net)
                  0.08    0.00    2.93 v Result[2] (out)
                                  2.93   data arrival time

                  0.00    0.00    0.00   clock clk (rise edge)
                          0.00    0.00   clock network delay (ideal)
                          0.25    0.25   clock uncertainty
                          0.00    0.25   clock reconvergence pessimism
                         -2.00   -1.75   output external delay
                                 -1.75   data required time
-----------------------------------------------------------------------------
                                 -1.75   data required time
                                 -2.93   data arrival time
-----------------------------------------------------------------------------
                                  4.68   slack (MET)


Startpoint: A[6] (input port clocked by clk)
Endpoint: Result[7] (output port clocked by clk)
Path Group: clk
Path Type: min
Corner: Typical

Fanout     Cap    Slew   Delay    Time   Description
-----------------------------------------------------------------------------
                  0.00    0.00    0.00   clock clk (rise edge)
                          0.00    0.00   clock network delay (ideal)
                          2.00    2.00 ^ input external delay
                  0.02    0.01    2.01 ^ A[6] (in)
     1    0.00                           A[6] (net)
                  0.02    0.00    2.01 ^ input7/A (sky130_fd_sc_hd__buf_4)
                  0.17    0.18    2.19 ^ input7/X (sky130_fd_sc_hd__buf_4)
     8    0.06                           net7 (net)
                  0.17    0.01    2.20 ^ _301_/A (sky130_fd_sc_hd__nand2_2)
                  0.08    0.10    2.30 v _301_/Y (sky130_fd_sc_hd__nand2_2)
     4    0.02                           _053_ (net)
                  0.08    0.00    2.30 v _324_/B1 (sky130_fd_sc_hd__o21ai_2)
                  0.10    0.10    2.41 ^ _324_/Y (sky130_fd_sc_hd__o21ai_2)
     2    0.01                           _075_ (net)
                  0.10    0.00    2.41 ^ _325_/B (sky130_fd_sc_hd__xnor2_2)
                  0.07    0.13    2.54 ^ _325_/Y (sky130_fd_sc_hd__xnor2_2)
     1    0.01                           _076_ (net)
                  0.07    0.00    2.54 ^ _343_/A2 (sky130_fd_sc_hd__o211ai_4)
                  0.18    0.16    2.70 v _343_/Y (sky130_fd_sc_hd__o211ai_4)
     2    0.05                           net29 (net)
                  0.18    0.01    2.71 v output29/A (sky130_fd_sc_hd__clkbuf_4)
                  0.08    0.23    2.94 v output29/X (sky130_fd_sc_hd__clkbuf_4)
     1    0.03                           Result[7] (net)
                  0.08    0.00    2.94 v Result[7] (out)
                                  2.94   data arrival time

                  0.00    0.00    0.00   clock clk (rise edge)
                          0.00    0.00   clock network delay (ideal)
                          0.25    0.25   clock uncertainty
                          0.00    0.25   clock reconvergence pessimism
                         -2.00   -1.75   output external delay
                                 -1.75   data required time
-----------------------------------------------------------------------------
                                 -1.75   data required time
                                 -2.94   data arrival time
-----------------------------------------------------------------------------
                                  4.69   slack (MET)


Startpoint: B[4] (input port clocked by clk)
Endpoint: Result[4] (output port clocked by clk)
Path Group: clk
Path Type: min
Corner: Typical

Fanout     Cap    Slew   Delay    Time   Description
-----------------------------------------------------------------------------
                  0.00    0.00    0.00   clock clk (rise edge)
                          0.00    0.00   clock network delay (ideal)
                          2.00    2.00 ^ input external delay
                  0.02    0.01    2.01 ^ B[4] (in)
     1    0.00                           B[4] (net)
                  0.02    0.00    2.01 ^ input13/A (sky130_fd_sc_hd__clkbuf_4)
                  0.15    0.19    2.20 ^ input13/X (sky130_fd_sc_hd__clkbuf_4)
     4    0.05                           net13 (net)
                  0.15    0.01    2.21 ^ _256_/B (sky130_fd_sc_hd__nor2_1)
                  0.06    0.09    2.30 v _256_/Y (sky130_fd_sc_hd__nor2_1)
     2    0.01                           _010_ (net)
                  0.06    0.00    2.30 v _262_/A1 (sky130_fd_sc_hd__o221ai_1)
                  0.09    0.20    2.49 ^ _262_/Y (sky130_fd_sc_hd__o221ai_1)
     1    0.00                           _016_ (net)
                  0.09    0.00    2.49 ^ _278_/A (sky130_fd_sc_hd__or3b_4)
                  0.03    0.12    2.62 ^ _278_/X (sky130_fd_sc_hd__or3b_4)
     1    0.01                           _032_ (net)
                  0.03    0.00    2.62 ^ _279_/A (sky130_fd_sc_hd__buf_6)
                  0.10    0.13    2.74 ^ _279_/X (sky130_fd_sc_hd__buf_6)
     2    0.05                           net26 (net)
                  0.10    0.01    2.75 ^ output26/A (sky130_fd_sc_hd__clkbuf_4)
                  0.11    0.19    2.95 ^ output26/X (sky130_fd_sc_hd__clkbuf_4)
     1    0.03                           Result[4] (net)
                  0.11    0.00    2.95 ^ Result[4] (out)
                                  2.95   data arrival time

                  0.00    0.00    0.00   clock clk (rise edge)
                          0.00    0.00   clock network delay (ideal)
                          0.25    0.25   clock uncertainty
                          0.00    0.25   clock reconvergence pessimism
                         -2.00   -1.75   output external delay
                                 -1.75   data required time
-----------------------------------------------------------------------------
                                 -1.75   data required time
                                 -2.95   data arrival time
-----------------------------------------------------------------------------
                                  4.70   slack (MET)


Startpoint: A[6] (input port clocked by clk)
Endpoint: Result[6] (output port clocked by clk)
Path Group: clk
Path Type: min
Corner: Typical

Fanout     Cap    Slew   Delay    Time   Description
-----------------------------------------------------------------------------
                  0.00    0.00    0.00   clock clk (rise edge)
                          0.00    0.00   clock network delay (ideal)
                          2.00    2.00 v input external delay
                  0.01    0.00    2.00 v A[6] (in)
     1    0.00                           A[6] (net)
                  0.01    0.00    2.00 v input7/A (sky130_fd_sc_hd__buf_4)
                  0.08    0.16    2.17 v input7/X (sky130_fd_sc_hd__buf_4)
     8    0.06                           net7 (net)
                  0.09    0.01    2.18 v _317_/A (sky130_fd_sc_hd__nand2_1)
                  0.05    0.07    2.25 ^ _317_/Y (sky130_fd_sc_hd__nand2_1)
     1    0.00                           _069_ (net)
                  0.05    0.00    2.25 ^ _318_/A2 (sky130_fd_sc_hd__a21o_1)
                  0.05    0.11    2.36 ^ _318_/X (sky130_fd_sc_hd__a21o_1)
     1    0.00                           _070_ (net)
                  0.05    0.00    2.36 ^ _319_/C1 (sky130_fd_sc_hd__o211ai_1)
                  0.08    0.10    2.46 v _319_/Y (sky130_fd_sc_hd__o211ai_1)
     1    0.01                           _071_ (net)
                  0.08    0.00    2.46 v _320_/B1 (sky130_fd_sc_hd__a31o_4)
                  0.11    0.28    2.74 v _320_/X (sky130_fd_sc_hd__a31o_4)
     2    0.07                           net28 (net)
                  0.12    0.01    2.76 v output28/A (sky130_fd_sc_hd__buf_2)
                  0.09    0.20    2.96 v output28/X (sky130_fd_sc_hd__buf_2)
     1    0.03                           Result[6] (net)
                  0.09    0.00    2.96 v Result[6] (out)
                                  2.96   data arrival time

                  0.00    0.00    0.00   clock clk (rise edge)
                          0.00    0.00   clock network delay (ideal)
                          0.25    0.25   clock uncertainty
                          0.00    0.25   clock reconvergence pessimism
                         -2.00   -1.75   output external delay
                                 -1.75   data required time
-----------------------------------------------------------------------------
                                 -1.75   data required time
                                 -2.96   data arrival time
-----------------------------------------------------------------------------
                                  4.71   slack (MET)


Startpoint: A[5] (input port clocked by clk)
Endpoint: Result[5] (output port clocked by clk)
Path Group: clk
Path Type: min
Corner: Typical

Fanout     Cap    Slew   Delay    Time   Description
-----------------------------------------------------------------------------
                  0.00    0.00    0.00   clock clk (rise edge)
                          0.00    0.00   clock network delay (ideal)
                          2.00    2.00 ^ input external delay
                  0.02    0.01    2.01 ^ A[5] (in)
     1    0.00                           A[5] (net)
                  0.02    0.00    2.01 ^ input6/A (sky130_fd_sc_hd__clkbuf_4)
                  0.16    0.19    2.20 ^ input6/X (sky130_fd_sc_hd__clkbuf_4)
     8    0.05                           net6 (net)
                  0.16    0.01    2.21 ^ _296_/B1 (sky130_fd_sc_hd__o21ai_1)
                  0.03    0.09    2.30 v _296_/Y (sky130_fd_sc_hd__o21ai_1)
     1    0.00                           _049_ (net)
                  0.03    0.00    2.30 v _297_/A2 (sky130_fd_sc_hd__a21o_1)
                  0.05    0.18    2.48 v _297_/X (sky130_fd_sc_hd__a21o_1)
     1    0.01                           _050_ (net)
                  0.05    0.00    2.48 v _298_/C1 (sky130_fd_sc_hd__o211ai_2)
                  0.06    0.06    2.54 ^ _298_/Y (sky130_fd_sc_hd__o211ai_2)
     1    0.01                           _051_ (net)
                  0.06    0.00    2.54 ^ _299_/B1 (sky130_fd_sc_hd__a31o_4)
                  0.18    0.19    2.73 ^ _299_/X (sky130_fd_sc_hd__a31o_4)
     2    0.06                           net27 (net)
                  0.18    0.01    2.74 ^ output27/A (sky130_fd_sc_hd__buf_2)
                  0.17    0.23    2.97 ^ output27/X (sky130_fd_sc_hd__buf_2)
     1    0.03                           Result[5] (net)
                  0.17    0.00    2.97 ^ Result[5] (out)
                                  2.97   data arrival time

                  0.00    0.00    0.00   clock clk (rise edge)
                          0.00    0.00   clock network delay (ideal)
                          0.25    0.25   clock uncertainty
                          0.00    0.25   clock reconvergence pessimism
                         -2.00   -1.75   output external delay
                                 -1.75   data required time
-----------------------------------------------------------------------------
                                 -1.75   data required time
                                 -2.97   data arrival time
-----------------------------------------------------------------------------
                                  4.72   slack (MET)



