
===========================================================================
report_checks -path_delay min (Hold)
============================================================================
======================= Fastest Corner ===================================

Startpoint: A[6] (input port clocked by clk)
Endpoint: Result[6] (output port clocked by clk)
Path Group: clk
Path Type: min
Corner: Fastest

Fanout     Cap    Slew   Delay    Time   Description
-----------------------------------------------------------------------------
                  0.00    0.00    0.00   clock clk (rise edge)
                          0.00    0.00   clock network delay (ideal)
                          2.00    2.00 v input external delay
                  0.00    0.00    2.00 v A[6] (in)
     1    0.00                           A[6] (net)
                  0.00    0.00    2.00 v input7/A (sky130_fd_sc_hd__buf_4)
                  0.07    0.11    2.11 v input7/X (sky130_fd_sc_hd__buf_4)
     8    0.06                           net7 (net)
                  0.07    0.01    2.12 v _317_/A (sky130_fd_sc_hd__nand2_1)
                  0.04    0.05    2.17 ^ _317_/Y (sky130_fd_sc_hd__nand2_1)
     1    0.00                           _069_ (net)
                  0.04    0.00    2.17 ^ _318_/A2 (sky130_fd_sc_hd__a21o_1)
                  0.04    0.07    2.25 ^ _318_/X (sky130_fd_sc_hd__a21o_1)
     1    0.01                           _070_ (net)
                  0.04    0.00    2.25 ^ _319_/C1 (sky130_fd_sc_hd__o211ai_1)
                  0.04    0.05    2.29 v _319_/Y (sky130_fd_sc_hd__o211ai_1)
     1    0.01                           _071_ (net)
                  0.04    0.00    2.29 v _320_/B1 (sky130_fd_sc_hd__a31o_4)
                  0.08    0.13    2.42 v _320_/X (sky130_fd_sc_hd__a31o_4)
     2    0.08                           net28 (net)
                  0.09    0.02    2.44 v output28/A (sky130_fd_sc_hd__buf_2)
                  0.06    0.13    2.57 v output28/X (sky130_fd_sc_hd__buf_2)
     1    0.03                           Result[6] (net)
                  0.06    0.00    2.57 v Result[6] (out)
                                  2.57   data arrival time

                  0.00    0.00    0.00   clock clk (rise edge)
                          0.00    0.00   clock network delay (ideal)
                          0.25    0.25   clock uncertainty
                          0.00    0.25   clock reconvergence pessimism
                         -2.00   -1.75   output external delay
                                 -1.75   data required time
-----------------------------------------------------------------------------
                                 -1.75   data required time
                                 -2.57   data arrival time
-----------------------------------------------------------------------------
                                  4.32   slack (MET)


Startpoint: A[5] (input port clocked by clk)
Endpoint: Result[5] (output port clocked by clk)
Path Group: clk
Path Type: min
Corner: Fastest

Fanout     Cap    Slew   Delay    Time   Description
-----------------------------------------------------------------------------
                  0.00    0.00    0.00   clock clk (rise edge)
                          0.00    0.00   clock network delay (ideal)
                          2.00    2.00 v input external delay
                  0.00    0.00    2.00 v A[5] (in)
     1    0.00                           A[5] (net)
                  0.00    0.00    2.00 v input6/A (sky130_fd_sc_hd__clkbuf_4)
                  0.08    0.12    2.12 v input6/X (sky130_fd_sc_hd__clkbuf_4)
     8    0.05                           net6 (net)
                  0.08    0.01    2.13 v _296_/B1 (sky130_fd_sc_hd__o21ai_1)
                  0.05    0.07    2.20 ^ _296_/Y (sky130_fd_sc_hd__o21ai_1)
     1    0.00                           _049_ (net)
                  0.05    0.00    2.20 ^ _297_/A2 (sky130_fd_sc_hd__a21o_1)
                  0.06    0.09    2.28 ^ _297_/X (sky130_fd_sc_hd__a21o_1)
     1    0.01                           _050_ (net)
                  0.06    0.00    2.29 ^ _298_/C1 (sky130_fd_sc_hd__o211ai_2)
                  0.03    0.04    2.32 v _298_/Y (sky130_fd_sc_hd__o211ai_2)
     1    0.01                           _051_ (net)
                  0.03    0.00    2.32 v _299_/B1 (sky130_fd_sc_hd__a31o_4)
                  0.07    0.11    2.43 v _299_/X (sky130_fd_sc_hd__a31o_4)
     2    0.06                           net27 (net)
                  0.07    0.02    2.45 v output27/A (sky130_fd_sc_hd__buf_2)
                  0.06    0.13    2.58 v output27/X (sky130_fd_sc_hd__buf_2)
     1    0.03                           Result[5] (net)
                  0.06    0.00    2.58 v Result[5] (out)
                                  2.58   data arrival time

                  0.00    0.00    0.00   clock clk (rise edge)
                          0.00    0.00   clock network delay (ideal)
                          0.25    0.25   clock uncertainty
                          0.00    0.25   clock reconvergence pessimism
                         -2.00   -1.75   output external delay
                                 -1.75   data required time
-----------------------------------------------------------------------------
                                 -1.75   data required time
                                 -2.58   data arrival time
-----------------------------------------------------------------------------
                                  4.33   slack (MET)


Startpoint: B[0] (input port clocked by clk)
Endpoint: Zero (output port clocked by clk)
Path Group: clk
Path Type: min
Corner: Fastest

Fanout     Cap    Slew   Delay    Time   Description
-----------------------------------------------------------------------------
                  0.00    0.00    0.00   clock clk (rise edge)
                          0.00    0.00   clock network delay (ideal)
                          2.00    2.00 v input external delay
                  0.00    0.00    2.00 v B[0] (in)
     1    0.00                           B[0] (net)
                  0.00    0.00    2.00 v input9/A (sky130_fd_sc_hd__buf_2)
                  0.09    0.12    2.12 v input9/X (sky130_fd_sc_hd__buf_2)
     3    0.05                           net9 (net)
                  0.09    0.01    2.13 v _178_/A (sky130_fd_sc_hd__nand2_2)
                  0.10    0.11    2.24 ^ _178_/Y (sky130_fd_sc_hd__nand2_2)
     6    0.02                           _111_ (net)
                  0.10    0.00    2.24 ^ _358_/A1 (sky130_fd_sc_hd__a211o_1)
                  0.06    0.10    2.33 ^ _358_/X (sky130_fd_sc_hd__a211o_1)
     1    0.01                           _106_ (net)
                  0.06    0.00    2.34 ^ _360_/B (sky130_fd_sc_hd__or4bb_2)
                  0.05    0.10    2.43 ^ _360_/X (sky130_fd_sc_hd__or4bb_2)
     1    0.01                           _108_ (net)
                  0.05    0.00    2.43 ^ _361_/B1 (sky130_fd_sc_hd__o31ai_4)
                  0.05    0.05    2.48 v _361_/Y (sky130_fd_sc_hd__o31ai_4)
     1    0.04                           net30 (net)
                  0.05    0.01    2.49 v output30/A (sky130_fd_sc_hd__buf_6)
                  0.03    0.09    2.58 v output30/X (sky130_fd_sc_hd__buf_6)
     1    0.03                           Zero (net)
                  0.03    0.00    2.59 v Zero (out)
                                  2.59   data arrival time

                  0.00    0.00    0.00   clock clk (rise edge)
                          0.00    0.00   clock network delay (ideal)
                          0.25    0.25   clock uncertainty
                          0.00    0.25   clock reconvergence pessimism
                         -2.00   -1.75   output external delay
                                 -1.75   data required time
-----------------------------------------------------------------------------
                                 -1.75   data required time
                                 -2.59   data arrival time
-----------------------------------------------------------------------------
                                  4.34   slack (MET)


Startpoint: B[1] (input port clocked by clk)
Endpoint: Result[1] (output port clocked by clk)
Path Group: clk
Path Type: min
Corner: Fastest

Fanout     Cap    Slew   Delay    Time   Description
-----------------------------------------------------------------------------
                  0.00    0.00    0.00   clock clk (rise edge)
                          0.00    0.00   clock network delay (ideal)
                          2.00    2.00 v input external delay
                  0.01    0.00    2.00 v B[1] (in)
     1    0.00                           B[1] (net)
                  0.01    0.00    2.00 v input10/A (sky130_fd_sc_hd__buf_4)
                  0.08    0.11    2.12 v input10/X (sky130_fd_sc_hd__buf_4)
     4    0.08                           net10 (net)
                  0.09    0.02    2.14 v _203_/A2 (sky130_fd_sc_hd__o21ai_1)
                  0.04    0.09    2.23 ^ _203_/Y (sky130_fd_sc_hd__o21ai_1)
     1    0.00                           _136_ (net)
                  0.04    0.00    2.23 ^ _204_/D1 (sky130_fd_sc_hd__o2111a_1)
                  0.03    0.07    2.31 ^ _204_/X (sky130_fd_sc_hd__o2111a_1)
     1    0.00                           _137_ (net)
                  0.03    0.00    2.31 ^ _205_/B1 (sky130_fd_sc_hd__o21ai_1)
                  0.03    0.03    2.34 v _205_/Y (sky130_fd_sc_hd__o21ai_1)
     1    0.01                           _138_ (net)
                  0.03    0.00    2.34 v _206_/B1 (sky130_fd_sc_hd__a31o_4)
                  0.07    0.11    2.45 v _206_/X (sky130_fd_sc_hd__a31o_4)
     2    0.06                           net23 (net)
                  0.07    0.01    2.46 v output23/A (sky130_fd_sc_hd__clkbuf_4)
                  0.06    0.13    2.59 v output23/X (sky130_fd_sc_hd__clkbuf_4)
     1    0.03                           Result[1] (net)
                  0.06    0.00    2.59 v Result[1] (out)
                                  2.59   data arrival time

                  0.00    0.00    0.00   clock clk (rise edge)
                          0.00    0.00   clock network delay (ideal)
                          0.25    0.25   clock uncertainty
                          0.00    0.25   clock reconvergence pessimism
                         -2.00   -1.75   output external delay
                                 -1.75   data required time
-----------------------------------------------------------------------------
                                 -1.75   data required time
                                 -2.59   data arrival time
-----------------------------------------------------------------------------
                                  4.34   slack (MET)


Startpoint: A[2] (input port clocked by clk)
Endpoint: Result[2] (output port clocked by clk)
Path Group: clk
Path Type: min
Corner: Fastest

Fanout     Cap    Slew   Delay    Time   Description
-----------------------------------------------------------------------------
                  0.00    0.00    0.00   clock clk (rise edge)
                          0.00    0.00   clock network delay (ideal)
                          2.00    2.00 ^ input external delay
                  0.01    0.01    2.01 ^ A[2] (in)
     1    0.00                           A[2] (net)
                  0.01    0.00    2.01 ^ input3/A (sky130_fd_sc_hd__buf_4)
                  0.16    0.14    2.15 ^ input3/X (sky130_fd_sc_hd__buf_4)
     9    0.08                           net3 (net)
                  0.17    0.02    2.17 ^ _220_/A1 (sky130_fd_sc_hd__o221a_1)
                  0.03    0.10    2.27 ^ _220_/X (sky130_fd_sc_hd__o221a_1)
     1    0.00                           _152_ (net)
                  0.03    0.00    2.27 ^ _232_/A (sky130_fd_sc_hd__and3_1)
                  0.08    0.11    2.38 ^ _232_/X (sky130_fd_sc_hd__and3_1)
     1    0.01                           _164_ (net)
                  0.08    0.00    2.38 ^ _233_/B1 (sky130_fd_sc_hd__o21ai_4)
                  0.07    0.06    2.45 v _233_/Y (sky130_fd_sc_hd__o21ai_4)
     2    0.05                           net24 (net)
                  0.08    0.01    2.46 v output24/A (sky130_fd_sc_hd__clkbuf_4)
                  0.06    0.13    2.59 v output24/X (sky130_fd_sc_hd__clkbuf_4)
     1    0.03                           Result[2] (net)
                  0.06    0.00    2.60 v Result[2] (out)
                                  2.60   data arrival time

                  0.00    0.00    0.00   clock clk (rise edge)
                          0.00    0.00   clock network delay (ideal)
                          0.25    0.25   clock uncertainty
                          0.00    0.25   clock reconvergence pessimism
                         -2.00   -1.75   output external delay
                                 -1.75   data required time
-----------------------------------------------------------------------------
                                 -1.75   data required time
                                 -2.60   data arrival time
-----------------------------------------------------------------------------
                                  4.35   slack (MET)


Startpoint: A[3] (input port clocked by clk)
Endpoint: Result[3] (output port clocked by clk)
Path Group: clk
Path Type: min
Corner: Fastest

Fanout     Cap    Slew   Delay    Time   Description
-----------------------------------------------------------------------------
                  0.00    0.00    0.00   clock clk (rise edge)
                          0.00    0.00   clock network delay (ideal)
                          2.00    2.00 ^ input external delay
                  0.02    0.01    2.01 ^ A[3] (in)
     1    0.00                           A[3] (net)
                  0.02    0.00    2.01 ^ input4/A (sky130_fd_sc_hd__clkbuf_8)
                  0.12    0.12    2.14 ^ input4/X (sky130_fd_sc_hd__clkbuf_8)
    10    0.09                           net4 (net)
                  0.14    0.03    2.17 ^ _238_/A1 (sky130_fd_sc_hd__o22a_1)
                  0.02    0.08    2.25 ^ _238_/X (sky130_fd_sc_hd__o22a_1)
     1    0.00                           _169_ (net)
                  0.02    0.00    2.25 ^ _246_/B (sky130_fd_sc_hd__and4_1)
                  0.09    0.14    2.39 ^ _246_/X (sky130_fd_sc_hd__and4_1)
     1    0.01                           _001_ (net)
                  0.09    0.00    2.39 ^ _255_/A (sky130_fd_sc_hd__nand2_4)
                  0.08    0.07    2.46 v _255_/Y (sky130_fd_sc_hd__nand2_4)
     2    0.05                           net25 (net)
                  0.09    0.01    2.47 v output25/A (sky130_fd_sc_hd__buf_2)
                  0.06    0.13    2.60 v output25/X (sky130_fd_sc_hd__buf_2)
     1    0.03                           Result[3] (net)
                  0.06    0.00    2.60 v Result[3] (out)
                                  2.60   data arrival time

                  0.00    0.00    0.00   clock clk (rise edge)
                          0.00    0.00   clock network delay (ideal)
                          0.25    0.25   clock uncertainty
                          0.00    0.25   clock reconvergence pessimism
                         -2.00   -1.75   output external delay
                                 -1.75   data required time
-----------------------------------------------------------------------------
                                 -1.75   data required time
                                 -2.60   data arrival time
-----------------------------------------------------------------------------
                                  4.35   slack (MET)


Startpoint: A[0] (input port clocked by clk)
Endpoint: Result[0] (output port clocked by clk)
Path Group: clk
Path Type: min
Corner: Fastest

Fanout     Cap    Slew   Delay    Time   Description
-----------------------------------------------------------------------------
                  0.00    0.00    0.00   clock clk (rise edge)
                          0.00    0.00   clock network delay (ideal)
                          2.00    2.00 ^ input external delay
                  0.02    0.01    2.01 ^ A[0] (in)
     1    0.00                           A[0] (net)
                  0.02    0.00    2.01 ^ input1/A (sky130_fd_sc_hd__buf_4)
                  0.16    0.14    2.15 ^ input1/X (sky130_fd_sc_hd__buf_4)
     9    0.08                           net1 (net)
                  0.17    0.02    2.17 ^ _350_/B (sky130_fd_sc_hd__or2_1)
                  0.08    0.11    2.28 ^ _350_/X (sky130_fd_sc_hd__or2_1)
     3    0.01                           _099_ (net)
                  0.08    0.00    2.28 ^ _354_/A2 (sky130_fd_sc_hd__a211o_2)
                  0.15    0.17    2.45 ^ _354_/X (sky130_fd_sc_hd__a211o_2)
     2    0.04                           net22 (net)
                  0.16    0.01    2.46 ^ output22/A (sky130_fd_sc_hd__clkbuf_4)
                  0.09    0.15    2.61 ^ output22/X (sky130_fd_sc_hd__clkbuf_4)
     1    0.03                           Result[0] (net)
                  0.09    0.00    2.61 ^ Result[0] (out)
                                  2.61   data arrival time

                  0.00    0.00    0.00   clock clk (rise edge)
                          0.00    0.00   clock network delay (ideal)
                          0.25    0.25   clock uncertainty
                          0.00    0.25   clock reconvergence pessimism
                         -2.00   -1.75   output external delay
                                 -1.75   data required time
-----------------------------------------------------------------------------
                                 -1.75   data required time
                                 -2.61   data arrival time
-----------------------------------------------------------------------------
                                  4.36   slack (MET)


Startpoint: A[7] (input port clocked by clk)
Endpoint: Result[7] (output port clocked by clk)
Path Group: clk
Path Type: min
Corner: Fastest

Fanout     Cap    Slew   Delay    Time   Description
-----------------------------------------------------------------------------
                  0.00    0.00    0.00   clock clk (rise edge)
                          0.00    0.00   clock network delay (ideal)
                          2.00    2.00 v input external delay
                  0.01    0.00    2.00 v A[7] (in)
     1    0.00                           A[7] (net)
                  0.01    0.00    2.00 v input8/A (sky130_fd_sc_hd__buf_4)
                  0.07    0.11    2.11 v input8/X (sky130_fd_sc_hd__buf_4)
     9    0.07                           net8 (net)
                  0.08    0.02    2.13 v _329_/A (sky130_fd_sc_hd__inv_2)
                  0.03    0.05    2.18 ^ _329_/Y (sky130_fd_sc_hd__inv_2)
     2    0.01                           _080_ (net)
                  0.03    0.00    2.18 ^ _330_/A (sky130_fd_sc_hd__or3_1)
                  0.02    0.06    2.23 ^ _330_/X (sky130_fd_sc_hd__or3_1)
     1    0.00                           _081_ (net)
                  0.02    0.00    2.23 ^ _336_/B (sky130_fd_sc_hd__and4_1)
                  0.09    0.14    2.37 ^ _336_/X (sky130_fd_sc_hd__and4_1)
     1    0.01                           _087_ (net)
                  0.09    0.00    2.37 ^ _343_/B1 (sky130_fd_sc_hd__o211ai_4)
                  0.10    0.09    2.47 v _343_/Y (sky130_fd_sc_hd__o211ai_4)
     2    0.06                           net29 (net)
                  0.10    0.01    2.47 v output29/A (sky130_fd_sc_hd__clkbuf_4)
                  0.06    0.15    2.62 v output29/X (sky130_fd_sc_hd__clkbuf_4)
     1    0.03                           Result[7] (net)
                  0.06    0.00    2.62 v Result[7] (out)
                                  2.62   data arrival time

                  0.00    0.00    0.00   clock clk (rise edge)
                          0.00    0.00   clock network delay (ideal)
                          0.25    0.25   clock uncertainty
                          0.00    0.25   clock reconvergence pessimism
                         -2.00   -1.75   output external delay
                                 -1.75   data required time
-----------------------------------------------------------------------------
                                 -1.75   data required time
                                 -2.62   data arrival time
-----------------------------------------------------------------------------
                                  4.37   slack (MET)


Startpoint: B[7] (input port clocked by clk)
Endpoint: CarryOut (output port clocked by clk)
Path Group: clk
Path Type: min
Corner: Fastest

Fanout     Cap    Slew   Delay    Time   Description
-----------------------------------------------------------------------------
                  0.00    0.00    0.00   clock clk (rise edge)
                          0.00    0.00   clock network delay (ideal)
                          2.00    2.00 ^ input external delay
                  0.02    0.01    2.01 ^ B[7] (in)
     1    0.00                           B[7] (net)
                  0.02    0.00    2.01 ^ input16/A (sky130_fd_sc_hd__buf_4)
                  0.13    0.12    2.13 ^ input16/X (sky130_fd_sc_hd__buf_4)
     4    0.06                           net16 (net)
                  0.13    0.02    2.15 ^ _345_/A2 (sky130_fd_sc_hd__o211a_1)
                  0.05    0.10    2.25 ^ _345_/X (sky130_fd_sc_hd__o211a_1)
     1    0.01                           _095_ (net)
                  0.05    0.00    2.25 ^ _348_/A (sky130_fd_sc_hd__or3b_4)
                  0.09    0.12    2.37 ^ _348_/X (sky130_fd_sc_hd__or3b_4)
     1    0.03                           _098_ (net)
                  0.09    0.01    2.38 ^ _349_/A (sky130_fd_sc_hd__clkbuf_2)
                  0.10    0.12    2.50 ^ _349_/X (sky130_fd_sc_hd__clkbuf_2)
     1    0.02                           net21 (net)
                  0.10    0.00    2.51 ^ output21/A (sky130_fd_sc_hd__clkbuf_4)
                  0.09    0.14    2.64 ^ output21/X (sky130_fd_sc_hd__clkbuf_4)
     1    0.03                           CarryOut (net)
                  0.09    0.00    2.65 ^ CarryOut (out)
                                  2.65   data arrival time

                  0.00    0.00    0.00   clock clk (rise edge)
                          0.00    0.00   clock network delay (ideal)
                          0.25    0.25   clock uncertainty
                          0.00    0.25   clock reconvergence pessimism
                         -2.00   -1.75   output external delay
                                 -1.75   data required time
-----------------------------------------------------------------------------
                                 -1.75   data required time
                                 -2.65   data arrival time
-----------------------------------------------------------------------------
                                  4.40   slack (MET)


Startpoint: B[4] (input port clocked by clk)
Endpoint: Result[4] (output port clocked by clk)
Path Group: clk
Path Type: min
Corner: Fastest

Fanout     Cap    Slew   Delay    Time   Description
-----------------------------------------------------------------------------
                  0.00    0.00    0.00   clock clk (rise edge)
                          0.00    0.00   clock network delay (ideal)
                          2.00    2.00 ^ input external delay
                  0.02    0.01    2.01 ^ B[4] (in)
     1    0.00                           B[4] (net)
                  0.02    0.00    2.01 ^ input13/A (sky130_fd_sc_hd__clkbuf_4)
                  0.12    0.13    2.14 ^ input13/X (sky130_fd_sc_hd__clkbuf_4)
     4    0.05                           net13 (net)
                  0.12    0.01    2.15 ^ _256_/B (sky130_fd_sc_hd__nor2_1)
                  0.05    0.05    2.21 v _256_/Y (sky130_fd_sc_hd__nor2_1)
     2    0.01                           _010_ (net)
                  0.05    0.00    2.21 v _262_/A1 (sky130_fd_sc_hd__o221ai_1)
                  0.05    0.13    2.34 ^ _262_/Y (sky130_fd_sc_hd__o221ai_1)
     1    0.00                           _016_ (net)
                  0.05    0.00    2.34 ^ _278_/A (sky130_fd_sc_hd__or3b_4)
                  0.03    0.08    2.42 ^ _278_/X (sky130_fd_sc_hd__or3b_4)
     1    0.01                           _032_ (net)
                  0.03    0.00    2.42 ^ _279_/A (sky130_fd_sc_hd__buf_6)
                  0.08    0.09    2.51 ^ _279_/X (sky130_fd_sc_hd__buf_6)
     2    0.05                           net26 (net)
                  0.08    0.01    2.52 ^ output26/A (sky130_fd_sc_hd__clkbuf_4)
                  0.08    0.13    2.65 ^ output26/X (sky130_fd_sc_hd__clkbuf_4)
     1    0.03                           Result[4] (net)
                  0.08    0.00    2.65 ^ Result[4] (out)
                                  2.65   data arrival time

                  0.00    0.00    0.00   clock clk (rise edge)
                          0.00    0.00   clock network delay (ideal)
                          0.25    0.25   clock uncertainty
                          0.00    0.25   clock reconvergence pessimism
                         -2.00   -1.75   output external delay
                                 -1.75   data required time
-----------------------------------------------------------------------------
                                 -1.75   data required time
                                 -2.65   data arrival time
-----------------------------------------------------------------------------
                                  4.40   slack (MET)



======================= Slowest Corner ===================================

Startpoint: Sel[2] (input port clocked by clk)
Endpoint: Result[1] (output port clocked by clk)
Path Group: clk
Path Type: min
Corner: Slowest

Fanout     Cap    Slew   Delay    Time   Description
-----------------------------------------------------------------------------
                  0.00    0.00    0.00   clock clk (rise edge)
                          0.00    0.00   clock network delay (ideal)
                          2.00    2.00 ^ input external delay
                  0.03    0.02    2.02 ^ Sel[2] (in)
     1    0.00                           Sel[2] (net)
                  0.03    0.00    2.02 ^ input19/A (sky130_fd_sc_hd__clkbuf_4)
                  0.26    0.35    2.37 ^ input19/X (sky130_fd_sc_hd__clkbuf_4)
     7    0.05                           net19 (net)
                  0.27    0.01    2.38 ^ _182_/A (sky130_fd_sc_hd__nor4_1)
                  0.08    0.19    2.56 v _182_/Y (sky130_fd_sc_hd__nor4_1)
     2    0.01                           _115_ (net)
                  0.08    0.00    2.56 v max_cap1/A (sky130_fd_sc_hd__clkbuf_1)
                  0.08    0.18    2.74 v max_cap1/X (sky130_fd_sc_hd__clkbuf_1)
     1    0.01                           net33 (net)
                  0.08    0.00    2.75 v _206_/A2 (sky130_fd_sc_hd__a31o_4)
                  0.18    0.51    3.25 v _206_/X (sky130_fd_sc_hd__a31o_4)
     2    0.06                           net23 (net)
                  0.18    0.01    3.27 v output23/A (sky130_fd_sc_hd__clkbuf_4)
                  0.14    0.36    3.62 v output23/X (sky130_fd_sc_hd__clkbuf_4)
     1    0.03                           Result[1] (net)
                  0.14    0.00    3.62 v Result[1] (out)
                                  3.62   data arrival time

                  0.00    0.00    0.00   clock clk (rise edge)
                          0.00    0.00   clock network delay (ideal)
                          0.25    0.25   clock uncertainty
                          0.00    0.25   clock reconvergence pessimism
                         -2.00   -1.75   output external delay
                                 -1.75   data required time
-----------------------------------------------------------------------------
                                 -1.75   data required time
                                 -3.62   data arrival time
-----------------------------------------------------------------------------
                                  5.37   slack (MET)


Startpoint: A[0] (input port clocked by clk)
Endpoint: Result[0] (output port clocked by clk)
Path Group: clk
Path Type: min
Corner: Slowest

Fanout     Cap    Slew   Delay    Time   Description
-----------------------------------------------------------------------------
                  0.00    0.00    0.00   clock clk (rise edge)
                          0.00    0.00   clock network delay (ideal)
                          2.00    2.00 ^ input external delay
                  0.04    0.02    2.02 ^ A[0] (in)
     1    0.00                           A[0] (net)
                  0.04    0.00    2.02 ^ input1/A (sky130_fd_sc_hd__buf_4)
                  0.34    0.36    2.38 ^ input1/X (sky130_fd_sc_hd__buf_4)
     9    0.08                           net1 (net)
                  0.34    0.02    2.40 ^ _350_/B (sky130_fd_sc_hd__or2_1)
                  0.18    0.33    2.73 ^ _350_/X (sky130_fd_sc_hd__or2_1)
     3    0.01                           _099_ (net)
                  0.18    0.00    2.73 ^ _354_/A2 (sky130_fd_sc_hd__a211o_2)
                  0.32    0.48    3.21 ^ _354_/X (sky130_fd_sc_hd__a211o_2)
     2    0.04                           net22 (net)
                  0.32    0.01    3.22 ^ output22/A (sky130_fd_sc_hd__clkbuf_4)
                  0.18    0.42    3.64 ^ output22/X (sky130_fd_sc_hd__clkbuf_4)
     1    0.03                           Result[0] (net)
                  0.18    0.00    3.64 ^ Result[0] (out)
                                  3.64   data arrival time

                  0.00    0.00    0.00   clock clk (rise edge)
                          0.00    0.00   clock network delay (ideal)
                          0.25    0.25   clock uncertainty
                          0.00    0.25   clock reconvergence pessimism
                         -2.00   -1.75   output external delay
                                 -1.75   data required time
-----------------------------------------------------------------------------
                                 -1.75   data required time
                                 -3.64   data arrival time
-----------------------------------------------------------------------------
                                  5.39   slack (MET)


Startpoint: Sel[2] (input port clocked by clk)
Endpoint: Zero (output port clocked by clk)
Path Group: clk
Path Type: min
Corner: Slowest

Fanout     Cap    Slew   Delay    Time   Description
-----------------------------------------------------------------------------
                  0.00    0.00    0.00   clock clk (rise edge)
                          0.00    0.00   clock network delay (ideal)
                          2.00    2.00 ^ input external delay
                  0.03    0.02    2.02 ^ Sel[2] (in)
     1    0.00                           Sel[2] (net)
                  0.03    0.00    2.02 ^ input19/A (sky130_fd_sc_hd__clkbuf_4)
                  0.26    0.35    2.37 ^ input19/X (sky130_fd_sc_hd__clkbuf_4)
     7    0.05                           net19 (net)
                  0.27    0.01    2.38 ^ _355_/A (sky130_fd_sc_hd__or4b_1)
                  0.12    0.29    2.67 ^ _355_/X (sky130_fd_sc_hd__or4b_1)
     2    0.01                           _103_ (net)
                  0.12    0.00    2.67 ^ _358_/B1 (sky130_fd_sc_hd__a211o_1)
                  0.12    0.22    2.89 ^ _358_/X (sky130_fd_sc_hd__a211o_1)
     1    0.01                           _106_ (net)
                  0.12    0.00    2.89 ^ _360_/B (sky130_fd_sc_hd__or4bb_2)
                  0.12    0.26    3.14 ^ _360_/X (sky130_fd_sc_hd__or4bb_2)
     1    0.01                           _108_ (net)
                  0.12    0.00    3.15 ^ _361_/B1 (sky130_fd_sc_hd__o31ai_4)
                  0.18    0.24    3.38 v _361_/Y (sky130_fd_sc_hd__o31ai_4)
     1    0.04                           net30 (net)
                  0.18    0.01    3.39 v output30/A (sky130_fd_sc_hd__buf_6)
                  0.08    0.28    3.67 v output30/X (sky130_fd_sc_hd__buf_6)
     1    0.03                           Zero (net)
                  0.08    0.00    3.67 v Zero (out)
                                  3.67   data arrival time

                  0.00    0.00    0.00   clock clk (rise edge)
                          0.00    0.00   clock network delay (ideal)
                          0.25    0.25   clock uncertainty
                          0.00    0.25   clock reconvergence pessimism
                         -2.00   -1.75   output external delay
                                 -1.75   data required time
-----------------------------------------------------------------------------
                                 -1.75   data required time
                                 -3.67   data arrival time
-----------------------------------------------------------------------------
                                  5.42   slack (MET)


Startpoint: B[4] (input port clocked by clk)
Endpoint: Result[4] (output port clocked by clk)
Path Group: clk
Path Type: min
Corner: Slowest

Fanout     Cap    Slew   Delay    Time   Description
-----------------------------------------------------------------------------
                  0.00    0.00    0.00   clock clk (rise edge)
                          0.00    0.00   clock network delay (ideal)
                          2.00    2.00 ^ input external delay
                  0.04    0.02    2.02 ^ B[4] (in)
     1    0.00                           B[4] (net)
                  0.04    0.00    2.02 ^ input13/A (sky130_fd_sc_hd__clkbuf_4)
                  0.25    0.34    2.36 ^ input13/X (sky130_fd_sc_hd__clkbuf_4)
     4    0.05                           net13 (net)
                  0.25    0.01    2.37 ^ _256_/B (sky130_fd_sc_hd__nor2_1)
                  0.11    0.19    2.56 v _256_/Y (sky130_fd_sc_hd__nor2_1)
     2    0.01                           _010_ (net)
                  0.11    0.00    2.56 v _262_/A1 (sky130_fd_sc_hd__o221ai_1)
                  0.14    0.34    2.90 ^ _262_/Y (sky130_fd_sc_hd__o221ai_1)
     1    0.00                           _016_ (net)
                  0.14    0.00    2.90 ^ _278_/A (sky130_fd_sc_hd__or3b_4)
                  0.06    0.23    3.13 ^ _278_/X (sky130_fd_sc_hd__or3b_4)
     1    0.01                           _032_ (net)
                  0.06    0.00    3.13 ^ _279_/A (sky130_fd_sc_hd__buf_6)
                  0.17    0.23    3.37 ^ _279_/X (sky130_fd_sc_hd__buf_6)
     2    0.05                           net26 (net)
                  0.17    0.01    3.38 ^ output26/A (sky130_fd_sc_hd__clkbuf_4)
                  0.18    0.35    3.73 ^ output26/X (sky130_fd_sc_hd__clkbuf_4)
     1    0.03                           Result[4] (net)
                  0.18    0.00    3.73 ^ Result[4] (out)
                                  3.73   data arrival time

                  0.00    0.00    0.00   clock clk (rise edge)
                          0.00    0.00   clock network delay (ideal)
                          0.25    0.25   clock uncertainty
                          0.00    0.25   clock reconvergence pessimism
                         -2.00   -1.75   output external delay
                                 -1.75   data required time
-----------------------------------------------------------------------------
                                 -1.75   data required time
                                 -3.73   data arrival time
-----------------------------------------------------------------------------
                                  5.48   slack (MET)


Startpoint: B[7] (input port clocked by clk)
Endpoint: CarryOut (output port clocked by clk)
Path Group: clk
Path Type: min
Corner: Slowest

Fanout     Cap    Slew   Delay    Time   Description
-----------------------------------------------------------------------------
                  0.00    0.00    0.00   clock clk (rise edge)
                          0.00    0.00   clock network delay (ideal)
                          2.00    2.00 ^ input external delay
                  0.04    0.02    2.02 ^ B[7] (in)
     1    0.00                           B[7] (net)
                  0.04    0.00    2.02 ^ input16/A (sky130_fd_sc_hd__buf_4)
                  0.27    0.32    2.34 ^ input16/X (sky130_fd_sc_hd__buf_4)
     4    0.06                           net16 (net)
                  0.27    0.02    2.35 ^ _345_/A2 (sky130_fd_sc_hd__o211a_1)
                  0.11    0.36    2.72 ^ _345_/X (sky130_fd_sc_hd__o211a_1)
     1    0.01                           _095_ (net)
                  0.11    0.00    2.72 ^ _348_/A (sky130_fd_sc_hd__or3b_4)
                  0.19    0.32    3.04 ^ _348_/X (sky130_fd_sc_hd__or3b_4)
     1    0.03                           _098_ (net)
                  0.19    0.01    3.04 ^ _349_/A (sky130_fd_sc_hd__clkbuf_2)
                  0.21    0.33    3.37 ^ _349_/X (sky130_fd_sc_hd__clkbuf_2)
     1    0.02                           net21 (net)
                  0.21    0.00    3.38 ^ output21/A (sky130_fd_sc_hd__clkbuf_4)
                  0.18    0.37    3.75 ^ output21/X (sky130_fd_sc_hd__clkbuf_4)
     1    0.03                           CarryOut (net)
                  0.18    0.00    3.75 ^ CarryOut (out)
                                  3.75   data arrival time

                  0.00    0.00    0.00   clock clk (rise edge)
                          0.00    0.00   clock network delay (ideal)
                          0.25    0.25   clock uncertainty
                          0.00    0.25   clock reconvergence pessimism
                         -2.00   -1.75   output external delay
                                 -1.75   data required time
-----------------------------------------------------------------------------
                                 -1.75   data required time
                                 -3.75   data arrival time
-----------------------------------------------------------------------------
                                  5.50   slack (MET)


Startpoint: A[5] (input port clocked by clk)
Endpoint: Result[5] (output port clocked by clk)
Path Group: clk
Path Type: min
Corner: Slowest

Fanout     Cap    Slew   Delay    Time   Description
-----------------------------------------------------------------------------
                  0.00    0.00    0.00   clock clk (rise edge)
                          0.00    0.00   clock network delay (ideal)
                          2.00    2.00 ^ input external delay
                  0.03    0.02    2.02 ^ A[5] (in)
     1    0.00                           A[5] (net)
                  0.03    0.00    2.02 ^ input6/A (sky130_fd_sc_hd__clkbuf_4)
                  0.25    0.34    2.36 ^ input6/X (sky130_fd_sc_hd__clkbuf_4)
     8    0.05                           net6 (net)
                  0.26    0.01    2.37 ^ _296_/B1 (sky130_fd_sc_hd__o21ai_1)
                  0.08    0.19    2.56 v _296_/Y (sky130_fd_sc_hd__o21ai_1)
     1    0.00                           _049_ (net)
                  0.08    0.00    2.56 v _297_/A2 (sky130_fd_sc_hd__a21o_1)
                  0.09    0.34    2.90 v _297_/X (sky130_fd_sc_hd__a21o_1)
     1    0.01                           _050_ (net)
                  0.09    0.00    2.90 v _298_/C1 (sky130_fd_sc_hd__o211ai_2)
                  0.10    0.11    3.01 ^ _298_/Y (sky130_fd_sc_hd__o211ai_2)
     1    0.01                           _051_ (net)
                  0.10    0.00    3.01 ^ _299_/B1 (sky130_fd_sc_hd__a31o_4)
                  0.29    0.33    3.34 ^ _299_/X (sky130_fd_sc_hd__a31o_4)
     2    0.06                           net27 (net)
                  0.29    0.02    3.36 ^ output27/A (sky130_fd_sc_hd__buf_2)
                  0.27    0.42    3.78 ^ output27/X (sky130_fd_sc_hd__buf_2)
     1    0.03                           Result[5] (net)
                  0.27    0.00    3.78 ^ Result[5] (out)
                                  3.78   data arrival time

                  0.00    0.00    0.00   clock clk (rise edge)
                          0.00    0.00   clock network delay (ideal)
                          0.25    0.25   clock uncertainty
                          0.00    0.25   clock reconvergence pessimism
                         -2.00   -1.75   output external delay
                                 -1.75   data required time
-----------------------------------------------------------------------------
                                 -1.75   data required time
                                 -3.78   data arrival time
-----------------------------------------------------------------------------
                                  5.53   slack (MET)


Startpoint: A[3] (input port clocked by clk)
Endpoint: Result[3] (output port clocked by clk)
Path Group: clk
Path Type: min
Corner: Slowest

Fanout     Cap    Slew   Delay    Time   Description
-----------------------------------------------------------------------------
                  0.00    0.00    0.00   clock clk (rise edge)
                          0.00    0.00   clock network delay (ideal)
                          2.00    2.00 v input external delay
                  0.02    0.01    2.01 v A[3] (in)
     1    0.00                           A[3] (net)
                  0.02    0.00    2.01 v input4/A (sky130_fd_sc_hd__clkbuf_8)
                  0.18    0.30    2.31 v input4/X (sky130_fd_sc_hd__clkbuf_8)
    10    0.09                           net4 (net)
                  0.19    0.03    2.34 v _235_/A (sky130_fd_sc_hd__nand2_1)
                  0.09    0.15    2.49 ^ _235_/Y (sky130_fd_sc_hd__nand2_1)
     1    0.00                           _166_ (net)
                  0.09    0.00    2.49 ^ _236_/A2 (sky130_fd_sc_hd__a21o_1)
                  0.05    0.20    2.69 ^ _236_/X (sky130_fd_sc_hd__a21o_1)
     1    0.00                           _167_ (net)
                  0.05    0.00    2.69 ^ _246_/A (sky130_fd_sc_hd__and4_1)
                  0.22    0.43    3.12 ^ _246_/X (sky130_fd_sc_hd__and4_1)
     1    0.01                           _001_ (net)
                  0.22    0.00    3.12 ^ _255_/A (sky130_fd_sc_hd__nand2_4)
                  0.24    0.26    3.38 v _255_/Y (sky130_fd_sc_hd__nand2_4)
     2    0.05                           net25 (net)
                  0.24    0.01    3.39 v output25/A (sky130_fd_sc_hd__buf_2)
                  0.16    0.40    3.79 v output25/X (sky130_fd_sc_hd__buf_2)
     1    0.03                           Result[3] (net)
                  0.16    0.00    3.79 v Result[3] (out)
                                  3.79   data arrival time

                  0.00    0.00    0.00   clock clk (rise edge)
                          0.00    0.00   clock network delay (ideal)
                          0.25    0.25   clock uncertainty
                          0.00    0.25   clock reconvergence pessimism
                         -2.00   -1.75   output external delay
                                 -1.75   data required time
-----------------------------------------------------------------------------
                                 -1.75   data required time
                                 -3.79   data arrival time
-----------------------------------------------------------------------------
                                  5.54   slack (MET)


Startpoint: Sel[2] (input port clocked by clk)
Endpoint: Result[2] (output port clocked by clk)
Path Group: clk
Path Type: min
Corner: Slowest

Fanout     Cap    Slew   Delay    Time   Description
-----------------------------------------------------------------------------
                  0.00    0.00    0.00   clock clk (rise edge)
                          0.00    0.00   clock network delay (ideal)
                          2.00    2.00 ^ input external delay
                  0.03    0.02    2.02 ^ Sel[2] (in)
     1    0.00                           Sel[2] (net)
                  0.03    0.00    2.02 ^ input19/A (sky130_fd_sc_hd__clkbuf_4)
                  0.26    0.35    2.37 ^ input19/X (sky130_fd_sc_hd__clkbuf_4)
     7    0.05                           net19 (net)
                  0.27    0.01    2.38 ^ _186_/A (sky130_fd_sc_hd__nor2_1)
                  0.09    0.16    2.54 v _186_/Y (sky130_fd_sc_hd__nor2_1)
     2    0.00                           _119_ (net)
                  0.09    0.00    2.54 v _187_/B (sky130_fd_sc_hd__nand2_1)
                  0.22    0.21    2.75 ^ _187_/Y (sky130_fd_sc_hd__nand2_1)
     3    0.01                           _120_ (net)
                  0.22    0.00    2.75 ^ _213_/B (sky130_fd_sc_hd__nor2_2)
                  0.13    0.19    2.94 v _213_/Y (sky130_fd_sc_hd__nor2_2)
     5    0.03                           _145_ (net)
                  0.13    0.00    2.95 v _215_/A (sky130_fd_sc_hd__nand2_1)
                  0.18    0.19    3.14 ^ _215_/Y (sky130_fd_sc_hd__nand2_1)
     1    0.01                           _147_ (net)
                  0.18    0.00    3.14 ^ _233_/A2 (sky130_fd_sc_hd__o21ai_4)
                  0.24    0.25    3.40 v _233_/Y (sky130_fd_sc_hd__o21ai_4)
     2    0.05                           net24 (net)
                  0.24    0.01    3.41 v output24/A (sky130_fd_sc_hd__clkbuf_4)
                  0.14    0.38    3.79 v output24/X (sky130_fd_sc_hd__clkbuf_4)
     1    0.03                           Result[2] (net)
                  0.14    0.00    3.79 v Result[2] (out)
                                  3.79   data arrival time

                  0.00    0.00    0.00   clock clk (rise edge)
                          0.00    0.00   clock network delay (ideal)
                          0.25    0.25   clock uncertainty
                          0.00    0.25   clock reconvergence pessimism
                         -2.00   -1.75   output external delay
                                 -1.75   data required time
-----------------------------------------------------------------------------
                                 -1.75   data required time
                                 -3.79   data arrival time
-----------------------------------------------------------------------------
                                  5.54   slack (MET)


Startpoint: A[6] (input port clocked by clk)
Endpoint: Result[7] (output port clocked by clk)
Path Group: clk
Path Type: min
Corner: Slowest

Fanout     Cap    Slew   Delay    Time   Description
-----------------------------------------------------------------------------
                  0.00    0.00    0.00   clock clk (rise edge)
                          0.00    0.00   clock network delay (ideal)
                          2.00    2.00 v input external delay
                  0.02    0.01    2.01 v A[6] (in)
     1    0.00                           A[6] (net)
                  0.02    0.00    2.01 v input7/A (sky130_fd_sc_hd__buf_4)
                  0.16    0.30    2.31 v input7/X (sky130_fd_sc_hd__buf_4)
     8    0.06                           net7 (net)
                  0.16    0.01    2.33 v _301_/A (sky130_fd_sc_hd__nand2_2)
                  0.15    0.19    2.52 ^ _301_/Y (sky130_fd_sc_hd__nand2_2)
     4    0.02                           _053_ (net)
                  0.15    0.00    2.52 ^ _324_/B1 (sky130_fd_sc_hd__o21ai_2)
                  0.14    0.19    2.70 v _324_/Y (sky130_fd_sc_hd__o21ai_2)
     2    0.01                           _075_ (net)
                  0.14    0.00    2.70 v _325_/B (sky130_fd_sc_hd__xnor2_2)
                  0.11    0.29    2.99 ^ _325_/Y (sky130_fd_sc_hd__xnor2_2)
     1    0.01                           _076_ (net)
                  0.11    0.00    2.99 ^ _343_/A2 (sky130_fd_sc_hd__o211ai_4)
                  0.39    0.36    3.36 v _343_/Y (sky130_fd_sc_hd__o211ai_4)
     2    0.06                           net29 (net)
                  0.39    0.01    3.37 v output29/A (sky130_fd_sc_hd__clkbuf_4)
                  0.14    0.45    3.81 v output29/X (sky130_fd_sc_hd__clkbuf_4)
     1    0.03                           Result[7] (net)
                  0.14    0.00    3.81 v Result[7] (out)
                                  3.81   data arrival time

                  0.00    0.00    0.00   clock clk (rise edge)
                          0.00    0.00   clock network delay (ideal)
                          0.25    0.25   clock uncertainty
                          0.00    0.25   clock reconvergence pessimism
                         -2.00   -1.75   output external delay
                                 -1.75   data required time
-----------------------------------------------------------------------------
                                 -1.75   data required time
                                 -3.81   data arrival time
-----------------------------------------------------------------------------
                                  5.56   slack (MET)


Startpoint: A[6] (input port clocked by clk)
Endpoint: Result[6] (output port clocked by clk)
Path Group: clk
Path Type: min
Corner: Slowest

Fanout     Cap    Slew   Delay    Time   Description
-----------------------------------------------------------------------------
                  0.00    0.00    0.00   clock clk (rise edge)
                          0.00    0.00   clock network delay (ideal)
                          2.00    2.00 v input external delay
                  0.02    0.01    2.01 v A[6] (in)
     1    0.00                           A[6] (net)
                  0.02    0.00    2.01 v input7/A (sky130_fd_sc_hd__buf_4)
                  0.16    0.30    2.31 v input7/X (sky130_fd_sc_hd__buf_4)
     8    0.06                           net7 (net)
                  0.16    0.01    2.33 v _317_/A (sky130_fd_sc_hd__nand2_1)
                  0.08    0.12    2.45 ^ _317_/Y (sky130_fd_sc_hd__nand2_1)
     1    0.00                           _069_ (net)
                  0.08    0.00    2.45 ^ _318_/A2 (sky130_fd_sc_hd__a21o_1)
                  0.09    0.23    2.68 ^ _318_/X (sky130_fd_sc_hd__a21o_1)
     1    0.01                           _070_ (net)
                  0.09    0.00    2.68 ^ _319_/C1 (sky130_fd_sc_hd__o211ai_1)
                  0.21    0.24    2.92 v _319_/Y (sky130_fd_sc_hd__o211ai_1)
     1    0.01                           _071_ (net)
                  0.21    0.00    2.92 v _320_/B1 (sky130_fd_sc_hd__a31o_4)
                  0.22    0.55    3.47 v _320_/X (sky130_fd_sc_hd__a31o_4)
     2    0.08                           net28 (net)
                  0.22    0.02    3.49 v output28/A (sky130_fd_sc_hd__buf_2)
                  0.17    0.39    3.88 v output28/X (sky130_fd_sc_hd__buf_2)
     1    0.03                           Result[6] (net)
                  0.17    0.00    3.89 v Result[6] (out)
                                  3.89   data arrival time

                  0.00    0.00    0.00   clock clk (rise edge)
                          0.00    0.00   clock network delay (ideal)
                          0.25    0.25   clock uncertainty
                          0.00    0.25   clock reconvergence pessimism
                         -2.00   -1.75   output external delay
                                 -1.75   data required time
-----------------------------------------------------------------------------
                                 -1.75   data required time
                                 -3.89   data arrival time
-----------------------------------------------------------------------------
                                  5.64   slack (MET)



======================= Typical Corner ===================================

Startpoint: Sel[2] (input port clocked by clk)
Endpoint: Result[1] (output port clocked by clk)
Path Group: clk
Path Type: min
Corner: Typical

Fanout     Cap    Slew   Delay    Time   Description
-----------------------------------------------------------------------------
                  0.00    0.00    0.00   clock clk (rise edge)
                          0.00    0.00   clock network delay (ideal)
                          2.00    2.00 ^ input external delay
                  0.02    0.01    2.01 ^ Sel[2] (in)
     1    0.00                           Sel[2] (net)
                  0.02    0.00    2.01 ^ input19/A (sky130_fd_sc_hd__clkbuf_4)
                  0.17    0.20    2.21 ^ input19/X (sky130_fd_sc_hd__clkbuf_4)
     7    0.05                           net19 (net)
                  0.17    0.01    2.22 ^ _182_/A (sky130_fd_sc_hd__nor4_1)
                  0.05    0.09    2.31 v _182_/Y (sky130_fd_sc_hd__nor4_1)
     2    0.01                           _115_ (net)
                  0.05    0.00    2.31 v max_cap1/A (sky130_fd_sc_hd__clkbuf_1)
                  0.04    0.10    2.41 v max_cap1/X (sky130_fd_sc_hd__clkbuf_1)
     1    0.01                           net33 (net)
                  0.04    0.00    2.41 v _206_/A2 (sky130_fd_sc_hd__a31o_4)
                  0.10    0.28    2.69 v _206_/X (sky130_fd_sc_hd__a31o_4)
     2    0.06                           net23 (net)
                  0.10    0.01    2.70 v output23/A (sky130_fd_sc_hd__clkbuf_4)
                  0.08    0.20    2.90 v output23/X (sky130_fd_sc_hd__clkbuf_4)
     1    0.03                           Result[1] (net)
                  0.08    0.00    2.90 v Result[1] (out)
                                  2.90   data arrival time

                  0.00    0.00    0.00   clock clk (rise edge)
                          0.00    0.00   clock network delay (ideal)
                          0.25    0.25   clock uncertainty
                          0.00    0.25   clock reconvergence pessimism
                         -2.00   -1.75   output external delay
                                 -1.75   data required time
-----------------------------------------------------------------------------
                                 -1.75   data required time
                                 -2.90   data arrival time
-----------------------------------------------------------------------------
                                  4.65   slack (MET)


Startpoint: A[0] (input port clocked by clk)
Endpoint: Result[0] (output port clocked by clk)
Path Group: clk
Path Type: min
Corner: Typical

Fanout     Cap    Slew   Delay    Time   Description
-----------------------------------------------------------------------------
                  0.00    0.00    0.00   clock clk (rise edge)
                          0.00    0.00   clock network delay (ideal)
                          2.00    2.00 ^ input external delay
                  0.02    0.01    2.01 ^ A[0] (in)
     1    0.00                           A[0] (net)
                  0.02    0.00    2.01 ^ input1/A (sky130_fd_sc_hd__buf_4)
                  0.21    0.20    2.21 ^ input1/X (sky130_fd_sc_hd__buf_4)
     9    0.08                           net1 (net)
                  0.22    0.02    2.23 ^ _350_/B (sky130_fd_sc_hd__or2_1)
                  0.11    0.18    2.41 ^ _350_/X (sky130_fd_sc_hd__or2_1)
     3    0.01                           _099_ (net)
                  0.11    0.00    2.41 ^ _354_/A2 (sky130_fd_sc_hd__a211o_2)
                  0.20    0.25    2.66 ^ _354_/X (sky130_fd_sc_hd__a211o_2)
     2    0.04                           net22 (net)
                  0.20    0.01    2.67 ^ output22/A (sky130_fd_sc_hd__clkbuf_4)
                  0.11    0.23    2.90 ^ output22/X (sky130_fd_sc_hd__clkbuf_4)
     1    0.03                           Result[0] (net)
                  0.11    0.00    2.90 ^ Result[0] (out)
                                  2.90   data arrival time

                  0.00    0.00    0.00   clock clk (rise edge)
                          0.00    0.00   clock network delay (ideal)
                          0.25    0.25   clock uncertainty
                          0.00    0.25   clock reconvergence pessimism
                         -2.00   -1.75   output external delay
                                 -1.75   data required time
-----------------------------------------------------------------------------
                                 -1.75   data required time
                                 -2.90   data arrival time
-----------------------------------------------------------------------------
                                  4.65   slack (MET)


Startpoint: B[0] (input port clocked by clk)
Endpoint: Zero (output port clocked by clk)
Path Group: clk
Path Type: min
Corner: Typical

Fanout     Cap    Slew   Delay    Time   Description
-----------------------------------------------------------------------------
                  0.00    0.00    0.00   clock clk (rise edge)
                          0.00    0.00   clock network delay (ideal)
                          2.00    2.00 v input external delay
                  0.01    0.00    2.00 v B[0] (in)
     1    0.00                           B[0] (net)
                  0.01    0.00    2.00 v input9/A (sky130_fd_sc_hd__buf_2)
                  0.12    0.18    2.18 v input9/X (sky130_fd_sc_hd__buf_2)
     3    0.05                           net9 (net)
                  0.13    0.01    2.19 v _178_/A (sky130_fd_sc_hd__nand2_2)
                  0.13    0.15    2.34 ^ _178_/Y (sky130_fd_sc_hd__nand2_2)
     6    0.02                           _111_ (net)
                  0.13    0.00    2.34 ^ _358_/A1 (sky130_fd_sc_hd__a211o_1)
                  0.07    0.16    2.50 ^ _358_/X (sky130_fd_sc_hd__a211o_1)
     1    0.01                           _106_ (net)
                  0.07    0.00    2.50 ^ _360_/B (sky130_fd_sc_hd__or4bb_2)
                  0.07    0.14    2.65 ^ _360_/X (sky130_fd_sc_hd__or4bb_2)
     1    0.01                           _108_ (net)
                  0.07    0.00    2.65 ^ _361_/B1 (sky130_fd_sc_hd__o31ai_4)
                  0.09    0.12    2.76 v _361_/Y (sky130_fd_sc_hd__o31ai_4)
     1    0.04                           net30 (net)
                  0.09    0.01    2.77 v output30/A (sky130_fd_sc_hd__buf_6)
                  0.04    0.15    2.92 v output30/X (sky130_fd_sc_hd__buf_6)
     1    0.03                           Zero (net)
                  0.04    0.00    2.92 v Zero (out)
                                  2.92   data arrival time

                  0.00    0.00    0.00   clock clk (rise edge)
                          0.00    0.00   clock network delay (ideal)
                          0.25    0.25   clock uncertainty
                          0.00    0.25   clock reconvergence pessimism
                         -2.00   -1.75   output external delay
                                 -1.75   data required time
-----------------------------------------------------------------------------
                                 -1.75   data required time
                                 -2.92   data arrival time
-----------------------------------------------------------------------------
                                  4.67   slack (MET)


Startpoint: A[3] (input port clocked by clk)
Endpoint: Result[3] (output port clocked by clk)
Path Group: clk
Path Type: min
Corner: Typical

Fanout     Cap    Slew   Delay    Time   Description
-----------------------------------------------------------------------------
                  0.00    0.00    0.00   clock clk (rise edge)
                          0.00    0.00   clock network delay (ideal)
                          2.00    2.00 v input external delay
                  0.01    0.01    2.01 v A[3] (in)
     1    0.00                           A[3] (net)
                  0.01    0.00    2.01 v input4/A (sky130_fd_sc_hd__clkbuf_8)
                  0.10    0.16    2.17 v input4/X (sky130_fd_sc_hd__clkbuf_8)
    10    0.09                           net4 (net)
                  0.12    0.03    2.20 v _235_/A (sky130_fd_sc_hd__nand2_1)
                  0.05    0.09    2.28 ^ _235_/Y (sky130_fd_sc_hd__nand2_1)
     1    0.00                           _166_ (net)
                  0.05    0.00    2.28 ^ _236_/A2 (sky130_fd_sc_hd__a21o_1)
                  0.03    0.10    2.38 ^ _236_/X (sky130_fd_sc_hd__a21o_1)
     1    0.00                           _167_ (net)
                  0.03    0.00    2.38 ^ _246_/A (sky130_fd_sc_hd__and4_1)
                  0.13    0.21    2.59 ^ _246_/X (sky130_fd_sc_hd__and4_1)
     1    0.01                           _001_ (net)
                  0.13    0.00    2.59 ^ _255_/A (sky130_fd_sc_hd__nand2_4)
                  0.12    0.12    2.72 v _255_/Y (sky130_fd_sc_hd__nand2_4)
     2    0.05                           net25 (net)
                  0.12    0.01    2.73 v output25/A (sky130_fd_sc_hd__buf_2)
                  0.09    0.20    2.93 v output25/X (sky130_fd_sc_hd__buf_2)
     1    0.03                           Result[3] (net)
                  0.09    0.00    2.93 v Result[3] (out)
                                  2.93   data arrival time

                  0.00    0.00    0.00   clock clk (rise edge)
                          0.00    0.00   clock network delay (ideal)
                          0.25    0.25   clock uncertainty
                          0.00    0.25   clock reconvergence pessimism
                         -2.00   -1.75   output external delay
                                 -1.75   data required time
-----------------------------------------------------------------------------
                                 -1.75   data required time
                                 -2.93   data arrival time
-----------------------------------------------------------------------------
                                  4.68   slack (MET)


Startpoint: A[2] (input port clocked by clk)
Endpoint: Result[2] (output port clocked by clk)
Path Group: clk
Path Type: min
Corner: Typical

Fanout     Cap    Slew   Delay    Time   Description
-----------------------------------------------------------------------------
                  0.00    0.00    0.00   clock clk (rise edge)
                          0.00    0.00   clock network delay (ideal)
                          2.00    2.00 ^ input external delay
                  0.02    0.01    2.01 ^ A[2] (in)
     1    0.00                           A[2] (net)
                  0.02    0.00    2.01 ^ input3/A (sky130_fd_sc_hd__buf_4)
                  0.22    0.20    2.21 ^ input3/X (sky130_fd_sc_hd__buf_4)
     9    0.08                           net3 (net)
                  0.22    0.02    2.24 ^ _220_/A1 (sky130_fd_sc_hd__o221a_1)
                  0.04    0.20    2.43 ^ _220_/X (sky130_fd_sc_hd__o221a_1)
     1    0.00                           _152_ (net)
                  0.04    0.00    2.43 ^ _232_/A (sky130_fd_sc_hd__and3_1)
                  0.11    0.17    2.61 ^ _232_/X (sky130_fd_sc_hd__and3_1)
     1    0.01                           _164_ (net)
                  0.11    0.00    2.61 ^ _233_/B1 (sky130_fd_sc_hd__o21ai_4)
                  0.12    0.13    2.74 v _233_/Y (sky130_fd_sc_hd__o21ai_4)
     2    0.05                           net24 (net)
                  0.13    0.01    2.75 v output24/A (sky130_fd_sc_hd__clkbuf_4)
                  0.08    0.21    2.95 v output24/X (sky130_fd_sc_hd__clkbuf_4)
     1    0.03                           Result[2] (net)
                  0.08    0.00    2.96 v Result[2] (out)
                                  2.96   data arrival time

                  0.00    0.00    0.00   clock clk (rise edge)
                          0.00    0.00   clock network delay (ideal)
                          0.25    0.25   clock uncertainty
                          0.00    0.25   clock reconvergence pessimism
                         -2.00   -1.75   output external delay
                                 -1.75   data required time
-----------------------------------------------------------------------------
                                 -1.75   data required time
                                 -2.96   data arrival time
-----------------------------------------------------------------------------
                                  4.71   slack (MET)


Startpoint: B[7] (input port clocked by clk)
Endpoint: CarryOut (output port clocked by clk)
Path Group: clk
Path Type: min
Corner: Typical

Fanout     Cap    Slew   Delay    Time   Description
-----------------------------------------------------------------------------
                  0.00    0.00    0.00   clock clk (rise edge)
                          0.00    0.00   clock network delay (ideal)
                          2.00    2.00 ^ input external delay
                  0.02    0.01    2.01 ^ B[7] (in)
     1    0.00                           B[7] (net)
                  0.02    0.00    2.01 ^ input16/A (sky130_fd_sc_hd__buf_4)
                  0.17    0.18    2.19 ^ input16/X (sky130_fd_sc_hd__buf_4)
     4    0.06                           net16 (net)
                  0.17    0.02    2.21 ^ _345_/A2 (sky130_fd_sc_hd__o211a_1)
                  0.07    0.17    2.38 ^ _345_/X (sky130_fd_sc_hd__o211a_1)
     1    0.01                           _095_ (net)
                  0.07    0.00    2.38 ^ _348_/A (sky130_fd_sc_hd__or3b_4)
                  0.12    0.18    2.56 ^ _348_/X (sky130_fd_sc_hd__or3b_4)
     1    0.03                           _098_ (net)
                  0.12    0.01    2.56 ^ _349_/A (sky130_fd_sc_hd__clkbuf_2)
                  0.13    0.19    2.75 ^ _349_/X (sky130_fd_sc_hd__clkbuf_2)
     1    0.02                           net21 (net)
                  0.13    0.00    2.75 ^ output21/A (sky130_fd_sc_hd__clkbuf_4)
                  0.11    0.21    2.96 ^ output21/X (sky130_fd_sc_hd__clkbuf_4)
     1    0.03                           CarryOut (net)
                  0.11    0.00    2.96 ^ CarryOut (out)
                                  2.96   data arrival time

                  0.00    0.00    0.00   clock clk (rise edge)
                          0.00    0.00   clock network delay (ideal)
                          0.25    0.25   clock uncertainty
                          0.00    0.25   clock reconvergence pessimism
                         -2.00   -1.75   output external delay
                                 -1.75   data required time
-----------------------------------------------------------------------------
                                 -1.75   data required time
                                 -2.96   data arrival time
-----------------------------------------------------------------------------
                                  4.71   slack (MET)


Startpoint: A[6] (input port clocked by clk)
Endpoint: Result[7] (output port clocked by clk)
Path Group: clk
Path Type: min
Corner: Typical

Fanout     Cap    Slew   Delay    Time   Description
-----------------------------------------------------------------------------
                  0.00    0.00    0.00   clock clk (rise edge)
                          0.00    0.00   clock network delay (ideal)
                          2.00    2.00 ^ input external delay
                  0.02    0.01    2.01 ^ A[6] (in)
     1    0.00                           A[6] (net)
                  0.02    0.00    2.01 ^ input7/A (sky130_fd_sc_hd__buf_4)
                  0.17    0.18    2.19 ^ input7/X (sky130_fd_sc_hd__buf_4)
     8    0.06                           net7 (net)
                  0.18    0.01    2.21 ^ _301_/A (sky130_fd_sc_hd__nand2_2)
                  0.08    0.11    2.31 v _301_/Y (sky130_fd_sc_hd__nand2_2)
     4    0.02                           _053_ (net)
                  0.08    0.00    2.31 v _324_/B1 (sky130_fd_sc_hd__o21ai_2)
                  0.10    0.10    2.42 ^ _324_/Y (sky130_fd_sc_hd__o21ai_2)
     2    0.01                           _075_ (net)
                  0.10    0.00    2.42 ^ _325_/B (sky130_fd_sc_hd__xnor2_2)
                  0.07    0.13    2.55 ^ _325_/Y (sky130_fd_sc_hd__xnor2_2)
     1    0.01                           _076_ (net)
                  0.07    0.00    2.55 ^ _343_/A2 (sky130_fd_sc_hd__o211ai_4)
                  0.19    0.17    2.72 v _343_/Y (sky130_fd_sc_hd__o211ai_4)
     2    0.06                           net29 (net)
                  0.19    0.01    2.73 v output29/A (sky130_fd_sc_hd__clkbuf_4)
                  0.08    0.23    2.96 v output29/X (sky130_fd_sc_hd__clkbuf_4)
     1    0.03                           Result[7] (net)
                  0.08    0.00    2.96 v Result[7] (out)
                                  2.96   data arrival time

                  0.00    0.00    0.00   clock clk (rise edge)
                          0.00    0.00   clock network delay (ideal)
                          0.25    0.25   clock uncertainty
                          0.00    0.25   clock reconvergence pessimism
                         -2.00   -1.75   output external delay
                                 -1.75   data required time
-----------------------------------------------------------------------------
                                 -1.75   data required time
                                 -2.96   data arrival time
-----------------------------------------------------------------------------
                                  4.71   slack (MET)


Startpoint: B[4] (input port clocked by clk)
Endpoint: Result[4] (output port clocked by clk)
Path Group: clk
Path Type: min
Corner: Typical

Fanout     Cap    Slew   Delay    Time   Description
-----------------------------------------------------------------------------
                  0.00    0.00    0.00   clock clk (rise edge)
                          0.00    0.00   clock network delay (ideal)
                          2.00    2.00 ^ input external delay
                  0.02    0.01    2.01 ^ B[4] (in)
     1    0.00                           B[4] (net)
                  0.02    0.00    2.01 ^ input13/A (sky130_fd_sc_hd__clkbuf_4)
                  0.16    0.19    2.20 ^ input13/X (sky130_fd_sc_hd__clkbuf_4)
     4    0.05                           net13 (net)
                  0.16    0.01    2.22 ^ _256_/B (sky130_fd_sc_hd__nor2_1)
                  0.07    0.09    2.31 v _256_/Y (sky130_fd_sc_hd__nor2_1)
     2    0.01                           _010_ (net)
                  0.07    0.00    2.31 v _262_/A1 (sky130_fd_sc_hd__o221ai_1)
                  0.09    0.20    2.51 ^ _262_/Y (sky130_fd_sc_hd__o221ai_1)
     1    0.00                           _016_ (net)
                  0.09    0.00    2.51 ^ _278_/A (sky130_fd_sc_hd__or3b_4)
                  0.04    0.12    2.63 ^ _278_/X (sky130_fd_sc_hd__or3b_4)
     1    0.01                           _032_ (net)
                  0.04    0.00    2.63 ^ _279_/A (sky130_fd_sc_hd__buf_6)
                  0.11    0.13    2.76 ^ _279_/X (sky130_fd_sc_hd__buf_6)
     2    0.05                           net26 (net)
                  0.11    0.01    2.77 ^ output26/A (sky130_fd_sc_hd__clkbuf_4)
                  0.11    0.20    2.97 ^ output26/X (sky130_fd_sc_hd__clkbuf_4)
     1    0.03                           Result[4] (net)
                  0.11    0.00    2.97 ^ Result[4] (out)
                                  2.97   data arrival time

                  0.00    0.00    0.00   clock clk (rise edge)
                          0.00    0.00   clock network delay (ideal)
                          0.25    0.25   clock uncertainty
                          0.00    0.25   clock reconvergence pessimism
                         -2.00   -1.75   output external delay
                                 -1.75   data required time
-----------------------------------------------------------------------------
                                 -1.75   data required time
                                 -2.97   data arrival time
-----------------------------------------------------------------------------
                                  4.72   slack (MET)


Startpoint: A[6] (input port clocked by clk)
Endpoint: Result[6] (output port clocked by clk)
Path Group: clk
Path Type: min
Corner: Typical

Fanout     Cap    Slew   Delay    Time   Description
-----------------------------------------------------------------------------
                  0.00    0.00    0.00   clock clk (rise edge)
                          0.00    0.00   clock network delay (ideal)
                          2.00    2.00 v input external delay
                  0.01    0.00    2.00 v A[6] (in)
     1    0.00                           A[6] (net)
                  0.01    0.00    2.00 v input7/A (sky130_fd_sc_hd__buf_4)
                  0.09    0.16    2.17 v input7/X (sky130_fd_sc_hd__buf_4)
     8    0.06                           net7 (net)
                  0.09    0.01    2.18 v _317_/A (sky130_fd_sc_hd__nand2_1)
                  0.05    0.07    2.25 ^ _317_/Y (sky130_fd_sc_hd__nand2_1)
     1    0.00                           _069_ (net)
                  0.05    0.00    2.25 ^ _318_/A2 (sky130_fd_sc_hd__a21o_1)
                  0.05    0.11    2.37 ^ _318_/X (sky130_fd_sc_hd__a21o_1)
     1    0.01                           _070_ (net)
                  0.05    0.00    2.37 ^ _319_/C1 (sky130_fd_sc_hd__o211ai_1)
                  0.09    0.10    2.47 v _319_/Y (sky130_fd_sc_hd__o211ai_1)
     1    0.01                           _071_ (net)
                  0.09    0.00    2.47 v _320_/B1 (sky130_fd_sc_hd__a31o_4)
                  0.12    0.29    2.76 v _320_/X (sky130_fd_sc_hd__a31o_4)
     2    0.08                           net28 (net)
                  0.12    0.02    2.77 v output28/A (sky130_fd_sc_hd__buf_2)
                  0.09    0.20    2.98 v output28/X (sky130_fd_sc_hd__buf_2)
     1    0.03                           Result[6] (net)
                  0.09    0.00    2.98 v Result[6] (out)
                                  2.98   data arrival time

                  0.00    0.00    0.00   clock clk (rise edge)
                          0.00    0.00   clock network delay (ideal)
                          0.25    0.25   clock uncertainty
                          0.00    0.25   clock reconvergence pessimism
                         -2.00   -1.75   output external delay
                                 -1.75   data required time
-----------------------------------------------------------------------------
                                 -1.75   data required time
                                 -2.98   data arrival time
-----------------------------------------------------------------------------
                                  4.73   slack (MET)


Startpoint: A[5] (input port clocked by clk)
Endpoint: Result[5] (output port clocked by clk)
Path Group: clk
Path Type: min
Corner: Typical

Fanout     Cap    Slew   Delay    Time   Description
-----------------------------------------------------------------------------
                  0.00    0.00    0.00   clock clk (rise edge)
                          0.00    0.00   clock network delay (ideal)
                          2.00    2.00 v input external delay
                  0.01    0.00    2.00 v A[5] (in)
     1    0.00                           A[5] (net)
                  0.01    0.00    2.00 v input6/A (sky130_fd_sc_hd__clkbuf_4)
                  0.11    0.18    2.18 v input6/X (sky130_fd_sc_hd__clkbuf_4)
     8    0.05                           net6 (net)
                  0.11    0.01    2.19 v _296_/B1 (sky130_fd_sc_hd__o21ai_1)
                  0.09    0.10    2.29 ^ _296_/Y (sky130_fd_sc_hd__o21ai_1)
     1    0.00                           _049_ (net)
                  0.09    0.00    2.29 ^ _297_/A2 (sky130_fd_sc_hd__a21o_1)
                  0.07    0.14    2.43 ^ _297_/X (sky130_fd_sc_hd__a21o_1)
     1    0.01                           _050_ (net)
                  0.07    0.00    2.43 ^ _298_/C1 (sky130_fd_sc_hd__o211ai_2)
                  0.06    0.08    2.51 v _298_/Y (sky130_fd_sc_hd__o211ai_2)
     1    0.01                           _051_ (net)
                  0.06    0.00    2.51 v _299_/B1 (sky130_fd_sc_hd__a31o_4)
                  0.10    0.26    2.77 v _299_/X (sky130_fd_sc_hd__a31o_4)
     2    0.06                           net27 (net)
                  0.10    0.02    2.79 v output27/A (sky130_fd_sc_hd__buf_2)
                  0.09    0.20    2.98 v output27/X (sky130_fd_sc_hd__buf_2)
     1    0.03                           Result[5] (net)
                  0.09    0.00    2.99 v Result[5] (out)
                                  2.99   data arrival time

                  0.00    0.00    0.00   clock clk (rise edge)
                          0.00    0.00   clock network delay (ideal)
                          0.25    0.25   clock uncertainty
                          0.00    0.25   clock reconvergence pessimism
                         -2.00   -1.75   output external delay
                                 -1.75   data required time
-----------------------------------------------------------------------------
                                 -1.75   data required time
                                 -2.99   data arrival time
-----------------------------------------------------------------------------
                                  4.74   slack (MET)



