
===========================================================================
report_checks -path_delay max (Setup)
============================================================================
======================= Typical Corner ===================================

Startpoint: A[1] (input port clocked by clk)
Endpoint: Zero (output port clocked by clk)
Path Group: clk
Path Type: max

Fanout     Cap    Slew   Delay    Time   Description
-----------------------------------------------------------------------------
                  0.00    0.00    0.00   clock clk (rise edge)
                          0.00    0.00   clock network delay (ideal)
                          2.00    2.00 v input external delay
                  0.01    0.00    2.00 v A[1] (in)
     1    0.00                           A[1] (net)
                  0.01    0.00    2.00 v input2/A (sky130_fd_sc_hd__buf_1)
                  0.09    0.13    2.13 v input2/X (sky130_fd_sc_hd__buf_1)
     1    0.01                           net2 (net)
                  0.09    0.00    2.14 v _176_/A (sky130_fd_sc_hd__buf_6)
                  0.05    0.17    2.31 v _176_/X (sky130_fd_sc_hd__buf_6)
    10    0.04                           _109_ (net)
                  0.05    0.00    2.31 v _177_/A (sky130_fd_sc_hd__xnor2_4)
                  0.22    0.25    2.56 ^ _177_/Y (sky130_fd_sc_hd__xnor2_4)
     8    0.02                           _110_ (net)
                  0.22    0.00    2.56 ^ _228_/A1 (sky130_fd_sc_hd__o21ai_1)
                  0.10    0.15    2.71 v _228_/Y (sky130_fd_sc_hd__o21ai_1)
     3    0.01                           _160_ (net)
                  0.10    0.00    2.71 v _266_/B2 (sky130_fd_sc_hd__a221o_1)
                  0.07    0.38    3.09 v _266_/X (sky130_fd_sc_hd__a221o_1)
     2    0.01                           _020_ (net)
                  0.07    0.00    3.09 v _267_/B (sky130_fd_sc_hd__nand2_1)
                  0.07    0.09    3.19 ^ _267_/Y (sky130_fd_sc_hd__nand2_1)
     1    0.01                           _021_ (net)
                  0.07    0.00    3.19 ^ _268_/B (sky130_fd_sc_hd__xnor2_1)
                  0.15    0.13    3.32 ^ _268_/Y (sky130_fd_sc_hd__xnor2_1)
     1    0.00                           _022_ (net)
                  0.15    0.00    3.32 ^ _271_/A2 (sky130_fd_sc_hd__o21ai_1)
                  0.05    0.08    3.40 v _271_/Y (sky130_fd_sc_hd__o21ai_1)
     1    0.00                           _025_ (net)
                  0.05    0.00    3.40 v _278_/B (sky130_fd_sc_hd__or3b_1)
                  0.07    0.37    3.77 v _278_/X (sky130_fd_sc_hd__or3b_1)
     1    0.00                           _032_ (net)
                  0.07    0.00    3.77 v _279_/A (sky130_fd_sc_hd__clkbuf_2)
                  0.07    0.16    3.93 v _279_/X (sky130_fd_sc_hd__clkbuf_2)
     2    0.02                           net26 (net)
                  0.07    0.00    3.93 v _357_/B (sky130_fd_sc_hd__or4_1)
                  0.08    0.52    4.45 v _357_/X (sky130_fd_sc_hd__or4_1)
     1    0.00                           _105_ (net)
                  0.08    0.00    4.45 v _361_/A3 (sky130_fd_sc_hd__o31ai_1)
                  0.30    0.30    4.76 ^ _361_/Y (sky130_fd_sc_hd__o31ai_1)
     1    0.01                           net30 (net)
                  0.30    0.00    4.76 ^ output30/A (sky130_fd_sc_hd__buf_4)
                  0.12    0.25    5.01 ^ output30/X (sky130_fd_sc_hd__buf_4)
     1    0.04                           Zero (net)
                  0.12    0.00    5.01 ^ Zero (out)
                                  5.01   data arrival time

                  0.00   10.00   10.00   clock clk (rise edge)
                          0.00   10.00   clock network delay (ideal)
                         -0.25    9.75   clock uncertainty
                          0.00    9.75   clock reconvergence pessimism
                         -2.00    7.75   output external delay
                                  7.75   data required time
-----------------------------------------------------------------------------
                                  7.75   data required time
                                 -5.01   data arrival time
-----------------------------------------------------------------------------
                                  2.74   slack (MET)


Startpoint: A[1] (input port clocked by clk)
Endpoint: CarryOut (output port clocked by clk)
Path Group: clk
Path Type: max

Fanout     Cap    Slew   Delay    Time   Description
-----------------------------------------------------------------------------
                  0.00    0.00    0.00   clock clk (rise edge)
                          0.00    0.00   clock network delay (ideal)
                          2.00    2.00 v input external delay
                  0.01    0.00    2.00 v A[1] (in)
     1    0.00                           A[1] (net)
                  0.01    0.00    2.00 v input2/A (sky130_fd_sc_hd__buf_1)
                  0.09    0.13    2.13 v input2/X (sky130_fd_sc_hd__buf_1)
     1    0.01                           net2 (net)
                  0.09    0.00    2.14 v _176_/A (sky130_fd_sc_hd__buf_6)
                  0.05    0.17    2.31 v _176_/X (sky130_fd_sc_hd__buf_6)
    10    0.04                           _109_ (net)
                  0.05    0.00    2.31 v _177_/A (sky130_fd_sc_hd__xnor2_4)
                  0.22    0.25    2.56 ^ _177_/Y (sky130_fd_sc_hd__xnor2_4)
     8    0.02                           _110_ (net)
                  0.22    0.00    2.56 ^ _228_/A1 (sky130_fd_sc_hd__o21ai_1)
                  0.10    0.15    2.71 v _228_/Y (sky130_fd_sc_hd__o21ai_1)
     3    0.01                           _160_ (net)
                  0.10    0.00    2.71 v _266_/B2 (sky130_fd_sc_hd__a221o_1)
                  0.07    0.38    3.09 v _266_/X (sky130_fd_sc_hd__a221o_1)
     2    0.01                           _020_ (net)
                  0.07    0.00    3.09 v _287_/A3 (sky130_fd_sc_hd__a31o_1)
                  0.06    0.26    3.36 v _287_/X (sky130_fd_sc_hd__a31o_1)
     2    0.01                           _040_ (net)
                  0.06    0.00    3.36 v _307_/A2 (sky130_fd_sc_hd__a21boi_2)
                  0.15    0.19    3.55 ^ _307_/Y (sky130_fd_sc_hd__a21boi_2)
     2    0.01                           _059_ (net)
                  0.15    0.00    3.55 ^ _324_/A2 (sky130_fd_sc_hd__o21ai_2)
                  0.06    0.08    3.63 v _324_/Y (sky130_fd_sc_hd__o21ai_2)
     2    0.01                           _075_ (net)
                  0.06    0.00    3.63 v _346_/A2 (sky130_fd_sc_hd__o211a_1)
                  0.04    0.21    3.84 v _346_/X (sky130_fd_sc_hd__o211a_1)
     1    0.00                           _096_ (net)
                  0.04    0.00    3.84 v _348_/B (sky130_fd_sc_hd__or3b_1)
                  0.10    0.41    4.25 v _348_/X (sky130_fd_sc_hd__or3b_1)
     1    0.01                           _098_ (net)
                  0.10    0.00    4.25 v _349_/A (sky130_fd_sc_hd__buf_1)
                  0.02    0.11    4.36 v _349_/X (sky130_fd_sc_hd__buf_1)
     1    0.00                           net21 (net)
                  0.02    0.00    4.36 v output21/A (sky130_fd_sc_hd__clkbuf_4)
                  0.08    0.18    4.55 v output21/X (sky130_fd_sc_hd__clkbuf_4)
     1    0.03                           CarryOut (net)
                  0.08    0.00    4.55 v CarryOut (out)
                                  4.55   data arrival time

                  0.00   10.00   10.00   clock clk (rise edge)
                          0.00   10.00   clock network delay (ideal)
                         -0.25    9.75   clock uncertainty
                          0.00    9.75   clock reconvergence pessimism
                         -2.00    7.75   output external delay
                                  7.75   data required time
-----------------------------------------------------------------------------
                                  7.75   data required time
                                 -4.55   data arrival time
-----------------------------------------------------------------------------
                                  3.20   slack (MET)


Startpoint: A[1] (input port clocked by clk)
Endpoint: Result[7] (output port clocked by clk)
Path Group: clk
Path Type: max

Fanout     Cap    Slew   Delay    Time   Description
-----------------------------------------------------------------------------
                  0.00    0.00    0.00   clock clk (rise edge)
                          0.00    0.00   clock network delay (ideal)
                          2.00    2.00 v input external delay
                  0.01    0.00    2.00 v A[1] (in)
     1    0.00                           A[1] (net)
                  0.01    0.00    2.00 v input2/A (sky130_fd_sc_hd__buf_1)
                  0.09    0.13    2.13 v input2/X (sky130_fd_sc_hd__buf_1)
     1    0.01                           net2 (net)
                  0.09    0.00    2.14 v _176_/A (sky130_fd_sc_hd__buf_6)
                  0.05    0.17    2.31 v _176_/X (sky130_fd_sc_hd__buf_6)
    10    0.04                           _109_ (net)
                  0.05    0.00    2.31 v _217_/B (sky130_fd_sc_hd__or3_1)
                  0.08    0.38    2.69 v _217_/X (sky130_fd_sc_hd__or3_1)
     3    0.01                           _149_ (net)
                  0.08    0.00    2.69 v _234_/B (sky130_fd_sc_hd__or2_1)
                  0.09    0.28    2.97 v _234_/X (sky130_fd_sc_hd__or2_1)
     4    0.01                           _165_ (net)
                  0.09    0.00    2.98 v _295_/C (sky130_fd_sc_hd__or3_1)
                  0.10    0.38    3.36 v _295_/X (sky130_fd_sc_hd__or3_1)
     3    0.01                           _048_ (net)
                  0.10    0.00    3.36 v _315_/B (sky130_fd_sc_hd__nor2_1)
                  0.14    0.16    3.52 ^ _315_/Y (sky130_fd_sc_hd__nor2_1)
     2    0.01                           _067_ (net)
                  0.14    0.00    3.52 ^ _316_/A (sky130_fd_sc_hd__inv_2)
                  0.04    0.06    3.58 v _316_/Y (sky130_fd_sc_hd__inv_2)
     3    0.01                           _068_ (net)
                  0.04    0.00    3.58 v _331_/C (sky130_fd_sc_hd__or3_1)
                  0.06    0.31    3.88 v _331_/X (sky130_fd_sc_hd__or3_1)
     1    0.00                           _082_ (net)
                  0.06    0.00    3.88 v _336_/C (sky130_fd_sc_hd__and4_1)
                  0.07    0.24    4.12 v _336_/X (sky130_fd_sc_hd__and4_1)
     1    0.01                           _087_ (net)
                  0.07    0.00    4.12 v _343_/B1 (sky130_fd_sc_hd__o211ai_4)
                  0.13    0.09    4.21 ^ _343_/Y (sky130_fd_sc_hd__o211ai_4)
     2    0.00                           net29 (net)
                  0.13    0.00    4.21 ^ output29/A (sky130_fd_sc_hd__clkbuf_4)
                  0.11    0.23    4.44 ^ output29/X (sky130_fd_sc_hd__clkbuf_4)
     1    0.03                           Result[7] (net)
                  0.11    0.00    4.44 ^ Result[7] (out)
                                  4.44   data arrival time

                  0.00   10.00   10.00   clock clk (rise edge)
                          0.00   10.00   clock network delay (ideal)
                         -0.25    9.75   clock uncertainty
                          0.00    9.75   clock reconvergence pessimism
                         -2.00    7.75   output external delay
                                  7.75   data required time
-----------------------------------------------------------------------------
                                  7.75   data required time
                                 -4.44   data arrival time
-----------------------------------------------------------------------------
                                  3.31   slack (MET)


Startpoint: A[1] (input port clocked by clk)
Endpoint: Result[6] (output port clocked by clk)
Path Group: clk
Path Type: max

Fanout     Cap    Slew   Delay    Time   Description
-----------------------------------------------------------------------------
                  0.00    0.00    0.00   clock clk (rise edge)
                          0.00    0.00   clock network delay (ideal)
                          2.00    2.00 v input external delay
                  0.01    0.00    2.00 v A[1] (in)
     1    0.00                           A[1] (net)
                  0.01    0.00    2.00 v input2/A (sky130_fd_sc_hd__buf_1)
                  0.09    0.13    2.13 v input2/X (sky130_fd_sc_hd__buf_1)
     1    0.01                           net2 (net)
                  0.09    0.00    2.14 v _176_/A (sky130_fd_sc_hd__buf_6)
                  0.05    0.17    2.31 v _176_/X (sky130_fd_sc_hd__buf_6)
    10    0.04                           _109_ (net)
                  0.05    0.00    2.31 v _217_/B (sky130_fd_sc_hd__or3_1)
                  0.08    0.38    2.69 v _217_/X (sky130_fd_sc_hd__or3_1)
     3    0.01                           _149_ (net)
                  0.08    0.00    2.69 v _234_/B (sky130_fd_sc_hd__or2_1)
                  0.09    0.28    2.97 v _234_/X (sky130_fd_sc_hd__or2_1)
     4    0.01                           _165_ (net)
                  0.09    0.00    2.98 v _295_/C (sky130_fd_sc_hd__or3_1)
                  0.10    0.38    3.36 v _295_/X (sky130_fd_sc_hd__or3_1)
     3    0.01                           _048_ (net)
                  0.10    0.00    3.36 v _315_/B (sky130_fd_sc_hd__nor2_1)
                  0.14    0.16    3.52 ^ _315_/Y (sky130_fd_sc_hd__nor2_1)
     2    0.01                           _067_ (net)
                  0.14    0.00    3.52 ^ _316_/A (sky130_fd_sc_hd__inv_2)
                  0.04    0.06    3.58 v _316_/Y (sky130_fd_sc_hd__inv_2)
     3    0.01                           _068_ (net)
                  0.04    0.00    3.58 v _318_/A1 (sky130_fd_sc_hd__a21o_1)
                  0.04    0.16    3.74 v _318_/X (sky130_fd_sc_hd__a21o_1)
     1    0.00                           _070_ (net)
                  0.04    0.00    3.74 v _319_/C1 (sky130_fd_sc_hd__o211ai_1)
                  0.15    0.08    3.82 ^ _319_/Y (sky130_fd_sc_hd__o211ai_1)
     1    0.00                           _071_ (net)
                  0.15    0.00    3.82 ^ _320_/B1 (sky130_fd_sc_hd__a31o_1)
                  0.18    0.23    4.05 ^ _320_/X (sky130_fd_sc_hd__a31o_1)
     2    0.02                           net28 (net)
                  0.18    0.00    4.05 ^ output28/A (sky130_fd_sc_hd__clkbuf_4)
                  0.12    0.25    4.30 ^ output28/X (sky130_fd_sc_hd__clkbuf_4)
     1    0.04                           Result[6] (net)
                  0.12    0.00    4.30 ^ Result[6] (out)
                                  4.30   data arrival time

                  0.00   10.00   10.00   clock clk (rise edge)
                          0.00   10.00   clock network delay (ideal)
                         -0.25    9.75   clock uncertainty
                          0.00    9.75   clock reconvergence pessimism
                         -2.00    7.75   output external delay
                                  7.75   data required time
-----------------------------------------------------------------------------
                                  7.75   data required time
                                 -4.30   data arrival time
-----------------------------------------------------------------------------
                                  3.45   slack (MET)


Startpoint: A[1] (input port clocked by clk)
Endpoint: Result[4] (output port clocked by clk)
Path Group: clk
Path Type: max

Fanout     Cap    Slew   Delay    Time   Description
-----------------------------------------------------------------------------
                  0.00    0.00    0.00   clock clk (rise edge)
                          0.00    0.00   clock network delay (ideal)
                          2.00    2.00 v input external delay
                  0.01    0.00    2.00 v A[1] (in)
     1    0.00                           A[1] (net)
                  0.01    0.00    2.00 v input2/A (sky130_fd_sc_hd__buf_1)
                  0.09    0.13    2.13 v input2/X (sky130_fd_sc_hd__buf_1)
     1    0.01                           net2 (net)
                  0.09    0.00    2.14 v _176_/A (sky130_fd_sc_hd__buf_6)
                  0.05    0.17    2.31 v _176_/X (sky130_fd_sc_hd__buf_6)
    10    0.04                           _109_ (net)
                  0.05    0.00    2.31 v _177_/A (sky130_fd_sc_hd__xnor2_4)
                  0.22    0.25    2.56 ^ _177_/Y (sky130_fd_sc_hd__xnor2_4)
     8    0.02                           _110_ (net)
                  0.22    0.00    2.56 ^ _228_/A1 (sky130_fd_sc_hd__o21ai_1)
                  0.10    0.15    2.71 v _228_/Y (sky130_fd_sc_hd__o21ai_1)
     3    0.01                           _160_ (net)
                  0.10    0.00    2.71 v _266_/B2 (sky130_fd_sc_hd__a221o_1)
                  0.07    0.38    3.09 v _266_/X (sky130_fd_sc_hd__a221o_1)
     2    0.01                           _020_ (net)
                  0.07    0.00    3.09 v _267_/B (sky130_fd_sc_hd__nand2_1)
                  0.07    0.09    3.19 ^ _267_/Y (sky130_fd_sc_hd__nand2_1)
     1    0.01                           _021_ (net)
                  0.07    0.00    3.19 ^ _268_/B (sky130_fd_sc_hd__xnor2_1)
                  0.15    0.13    3.32 ^ _268_/Y (sky130_fd_sc_hd__xnor2_1)
     1    0.00                           _022_ (net)
                  0.15    0.00    3.32 ^ _271_/A2 (sky130_fd_sc_hd__o21ai_1)
                  0.05    0.08    3.40 v _271_/Y (sky130_fd_sc_hd__o21ai_1)
     1    0.00                           _025_ (net)
                  0.05    0.00    3.40 v _278_/B (sky130_fd_sc_hd__or3b_1)
                  0.07    0.37    3.77 v _278_/X (sky130_fd_sc_hd__or3b_1)
     1    0.00                           _032_ (net)
                  0.07    0.00    3.77 v _279_/A (sky130_fd_sc_hd__clkbuf_2)
                  0.07    0.16    3.93 v _279_/X (sky130_fd_sc_hd__clkbuf_2)
     2    0.02                           net26 (net)
                  0.07    0.00    3.93 v output26/A (sky130_fd_sc_hd__clkbuf_4)
                  0.08    0.20    4.13 v output26/X (sky130_fd_sc_hd__clkbuf_4)
     1    0.03                           Result[4] (net)
                  0.08    0.00    4.13 v Result[4] (out)
                                  4.13   data arrival time

                  0.00   10.00   10.00   clock clk (rise edge)
                          0.00   10.00   clock network delay (ideal)
                         -0.25    9.75   clock uncertainty
                          0.00    9.75   clock reconvergence pessimism
                         -2.00    7.75   output external delay
                                  7.75   data required time
-----------------------------------------------------------------------------
                                  7.75   data required time
                                 -4.13   data arrival time
-----------------------------------------------------------------------------
                                  3.62   slack (MET)


Startpoint: A[1] (input port clocked by clk)
Endpoint: Result[5] (output port clocked by clk)
Path Group: clk
Path Type: max

Fanout     Cap    Slew   Delay    Time   Description
-----------------------------------------------------------------------------
                  0.00    0.00    0.00   clock clk (rise edge)
                          0.00    0.00   clock network delay (ideal)
                          2.00    2.00 v input external delay
                  0.01    0.00    2.00 v A[1] (in)
     1    0.00                           A[1] (net)
                  0.01    0.00    2.00 v input2/A (sky130_fd_sc_hd__buf_1)
                  0.09    0.13    2.13 v input2/X (sky130_fd_sc_hd__buf_1)
     1    0.01                           net2 (net)
                  0.09    0.00    2.14 v _176_/A (sky130_fd_sc_hd__buf_6)
                  0.05    0.17    2.31 v _176_/X (sky130_fd_sc_hd__buf_6)
    10    0.04                           _109_ (net)
                  0.05    0.00    2.31 v _177_/A (sky130_fd_sc_hd__xnor2_4)
                  0.22    0.25    2.56 ^ _177_/Y (sky130_fd_sc_hd__xnor2_4)
     8    0.02                           _110_ (net)
                  0.22    0.00    2.56 ^ _228_/A1 (sky130_fd_sc_hd__o21ai_1)
                  0.10    0.15    2.71 v _228_/Y (sky130_fd_sc_hd__o21ai_1)
     3    0.01                           _160_ (net)
                  0.10    0.00    2.71 v _266_/B2 (sky130_fd_sc_hd__a221o_1)
                  0.07    0.38    3.09 v _266_/X (sky130_fd_sc_hd__a221o_1)
     2    0.01                           _020_ (net)
                  0.07    0.00    3.09 v _287_/A3 (sky130_fd_sc_hd__a31o_1)
                  0.06    0.26    3.36 v _287_/X (sky130_fd_sc_hd__a31o_1)
     2    0.01                           _040_ (net)
                  0.06    0.00    3.36 v _288_/B (sky130_fd_sc_hd__xor2_1)
                  0.05    0.15    3.51 v _288_/X (sky130_fd_sc_hd__xor2_1)
     1    0.00                           _041_ (net)
                  0.05    0.00    3.51 v _298_/A2 (sky130_fd_sc_hd__o211ai_1)
                  0.15    0.16    3.67 ^ _298_/Y (sky130_fd_sc_hd__o211ai_1)
     1    0.00                           _051_ (net)
                  0.15    0.00    3.67 ^ _299_/B1 (sky130_fd_sc_hd__a31o_1)
                  0.14    0.20    3.87 ^ _299_/X (sky130_fd_sc_hd__a31o_1)
     2    0.01                           net27 (net)
                  0.14    0.00    3.87 ^ output27/A (sky130_fd_sc_hd__clkbuf_4)
                  0.12    0.24    4.10 ^ output27/X (sky130_fd_sc_hd__clkbuf_4)
     1    0.04                           Result[5] (net)
                  0.12    0.00    4.11 ^ Result[5] (out)
                                  4.11   data arrival time

                  0.00   10.00   10.00   clock clk (rise edge)
                          0.00   10.00   clock network delay (ideal)
                         -0.25    9.75   clock uncertainty
                          0.00    9.75   clock reconvergence pessimism
                         -2.00    7.75   output external delay
                                  7.75   data required time
-----------------------------------------------------------------------------
                                  7.75   data required time
                                 -4.11   data arrival time
-----------------------------------------------------------------------------
                                  3.64   slack (MET)


Startpoint: Sel[0] (input port clocked by clk)
Endpoint: Result[2] (output port clocked by clk)
Path Group: clk
Path Type: max

Fanout     Cap    Slew   Delay    Time   Description
-----------------------------------------------------------------------------
                  0.00    0.00    0.00   clock clk (rise edge)
                          0.00    0.00   clock network delay (ideal)
                          2.00    2.00 v input external delay
                  0.01    0.01    2.01 v Sel[0] (in)
     1    0.00                           Sel[0] (net)
                  0.01    0.00    2.01 v input17/A (sky130_fd_sc_hd__buf_1)
                  0.03    0.08    2.08 v input17/X (sky130_fd_sc_hd__buf_1)
     2    0.00                           net17 (net)
                  0.03    0.00    2.08 v _180_/A (sky130_fd_sc_hd__buf_2)
                  0.08    0.18    2.26 v _180_/X (sky130_fd_sc_hd__buf_2)
    10    0.03                           _113_ (net)
                  0.08    0.00    2.26 v _225_/C (sky130_fd_sc_hd__or4_1)
                  0.08    0.49    2.75 v _225_/X (sky130_fd_sc_hd__or4_1)
     1    0.00                           _157_ (net)
                  0.08    0.00    2.75 v _226_/A (sky130_fd_sc_hd__buf_2)
                  0.08    0.19    2.94 v _226_/X (sky130_fd_sc_hd__buf_2)
     6    0.03                           _158_ (net)
                  0.08    0.00    2.94 v _231_/A (sky130_fd_sc_hd__or3b_1)
                  0.06    0.38    3.33 v _231_/X (sky130_fd_sc_hd__or3b_1)
     1    0.00                           _163_ (net)
                  0.06    0.00    3.33 v _232_/C (sky130_fd_sc_hd__and3_1)
                  0.04    0.20    3.52 v _232_/X (sky130_fd_sc_hd__and3_1)
     1    0.00                           _164_ (net)
                  0.04    0.00    3.52 v _233_/B1 (sky130_fd_sc_hd__o21ai_2)
                  0.10    0.06    3.58 ^ _233_/Y (sky130_fd_sc_hd__o21ai_2)
     2    0.00                           net24 (net)
                  0.10    0.00    3.58 ^ output24/A (sky130_fd_sc_hd__clkbuf_4)
                  0.11    0.22    3.80 ^ output24/X (sky130_fd_sc_hd__clkbuf_4)
     1    0.03                           Result[2] (net)
                  0.11    0.00    3.80 ^ Result[2] (out)
                                  3.80   data arrival time

                  0.00   10.00   10.00   clock clk (rise edge)
                          0.00   10.00   clock network delay (ideal)
                         -0.25    9.75   clock uncertainty
                          0.00    9.75   clock reconvergence pessimism
                         -2.00    7.75   output external delay
                                  7.75   data required time
-----------------------------------------------------------------------------
                                  7.75   data required time
                                 -3.80   data arrival time
-----------------------------------------------------------------------------
                                  3.95   slack (MET)


Startpoint: Sel[2] (input port clocked by clk)
Endpoint: Result[3] (output port clocked by clk)
Path Group: clk
Path Type: max

Fanout     Cap    Slew   Delay    Time   Description
-----------------------------------------------------------------------------
                  0.00    0.00    0.00   clock clk (rise edge)
                          0.00    0.00   clock network delay (ideal)
                          2.00    2.00 ^ input external delay
                  0.02    0.01    2.01 ^ Sel[2] (in)
     1    0.00                           Sel[2] (net)
                  0.02    0.00    2.01 ^ input19/A (sky130_fd_sc_hd__clkbuf_2)
                  0.14    0.18    2.19 ^ input19/X (sky130_fd_sc_hd__clkbuf_2)
     7    0.03                           net19 (net)
                  0.14    0.00    2.19 ^ _192_/B_N (sky130_fd_sc_hd__or2b_1)
                  0.07    0.28    2.48 v _192_/X (sky130_fd_sc_hd__or2b_1)
     3    0.01                           _125_ (net)
                  0.07    0.00    2.48 v _198_/A (sky130_fd_sc_hd__or3b_4)
                  0.09    0.45    2.93 v _198_/X (sky130_fd_sc_hd__or3b_4)
     8    0.02                           _131_ (net)
                  0.09    0.00    2.93 v _241_/B (sky130_fd_sc_hd__or3b_1)
                  0.07    0.38    3.31 v _241_/X (sky130_fd_sc_hd__or3b_1)
     1    0.00                           _172_ (net)
                  0.07    0.00    3.31 v _246_/C (sky130_fd_sc_hd__and4_1)
                  0.04    0.21    3.52 v _246_/X (sky130_fd_sc_hd__and4_1)
     1    0.00                           _001_ (net)
                  0.04    0.00    3.52 v _255_/A (sky130_fd_sc_hd__nand2_1)
                  0.05    0.06    3.58 ^ _255_/Y (sky130_fd_sc_hd__nand2_1)
     2    0.00                           net25 (net)
                  0.05    0.00    3.58 ^ output25/A (sky130_fd_sc_hd__clkbuf_4)
                  0.12    0.21    3.79 ^ output25/X (sky130_fd_sc_hd__clkbuf_4)
     1    0.04                           Result[3] (net)
                  0.12    0.00    3.79 ^ Result[3] (out)
                                  3.79   data arrival time

                  0.00   10.00   10.00   clock clk (rise edge)
                          0.00   10.00   clock network delay (ideal)
                         -0.25    9.75   clock uncertainty
                          0.00    9.75   clock reconvergence pessimism
                         -2.00    7.75   output external delay
                                  7.75   data required time
-----------------------------------------------------------------------------
                                  7.75   data required time
                                 -3.79   data arrival time
-----------------------------------------------------------------------------
                                  3.96   slack (MET)


Startpoint: Sel[2] (input port clocked by clk)
Endpoint: Result[1] (output port clocked by clk)
Path Group: clk
Path Type: max

Fanout     Cap    Slew   Delay    Time   Description
-----------------------------------------------------------------------------
                  0.00    0.00    0.00   clock clk (rise edge)
                          0.00    0.00   clock network delay (ideal)
                          2.00    2.00 ^ input external delay
                  0.02    0.01    2.01 ^ Sel[2] (in)
     1    0.00                           Sel[2] (net)
                  0.02    0.00    2.01 ^ input19/A (sky130_fd_sc_hd__clkbuf_2)
                  0.14    0.18    2.19 ^ input19/X (sky130_fd_sc_hd__clkbuf_2)
     7    0.03                           net19 (net)
                  0.14    0.00    2.19 ^ _192_/B_N (sky130_fd_sc_hd__or2b_1)
                  0.07    0.28    2.48 v _192_/X (sky130_fd_sc_hd__or2b_1)
     3    0.01                           _125_ (net)
                  0.07    0.00    2.48 v _198_/A (sky130_fd_sc_hd__or3b_4)
                  0.09    0.45    2.93 v _198_/X (sky130_fd_sc_hd__or3b_4)
     8    0.02                           _131_ (net)
                  0.09    0.00    2.93 v _200_/A1 (sky130_fd_sc_hd__mux2_1)
                  0.06    0.33    3.25 v _200_/X (sky130_fd_sc_hd__mux2_1)
     1    0.00                           _133_ (net)
                  0.06    0.00    3.25 v _204_/C1 (sky130_fd_sc_hd__o2111a_1)
                  0.05    0.14    3.40 v _204_/X (sky130_fd_sc_hd__o2111a_1)
     1    0.00                           _137_ (net)
                  0.05    0.00    3.40 v _205_/B1 (sky130_fd_sc_hd__o21ai_1)
                  0.10    0.08    3.47 ^ _205_/Y (sky130_fd_sc_hd__o21ai_1)
     1    0.00                           _138_ (net)
                  0.10    0.00    3.47 ^ _206_/B1 (sky130_fd_sc_hd__a31o_2)
                  0.05    0.12    3.59 ^ _206_/X (sky130_fd_sc_hd__a31o_2)
     2    0.00                           net23 (net)
                  0.05    0.00    3.59 ^ output23/A (sky130_fd_sc_hd__clkbuf_4)
                  0.11    0.19    3.79 ^ output23/X (sky130_fd_sc_hd__clkbuf_4)
     1    0.03                           Result[1] (net)
                  0.11    0.00    3.79 ^ Result[1] (out)
                                  3.79   data arrival time

                  0.00   10.00   10.00   clock clk (rise edge)
                          0.00   10.00   clock network delay (ideal)
                         -0.25    9.75   clock uncertainty
                          0.00    9.75   clock reconvergence pessimism
                         -2.00    7.75   output external delay
                                  7.75   data required time
-----------------------------------------------------------------------------
                                  7.75   data required time
                                 -3.79   data arrival time
-----------------------------------------------------------------------------
                                  3.96   slack (MET)


Startpoint: Sel[1] (input port clocked by clk)
Endpoint: Result[0] (output port clocked by clk)
Path Group: clk
Path Type: max

Fanout     Cap    Slew   Delay    Time   Description
-----------------------------------------------------------------------------
                  0.00    0.00    0.00   clock clk (rise edge)
                          0.00    0.00   clock network delay (ideal)
                          2.00    2.00 ^ input external delay
                  0.02    0.01    2.01 ^ Sel[1] (in)
     1    0.00                           Sel[1] (net)
                  0.02    0.00    2.01 ^ input18/A (sky130_fd_sc_hd__clkbuf_2)
                  0.11    0.15    2.15 ^ input18/X (sky130_fd_sc_hd__clkbuf_2)
     4    0.02                           net18 (net)
                  0.11    0.00    2.16 ^ _181_/A (sky130_fd_sc_hd__buf_4)
                  0.11    0.19    2.35 ^ _181_/X (sky130_fd_sc_hd__buf_4)
    10    0.04                           _114_ (net)
                  0.11    0.00    2.35 ^ _191_/D_N (sky130_fd_sc_hd__or4b_4)
                  0.11    0.54    2.89 v _191_/X (sky130_fd_sc_hd__or4b_4)
     8    0.02                           _124_ (net)
                  0.11    0.00    2.89 v _353_/A2_N (sky130_fd_sc_hd__a2bb2o_1)
                  0.05    0.27    3.16 ^ _353_/X (sky130_fd_sc_hd__a2bb2o_1)
     1    0.00                           _102_ (net)
                  0.05    0.00    3.16 ^ _354_/C1 (sky130_fd_sc_hd__a211o_1)
                  0.12    0.16    3.32 ^ _354_/X (sky130_fd_sc_hd__a211o_1)
     2    0.01                           net22 (net)
                  0.12    0.00    3.32 ^ output22/A (sky130_fd_sc_hd__clkbuf_4)
                  0.11    0.23    3.55 ^ output22/X (sky130_fd_sc_hd__clkbuf_4)
     1    0.03                           Result[0] (net)
                  0.11    0.00    3.55 ^ Result[0] (out)
                                  3.55   data arrival time

                  0.00   10.00   10.00   clock clk (rise edge)
                          0.00   10.00   clock network delay (ideal)
                         -0.25    9.75   clock uncertainty
                          0.00    9.75   clock reconvergence pessimism
                         -2.00    7.75   output external delay
                                  7.75   data required time
-----------------------------------------------------------------------------
                                  7.75   data required time
                                 -3.55   data arrival time
-----------------------------------------------------------------------------
                                  4.20   slack (MET)



