
===========================================================================
report_checks -path_delay max (Setup)
============================================================================
======================= Typical Corner ===================================

Startpoint: A[1] (input port clocked by clk)
Endpoint: Zero (output port clocked by clk)
Path Group: clk
Path Type: max

Fanout     Cap    Slew   Delay    Time   Description
-----------------------------------------------------------------------------
                  0.00    0.00    0.00   clock clk (rise edge)
                          0.00    0.00   clock network delay (ideal)
                          2.00    2.00 v input external delay
                  0.01    0.00    2.00 v A[1] (in)
     1    0.00                           A[1] (net)
                  0.01    0.00    2.00 v input2/A (sky130_fd_sc_hd__buf_1)
                  0.04    0.08    2.09 v input2/X (sky130_fd_sc_hd__buf_1)
     1    0.00                           net2 (net)
                  0.04    0.00    2.09 v _176_/A (sky130_fd_sc_hd__buf_6)
                  0.05    0.14    2.23 v _176_/X (sky130_fd_sc_hd__buf_6)
    10    0.04                           _109_ (net)
                  0.05    0.00    2.23 v _217_/B (sky130_fd_sc_hd__or3_4)
                  0.07    0.39    2.61 v _217_/X (sky130_fd_sc_hd__or3_4)
     3    0.01                           _149_ (net)
                  0.07    0.00    2.61 v _234_/B (sky130_fd_sc_hd__or2_4)
                  0.06    0.26    2.87 v _234_/X (sky130_fd_sc_hd__or2_4)
     4    0.01                           _165_ (net)
                  0.06    0.00    2.87 v _260_/B (sky130_fd_sc_hd__xor2_1)
                  0.11    0.13    3.00 ^ _260_/X (sky130_fd_sc_hd__xor2_1)
     1    0.00                           _014_ (net)
                  0.11    0.00    3.00 ^ _262_/B1 (sky130_fd_sc_hd__o221ai_1)
                  0.07    0.12    3.12 v _262_/Y (sky130_fd_sc_hd__o221ai_1)
     1    0.00                           _016_ (net)
                  0.07    0.00    3.12 v _278_/A (sky130_fd_sc_hd__or3b_1)
                  0.06    0.38    3.50 v _278_/X (sky130_fd_sc_hd__or3b_1)
     1    0.00                           _032_ (net)
                  0.06    0.00    3.50 v _279_/A (sky130_fd_sc_hd__clkbuf_2)
                  0.03    0.12    3.62 v _279_/X (sky130_fd_sc_hd__clkbuf_2)
     2    0.00                           net26 (net)
                  0.03    0.00    3.62 v _357_/B (sky130_fd_sc_hd__or4_4)
                  0.08    0.52    4.14 v _357_/X (sky130_fd_sc_hd__or4_4)
     1    0.00                           _105_ (net)
                  0.08    0.00    4.14 v _361_/A3 (sky130_fd_sc_hd__o31ai_2)
                  0.16    0.18    4.32 ^ _361_/Y (sky130_fd_sc_hd__o31ai_2)
     1    0.00                           net30 (net)
                  0.16    0.00    4.32 ^ output30/A (sky130_fd_sc_hd__buf_4)
                  0.10    0.20    4.52 ^ output30/X (sky130_fd_sc_hd__buf_4)
     1    0.03                           Zero (net)
                  0.10    0.00    4.52 ^ Zero (out)
                                  4.52   data arrival time

                  0.00   10.00   10.00   clock clk (rise edge)
                          0.00   10.00   clock network delay (ideal)
                         -0.25    9.75   clock uncertainty
                          0.00    9.75   clock reconvergence pessimism
                         -2.00    7.75   output external delay
                                  7.75   data required time
-----------------------------------------------------------------------------
                                  7.75   data required time
                                 -4.52   data arrival time
-----------------------------------------------------------------------------
                                  3.23   slack (MET)


Startpoint: A[1] (input port clocked by clk)
Endpoint: Result[7] (output port clocked by clk)
Path Group: clk
Path Type: max

Fanout     Cap    Slew   Delay    Time   Description
-----------------------------------------------------------------------------
                  0.00    0.00    0.00   clock clk (rise edge)
                          0.00    0.00   clock network delay (ideal)
                          2.00    2.00 v input external delay
                  0.01    0.00    2.00 v A[1] (in)
     1    0.00                           A[1] (net)
                  0.01    0.00    2.00 v input2/A (sky130_fd_sc_hd__buf_1)
                  0.04    0.08    2.09 v input2/X (sky130_fd_sc_hd__buf_1)
     1    0.00                           net2 (net)
                  0.04    0.00    2.09 v _176_/A (sky130_fd_sc_hd__buf_6)
                  0.05    0.14    2.23 v _176_/X (sky130_fd_sc_hd__buf_6)
    10    0.04                           _109_ (net)
                  0.05    0.00    2.23 v _177_/A (sky130_fd_sc_hd__xnor2_4)
                  0.07    0.16    2.39 v _177_/Y (sky130_fd_sc_hd__xnor2_4)
     6    0.01                           _110_ (net)
                  0.07    0.00    2.39 v rebuffer1/A (sky130_fd_sc_hd__dlymetal6s2s_1)
                  0.06    0.17    2.56 v rebuffer1/X (sky130_fd_sc_hd__dlymetal6s2s_1)
     3    0.01                           net33 (net)
                  0.06    0.00    2.56 v _211_/A1 (sky130_fd_sc_hd__a21o_1)
                  0.05    0.18    2.74 v _211_/X (sky130_fd_sc_hd__a21o_1)
     3    0.01                           _143_ (net)
                  0.05    0.00    2.74 v _275_/A2 (sky130_fd_sc_hd__a31o_1)
                  0.06    0.23    2.97 v _275_/X (sky130_fd_sc_hd__a31o_1)
     3    0.01                           _029_ (net)
                  0.06    0.00    2.97 v _284_/B2 (sky130_fd_sc_hd__a22o_1)
                  0.06    0.22    3.19 v _284_/X (sky130_fd_sc_hd__a22o_1)
     3    0.01                           _037_ (net)
                  0.06    0.00    3.19 v _304_/A2 (sky130_fd_sc_hd__a21o_1)
                  0.06    0.21    3.40 v _304_/X (sky130_fd_sc_hd__a21o_1)
     4    0.01                           _056_ (net)
                  0.06    0.00    3.40 v _340_/A2 (sky130_fd_sc_hd__a21o_1)
                  0.04    0.19    3.60 v _340_/X (sky130_fd_sc_hd__a21o_1)
     2    0.00                           _091_ (net)
                  0.04    0.00    3.60 v _342_/A2 (sky130_fd_sc_hd__a2111o_1)
                  0.09    0.46    4.06 v _342_/X (sky130_fd_sc_hd__a2111o_1)
     1    0.01                           _093_ (net)
                  0.09    0.00    4.06 v _343_/C1 (sky130_fd_sc_hd__o211ai_4)
                  0.15    0.09    4.14 ^ _343_/Y (sky130_fd_sc_hd__o211ai_4)
     2    0.01                           net29 (net)
                  0.15    0.00    4.14 ^ output29/A (sky130_fd_sc_hd__clkbuf_4)
                  0.11    0.23    4.38 ^ output29/X (sky130_fd_sc_hd__clkbuf_4)
     1    0.03                           Result[7] (net)
                  0.11    0.00    4.38 ^ Result[7] (out)
                                  4.38   data arrival time

                  0.00   10.00   10.00   clock clk (rise edge)
                          0.00   10.00   clock network delay (ideal)
                         -0.25    9.75   clock uncertainty
                          0.00    9.75   clock reconvergence pessimism
                         -2.00    7.75   output external delay
                                  7.75   data required time
-----------------------------------------------------------------------------
                                  7.75   data required time
                                 -4.38   data arrival time
-----------------------------------------------------------------------------
                                  3.37   slack (MET)


Startpoint: A[1] (input port clocked by clk)
Endpoint: CarryOut (output port clocked by clk)
Path Group: clk
Path Type: max

Fanout     Cap    Slew   Delay    Time   Description
-----------------------------------------------------------------------------
                  0.00    0.00    0.00   clock clk (rise edge)
                          0.00    0.00   clock network delay (ideal)
                          2.00    2.00 v input external delay
                  0.01    0.00    2.00 v A[1] (in)
     1    0.00                           A[1] (net)
                  0.01    0.00    2.00 v input2/A (sky130_fd_sc_hd__buf_1)
                  0.04    0.08    2.09 v input2/X (sky130_fd_sc_hd__buf_1)
     1    0.00                           net2 (net)
                  0.04    0.00    2.09 v _176_/A (sky130_fd_sc_hd__buf_6)
                  0.05    0.14    2.23 v _176_/X (sky130_fd_sc_hd__buf_6)
    10    0.04                           _109_ (net)
                  0.05    0.00    2.23 v _177_/A (sky130_fd_sc_hd__xnor2_4)
                  0.18    0.21    2.43 ^ _177_/Y (sky130_fd_sc_hd__xnor2_4)
     6    0.01                           _110_ (net)
                  0.18    0.00    2.43 ^ _228_/A1 (sky130_fd_sc_hd__o21ai_2)
                  0.05    0.10    2.53 v _228_/Y (sky130_fd_sc_hd__o21ai_2)
     3    0.01                           _160_ (net)
                  0.05    0.00    2.53 v _266_/B2 (sky130_fd_sc_hd__a221o_1)
                  0.06    0.34    2.88 v _266_/X (sky130_fd_sc_hd__a221o_1)
     2    0.00                           _020_ (net)
                  0.06    0.00    2.88 v _287_/A3 (sky130_fd_sc_hd__a31o_1)
                  0.06    0.26    3.14 v _287_/X (sky130_fd_sc_hd__a31o_1)
     2    0.01                           _040_ (net)
                  0.06    0.00    3.14 v _307_/A2 (sky130_fd_sc_hd__a21boi_2)
                  0.15    0.19    3.33 ^ _307_/Y (sky130_fd_sc_hd__a21boi_2)
     2    0.01                           _059_ (net)
                  0.15    0.00    3.33 ^ _324_/A2 (sky130_fd_sc_hd__o21ai_2)
                  0.06    0.08    3.41 v _324_/Y (sky130_fd_sc_hd__o21ai_2)
     2    0.01                           _075_ (net)
                  0.06    0.00    3.41 v _346_/A2 (sky130_fd_sc_hd__o211a_1)
                  0.03    0.20    3.61 v _346_/X (sky130_fd_sc_hd__o211a_1)
     1    0.00                           _096_ (net)
                  0.03    0.00    3.61 v _348_/B (sky130_fd_sc_hd__or3b_1)
                  0.06    0.35    3.96 v _348_/X (sky130_fd_sc_hd__or3b_1)
     1    0.00                           _098_ (net)
                  0.06    0.00    3.96 v _349_/A (sky130_fd_sc_hd__buf_1)
                  0.02    0.09    4.05 v _349_/X (sky130_fd_sc_hd__buf_1)
     1    0.00                           net21 (net)
                  0.02    0.00    4.05 v output21/A (sky130_fd_sc_hd__clkbuf_4)
                  0.08    0.18    4.23 v output21/X (sky130_fd_sc_hd__clkbuf_4)
     1    0.03                           CarryOut (net)
                  0.08    0.00    4.23 v CarryOut (out)
                                  4.23   data arrival time

                  0.00   10.00   10.00   clock clk (rise edge)
                          0.00   10.00   clock network delay (ideal)
                         -0.25    9.75   clock uncertainty
                          0.00    9.75   clock reconvergence pessimism
                         -2.00    7.75   output external delay
                                  7.75   data required time
-----------------------------------------------------------------------------
                                  7.75   data required time
                                 -4.23   data arrival time
-----------------------------------------------------------------------------
                                  3.52   slack (MET)


Startpoint: A[1] (input port clocked by clk)
Endpoint: Result[6] (output port clocked by clk)
Path Group: clk
Path Type: max

Fanout     Cap    Slew   Delay    Time   Description
-----------------------------------------------------------------------------
                  0.00    0.00    0.00   clock clk (rise edge)
                          0.00    0.00   clock network delay (ideal)
                          2.00    2.00 v input external delay
                  0.01    0.00    2.00 v A[1] (in)
     1    0.00                           A[1] (net)
                  0.01    0.00    2.00 v input2/A (sky130_fd_sc_hd__buf_1)
                  0.04    0.08    2.09 v input2/X (sky130_fd_sc_hd__buf_1)
     1    0.00                           net2 (net)
                  0.04    0.00    2.09 v _176_/A (sky130_fd_sc_hd__buf_6)
                  0.05    0.14    2.23 v _176_/X (sky130_fd_sc_hd__buf_6)
    10    0.04                           _109_ (net)
                  0.05    0.00    2.23 v _177_/A (sky130_fd_sc_hd__xnor2_4)
                  0.07    0.16    2.39 v _177_/Y (sky130_fd_sc_hd__xnor2_4)
     6    0.01                           _110_ (net)
                  0.07    0.00    2.39 v rebuffer1/A (sky130_fd_sc_hd__dlymetal6s2s_1)
                  0.06    0.17    2.56 v rebuffer1/X (sky130_fd_sc_hd__dlymetal6s2s_1)
     3    0.01                           net33 (net)
                  0.06    0.00    2.56 v _211_/A1 (sky130_fd_sc_hd__a21o_1)
                  0.05    0.18    2.74 v _211_/X (sky130_fd_sc_hd__a21o_1)
     3    0.01                           _143_ (net)
                  0.05    0.00    2.74 v _275_/A2 (sky130_fd_sc_hd__a31o_1)
                  0.06    0.23    2.97 v _275_/X (sky130_fd_sc_hd__a31o_1)
     3    0.01                           _029_ (net)
                  0.06    0.00    2.97 v _284_/B2 (sky130_fd_sc_hd__a22o_1)
                  0.06    0.22    3.19 v _284_/X (sky130_fd_sc_hd__a22o_1)
     3    0.01                           _037_ (net)
                  0.06    0.00    3.19 v _304_/A2 (sky130_fd_sc_hd__a21o_1)
                  0.06    0.21    3.40 v _304_/X (sky130_fd_sc_hd__a21o_1)
     4    0.01                           _056_ (net)
                  0.06    0.00    3.40 v _306_/B (sky130_fd_sc_hd__or2_1)
                  0.05    0.21    3.62 v _306_/X (sky130_fd_sc_hd__or2_1)
     1    0.00                           _058_ (net)
                  0.05    0.00    3.62 v _320_/A3 (sky130_fd_sc_hd__a31o_1)
                  0.05    0.24    3.85 v _320_/X (sky130_fd_sc_hd__a31o_1)
     2    0.01                           net28 (net)
                  0.05    0.00    3.85 v output28/A (sky130_fd_sc_hd__clkbuf_4)
                  0.08    0.19    4.05 v output28/X (sky130_fd_sc_hd__clkbuf_4)
     1    0.03                           Result[6] (net)
                  0.08    0.00    4.05 v Result[6] (out)
                                  4.05   data arrival time

                  0.00   10.00   10.00   clock clk (rise edge)
                          0.00   10.00   clock network delay (ideal)
                         -0.25    9.75   clock uncertainty
                          0.00    9.75   clock reconvergence pessimism
                         -2.00    7.75   output external delay
                                  7.75   data required time
-----------------------------------------------------------------------------
                                  7.75   data required time
                                 -4.05   data arrival time
-----------------------------------------------------------------------------
                                  3.70   slack (MET)


Startpoint: A[1] (input port clocked by clk)
Endpoint: Result[5] (output port clocked by clk)
Path Group: clk
Path Type: max

Fanout     Cap    Slew   Delay    Time   Description
-----------------------------------------------------------------------------
                  0.00    0.00    0.00   clock clk (rise edge)
                          0.00    0.00   clock network delay (ideal)
                          2.00    2.00 v input external delay
                  0.01    0.00    2.00 v A[1] (in)
     1    0.00                           A[1] (net)
                  0.01    0.00    2.00 v input2/A (sky130_fd_sc_hd__buf_1)
                  0.04    0.08    2.09 v input2/X (sky130_fd_sc_hd__buf_1)
     1    0.00                           net2 (net)
                  0.04    0.00    2.09 v _176_/A (sky130_fd_sc_hd__buf_6)
                  0.05    0.14    2.23 v _176_/X (sky130_fd_sc_hd__buf_6)
    10    0.04                           _109_ (net)
                  0.05    0.00    2.23 v _177_/A (sky130_fd_sc_hd__xnor2_4)
                  0.07    0.16    2.39 v _177_/Y (sky130_fd_sc_hd__xnor2_4)
     6    0.01                           _110_ (net)
                  0.07    0.00    2.39 v rebuffer1/A (sky130_fd_sc_hd__dlymetal6s2s_1)
                  0.06    0.17    2.56 v rebuffer1/X (sky130_fd_sc_hd__dlymetal6s2s_1)
     3    0.01                           net33 (net)
                  0.06    0.00    2.56 v _211_/A1 (sky130_fd_sc_hd__a21o_1)
                  0.05    0.18    2.74 v _211_/X (sky130_fd_sc_hd__a21o_1)
     3    0.01                           _143_ (net)
                  0.05    0.00    2.74 v _275_/A2 (sky130_fd_sc_hd__a31o_1)
                  0.06    0.23    2.97 v _275_/X (sky130_fd_sc_hd__a31o_1)
     3    0.01                           _029_ (net)
                  0.06    0.00    2.97 v _284_/B2 (sky130_fd_sc_hd__a22o_1)
                  0.06    0.22    3.19 v _284_/X (sky130_fd_sc_hd__a22o_1)
     3    0.01                           _037_ (net)
                  0.06    0.00    3.19 v _285_/B (sky130_fd_sc_hd__or2_1)
                  0.05    0.21    3.40 v _285_/X (sky130_fd_sc_hd__or2_1)
     1    0.00                           _038_ (net)
                  0.05    0.00    3.40 v _299_/A2 (sky130_fd_sc_hd__a31o_1)
                  0.04    0.22    3.62 v _299_/X (sky130_fd_sc_hd__a31o_1)
     2    0.00                           net27 (net)
                  0.04    0.00    3.62 v output27/A (sky130_fd_sc_hd__clkbuf_4)
                  0.08    0.19    3.81 v output27/X (sky130_fd_sc_hd__clkbuf_4)
     1    0.03                           Result[5] (net)
                  0.08    0.00    3.81 v Result[5] (out)
                                  3.81   data arrival time

                  0.00   10.00   10.00   clock clk (rise edge)
                          0.00   10.00   clock network delay (ideal)
                         -0.25    9.75   clock uncertainty
                          0.00    9.75   clock reconvergence pessimism
                         -2.00    7.75   output external delay
                                  7.75   data required time
-----------------------------------------------------------------------------
                                  7.75   data required time
                                 -3.81   data arrival time
-----------------------------------------------------------------------------
                                  3.94   slack (MET)


Startpoint: A[1] (input port clocked by clk)
Endpoint: Result[4] (output port clocked by clk)
Path Group: clk
Path Type: max

Fanout     Cap    Slew   Delay    Time   Description
-----------------------------------------------------------------------------
                  0.00    0.00    0.00   clock clk (rise edge)
                          0.00    0.00   clock network delay (ideal)
                          2.00    2.00 v input external delay
                  0.01    0.00    2.00 v A[1] (in)
     1    0.00                           A[1] (net)
                  0.01    0.00    2.00 v input2/A (sky130_fd_sc_hd__buf_1)
                  0.04    0.08    2.09 v input2/X (sky130_fd_sc_hd__buf_1)
     1    0.00                           net2 (net)
                  0.04    0.00    2.09 v _176_/A (sky130_fd_sc_hd__buf_6)
                  0.05    0.14    2.23 v _176_/X (sky130_fd_sc_hd__buf_6)
    10    0.04                           _109_ (net)
                  0.05    0.00    2.23 v _217_/B (sky130_fd_sc_hd__or3_4)
                  0.07    0.39    2.61 v _217_/X (sky130_fd_sc_hd__or3_4)
     3    0.01                           _149_ (net)
                  0.07    0.00    2.61 v _234_/B (sky130_fd_sc_hd__or2_4)
                  0.06    0.26    2.87 v _234_/X (sky130_fd_sc_hd__or2_4)
     4    0.01                           _165_ (net)
                  0.06    0.00    2.87 v _260_/B (sky130_fd_sc_hd__xor2_1)
                  0.11    0.13    3.00 ^ _260_/X (sky130_fd_sc_hd__xor2_1)
     1    0.00                           _014_ (net)
                  0.11    0.00    3.00 ^ _262_/B1 (sky130_fd_sc_hd__o221ai_1)
                  0.07    0.12    3.12 v _262_/Y (sky130_fd_sc_hd__o221ai_1)
     1    0.00                           _016_ (net)
                  0.07    0.00    3.12 v _278_/A (sky130_fd_sc_hd__or3b_1)
                  0.06    0.38    3.50 v _278_/X (sky130_fd_sc_hd__or3b_1)
     1    0.00                           _032_ (net)
                  0.06    0.00    3.50 v _279_/A (sky130_fd_sc_hd__clkbuf_2)
                  0.03    0.12    3.62 v _279_/X (sky130_fd_sc_hd__clkbuf_2)
     2    0.00                           net26 (net)
                  0.03    0.00    3.62 v output26/A (sky130_fd_sc_hd__clkbuf_4)
                  0.08    0.18    3.80 v output26/X (sky130_fd_sc_hd__clkbuf_4)
     1    0.03                           Result[4] (net)
                  0.08    0.00    3.80 v Result[4] (out)
                                  3.80   data arrival time

                  0.00   10.00   10.00   clock clk (rise edge)
                          0.00   10.00   clock network delay (ideal)
                         -0.25    9.75   clock uncertainty
                          0.00    9.75   clock reconvergence pessimism
                         -2.00    7.75   output external delay
                                  7.75   data required time
-----------------------------------------------------------------------------
                                  7.75   data required time
                                 -3.80   data arrival time
-----------------------------------------------------------------------------
                                  3.95   slack (MET)


Startpoint: Sel[0] (input port clocked by clk)
Endpoint: Result[2] (output port clocked by clk)
Path Group: clk
Path Type: max

Fanout     Cap    Slew   Delay    Time   Description
-----------------------------------------------------------------------------
                  0.00    0.00    0.00   clock clk (rise edge)
                          0.00    0.00   clock network delay (ideal)
                          2.00    2.00 v input external delay
                  0.01    0.00    2.00 v Sel[0] (in)
     1    0.00                           Sel[0] (net)
                  0.01    0.00    2.00 v input17/A (sky130_fd_sc_hd__buf_1)
                  0.03    0.08    2.08 v input17/X (sky130_fd_sc_hd__buf_1)
     2    0.00                           net17 (net)
                  0.03    0.00    2.08 v _180_/A (sky130_fd_sc_hd__clkbuf_4)
                  0.07    0.17    2.26 v _180_/X (sky130_fd_sc_hd__clkbuf_4)
    10    0.03                           _113_ (net)
                  0.07    0.00    2.26 v _225_/C (sky130_fd_sc_hd__or4_1)
                  0.07    0.47    2.73 v _225_/X (sky130_fd_sc_hd__or4_1)
     1    0.00                           _157_ (net)
                  0.07    0.00    2.73 v _226_/A (sky130_fd_sc_hd__buf_2)
                  0.06    0.17    2.90 v _226_/X (sky130_fd_sc_hd__buf_2)
     6    0.02                           _158_ (net)
                  0.06    0.00    2.90 v _231_/A (sky130_fd_sc_hd__or3b_1)
                  0.06    0.37    3.28 v _231_/X (sky130_fd_sc_hd__or3b_1)
     1    0.00                           _163_ (net)
                  0.06    0.00    3.28 v _232_/C (sky130_fd_sc_hd__and3_1)
                  0.04    0.20    3.47 v _232_/X (sky130_fd_sc_hd__and3_1)
     1    0.00                           _164_ (net)
                  0.04    0.00    3.47 v _233_/B1 (sky130_fd_sc_hd__o21ai_2)
                  0.10    0.06    3.53 ^ _233_/Y (sky130_fd_sc_hd__o21ai_2)
     2    0.00                           net24 (net)
                  0.10    0.00    3.53 ^ output24/A (sky130_fd_sc_hd__clkbuf_4)
                  0.11    0.21    3.74 ^ output24/X (sky130_fd_sc_hd__clkbuf_4)
     1    0.03                           Result[2] (net)
                  0.11    0.00    3.74 ^ Result[2] (out)
                                  3.74   data arrival time

                  0.00   10.00   10.00   clock clk (rise edge)
                          0.00   10.00   clock network delay (ideal)
                         -0.25    9.75   clock uncertainty
                          0.00    9.75   clock reconvergence pessimism
                         -2.00    7.75   output external delay
                                  7.75   data required time
-----------------------------------------------------------------------------
                                  7.75   data required time
                                 -3.74   data arrival time
-----------------------------------------------------------------------------
                                  4.01   slack (MET)


Startpoint: Sel[2] (input port clocked by clk)
Endpoint: Result[3] (output port clocked by clk)
Path Group: clk
Path Type: max

Fanout     Cap    Slew   Delay    Time   Description
-----------------------------------------------------------------------------
                  0.00    0.00    0.00   clock clk (rise edge)
                          0.00    0.00   clock network delay (ideal)
                          2.00    2.00 ^ input external delay
                  0.02    0.01    2.01 ^ Sel[2] (in)
     1    0.00                           Sel[2] (net)
                  0.02    0.00    2.01 ^ input19/A (sky130_fd_sc_hd__clkbuf_2)
                  0.08    0.13    2.14 ^ input19/X (sky130_fd_sc_hd__clkbuf_2)
     7    0.01                           net19 (net)
                  0.08    0.00    2.14 ^ _192_/B_N (sky130_fd_sc_hd__or2b_1)
                  0.07    0.26    2.40 v _192_/X (sky130_fd_sc_hd__or2b_1)
     3    0.01                           _125_ (net)
                  0.07    0.00    2.40 v _198_/A (sky130_fd_sc_hd__or3b_4)
                  0.09    0.45    2.85 v _198_/X (sky130_fd_sc_hd__or3b_4)
     8    0.02                           _131_ (net)
                  0.09    0.00    2.85 v _241_/B (sky130_fd_sc_hd__or3b_1)
                  0.06    0.36    3.21 v _241_/X (sky130_fd_sc_hd__or3b_1)
     1    0.00                           _172_ (net)
                  0.06    0.00    3.21 v _246_/C (sky130_fd_sc_hd__and4_1)
                  0.04    0.19    3.40 v _246_/X (sky130_fd_sc_hd__and4_1)
     1    0.00                           _001_ (net)
                  0.04    0.00    3.40 v _255_/A (sky130_fd_sc_hd__nand2_1)
                  0.06    0.07    3.47 ^ _255_/Y (sky130_fd_sc_hd__nand2_1)
     2    0.00                           net25 (net)
                  0.06    0.00    3.47 ^ output25/A (sky130_fd_sc_hd__clkbuf_4)
                  0.11    0.20    3.67 ^ output25/X (sky130_fd_sc_hd__clkbuf_4)
     1    0.03                           Result[3] (net)
                  0.11    0.00    3.67 ^ Result[3] (out)
                                  3.67   data arrival time

                  0.00   10.00   10.00   clock clk (rise edge)
                          0.00   10.00   clock network delay (ideal)
                         -0.25    9.75   clock uncertainty
                          0.00    9.75   clock reconvergence pessimism
                         -2.00    7.75   output external delay
                                  7.75   data required time
-----------------------------------------------------------------------------
                                  7.75   data required time
                                 -3.67   data arrival time
-----------------------------------------------------------------------------
                                  4.08   slack (MET)


Startpoint: Sel[2] (input port clocked by clk)
Endpoint: Result[1] (output port clocked by clk)
Path Group: clk
Path Type: max

Fanout     Cap    Slew   Delay    Time   Description
-----------------------------------------------------------------------------
                  0.00    0.00    0.00   clock clk (rise edge)
                          0.00    0.00   clock network delay (ideal)
                          2.00    2.00 ^ input external delay
                  0.02    0.01    2.01 ^ Sel[2] (in)
     1    0.00                           Sel[2] (net)
                  0.02    0.00    2.01 ^ input19/A (sky130_fd_sc_hd__clkbuf_2)
                  0.08    0.13    2.14 ^ input19/X (sky130_fd_sc_hd__clkbuf_2)
     7    0.01                           net19 (net)
                  0.08    0.00    2.14 ^ _192_/B_N (sky130_fd_sc_hd__or2b_1)
                  0.07    0.26    2.40 v _192_/X (sky130_fd_sc_hd__or2b_1)
     3    0.01                           _125_ (net)
                  0.07    0.00    2.40 v _198_/A (sky130_fd_sc_hd__or3b_4)
                  0.09    0.45    2.85 v _198_/X (sky130_fd_sc_hd__or3b_4)
     8    0.02                           _131_ (net)
                  0.09    0.00    2.85 v _200_/A1 (sky130_fd_sc_hd__mux2_1)
                  0.05    0.31    3.16 v _200_/X (sky130_fd_sc_hd__mux2_1)
     1    0.00                           _133_ (net)
                  0.05    0.00    3.16 v _204_/C1 (sky130_fd_sc_hd__o2111a_1)
                  0.04    0.13    3.29 v _204_/X (sky130_fd_sc_hd__o2111a_1)
     1    0.00                           _137_ (net)
                  0.04    0.00    3.29 v _205_/B1 (sky130_fd_sc_hd__o21ai_1)
                  0.10    0.07    3.36 ^ _205_/Y (sky130_fd_sc_hd__o21ai_1)
     1    0.00                           _138_ (net)
                  0.10    0.00    3.36 ^ _206_/B1 (sky130_fd_sc_hd__a31o_2)
                  0.05    0.12    3.48 ^ _206_/X (sky130_fd_sc_hd__a31o_2)
     2    0.00                           net23 (net)
                  0.05    0.00    3.48 ^ output23/A (sky130_fd_sc_hd__clkbuf_4)
                  0.11    0.19    3.67 ^ output23/X (sky130_fd_sc_hd__clkbuf_4)
     1    0.03                           Result[1] (net)
                  0.11    0.00    3.67 ^ Result[1] (out)
                                  3.67   data arrival time

                  0.00   10.00   10.00   clock clk (rise edge)
                          0.00   10.00   clock network delay (ideal)
                         -0.25    9.75   clock uncertainty
                          0.00    9.75   clock reconvergence pessimism
                         -2.00    7.75   output external delay
                                  7.75   data required time
-----------------------------------------------------------------------------
                                  7.75   data required time
                                 -3.67   data arrival time
-----------------------------------------------------------------------------
                                  4.08   slack (MET)


Startpoint: Sel[0] (input port clocked by clk)
Endpoint: Result[0] (output port clocked by clk)
Path Group: clk
Path Type: max

Fanout     Cap    Slew   Delay    Time   Description
-----------------------------------------------------------------------------
                  0.00    0.00    0.00   clock clk (rise edge)
                          0.00    0.00   clock network delay (ideal)
                          2.00    2.00 v input external delay
                  0.01    0.00    2.00 v Sel[0] (in)
     1    0.00                           Sel[0] (net)
                  0.01    0.00    2.00 v input17/A (sky130_fd_sc_hd__buf_1)
                  0.03    0.08    2.08 v input17/X (sky130_fd_sc_hd__buf_1)
     2    0.00                           net17 (net)
                  0.03    0.00    2.08 v _180_/A (sky130_fd_sc_hd__clkbuf_4)
                  0.07    0.17    2.26 v _180_/X (sky130_fd_sc_hd__clkbuf_4)
    10    0.03                           _113_ (net)
                  0.07    0.00    2.26 v _191_/C (sky130_fd_sc_hd__or4b_4)
                  0.11    0.55    2.81 v _191_/X (sky130_fd_sc_hd__or4b_4)
     8    0.02                           _124_ (net)
                  0.11    0.00    2.81 v _353_/A2_N (sky130_fd_sc_hd__a2bb2o_1)
                  0.04    0.27    3.08 ^ _353_/X (sky130_fd_sc_hd__a2bb2o_1)
     1    0.00                           _102_ (net)
                  0.04    0.00    3.08 ^ _354_/C1 (sky130_fd_sc_hd__a211o_1)
                  0.05    0.10    3.17 ^ _354_/X (sky130_fd_sc_hd__a211o_1)
     2    0.00                           net22 (net)
                  0.05    0.00    3.17 ^ output22/A (sky130_fd_sc_hd__clkbuf_4)
                  0.11    0.19    3.37 ^ output22/X (sky130_fd_sc_hd__clkbuf_4)
     1    0.03                           Result[0] (net)
                  0.11    0.00    3.37 ^ Result[0] (out)
                                  3.37   data arrival time

                  0.00   10.00   10.00   clock clk (rise edge)
                          0.00   10.00   clock network delay (ideal)
                         -0.25    9.75   clock uncertainty
                          0.00    9.75   clock reconvergence pessimism
                         -2.00    7.75   output external delay
                                  7.75   data required time
-----------------------------------------------------------------------------
                                  7.75   data required time
                                 -3.37   data arrival time
-----------------------------------------------------------------------------
                                  4.38   slack (MET)



