
===========================================================================
report_checks -path_delay min (Hold)
============================================================================
======================= Fastest Corner ===================================

Startpoint: Sel[2] (input port clocked by clk)
Endpoint: Result[1] (output port clocked by clk)
Path Group: clk
Path Type: min
Corner: Fastest

Fanout     Cap    Slew   Delay    Time   Description
-----------------------------------------------------------------------------
                  0.00    0.00    0.00   clock clk (rise edge)
                          0.00    0.00   clock network delay (ideal)
                          2.00    2.00 ^ input external delay
                  0.01    0.01    2.01 ^ Sel[2] (in)
     1    0.00                           Sel[2] (net)
                  0.01    0.00    2.01 ^ input19/A (sky130_fd_sc_hd__clkbuf_2)
                  0.12    0.12    2.12 ^ input19/X (sky130_fd_sc_hd__clkbuf_2)
     7    0.03                           net19 (net)
                  0.12    0.00    2.12 ^ _182_/A (sky130_fd_sc_hd__nor4_1)
                  0.04    0.05    2.18 v _182_/Y (sky130_fd_sc_hd__nor4_1)
     2    0.01                           _115_ (net)
                  0.04    0.00    2.18 v _206_/A2 (sky130_fd_sc_hd__a31o_2)
                  0.05    0.18    2.35 v _206_/X (sky130_fd_sc_hd__a31o_2)
     2    0.02                           net23 (net)
                  0.05    0.00    2.36 v output23/A (sky130_fd_sc_hd__clkbuf_4)
                  0.06    0.12    2.48 v output23/X (sky130_fd_sc_hd__clkbuf_4)
     1    0.03                           Result[1] (net)
                  0.06    0.00    2.48 v Result[1] (out)
                                  2.48   data arrival time

                  0.00    0.00    0.00   clock clk (rise edge)
                          0.00    0.00   clock network delay (ideal)
                          0.25    0.25   clock uncertainty
                          0.00    0.25   clock reconvergence pessimism
                         -2.00   -1.75   output external delay
                                 -1.75   data required time
-----------------------------------------------------------------------------
                                 -1.75   data required time
                                 -2.48   data arrival time
-----------------------------------------------------------------------------
                                  4.23   slack (MET)


Startpoint: Sel[1] (input port clocked by clk)
Endpoint: Result[7] (output port clocked by clk)
Path Group: clk
Path Type: min
Corner: Fastest

Fanout     Cap    Slew   Delay    Time   Description
-----------------------------------------------------------------------------
                  0.00    0.00    0.00   clock clk (rise edge)
                          0.00    0.00   clock network delay (ideal)
                          2.00    2.00 ^ input external delay
                  0.02    0.01    2.01 ^ Sel[1] (in)
     1    0.00                           Sel[1] (net)
                  0.02    0.00    2.01 ^ input18/A (sky130_fd_sc_hd__clkbuf_2)
                  0.09    0.10    2.11 ^ input18/X (sky130_fd_sc_hd__clkbuf_2)
     4    0.02                           net18 (net)
                  0.09    0.00    2.11 ^ _181_/A (sky130_fd_sc_hd__buf_4)
                  0.09    0.12    2.23 ^ _181_/X (sky130_fd_sc_hd__buf_4)
    10    0.04                           _114_ (net)
                  0.09    0.00    2.23 ^ _342_/D1 (sky130_fd_sc_hd__a2111o_1)
                  0.07    0.08    2.31 ^ _342_/X (sky130_fd_sc_hd__a2111o_1)
     1    0.01                           _093_ (net)
                  0.07    0.00    2.31 ^ _343_/C1 (sky130_fd_sc_hd__o211ai_4)
                  0.06    0.06    2.37 v _343_/Y (sky130_fd_sc_hd__o211ai_4)
     2    0.03                           net29 (net)
                  0.06    0.00    2.37 v output29/A (sky130_fd_sc_hd__clkbuf_4)
                  0.06    0.13    2.50 v output29/X (sky130_fd_sc_hd__clkbuf_4)
     1    0.03                           Result[7] (net)
                  0.06    0.00    2.50 v Result[7] (out)
                                  2.50   data arrival time

                  0.00    0.00    0.00   clock clk (rise edge)
                          0.00    0.00   clock network delay (ideal)
                          0.25    0.25   clock uncertainty
                          0.00    0.25   clock reconvergence pessimism
                         -2.00   -1.75   output external delay
                                 -1.75   data required time
-----------------------------------------------------------------------------
                                 -1.75   data required time
                                 -2.50   data arrival time
-----------------------------------------------------------------------------
                                  4.25   slack (MET)


Startpoint: A[2] (input port clocked by clk)
Endpoint: Result[2] (output port clocked by clk)
Path Group: clk
Path Type: min
Corner: Fastest

Fanout     Cap    Slew   Delay    Time   Description
-----------------------------------------------------------------------------
                  0.00    0.00    0.00   clock clk (rise edge)
                          0.00    0.00   clock network delay (ideal)
                          2.00    2.00 ^ input external delay
                  0.01    0.01    2.01 ^ A[2] (in)
     1    0.00                           A[2] (net)
                  0.01    0.00    2.01 ^ input3/A (sky130_fd_sc_hd__clkbuf_4)
                  0.11    0.13    2.14 ^ input3/X (sky130_fd_sc_hd__clkbuf_4)
     9    0.05                           net3 (net)
                  0.11    0.00    2.14 ^ _220_/A1 (sky130_fd_sc_hd__o221a_1)
                  0.03    0.10    2.24 ^ _220_/X (sky130_fd_sc_hd__o221a_1)
     1    0.00                           _152_ (net)
                  0.03    0.00    2.24 ^ _232_/A (sky130_fd_sc_hd__and3_1)
                  0.05    0.09    2.33 ^ _232_/X (sky130_fd_sc_hd__and3_1)
     1    0.01                           _164_ (net)
                  0.05    0.00    2.33 ^ _233_/B1 (sky130_fd_sc_hd__o21ai_2)
                  0.05    0.05    2.38 v _233_/Y (sky130_fd_sc_hd__o21ai_2)
     2    0.02                           net24 (net)
                  0.05    0.00    2.38 v output24/A (sky130_fd_sc_hd__clkbuf_4)
                  0.06    0.12    2.50 v output24/X (sky130_fd_sc_hd__clkbuf_4)
     1    0.03                           Result[2] (net)
                  0.06    0.00    2.50 v Result[2] (out)
                                  2.50   data arrival time

                  0.00    0.00    0.00   clock clk (rise edge)
                          0.00    0.00   clock network delay (ideal)
                          0.25    0.25   clock uncertainty
                          0.00    0.25   clock reconvergence pessimism
                         -2.00   -1.75   output external delay
                                 -1.75   data required time
-----------------------------------------------------------------------------
                                 -1.75   data required time
                                 -2.50   data arrival time
-----------------------------------------------------------------------------
                                  4.25   slack (MET)


Startpoint: A[5] (input port clocked by clk)
Endpoint: Result[5] (output port clocked by clk)
Path Group: clk
Path Type: min
Corner: Fastest

Fanout     Cap    Slew   Delay    Time   Description
-----------------------------------------------------------------------------
                  0.00    0.00    0.00   clock clk (rise edge)
                          0.00    0.00   clock network delay (ideal)
                          2.00    2.00 v input external delay
                  0.00    0.00    2.00 v A[5] (in)
     1    0.00                           A[5] (net)
                  0.00    0.00    2.00 v input6/A (sky130_fd_sc_hd__buf_2)
                  0.07    0.10    2.11 v input6/X (sky130_fd_sc_hd__buf_2)
     8    0.04                           net6 (net)
                  0.07    0.00    2.11 v _296_/B1 (sky130_fd_sc_hd__o21ai_1)
                  0.04    0.06    2.16 ^ _296_/Y (sky130_fd_sc_hd__o21ai_1)
     1    0.00                           _049_ (net)
                  0.04    0.00    2.16 ^ _297_/A2 (sky130_fd_sc_hd__a21o_1)
                  0.03    0.07    2.24 ^ _297_/X (sky130_fd_sc_hd__a21o_1)
     1    0.00                           _050_ (net)
                  0.03    0.00    2.24 ^ _298_/C1 (sky130_fd_sc_hd__o211ai_1)
                  0.03    0.03    2.27 v _298_/Y (sky130_fd_sc_hd__o211ai_1)
     1    0.00                           _051_ (net)
                  0.03    0.00    2.27 v _299_/B1 (sky130_fd_sc_hd__a31o_1)
                  0.07    0.10    2.37 v _299_/X (sky130_fd_sc_hd__a31o_1)
     2    0.02                           net27 (net)
                  0.07    0.00    2.37 v output27/A (sky130_fd_sc_hd__clkbuf_4)
                  0.06    0.13    2.50 v output27/X (sky130_fd_sc_hd__clkbuf_4)
     1    0.03                           Result[5] (net)
                  0.06    0.00    2.50 v Result[5] (out)
                                  2.50   data arrival time

                  0.00    0.00    0.00   clock clk (rise edge)
                          0.00    0.00   clock network delay (ideal)
                          0.25    0.25   clock uncertainty
                          0.00    0.25   clock reconvergence pessimism
                         -2.00   -1.75   output external delay
                                 -1.75   data required time
-----------------------------------------------------------------------------
                                 -1.75   data required time
                                 -2.50   data arrival time
-----------------------------------------------------------------------------
                                  4.25   slack (MET)


Startpoint: B[4] (input port clocked by clk)
Endpoint: Zero (output port clocked by clk)
Path Group: clk
Path Type: min
Corner: Fastest

Fanout     Cap    Slew   Delay    Time   Description
-----------------------------------------------------------------------------
                  0.00    0.00    0.00   clock clk (rise edge)
                          0.00    0.00   clock network delay (ideal)
                          2.00    2.00 ^ input external delay
                  0.02    0.01    2.01 ^ B[4] (in)
     1    0.00                           B[4] (net)
                  0.02    0.00    2.01 ^ input13/A (sky130_fd_sc_hd__clkbuf_2)
                  0.09    0.10    2.11 ^ input13/X (sky130_fd_sc_hd__clkbuf_2)
     4    0.02                           net13 (net)
                  0.09    0.00    2.11 ^ _256_/B (sky130_fd_sc_hd__nor2_1)
                  0.04    0.04    2.15 v _256_/Y (sky130_fd_sc_hd__nor2_1)
     2    0.01                           _010_ (net)
                  0.04    0.00    2.15 v _264_/A (sky130_fd_sc_hd__nor2_1)
                  0.15    0.13    2.28 ^ _264_/Y (sky130_fd_sc_hd__nor2_1)
     3    0.01                           _018_ (net)
                  0.15    0.00    2.28 ^ _360_/A (sky130_fd_sc_hd__or4bb_1)
                  0.05    0.10    2.38 ^ _360_/X (sky130_fd_sc_hd__or4bb_1)
     1    0.01                           _108_ (net)
                  0.05    0.00    2.38 ^ _361_/B1 (sky130_fd_sc_hd__o31ai_2)
                  0.03    0.03    2.41 v _361_/Y (sky130_fd_sc_hd__o31ai_2)
     1    0.01                           net30 (net)
                  0.03    0.00    2.41 v output30/A (sky130_fd_sc_hd__buf_4)
                  0.04    0.10    2.51 v output30/X (sky130_fd_sc_hd__buf_4)
     1    0.03                           Zero (net)
                  0.04    0.00    2.51 v Zero (out)
                                  2.51   data arrival time

                  0.00    0.00    0.00   clock clk (rise edge)
                          0.00    0.00   clock network delay (ideal)
                          0.25    0.25   clock uncertainty
                          0.00    0.25   clock reconvergence pessimism
                         -2.00   -1.75   output external delay
                                 -1.75   data required time
-----------------------------------------------------------------------------
                                 -1.75   data required time
                                 -2.51   data arrival time
-----------------------------------------------------------------------------
                                  4.26   slack (MET)


Startpoint: A[6] (input port clocked by clk)
Endpoint: Result[6] (output port clocked by clk)
Path Group: clk
Path Type: min
Corner: Fastest

Fanout     Cap    Slew   Delay    Time   Description
-----------------------------------------------------------------------------
                  0.00    0.00    0.00   clock clk (rise edge)
                          0.00    0.00   clock network delay (ideal)
                          2.00    2.00 v input external delay
                  0.00    0.00    2.00 v A[6] (in)
     1    0.00                           A[6] (net)
                  0.00    0.00    2.00 v input7/A (sky130_fd_sc_hd__buf_2)
                  0.07    0.10    2.10 v input7/X (sky130_fd_sc_hd__buf_2)
     8    0.04                           net7 (net)
                  0.07    0.00    2.11 v _317_/A (sky130_fd_sc_hd__nand2_1)
                  0.04    0.05    2.16 ^ _317_/Y (sky130_fd_sc_hd__nand2_1)
     1    0.00                           _069_ (net)
                  0.04    0.00    2.16 ^ _318_/A2 (sky130_fd_sc_hd__a21o_1)
                  0.03    0.07    2.23 ^ _318_/X (sky130_fd_sc_hd__a21o_1)
     1    0.00                           _070_ (net)
                  0.03    0.00    2.23 ^ _319_/C1 (sky130_fd_sc_hd__o211ai_1)
                  0.03    0.03    2.26 v _319_/Y (sky130_fd_sc_hd__o211ai_1)
     1    0.00                           _071_ (net)
                  0.03    0.00    2.26 v _320_/B1 (sky130_fd_sc_hd__a31o_1)
                  0.09    0.12    2.38 v _320_/X (sky130_fd_sc_hd__a31o_1)
     2    0.03                           net28 (net)
                  0.09    0.00    2.38 v output28/A (sky130_fd_sc_hd__clkbuf_4)
                  0.06    0.14    2.52 v output28/X (sky130_fd_sc_hd__clkbuf_4)
     1    0.03                           Result[6] (net)
                  0.06    0.00    2.52 v Result[6] (out)
                                  2.52   data arrival time

                  0.00    0.00    0.00   clock clk (rise edge)
                          0.00    0.00   clock network delay (ideal)
                          0.25    0.25   clock uncertainty
                          0.00    0.25   clock reconvergence pessimism
                         -2.00   -1.75   output external delay
                                 -1.75   data required time
-----------------------------------------------------------------------------
                                 -1.75   data required time
                                 -2.52   data arrival time
-----------------------------------------------------------------------------
                                  4.27   slack (MET)


Startpoint: B[7] (input port clocked by clk)
Endpoint: CarryOut (output port clocked by clk)
Path Group: clk
Path Type: min
Corner: Fastest

Fanout     Cap    Slew   Delay    Time   Description
-----------------------------------------------------------------------------
                  0.00    0.00    0.00   clock clk (rise edge)
                          0.00    0.00   clock network delay (ideal)
                          2.00    2.00 ^ input external delay
                  0.02    0.01    2.01 ^ B[7] (in)
     1    0.00                           B[7] (net)
                  0.02    0.00    2.01 ^ input16/A (sky130_fd_sc_hd__clkbuf_2)
                  0.12    0.12    2.12 ^ input16/X (sky130_fd_sc_hd__clkbuf_2)
     4    0.03                           net16 (net)
                  0.12    0.00    2.13 ^ _345_/A2 (sky130_fd_sc_hd__o211a_1)
                  0.03    0.09    2.21 ^ _345_/X (sky130_fd_sc_hd__o211a_1)
     1    0.00                           _095_ (net)
                  0.03    0.00    2.21 ^ _348_/A (sky130_fd_sc_hd__or3b_1)
                  0.08    0.10    2.31 ^ _348_/X (sky130_fd_sc_hd__or3b_1)
     1    0.01                           _098_ (net)
                  0.08    0.00    2.31 ^ _349_/A (sky130_fd_sc_hd__buf_1)
                  0.08    0.09    2.40 ^ _349_/X (sky130_fd_sc_hd__buf_1)
     1    0.01                           net21 (net)
                  0.08    0.00    2.40 ^ output21/A (sky130_fd_sc_hd__clkbuf_4)
                  0.08    0.13    2.53 ^ output21/X (sky130_fd_sc_hd__clkbuf_4)
     1    0.03                           CarryOut (net)
                  0.08    0.00    2.53 ^ CarryOut (out)
                                  2.53   data arrival time

                  0.00    0.00    0.00   clock clk (rise edge)
                          0.00    0.00   clock network delay (ideal)
                          0.25    0.25   clock uncertainty
                          0.00    0.25   clock reconvergence pessimism
                         -2.00   -1.75   output external delay
                                 -1.75   data required time
-----------------------------------------------------------------------------
                                 -1.75   data required time
                                 -2.53   data arrival time
-----------------------------------------------------------------------------
                                  4.28   slack (MET)


Startpoint: A[3] (input port clocked by clk)
Endpoint: Result[3] (output port clocked by clk)
Path Group: clk
Path Type: min
Corner: Fastest

Fanout     Cap    Slew   Delay    Time   Description
-----------------------------------------------------------------------------
                  0.00    0.00    0.00   clock clk (rise edge)
                          0.00    0.00   clock network delay (ideal)
                          2.00    2.00 ^ input external delay
                  0.01    0.01    2.01 ^ A[3] (in)
     1    0.00                           A[3] (net)
                  0.01    0.00    2.01 ^ input4/A (sky130_fd_sc_hd__buf_4)
                  0.13    0.13    2.14 ^ input4/X (sky130_fd_sc_hd__buf_4)
    10    0.06                           net4 (net)
                  0.13    0.01    2.14 ^ _238_/A1 (sky130_fd_sc_hd__o22a_1)
                  0.02    0.08    2.22 ^ _238_/X (sky130_fd_sc_hd__o22a_1)
     1    0.00                           _169_ (net)
                  0.02    0.00    2.22 ^ _246_/B (sky130_fd_sc_hd__and4_1)
                  0.04    0.09    2.32 ^ _246_/X (sky130_fd_sc_hd__and4_1)
     1    0.00                           _001_ (net)
                  0.04    0.00    2.32 ^ _255_/A (sky130_fd_sc_hd__nand2_1)
                  0.09    0.07    2.39 v _255_/Y (sky130_fd_sc_hd__nand2_1)
     2    0.02                           net25 (net)
                  0.09    0.00    2.39 v output25/A (sky130_fd_sc_hd__clkbuf_4)
                  0.06    0.14    2.53 v output25/X (sky130_fd_sc_hd__clkbuf_4)
     1    0.03                           Result[3] (net)
                  0.06    0.00    2.53 v Result[3] (out)
                                  2.53   data arrival time

                  0.00    0.00    0.00   clock clk (rise edge)
                          0.00    0.00   clock network delay (ideal)
                          0.25    0.25   clock uncertainty
                          0.00    0.25   clock reconvergence pessimism
                         -2.00   -1.75   output external delay
                                 -1.75   data required time
-----------------------------------------------------------------------------
                                 -1.75   data required time
                                 -2.53   data arrival time
-----------------------------------------------------------------------------
                                  4.28   slack (MET)


Startpoint: B[0] (input port clocked by clk)
Endpoint: Result[0] (output port clocked by clk)
Path Group: clk
Path Type: min
Corner: Fastest

Fanout     Cap    Slew   Delay    Time   Description
-----------------------------------------------------------------------------
                  0.00    0.00    0.00   clock clk (rise edge)
                          0.00    0.00   clock network delay (ideal)
                          2.00    2.00 ^ input external delay
                  0.01    0.01    2.01 ^ B[0] (in)
     1    0.00                           B[0] (net)
                  0.01    0.00    2.01 ^ input9/A (sky130_fd_sc_hd__dlymetal6s2s_1)
                  0.14    0.12    2.13 ^ input9/X (sky130_fd_sc_hd__dlymetal6s2s_1)
     3    0.02                           net9 (net)
                  0.14    0.00    2.13 ^ _350_/A (sky130_fd_sc_hd__or2_1)
                  0.09    0.11    2.25 ^ _350_/X (sky130_fd_sc_hd__or2_1)
     3    0.01                           _099_ (net)
                  0.09    0.00    2.25 ^ _354_/A2 (sky130_fd_sc_hd__a211o_1)
                  0.12    0.14    2.39 ^ _354_/X (sky130_fd_sc_hd__a211o_1)
     2    0.02                           net22 (net)
                  0.12    0.00    2.39 ^ output22/A (sky130_fd_sc_hd__clkbuf_4)
                  0.09    0.14    2.53 ^ output22/X (sky130_fd_sc_hd__clkbuf_4)
     1    0.03                           Result[0] (net)
                  0.09    0.00    2.53 ^ Result[0] (out)
                                  2.53   data arrival time

                  0.00    0.00    0.00   clock clk (rise edge)
                          0.00    0.00   clock network delay (ideal)
                          0.25    0.25   clock uncertainty
                          0.00    0.25   clock reconvergence pessimism
                         -2.00   -1.75   output external delay
                                 -1.75   data required time
-----------------------------------------------------------------------------
                                 -1.75   data required time
                                 -2.53   data arrival time
-----------------------------------------------------------------------------
                                  4.28   slack (MET)


Startpoint: B[4] (input port clocked by clk)
Endpoint: Result[4] (output port clocked by clk)
Path Group: clk
Path Type: min
Corner: Fastest

Fanout     Cap    Slew   Delay    Time   Description
-----------------------------------------------------------------------------
                  0.00    0.00    0.00   clock clk (rise edge)
                          0.00    0.00   clock network delay (ideal)
                          2.00    2.00 ^ input external delay
                  0.02    0.01    2.01 ^ B[4] (in)
     1    0.00                           B[4] (net)
                  0.02    0.00    2.01 ^ input13/A (sky130_fd_sc_hd__clkbuf_2)
                  0.09    0.10    2.11 ^ input13/X (sky130_fd_sc_hd__clkbuf_2)
     4    0.02                           net13 (net)
                  0.09    0.00    2.11 ^ _256_/B (sky130_fd_sc_hd__nor2_1)
                  0.04    0.04    2.15 v _256_/Y (sky130_fd_sc_hd__nor2_1)
     2    0.01                           _010_ (net)
                  0.04    0.00    2.15 v _262_/A1 (sky130_fd_sc_hd__o221ai_1)
                  0.03    0.11    2.26 ^ _262_/Y (sky130_fd_sc_hd__o221ai_1)
     1    0.00                           _016_ (net)
                  0.03    0.00    2.26 ^ _278_/A (sky130_fd_sc_hd__or3b_1)
                  0.03    0.06    2.32 ^ _278_/X (sky130_fd_sc_hd__or3b_1)
     1    0.00                           _032_ (net)
                  0.03    0.00    2.32 ^ _279_/A (sky130_fd_sc_hd__clkbuf_2)
                  0.09    0.10    2.42 ^ _279_/X (sky130_fd_sc_hd__clkbuf_2)
     2    0.02                           net26 (net)
                  0.09    0.00    2.42 ^ output26/A (sky130_fd_sc_hd__clkbuf_4)
                  0.08    0.14    2.56 ^ output26/X (sky130_fd_sc_hd__clkbuf_4)
     1    0.03                           Result[4] (net)
                  0.08    0.00    2.56 ^ Result[4] (out)
                                  2.56   data arrival time

                  0.00    0.00    0.00   clock clk (rise edge)
                          0.00    0.00   clock network delay (ideal)
                          0.25    0.25   clock uncertainty
                          0.00    0.25   clock reconvergence pessimism
                         -2.00   -1.75   output external delay
                                 -1.75   data required time
-----------------------------------------------------------------------------
                                 -1.75   data required time
                                 -2.56   data arrival time
-----------------------------------------------------------------------------
                                  4.31   slack (MET)



======================= Slowest Corner ===================================

Startpoint: Sel[2] (input port clocked by clk)
Endpoint: Result[1] (output port clocked by clk)
Path Group: clk
Path Type: min
Corner: Slowest

Fanout     Cap    Slew   Delay    Time   Description
-----------------------------------------------------------------------------
                  0.00    0.00    0.00   clock clk (rise edge)
                          0.00    0.00   clock network delay (ideal)
                          2.00    2.00 ^ input external delay
                  0.03    0.01    2.01 ^ Sel[2] (in)
     1    0.00                           Sel[2] (net)
                  0.03    0.00    2.01 ^ input19/A (sky130_fd_sc_hd__clkbuf_2)
                  0.23    0.28    2.29 ^ input19/X (sky130_fd_sc_hd__clkbuf_2)
     7    0.03                           net19 (net)
                  0.23    0.00    2.29 ^ _182_/A (sky130_fd_sc_hd__nor4_1)
                  0.09    0.18    2.47 v _182_/Y (sky130_fd_sc_hd__nor4_1)
     2    0.01                           _115_ (net)
                  0.09    0.00    2.48 v _206_/A2 (sky130_fd_sc_hd__a31o_2)
                  0.14    0.50    2.97 v _206_/X (sky130_fd_sc_hd__a31o_2)
     2    0.02                           net23 (net)
                  0.14    0.00    2.97 v output23/A (sky130_fd_sc_hd__clkbuf_4)
                  0.14    0.34    3.31 v output23/X (sky130_fd_sc_hd__clkbuf_4)
     1    0.03                           Result[1] (net)
                  0.14    0.00    3.31 v Result[1] (out)
                                  3.31   data arrival time

                  0.00    0.00    0.00   clock clk (rise edge)
                          0.00    0.00   clock network delay (ideal)
                          0.25    0.25   clock uncertainty
                          0.00    0.25   clock reconvergence pessimism
                         -2.00   -1.75   output external delay
                                 -1.75   data required time
-----------------------------------------------------------------------------
                                 -1.75   data required time
                                 -3.31   data arrival time
-----------------------------------------------------------------------------
                                  5.06   slack (MET)


Startpoint: B[0] (input port clocked by clk)
Endpoint: Result[0] (output port clocked by clk)
Path Group: clk
Path Type: min
Corner: Slowest

Fanout     Cap    Slew   Delay    Time   Description
-----------------------------------------------------------------------------
                  0.00    0.00    0.00   clock clk (rise edge)
                          0.00    0.00   clock network delay (ideal)
                          2.00    2.00 ^ input external delay
                  0.03    0.02    2.02 ^ B[0] (in)
     1    0.00                           B[0] (net)
                  0.03    0.00    2.02 ^ input9/A (sky130_fd_sc_hd__dlymetal6s2s_1)
                  0.28    0.28    2.30 ^ input9/X (sky130_fd_sc_hd__dlymetal6s2s_1)
     3    0.02                           net9 (net)
                  0.28    0.00    2.30 ^ _350_/A (sky130_fd_sc_hd__or2_1)
                  0.19    0.32    2.62 ^ _350_/X (sky130_fd_sc_hd__or2_1)
     3    0.01                           _099_ (net)
                  0.19    0.00    2.62 ^ _354_/A2 (sky130_fd_sc_hd__a211o_1)
                  0.24    0.40    3.02 ^ _354_/X (sky130_fd_sc_hd__a211o_1)
     2    0.02                           net22 (net)
                  0.24    0.00    3.02 ^ output22/A (sky130_fd_sc_hd__clkbuf_4)
                  0.18    0.39    3.41 ^ output22/X (sky130_fd_sc_hd__clkbuf_4)
     1    0.03                           Result[0] (net)
                  0.18    0.00    3.41 ^ Result[0] (out)
                                  3.41   data arrival time

                  0.00    0.00    0.00   clock clk (rise edge)
                          0.00    0.00   clock network delay (ideal)
                          0.25    0.25   clock uncertainty
                          0.00    0.25   clock reconvergence pessimism
                         -2.00   -1.75   output external delay
                                 -1.75   data required time
-----------------------------------------------------------------------------
                                 -1.75   data required time
                                 -3.41   data arrival time
-----------------------------------------------------------------------------
                                  5.16   slack (MET)


Startpoint: Sel[1] (input port clocked by clk)
Endpoint: Result[2] (output port clocked by clk)
Path Group: clk
Path Type: min
Corner: Slowest

Fanout     Cap    Slew   Delay    Time   Description
-----------------------------------------------------------------------------
                  0.00    0.00    0.00   clock clk (rise edge)
                          0.00    0.00   clock network delay (ideal)
                          2.00    2.00 ^ input external delay
                  0.03    0.02    2.02 ^ Sel[1] (in)
     1    0.00                           Sel[1] (net)
                  0.03    0.00    2.02 ^ input18/A (sky130_fd_sc_hd__clkbuf_2)
                  0.18    0.25    2.26 ^ input18/X (sky130_fd_sc_hd__clkbuf_2)
     4    0.02                           net18 (net)
                  0.18    0.00    2.26 ^ _181_/A (sky130_fd_sc_hd__buf_4)
                  0.18    0.33    2.59 ^ _181_/X (sky130_fd_sc_hd__buf_4)
    10    0.04                           _114_ (net)
                  0.18    0.00    2.59 ^ _213_/A (sky130_fd_sc_hd__nor2_2)
                  0.12    0.17    2.76 v _213_/Y (sky130_fd_sc_hd__nor2_2)
     5    0.02                           _145_ (net)
                  0.12    0.00    2.76 v _215_/A (sky130_fd_sc_hd__nand2_1)
                  0.10    0.13    2.89 ^ _215_/Y (sky130_fd_sc_hd__nand2_1)
     1    0.01                           _147_ (net)
                  0.10    0.00    2.89 ^ _233_/A2 (sky130_fd_sc_hd__o21ai_2)
                  0.18    0.20    3.09 v _233_/Y (sky130_fd_sc_hd__o21ai_2)
     2    0.02                           net24 (net)
                  0.18    0.00    3.09 v output24/A (sky130_fd_sc_hd__clkbuf_4)
                  0.14    0.36    3.45 v output24/X (sky130_fd_sc_hd__clkbuf_4)
     1    0.03                           Result[2] (net)
                  0.14    0.00    3.45 v Result[2] (out)
                                  3.45   data arrival time

                  0.00    0.00    0.00   clock clk (rise edge)
                          0.00    0.00   clock network delay (ideal)
                          0.25    0.25   clock uncertainty
                          0.00    0.25   clock reconvergence pessimism
                         -2.00   -1.75   output external delay
                                 -1.75   data required time
-----------------------------------------------------------------------------
                                 -1.75   data required time
                                 -3.45   data arrival time
-----------------------------------------------------------------------------
                                  5.20   slack (MET)


Startpoint: Sel[1] (input port clocked by clk)
Endpoint: Result[7] (output port clocked by clk)
Path Group: clk
Path Type: min
Corner: Slowest

Fanout     Cap    Slew   Delay    Time   Description
-----------------------------------------------------------------------------
                  0.00    0.00    0.00   clock clk (rise edge)
                          0.00    0.00   clock network delay (ideal)
                          2.00    2.00 ^ input external delay
                  0.03    0.02    2.02 ^ Sel[1] (in)
     1    0.00                           Sel[1] (net)
                  0.03    0.00    2.02 ^ input18/A (sky130_fd_sc_hd__clkbuf_2)
                  0.18    0.25    2.26 ^ input18/X (sky130_fd_sc_hd__clkbuf_2)
     4    0.02                           net18 (net)
                  0.18    0.00    2.26 ^ _181_/A (sky130_fd_sc_hd__buf_4)
                  0.18    0.33    2.59 ^ _181_/X (sky130_fd_sc_hd__buf_4)
    10    0.04                           _114_ (net)
                  0.18    0.00    2.59 ^ _342_/D1 (sky130_fd_sc_hd__a2111o_1)
                  0.14    0.25    2.84 ^ _342_/X (sky130_fd_sc_hd__a2111o_1)
     1    0.01                           _093_ (net)
                  0.14    0.00    2.84 ^ _343_/C1 (sky130_fd_sc_hd__o211ai_4)
                  0.22    0.25    3.09 v _343_/Y (sky130_fd_sc_hd__o211ai_4)
     2    0.03                           net29 (net)
                  0.22    0.00    3.09 v output29/A (sky130_fd_sc_hd__clkbuf_4)
                  0.14    0.37    3.46 v output29/X (sky130_fd_sc_hd__clkbuf_4)
     1    0.03                           Result[7] (net)
                  0.14    0.00    3.46 v Result[7] (out)
                                  3.46   data arrival time

                  0.00    0.00    0.00   clock clk (rise edge)
                          0.00    0.00   clock network delay (ideal)
                          0.25    0.25   clock uncertainty
                          0.00    0.25   clock reconvergence pessimism
                         -2.00   -1.75   output external delay
                                 -1.75   data required time
-----------------------------------------------------------------------------
                                 -1.75   data required time
                                 -3.46   data arrival time
-----------------------------------------------------------------------------
                                  5.21   slack (MET)


Startpoint: Sel[2] (input port clocked by clk)
Endpoint: Zero (output port clocked by clk)
Path Group: clk
Path Type: min
Corner: Slowest

Fanout     Cap    Slew   Delay    Time   Description
-----------------------------------------------------------------------------
                  0.00    0.00    0.00   clock clk (rise edge)
                          0.00    0.00   clock network delay (ideal)
                          2.00    2.00 ^ input external delay
                  0.03    0.01    2.01 ^ Sel[2] (in)
     1    0.00                           Sel[2] (net)
                  0.03    0.00    2.01 ^ input19/A (sky130_fd_sc_hd__clkbuf_2)
                  0.23    0.28    2.29 ^ input19/X (sky130_fd_sc_hd__clkbuf_2)
     7    0.03                           net19 (net)
                  0.23    0.00    2.29 ^ _355_/A (sky130_fd_sc_hd__or4b_1)
                  0.11    0.27    2.56 ^ _355_/X (sky130_fd_sc_hd__or4b_1)
     2    0.01                           _103_ (net)
                  0.11    0.00    2.56 ^ _358_/B1 (sky130_fd_sc_hd__a211o_1)
                  0.14    0.23    2.79 ^ _358_/X (sky130_fd_sc_hd__a211o_1)
     1    0.01                           _106_ (net)
                  0.14    0.00    2.79 ^ _360_/B (sky130_fd_sc_hd__or4bb_1)
                  0.10    0.22    3.01 ^ _360_/X (sky130_fd_sc_hd__or4bb_1)
     1    0.01                           _108_ (net)
                  0.10    0.00    3.01 ^ _361_/B1 (sky130_fd_sc_hd__o31ai_2)
                  0.10    0.16    3.17 v _361_/Y (sky130_fd_sc_hd__o31ai_2)
     1    0.01                           net30 (net)
                  0.10    0.00    3.17 v output30/A (sky130_fd_sc_hd__buf_4)
                  0.10    0.30    3.47 v output30/X (sky130_fd_sc_hd__buf_4)
     1    0.03                           Zero (net)
                  0.10    0.00    3.47 v Zero (out)
                                  3.47   data arrival time

                  0.00    0.00    0.00   clock clk (rise edge)
                          0.00    0.00   clock network delay (ideal)
                          0.25    0.25   clock uncertainty
                          0.00    0.25   clock reconvergence pessimism
                         -2.00   -1.75   output external delay
                                 -1.75   data required time
-----------------------------------------------------------------------------
                                 -1.75   data required time
                                 -3.47   data arrival time
-----------------------------------------------------------------------------
                                  5.22   slack (MET)


Startpoint: B[7] (input port clocked by clk)
Endpoint: CarryOut (output port clocked by clk)
Path Group: clk
Path Type: min
Corner: Slowest

Fanout     Cap    Slew   Delay    Time   Description
-----------------------------------------------------------------------------
                  0.00    0.00    0.00   clock clk (rise edge)
                          0.00    0.00   clock network delay (ideal)
                          2.00    2.00 ^ input external delay
                  0.04    0.02    2.02 ^ B[7] (in)
     1    0.00                           B[7] (net)
                  0.04    0.00    2.02 ^ input16/A (sky130_fd_sc_hd__clkbuf_2)
                  0.23    0.28    2.30 ^ input16/X (sky130_fd_sc_hd__clkbuf_2)
     4    0.03                           net16 (net)
                  0.23    0.00    2.30 ^ _345_/A2 (sky130_fd_sc_hd__o211a_1)
                  0.08    0.32    2.62 ^ _345_/X (sky130_fd_sc_hd__o211a_1)
     1    0.00                           _095_ (net)
                  0.08    0.00    2.62 ^ _348_/A (sky130_fd_sc_hd__or3b_1)
                  0.17    0.25    2.86 ^ _348_/X (sky130_fd_sc_hd__or3b_1)
     1    0.01                           _098_ (net)
                  0.17    0.00    2.86 ^ _349_/A (sky130_fd_sc_hd__buf_1)
                  0.18    0.26    3.12 ^ _349_/X (sky130_fd_sc_hd__buf_1)
     1    0.01                           net21 (net)
                  0.18    0.00    3.12 ^ output21/A (sky130_fd_sc_hd__clkbuf_4)
                  0.18    0.36    3.48 ^ output21/X (sky130_fd_sc_hd__clkbuf_4)
     1    0.03                           CarryOut (net)
                  0.18    0.00    3.48 ^ CarryOut (out)
                                  3.48   data arrival time

                  0.00    0.00    0.00   clock clk (rise edge)
                          0.00    0.00   clock network delay (ideal)
                          0.25    0.25   clock uncertainty
                          0.00    0.25   clock reconvergence pessimism
                         -2.00   -1.75   output external delay
                                 -1.75   data required time
-----------------------------------------------------------------------------
                                 -1.75   data required time
                                 -3.48   data arrival time
-----------------------------------------------------------------------------
                                  5.23   slack (MET)


Startpoint: B[4] (input port clocked by clk)
Endpoint: Result[4] (output port clocked by clk)
Path Group: clk
Path Type: min
Corner: Slowest

Fanout     Cap    Slew   Delay    Time   Description
-----------------------------------------------------------------------------
                  0.00    0.00    0.00   clock clk (rise edge)
                          0.00    0.00   clock network delay (ideal)
                          2.00    2.00 ^ input external delay
                  0.04    0.02    2.02 ^ B[4] (in)
     1    0.00                           B[4] (net)
                  0.04    0.00    2.02 ^ input13/A (sky130_fd_sc_hd__clkbuf_2)
                  0.18    0.25    2.26 ^ input13/X (sky130_fd_sc_hd__clkbuf_2)
     4    0.02                           net13 (net)
                  0.18    0.00    2.26 ^ _256_/B (sky130_fd_sc_hd__nor2_1)
                  0.08    0.14    2.40 v _256_/Y (sky130_fd_sc_hd__nor2_1)
     2    0.01                           _010_ (net)
                  0.08    0.00    2.40 v _262_/A1 (sky130_fd_sc_hd__o221ai_1)
                  0.11    0.28    2.68 ^ _262_/Y (sky130_fd_sc_hd__o221ai_1)
     1    0.00                           _016_ (net)
                  0.11    0.00    2.68 ^ _278_/A (sky130_fd_sc_hd__or3b_1)
                  0.07    0.18    2.87 ^ _278_/X (sky130_fd_sc_hd__or3b_1)
     1    0.00                           _032_ (net)
                  0.07    0.00    2.87 ^ _279_/A (sky130_fd_sc_hd__clkbuf_2)
                  0.19    0.26    3.13 ^ _279_/X (sky130_fd_sc_hd__clkbuf_2)
     2    0.02                           net26 (net)
                  0.19    0.00    3.13 ^ output26/A (sky130_fd_sc_hd__clkbuf_4)
                  0.18    0.36    3.49 ^ output26/X (sky130_fd_sc_hd__clkbuf_4)
     1    0.03                           Result[4] (net)
                  0.18    0.00    3.49 ^ Result[4] (out)
                                  3.49   data arrival time

                  0.00    0.00    0.00   clock clk (rise edge)
                          0.00    0.00   clock network delay (ideal)
                          0.25    0.25   clock uncertainty
                          0.00    0.25   clock reconvergence pessimism
                         -2.00   -1.75   output external delay
                                 -1.75   data required time
-----------------------------------------------------------------------------
                                 -1.75   data required time
                                 -3.49   data arrival time
-----------------------------------------------------------------------------
                                  5.24   slack (MET)


Startpoint: Sel[1] (input port clocked by clk)
Endpoint: Result[5] (output port clocked by clk)
Path Group: clk
Path Type: min
Corner: Slowest

Fanout     Cap    Slew   Delay    Time   Description
-----------------------------------------------------------------------------
                  0.00    0.00    0.00   clock clk (rise edge)
                          0.00    0.00   clock network delay (ideal)
                          2.00    2.00 ^ input external delay
                  0.03    0.02    2.02 ^ Sel[1] (in)
     1    0.00                           Sel[1] (net)
                  0.03    0.00    2.02 ^ input18/A (sky130_fd_sc_hd__clkbuf_2)
                  0.18    0.25    2.26 ^ input18/X (sky130_fd_sc_hd__clkbuf_2)
     4    0.02                           net18 (net)
                  0.18    0.00    2.26 ^ _181_/A (sky130_fd_sc_hd__buf_4)
                  0.18    0.33    2.59 ^ _181_/X (sky130_fd_sc_hd__buf_4)
    10    0.04                           _114_ (net)
                  0.18    0.00    2.59 ^ _213_/A (sky130_fd_sc_hd__nor2_2)
                  0.12    0.17    2.76 v _213_/Y (sky130_fd_sc_hd__nor2_2)
     5    0.02                           _145_ (net)
                  0.12    0.00    2.76 v _299_/A1 (sky130_fd_sc_hd__a31o_1)
                  0.19    0.44    3.20 v _299_/X (sky130_fd_sc_hd__a31o_1)
     2    0.02                           net27 (net)
                  0.19    0.00    3.21 v output27/A (sky130_fd_sc_hd__clkbuf_4)
                  0.14    0.36    3.57 v output27/X (sky130_fd_sc_hd__clkbuf_4)
     1    0.03                           Result[5] (net)
                  0.14    0.00    3.57 v Result[5] (out)
                                  3.57   data arrival time

                  0.00    0.00    0.00   clock clk (rise edge)
                          0.00    0.00   clock network delay (ideal)
                          0.25    0.25   clock uncertainty
                          0.00    0.25   clock reconvergence pessimism
                         -2.00   -1.75   output external delay
                                 -1.75   data required time
-----------------------------------------------------------------------------
                                 -1.75   data required time
                                 -3.57   data arrival time
-----------------------------------------------------------------------------
                                  5.32   slack (MET)


Startpoint: Sel[1] (input port clocked by clk)
Endpoint: Result[6] (output port clocked by clk)
Path Group: clk
Path Type: min
Corner: Slowest

Fanout     Cap    Slew   Delay    Time   Description
-----------------------------------------------------------------------------
                  0.00    0.00    0.00   clock clk (rise edge)
                          0.00    0.00   clock network delay (ideal)
                          2.00    2.00 ^ input external delay
                  0.03    0.02    2.02 ^ Sel[1] (in)
     1    0.00                           Sel[1] (net)
                  0.03    0.00    2.02 ^ input18/A (sky130_fd_sc_hd__clkbuf_2)
                  0.18    0.25    2.26 ^ input18/X (sky130_fd_sc_hd__clkbuf_2)
     4    0.02                           net18 (net)
                  0.18    0.00    2.26 ^ _181_/A (sky130_fd_sc_hd__buf_4)
                  0.18    0.33    2.59 ^ _181_/X (sky130_fd_sc_hd__buf_4)
    10    0.04                           _114_ (net)
                  0.18    0.00    2.59 ^ _213_/A (sky130_fd_sc_hd__nor2_2)
                  0.12    0.17    2.76 v _213_/Y (sky130_fd_sc_hd__nor2_2)
     5    0.02                           _145_ (net)
                  0.12    0.00    2.76 v _320_/A1 (sky130_fd_sc_hd__a31o_1)
                  0.25    0.49    3.25 v _320_/X (sky130_fd_sc_hd__a31o_1)
     2    0.03                           net28 (net)
                  0.25    0.00    3.25 v output28/A (sky130_fd_sc_hd__clkbuf_4)
                  0.14    0.39    3.64 v output28/X (sky130_fd_sc_hd__clkbuf_4)
     1    0.03                           Result[6] (net)
                  0.14    0.00    3.64 v Result[6] (out)
                                  3.64   data arrival time

                  0.00    0.00    0.00   clock clk (rise edge)
                          0.00    0.00   clock network delay (ideal)
                          0.25    0.25   clock uncertainty
                          0.00    0.25   clock reconvergence pessimism
                         -2.00   -1.75   output external delay
                                 -1.75   data required time
-----------------------------------------------------------------------------
                                 -1.75   data required time
                                 -3.64   data arrival time
-----------------------------------------------------------------------------
                                  5.39   slack (MET)


Startpoint: A[3] (input port clocked by clk)
Endpoint: Result[3] (output port clocked by clk)
Path Group: clk
Path Type: min
Corner: Slowest

Fanout     Cap    Slew   Delay    Time   Description
-----------------------------------------------------------------------------
                  0.00    0.00    0.00   clock clk (rise edge)
                          0.00    0.00   clock network delay (ideal)
                          2.00    2.00 v input external delay
                  0.02    0.01    2.01 v A[3] (in)
     1    0.00                           A[3] (net)
                  0.02    0.00    2.01 v input4/A (sky130_fd_sc_hd__buf_4)
                  0.15    0.30    2.31 v input4/X (sky130_fd_sc_hd__buf_4)
    10    0.06                           net4 (net)
                  0.15    0.01    2.32 v _235_/A (sky130_fd_sc_hd__nand2_1)
                  0.07    0.12    2.43 ^ _235_/Y (sky130_fd_sc_hd__nand2_1)
     1    0.00                           _166_ (net)
                  0.07    0.00    2.43 ^ _236_/A2 (sky130_fd_sc_hd__a21o_1)
                  0.07    0.21    2.64 ^ _236_/X (sky130_fd_sc_hd__a21o_1)
     1    0.00                           _167_ (net)
                  0.07    0.00    2.64 ^ _246_/A (sky130_fd_sc_hd__and4_1)
                  0.10    0.32    2.96 ^ _246_/X (sky130_fd_sc_hd__and4_1)
     1    0.00                           _001_ (net)
                  0.10    0.00    2.96 ^ _255_/A (sky130_fd_sc_hd__nand2_1)
                  0.32    0.29    3.25 v _255_/Y (sky130_fd_sc_hd__nand2_1)
     2    0.02                           net25 (net)
                  0.32    0.00    3.25 v output25/A (sky130_fd_sc_hd__clkbuf_4)
                  0.14    0.42    3.68 v output25/X (sky130_fd_sc_hd__clkbuf_4)
     1    0.03                           Result[3] (net)
                  0.14    0.00    3.68 v Result[3] (out)
                                  3.68   data arrival time

                  0.00    0.00    0.00   clock clk (rise edge)
                          0.00    0.00   clock network delay (ideal)
                          0.25    0.25   clock uncertainty
                          0.00    0.25   clock reconvergence pessimism
                         -2.00   -1.75   output external delay
                                 -1.75   data required time
-----------------------------------------------------------------------------
                                 -1.75   data required time
                                 -3.68   data arrival time
-----------------------------------------------------------------------------
                                  5.43   slack (MET)



======================= Typical Corner ===================================

Startpoint: Sel[2] (input port clocked by clk)
Endpoint: Result[1] (output port clocked by clk)
Path Group: clk
Path Type: min
Corner: Typical

Fanout     Cap    Slew   Delay    Time   Description
-----------------------------------------------------------------------------
                  0.00    0.00    0.00   clock clk (rise edge)
                          0.00    0.00   clock network delay (ideal)
                          2.00    2.00 ^ input external delay
                  0.02    0.01    2.01 ^ Sel[2] (in)
     1    0.00                           Sel[2] (net)
                  0.02    0.00    2.01 ^ input19/A (sky130_fd_sc_hd__clkbuf_2)
                  0.15    0.16    2.17 ^ input19/X (sky130_fd_sc_hd__clkbuf_2)
     7    0.03                           net19 (net)
                  0.15    0.00    2.17 ^ _182_/A (sky130_fd_sc_hd__nor4_1)
                  0.05    0.09    2.26 v _182_/Y (sky130_fd_sc_hd__nor4_1)
     2    0.01                           _115_ (net)
                  0.05    0.00    2.26 v _206_/A2 (sky130_fd_sc_hd__a31o_2)
                  0.08    0.27    2.53 v _206_/X (sky130_fd_sc_hd__a31o_2)
     2    0.02                           net23 (net)
                  0.08    0.00    2.53 v output23/A (sky130_fd_sc_hd__clkbuf_4)
                  0.08    0.19    2.72 v output23/X (sky130_fd_sc_hd__clkbuf_4)
     1    0.03                           Result[1] (net)
                  0.08    0.00    2.72 v Result[1] (out)
                                  2.72   data arrival time

                  0.00    0.00    0.00   clock clk (rise edge)
                          0.00    0.00   clock network delay (ideal)
                          0.25    0.25   clock uncertainty
                          0.00    0.25   clock reconvergence pessimism
                         -2.00   -1.75   output external delay
                                 -1.75   data required time
-----------------------------------------------------------------------------
                                 -1.75   data required time
                                 -2.72   data arrival time
-----------------------------------------------------------------------------
                                  4.47   slack (MET)


Startpoint: B[0] (input port clocked by clk)
Endpoint: Result[0] (output port clocked by clk)
Path Group: clk
Path Type: min
Corner: Typical

Fanout     Cap    Slew   Delay    Time   Description
-----------------------------------------------------------------------------
                  0.00    0.00    0.00   clock clk (rise edge)
                          0.00    0.00   clock network delay (ideal)
                          2.00    2.00 ^ input external delay
                  0.02    0.01    2.01 ^ B[0] (in)
     1    0.00                           B[0] (net)
                  0.02    0.00    2.01 ^ input9/A (sky130_fd_sc_hd__dlymetal6s2s_1)
                  0.19    0.17    2.18 ^ input9/X (sky130_fd_sc_hd__dlymetal6s2s_1)
     3    0.02                           net9 (net)
                  0.19    0.00    2.18 ^ _350_/A (sky130_fd_sc_hd__or2_1)
                  0.12    0.18    2.36 ^ _350_/X (sky130_fd_sc_hd__or2_1)
     3    0.01                           _099_ (net)
                  0.12    0.00    2.36 ^ _354_/A2 (sky130_fd_sc_hd__a211o_1)
                  0.16    0.21    2.57 ^ _354_/X (sky130_fd_sc_hd__a211o_1)
     2    0.02                           net22 (net)
                  0.16    0.00    2.57 ^ output22/A (sky130_fd_sc_hd__clkbuf_4)
                  0.11    0.21    2.78 ^ output22/X (sky130_fd_sc_hd__clkbuf_4)
     1    0.03                           Result[0] (net)
                  0.11    0.00    2.78 ^ Result[0] (out)
                                  2.78   data arrival time

                  0.00    0.00    0.00   clock clk (rise edge)
                          0.00    0.00   clock network delay (ideal)
                          0.25    0.25   clock uncertainty
                          0.00    0.25   clock reconvergence pessimism
                         -2.00   -1.75   output external delay
                                 -1.75   data required time
-----------------------------------------------------------------------------
                                 -1.75   data required time
                                 -2.78   data arrival time
-----------------------------------------------------------------------------
                                  4.53   slack (MET)


Startpoint: Sel[1] (input port clocked by clk)
Endpoint: Result[7] (output port clocked by clk)
Path Group: clk
Path Type: min
Corner: Typical

Fanout     Cap    Slew   Delay    Time   Description
-----------------------------------------------------------------------------
                  0.00    0.00    0.00   clock clk (rise edge)
                          0.00    0.00   clock network delay (ideal)
                          2.00    2.00 ^ input external delay
                  0.02    0.01    2.01 ^ Sel[1] (in)
     1    0.00                           Sel[1] (net)
                  0.02    0.00    2.01 ^ input18/A (sky130_fd_sc_hd__clkbuf_2)
                  0.12    0.14    2.15 ^ input18/X (sky130_fd_sc_hd__clkbuf_2)
     4    0.02                           net18 (net)
                  0.12    0.00    2.15 ^ _181_/A (sky130_fd_sc_hd__buf_4)
                  0.11    0.18    2.33 ^ _181_/X (sky130_fd_sc_hd__buf_4)
    10    0.04                           _114_ (net)
                  0.11    0.00    2.33 ^ _342_/D1 (sky130_fd_sc_hd__a2111o_1)
                  0.09    0.13    2.47 ^ _342_/X (sky130_fd_sc_hd__a2111o_1)
     1    0.01                           _093_ (net)
                  0.09    0.00    2.47 ^ _343_/C1 (sky130_fd_sc_hd__o211ai_4)
                  0.11    0.11    2.58 v _343_/Y (sky130_fd_sc_hd__o211ai_4)
     2    0.03                           net29 (net)
                  0.11    0.00    2.58 v output29/A (sky130_fd_sc_hd__clkbuf_4)
                  0.08    0.20    2.78 v output29/X (sky130_fd_sc_hd__clkbuf_4)
     1    0.03                           Result[7] (net)
                  0.08    0.00    2.79 v Result[7] (out)
                                  2.79   data arrival time

                  0.00    0.00    0.00   clock clk (rise edge)
                          0.00    0.00   clock network delay (ideal)
                          0.25    0.25   clock uncertainty
                          0.00    0.25   clock reconvergence pessimism
                         -2.00   -1.75   output external delay
                                 -1.75   data required time
-----------------------------------------------------------------------------
                                 -1.75   data required time
                                 -2.79   data arrival time
-----------------------------------------------------------------------------
                                  4.54   slack (MET)


Startpoint: Sel[1] (input port clocked by clk)
Endpoint: Result[2] (output port clocked by clk)
Path Group: clk
Path Type: min
Corner: Typical

Fanout     Cap    Slew   Delay    Time   Description
-----------------------------------------------------------------------------
                  0.00    0.00    0.00   clock clk (rise edge)
                          0.00    0.00   clock network delay (ideal)
                          2.00    2.00 ^ input external delay
                  0.02    0.01    2.01 ^ Sel[1] (in)
     1    0.00                           Sel[1] (net)
                  0.02    0.00    2.01 ^ input18/A (sky130_fd_sc_hd__clkbuf_2)
                  0.12    0.14    2.15 ^ input18/X (sky130_fd_sc_hd__clkbuf_2)
     4    0.02                           net18 (net)
                  0.12    0.00    2.15 ^ _181_/A (sky130_fd_sc_hd__buf_4)
                  0.11    0.18    2.33 ^ _181_/X (sky130_fd_sc_hd__buf_4)
    10    0.04                           _114_ (net)
                  0.11    0.00    2.33 ^ _213_/A (sky130_fd_sc_hd__nor2_2)
                  0.07    0.09    2.43 v _213_/Y (sky130_fd_sc_hd__nor2_2)
     5    0.02                           _145_ (net)
                  0.07    0.00    2.43 v _215_/A (sky130_fd_sc_hd__nand2_1)
                  0.06    0.07    2.50 ^ _215_/Y (sky130_fd_sc_hd__nand2_1)
     1    0.01                           _147_ (net)
                  0.06    0.00    2.50 ^ _233_/A2 (sky130_fd_sc_hd__o21ai_2)
                  0.09    0.09    2.59 v _233_/Y (sky130_fd_sc_hd__o21ai_2)
     2    0.02                           net24 (net)
                  0.09    0.00    2.59 v output24/A (sky130_fd_sc_hd__clkbuf_4)
                  0.08    0.19    2.79 v output24/X (sky130_fd_sc_hd__clkbuf_4)
     1    0.03                           Result[2] (net)
                  0.08    0.00    2.79 v Result[2] (out)
                                  2.79   data arrival time

                  0.00    0.00    0.00   clock clk (rise edge)
                          0.00    0.00   clock network delay (ideal)
                          0.25    0.25   clock uncertainty
                          0.00    0.25   clock reconvergence pessimism
                         -2.00   -1.75   output external delay
                                 -1.75   data required time
-----------------------------------------------------------------------------
                                 -1.75   data required time
                                 -2.79   data arrival time
-----------------------------------------------------------------------------
                                  4.54   slack (MET)


Startpoint: B[7] (input port clocked by clk)
Endpoint: CarryOut (output port clocked by clk)
Path Group: clk
Path Type: min
Corner: Typical

Fanout     Cap    Slew   Delay    Time   Description
-----------------------------------------------------------------------------
                  0.00    0.00    0.00   clock clk (rise edge)
                          0.00    0.00   clock network delay (ideal)
                          2.00    2.00 ^ input external delay
                  0.02    0.01    2.01 ^ B[7] (in)
     1    0.00                           B[7] (net)
                  0.02    0.00    2.01 ^ input16/A (sky130_fd_sc_hd__clkbuf_2)
                  0.15    0.16    2.17 ^ input16/X (sky130_fd_sc_hd__clkbuf_2)
     4    0.03                           net16 (net)
                  0.15    0.00    2.18 ^ _345_/A2 (sky130_fd_sc_hd__o211a_1)
                  0.04    0.15    2.32 ^ _345_/X (sky130_fd_sc_hd__o211a_1)
     1    0.00                           _095_ (net)
                  0.04    0.00    2.32 ^ _348_/A (sky130_fd_sc_hd__or3b_1)
                  0.11    0.14    2.46 ^ _348_/X (sky130_fd_sc_hd__or3b_1)
     1    0.01                           _098_ (net)
                  0.11    0.00    2.46 ^ _349_/A (sky130_fd_sc_hd__buf_1)
                  0.11    0.14    2.60 ^ _349_/X (sky130_fd_sc_hd__buf_1)
     1    0.01                           net21 (net)
                  0.11    0.00    2.60 ^ output21/A (sky130_fd_sc_hd__clkbuf_4)
                  0.11    0.20    2.80 ^ output21/X (sky130_fd_sc_hd__clkbuf_4)
     1    0.03                           CarryOut (net)
                  0.11    0.00    2.80 ^ CarryOut (out)
                                  2.80   data arrival time

                  0.00    0.00    0.00   clock clk (rise edge)
                          0.00    0.00   clock network delay (ideal)
                          0.25    0.25   clock uncertainty
                          0.00    0.25   clock reconvergence pessimism
                         -2.00   -1.75   output external delay
                                 -1.75   data required time
-----------------------------------------------------------------------------
                                 -1.75   data required time
                                 -2.80   data arrival time
-----------------------------------------------------------------------------
                                  4.55   slack (MET)


Startpoint: B[4] (input port clocked by clk)
Endpoint: Zero (output port clocked by clk)
Path Group: clk
Path Type: min
Corner: Typical

Fanout     Cap    Slew   Delay    Time   Description
-----------------------------------------------------------------------------
                  0.00    0.00    0.00   clock clk (rise edge)
                          0.00    0.00   clock network delay (ideal)
                          2.00    2.00 ^ input external delay
                  0.02    0.01    2.01 ^ B[4] (in)
     1    0.00                           B[4] (net)
                  0.02    0.00    2.01 ^ input13/A (sky130_fd_sc_hd__clkbuf_2)
                  0.12    0.14    2.15 ^ input13/X (sky130_fd_sc_hd__clkbuf_2)
     4    0.02                           net13 (net)
                  0.12    0.00    2.15 ^ _256_/B (sky130_fd_sc_hd__nor2_1)
                  0.05    0.07    2.22 v _256_/Y (sky130_fd_sc_hd__nor2_1)
     2    0.01                           _010_ (net)
                  0.05    0.00    2.22 v _264_/A (sky130_fd_sc_hd__nor2_1)
                  0.21    0.19    2.41 ^ _264_/Y (sky130_fd_sc_hd__nor2_1)
     3    0.01                           _018_ (net)
                  0.21    0.00    2.41 ^ _360_/A (sky130_fd_sc_hd__or4bb_1)
                  0.06    0.16    2.57 ^ _360_/X (sky130_fd_sc_hd__or4bb_1)
     1    0.01                           _108_ (net)
                  0.06    0.00    2.57 ^ _361_/B1 (sky130_fd_sc_hd__o31ai_2)
                  0.05    0.07    2.64 v _361_/Y (sky130_fd_sc_hd__o31ai_2)
     1    0.01                           net30 (net)
                  0.05    0.00    2.64 v output30/A (sky130_fd_sc_hd__buf_4)
                  0.06    0.16    2.80 v output30/X (sky130_fd_sc_hd__buf_4)
     1    0.03                           Zero (net)
                  0.06    0.00    2.80 v Zero (out)
                                  2.80   data arrival time

                  0.00    0.00    0.00   clock clk (rise edge)
                          0.00    0.00   clock network delay (ideal)
                          0.25    0.25   clock uncertainty
                          0.00    0.25   clock reconvergence pessimism
                         -2.00   -1.75   output external delay
                                 -1.75   data required time
-----------------------------------------------------------------------------
                                 -1.75   data required time
                                 -2.80   data arrival time
-----------------------------------------------------------------------------
                                  4.55   slack (MET)


Startpoint: A[3] (input port clocked by clk)
Endpoint: Result[3] (output port clocked by clk)
Path Group: clk
Path Type: min
Corner: Typical

Fanout     Cap    Slew   Delay    Time   Description
-----------------------------------------------------------------------------
                  0.00    0.00    0.00   clock clk (rise edge)
                          0.00    0.00   clock network delay (ideal)
                          2.00    2.00 v input external delay
                  0.01    0.00    2.00 v A[3] (in)
     1    0.00                           A[3] (net)
                  0.01    0.00    2.00 v input4/A (sky130_fd_sc_hd__buf_4)
                  0.08    0.17    2.17 v input4/X (sky130_fd_sc_hd__buf_4)
    10    0.06                           net4 (net)
                  0.08    0.01    2.18 v _235_/A (sky130_fd_sc_hd__nand2_1)
                  0.04    0.06    2.24 ^ _235_/Y (sky130_fd_sc_hd__nand2_1)
     1    0.00                           _166_ (net)
                  0.04    0.00    2.24 ^ _236_/A2 (sky130_fd_sc_hd__a21o_1)
                  0.04    0.10    2.34 ^ _236_/X (sky130_fd_sc_hd__a21o_1)
     1    0.00                           _167_ (net)
                  0.04    0.00    2.34 ^ _246_/A (sky130_fd_sc_hd__and4_1)
                  0.06    0.15    2.50 ^ _246_/X (sky130_fd_sc_hd__and4_1)
     1    0.00                           _001_ (net)
                  0.06    0.00    2.50 ^ _255_/A (sky130_fd_sc_hd__nand2_1)
                  0.14    0.13    2.62 v _255_/Y (sky130_fd_sc_hd__nand2_1)
     2    0.02                           net25 (net)
                  0.14    0.00    2.62 v output25/A (sky130_fd_sc_hd__clkbuf_4)
                  0.08    0.21    2.84 v output25/X (sky130_fd_sc_hd__clkbuf_4)
     1    0.03                           Result[3] (net)
                  0.08    0.00    2.84 v Result[3] (out)
                                  2.84   data arrival time

                  0.00    0.00    0.00   clock clk (rise edge)
                          0.00    0.00   clock network delay (ideal)
                          0.25    0.25   clock uncertainty
                          0.00    0.25   clock reconvergence pessimism
                         -2.00   -1.75   output external delay
                                 -1.75   data required time
-----------------------------------------------------------------------------
                                 -1.75   data required time
                                 -2.84   data arrival time
-----------------------------------------------------------------------------
                                  4.59   slack (MET)


Startpoint: B[4] (input port clocked by clk)
Endpoint: Result[4] (output port clocked by clk)
Path Group: clk
Path Type: min
Corner: Typical

Fanout     Cap    Slew   Delay    Time   Description
-----------------------------------------------------------------------------
                  0.00    0.00    0.00   clock clk (rise edge)
                          0.00    0.00   clock network delay (ideal)
                          2.00    2.00 ^ input external delay
                  0.02    0.01    2.01 ^ B[4] (in)
     1    0.00                           B[4] (net)
                  0.02    0.00    2.01 ^ input13/A (sky130_fd_sc_hd__clkbuf_2)
                  0.12    0.14    2.15 ^ input13/X (sky130_fd_sc_hd__clkbuf_2)
     4    0.02                           net13 (net)
                  0.12    0.00    2.15 ^ _256_/B (sky130_fd_sc_hd__nor2_1)
                  0.05    0.07    2.22 v _256_/Y (sky130_fd_sc_hd__nor2_1)
     2    0.01                           _010_ (net)
                  0.05    0.00    2.22 v _262_/A1 (sky130_fd_sc_hd__o221ai_1)
                  0.07    0.17    2.39 ^ _262_/Y (sky130_fd_sc_hd__o221ai_1)
     1    0.00                           _016_ (net)
                  0.07    0.00    2.39 ^ _278_/A (sky130_fd_sc_hd__or3b_1)
                  0.04    0.10    2.49 ^ _278_/X (sky130_fd_sc_hd__or3b_1)
     1    0.00                           _032_ (net)
                  0.04    0.00    2.49 ^ _279_/A (sky130_fd_sc_hd__clkbuf_2)
                  0.12    0.15    2.64 ^ _279_/X (sky130_fd_sc_hd__clkbuf_2)
     2    0.02                           net26 (net)
                  0.12    0.00    2.64 ^ output26/A (sky130_fd_sc_hd__clkbuf_4)
                  0.11    0.20    2.84 ^ output26/X (sky130_fd_sc_hd__clkbuf_4)
     1    0.03                           Result[4] (net)
                  0.11    0.00    2.84 ^ Result[4] (out)
                                  2.84   data arrival time

                  0.00    0.00    0.00   clock clk (rise edge)
                          0.00    0.00   clock network delay (ideal)
                          0.25    0.25   clock uncertainty
                          0.00    0.25   clock reconvergence pessimism
                         -2.00   -1.75   output external delay
                                 -1.75   data required time
-----------------------------------------------------------------------------
                                 -1.75   data required time
                                 -2.84   data arrival time
-----------------------------------------------------------------------------
                                  4.59   slack (MET)


Startpoint: Sel[1] (input port clocked by clk)
Endpoint: Result[5] (output port clocked by clk)
Path Group: clk
Path Type: min
Corner: Typical

Fanout     Cap    Slew   Delay    Time   Description
-----------------------------------------------------------------------------
                  0.00    0.00    0.00   clock clk (rise edge)
                          0.00    0.00   clock network delay (ideal)
                          2.00    2.00 ^ input external delay
                  0.02    0.01    2.01 ^ Sel[1] (in)
     1    0.00                           Sel[1] (net)
                  0.02    0.00    2.01 ^ input18/A (sky130_fd_sc_hd__clkbuf_2)
                  0.12    0.14    2.15 ^ input18/X (sky130_fd_sc_hd__clkbuf_2)
     4    0.02                           net18 (net)
                  0.12    0.00    2.15 ^ _181_/A (sky130_fd_sc_hd__buf_4)
                  0.11    0.18    2.33 ^ _181_/X (sky130_fd_sc_hd__buf_4)
    10    0.04                           _114_ (net)
                  0.11    0.00    2.33 ^ _213_/A (sky130_fd_sc_hd__nor2_2)
                  0.07    0.09    2.43 v _213_/Y (sky130_fd_sc_hd__nor2_2)
     5    0.02                           _145_ (net)
                  0.07    0.00    2.43 v _299_/A1 (sky130_fd_sc_hd__a31o_1)
                  0.10    0.23    2.66 v _299_/X (sky130_fd_sc_hd__a31o_1)
     2    0.02                           net27 (net)
                  0.10    0.00    2.66 v output27/A (sky130_fd_sc_hd__clkbuf_4)
                  0.08    0.20    2.86 v output27/X (sky130_fd_sc_hd__clkbuf_4)
     1    0.03                           Result[5] (net)
                  0.08    0.00    2.86 v Result[5] (out)
                                  2.86   data arrival time

                  0.00    0.00    0.00   clock clk (rise edge)
                          0.00    0.00   clock network delay (ideal)
                          0.25    0.25   clock uncertainty
                          0.00    0.25   clock reconvergence pessimism
                         -2.00   -1.75   output external delay
                                 -1.75   data required time
-----------------------------------------------------------------------------
                                 -1.75   data required time
                                 -2.86   data arrival time
-----------------------------------------------------------------------------
                                  4.61   slack (MET)


Startpoint: A[6] (input port clocked by clk)
Endpoint: Result[6] (output port clocked by clk)
Path Group: clk
Path Type: min
Corner: Typical

Fanout     Cap    Slew   Delay    Time   Description
-----------------------------------------------------------------------------
                  0.00    0.00    0.00   clock clk (rise edge)
                          0.00    0.00   clock network delay (ideal)
                          2.00    2.00 v input external delay
                  0.01    0.00    2.00 v A[6] (in)
     1    0.00                           A[6] (net)
                  0.01    0.00    2.00 v input7/A (sky130_fd_sc_hd__buf_2)
                  0.09    0.16    2.16 v input7/X (sky130_fd_sc_hd__buf_2)
     8    0.04                           net7 (net)
                  0.09    0.00    2.16 v _317_/A (sky130_fd_sc_hd__nand2_1)
                  0.05    0.07    2.24 ^ _317_/Y (sky130_fd_sc_hd__nand2_1)
     1    0.00                           _069_ (net)
                  0.05    0.00    2.24 ^ _318_/A2 (sky130_fd_sc_hd__a21o_1)
                  0.05    0.11    2.34 ^ _318_/X (sky130_fd_sc_hd__a21o_1)
     1    0.00                           _070_ (net)
                  0.05    0.00    2.34 ^ _319_/C1 (sky130_fd_sc_hd__o211ai_1)
                  0.05    0.07    2.41 v _319_/Y (sky130_fd_sc_hd__o211ai_1)
     1    0.00                           _071_ (net)
                  0.05    0.00    2.41 v _320_/B1 (sky130_fd_sc_hd__a31o_1)
                  0.13    0.26    2.68 v _320_/X (sky130_fd_sc_hd__a31o_1)
     2    0.03                           net28 (net)
                  0.13    0.00    2.68 v output28/A (sky130_fd_sc_hd__clkbuf_4)
                  0.08    0.21    2.89 v output28/X (sky130_fd_sc_hd__clkbuf_4)
     1    0.03                           Result[6] (net)
                  0.08    0.00    2.89 v Result[6] (out)
                                  2.89   data arrival time

                  0.00    0.00    0.00   clock clk (rise edge)
                          0.00    0.00   clock network delay (ideal)
                          0.25    0.25   clock uncertainty
                          0.00    0.25   clock reconvergence pessimism
                         -2.00   -1.75   output external delay
                                 -1.75   data required time
-----------------------------------------------------------------------------
                                 -1.75   data required time
                                 -2.89   data arrival time
-----------------------------------------------------------------------------
                                  4.64   slack (MET)



