
===========================================================================
report_checks -unconstrained
===========================================================================
======================= Fastest Corner ===================================

Startpoint: A[1] (input port clocked by clk)
Endpoint: Zero (output port clocked by clk)
Path Group: clk
Path Type: max
Corner: Fastest

Fanout     Cap    Slew   Delay    Time   Description
-----------------------------------------------------------------------------
                  0.00    0.00    0.00   clock clk (rise edge)
                          0.00    0.00   clock network delay (ideal)
                          2.00    2.00 v input external delay
                  0.00    0.00    2.00 v A[1] (in)
     1    0.00                           A[1] (net)
                  0.00    0.00    2.00 v input2/A (sky130_fd_sc_hd__buf_1)
                  0.06    0.09    2.09 v input2/X (sky130_fd_sc_hd__buf_1)
     1    0.02                           net2 (net)
                  0.06    0.00    2.09 v _176_/A (sky130_fd_sc_hd__buf_6)
                  0.04    0.12    2.21 v _176_/X (sky130_fd_sc_hd__buf_6)
    10    0.05                           _109_ (net)
                  0.04    0.00    2.21 v _177_/A (sky130_fd_sc_hd__xnor2_4)
                  0.16    0.17    2.38 ^ _177_/Y (sky130_fd_sc_hd__xnor2_4)
     6    0.02                           _110_ (net)
                  0.16    0.00    2.38 ^ rebuffer1/A (sky130_fd_sc_hd__dlymetal6s2s_1)
                  0.09    0.12    2.50 ^ rebuffer1/X (sky130_fd_sc_hd__dlymetal6s2s_1)
     3    0.01                           net33 (net)
                  0.09    0.00    2.50 ^ _211_/A1 (sky130_fd_sc_hd__a21o_1)
                  0.09    0.13    2.62 ^ _211_/X (sky130_fd_sc_hd__a21o_1)
     3    0.01                           _143_ (net)
                  0.09    0.00    2.62 ^ _275_/A2 (sky130_fd_sc_hd__a31o_1)
                  0.09    0.14    2.77 ^ _275_/X (sky130_fd_sc_hd__a31o_1)
     3    0.01                           _029_ (net)
                  0.09    0.00    2.77 ^ _276_/A2 (sky130_fd_sc_hd__a21oi_1)
                  0.03    0.04    2.81 v _276_/Y (sky130_fd_sc_hd__a21oi_1)
     1    0.00                           _030_ (net)
                  0.03    0.00    2.81 v _277_/B1 (sky130_fd_sc_hd__o21ai_1)
                  0.09    0.06    2.87 ^ _277_/Y (sky130_fd_sc_hd__o21ai_1)
     1    0.00                           _031_ (net)
                  0.09    0.00    2.87 ^ _278_/C_N (sky130_fd_sc_hd__or3b_1)
                  0.04    0.21    3.07 v _278_/X (sky130_fd_sc_hd__or3b_1)
     1    0.00                           _032_ (net)
                  0.04    0.00    3.07 v _279_/A (sky130_fd_sc_hd__clkbuf_2)
                  0.06    0.11    3.19 v _279_/X (sky130_fd_sc_hd__clkbuf_2)
     2    0.02                           net26 (net)
                  0.06    0.00    3.19 v _357_/B (sky130_fd_sc_hd__or4_4)
                  0.06    0.33    3.51 v _357_/X (sky130_fd_sc_hd__or4_4)
     1    0.00                           _105_ (net)
                  0.06    0.00    3.51 v _361_/A3 (sky130_fd_sc_hd__o31ai_2)
                  0.20    0.19    3.70 ^ _361_/Y (sky130_fd_sc_hd__o31ai_2)
     1    0.01                           net30 (net)
                  0.20    0.00    3.70 ^ output30/A (sky130_fd_sc_hd__buf_4)
                  0.08    0.14    3.84 ^ output30/X (sky130_fd_sc_hd__buf_4)
     1    0.03                           Zero (net)
                  0.08    0.00    3.84 ^ Zero (out)
                                  3.84   data arrival time

                  0.00   10.00   10.00   clock clk (rise edge)
                          0.00   10.00   clock network delay (ideal)
                         -0.25    9.75   clock uncertainty
                          0.00    9.75   clock reconvergence pessimism
                         -2.00    7.75   output external delay
                                  7.75   data required time
-----------------------------------------------------------------------------
                                  7.75   data required time
                                 -3.84   data arrival time
-----------------------------------------------------------------------------
                                  3.91   slack (MET)



======================= Slowest Corner ===================================

Startpoint: Sel[3] (input port clocked by clk)
Endpoint: Zero (output port clocked by clk)
Path Group: clk
Path Type: max
Corner: Slowest

Fanout     Cap    Slew   Delay    Time   Description
-----------------------------------------------------------------------------
                  0.00    0.00    0.00   clock clk (rise edge)
                          0.00    0.00   clock network delay (ideal)
                          2.00    2.00 ^ input external delay
                  0.03    0.02    2.02 ^ Sel[3] (in)
     1    0.00                           Sel[3] (net)
                  0.03    0.00    2.02 ^ input20/A (sky130_fd_sc_hd__buf_2)
                  0.30    0.36    2.38 ^ input20/X (sky130_fd_sc_hd__buf_2)
     7    0.04                           net20 (net)
                  0.30    0.00    2.38 ^ _186_/B (sky130_fd_sc_hd__nor2_1)
                  0.09    0.18    2.56 v _186_/Y (sky130_fd_sc_hd__nor2_1)
     2    0.01                           _119_ (net)
                  0.09    0.00    2.56 v _201_/C (sky130_fd_sc_hd__and3_1)
                  0.07    0.38    2.94 v _201_/X (sky130_fd_sc_hd__and3_1)
     1    0.00                           _134_ (net)
                  0.07    0.00    2.94 v _202_/A (sky130_fd_sc_hd__buf_2)
                  0.19    0.38    3.32 v _202_/X (sky130_fd_sc_hd__buf_2)
     8    0.04                           _135_ (net)
                  0.19    0.00    3.32 v _223_/B1_N (sky130_fd_sc_hd__o21ba_1)
                  0.08    0.50    3.83 ^ _223_/X (sky130_fd_sc_hd__o21ba_1)
     1    0.00                           _155_ (net)
                  0.08    0.00    3.83 ^ _224_/B2 (sky130_fd_sc_hd__o32a_1)
                  0.08    0.25    4.07 ^ _224_/X (sky130_fd_sc_hd__o32a_1)
     1    0.00                           _156_ (net)
                  0.08    0.00    4.07 ^ _232_/B (sky130_fd_sc_hd__and3_1)
                  0.12    0.34    4.41 ^ _232_/X (sky130_fd_sc_hd__and3_1)
     1    0.01                           _164_ (net)
                  0.12    0.00    4.41 ^ _233_/B1 (sky130_fd_sc_hd__o21ai_2)
                  0.19    0.23    4.64 v _233_/Y (sky130_fd_sc_hd__o21ai_2)
     2    0.02                           net24 (net)
                  0.19    0.00    4.64 v _356_/B (sky130_fd_sc_hd__or4b_1)
                  0.25    1.39    6.04 v _356_/X (sky130_fd_sc_hd__or4b_1)
     1    0.01                           _104_ (net)
                  0.25    0.00    6.04 v _357_/D (sky130_fd_sc_hd__or4_4)
                  0.15    0.94    6.97 v _357_/X (sky130_fd_sc_hd__or4_4)
     1    0.00                           _105_ (net)
                  0.15    0.00    6.97 v _361_/A3 (sky130_fd_sc_hd__o31ai_2)
                  0.42    0.46    7.43 ^ _361_/Y (sky130_fd_sc_hd__o31ai_2)
     1    0.01                           net30 (net)
                  0.42    0.00    7.43 ^ output30/A (sky130_fd_sc_hd__buf_4)
                  0.17    0.45    7.88 ^ output30/X (sky130_fd_sc_hd__buf_4)
     1    0.03                           Zero (net)
                  0.17    0.00    7.88 ^ Zero (out)
                                  7.88   data arrival time

                  0.00   10.00   10.00   clock clk (rise edge)
                          0.00   10.00   clock network delay (ideal)
                         -0.25    9.75   clock uncertainty
                          0.00    9.75   clock reconvergence pessimism
                         -2.00    7.75   output external delay
                                  7.75   data required time
-----------------------------------------------------------------------------
                                  7.75   data required time
                                 -7.88   data arrival time
-----------------------------------------------------------------------------
                                 -0.13   slack (VIOLATED)



======================= Typical Corner ===================================

Startpoint: A[1] (input port clocked by clk)
Endpoint: Zero (output port clocked by clk)
Path Group: clk
Path Type: max
Corner: Typical

Fanout     Cap    Slew   Delay    Time   Description
-----------------------------------------------------------------------------
                  0.00    0.00    0.00   clock clk (rise edge)
                          0.00    0.00   clock network delay (ideal)
                          2.00    2.00 ^ input external delay
                  0.02    0.01    2.01 ^ A[1] (in)
     1    0.00                           A[1] (net)
                  0.02    0.00    2.01 ^ input2/A (sky130_fd_sc_hd__buf_1)
                  0.19    0.18    2.19 ^ input2/X (sky130_fd_sc_hd__buf_1)
     1    0.02                           net2 (net)
                  0.19    0.00    2.19 ^ _176_/A (sky130_fd_sc_hd__buf_6)
                  0.10    0.19    2.39 ^ _176_/X (sky130_fd_sc_hd__buf_6)
    10    0.05                           _109_ (net)
                  0.10    0.00    2.39 ^ _177_/A (sky130_fd_sc_hd__xnor2_4)
                  0.08    0.11    2.50 v _177_/Y (sky130_fd_sc_hd__xnor2_4)
     6    0.02                           _110_ (net)
                  0.08    0.00    2.50 v rebuffer1/A (sky130_fd_sc_hd__dlymetal6s2s_1)
                  0.06    0.18    2.68 v rebuffer1/X (sky130_fd_sc_hd__dlymetal6s2s_1)
     3    0.01                           net33 (net)
                  0.06    0.00    2.68 v _211_/A1 (sky130_fd_sc_hd__a21o_1)
                  0.07    0.21    2.89 v _211_/X (sky130_fd_sc_hd__a21o_1)
     3    0.01                           _143_ (net)
                  0.07    0.00    2.89 v _275_/A2 (sky130_fd_sc_hd__a31o_1)
                  0.07    0.26    3.16 v _275_/X (sky130_fd_sc_hd__a31o_1)
     3    0.01                           _029_ (net)
                  0.07    0.00    3.16 v _284_/B2 (sky130_fd_sc_hd__a22o_1)
                  0.07    0.25    3.41 v _284_/X (sky130_fd_sc_hd__a22o_1)
     3    0.01                           _037_ (net)
                  0.07    0.00    3.41 v _285_/B (sky130_fd_sc_hd__or2_1)
                  0.05    0.22    3.63 v _285_/X (sky130_fd_sc_hd__or2_1)
     1    0.00                           _038_ (net)
                  0.05    0.00    3.63 v _299_/A2 (sky130_fd_sc_hd__a31o_1)
                  0.10    0.28    3.91 v _299_/X (sky130_fd_sc_hd__a31o_1)
     2    0.02                           net27 (net)
                  0.10    0.00    3.91 v _357_/C (sky130_fd_sc_hd__or4_4)
                  0.08    0.52    4.43 v _357_/X (sky130_fd_sc_hd__or4_4)
     1    0.00                           _105_ (net)
                  0.08    0.00    4.43 v _361_/A3 (sky130_fd_sc_hd__o31ai_2)
                  0.27    0.27    4.70 ^ _361_/Y (sky130_fd_sc_hd__o31ai_2)
     1    0.01                           net30 (net)
                  0.27    0.00    4.70 ^ output30/A (sky130_fd_sc_hd__buf_4)
                  0.10    0.23    4.93 ^ output30/X (sky130_fd_sc_hd__buf_4)
     1    0.03                           Zero (net)
                  0.10    0.00    4.93 ^ Zero (out)
                                  4.93   data arrival time

                  0.00   10.00   10.00   clock clk (rise edge)
                          0.00   10.00   clock network delay (ideal)
                         -0.25    9.75   clock uncertainty
                          0.00    9.75   clock reconvergence pessimism
                         -2.00    7.75   output external delay
                                  7.75   data required time
-----------------------------------------------------------------------------
                                  7.75   data required time
                                 -4.93   data arrival time
-----------------------------------------------------------------------------
                                  2.82   slack (MET)




===========================================================================
report_checks --slack_max -0.01
============================================================================
======================= Fastest Corner ===================================

No paths found.

======================= Slowest Corner ===================================

Startpoint: Sel[3] (input port clocked by clk)
Endpoint: Zero (output port clocked by clk)
Path Group: clk
Path Type: max
Corner: Slowest

Fanout     Cap    Slew   Delay    Time   Description
-----------------------------------------------------------------------------
                  0.00    0.00    0.00   clock clk (rise edge)
                          0.00    0.00   clock network delay (ideal)
                          2.00    2.00 ^ input external delay
                  0.03    0.02    2.02 ^ Sel[3] (in)
     1    0.00                           Sel[3] (net)
                  0.03    0.00    2.02 ^ input20/A (sky130_fd_sc_hd__buf_2)
                  0.30    0.36    2.38 ^ input20/X (sky130_fd_sc_hd__buf_2)
     7    0.04                           net20 (net)
                  0.30    0.00    2.38 ^ _186_/B (sky130_fd_sc_hd__nor2_1)
                  0.09    0.18    2.56 v _186_/Y (sky130_fd_sc_hd__nor2_1)
     2    0.01                           _119_ (net)
                  0.09    0.00    2.56 v _201_/C (sky130_fd_sc_hd__and3_1)
                  0.07    0.38    2.94 v _201_/X (sky130_fd_sc_hd__and3_1)
     1    0.00                           _134_ (net)
                  0.07    0.00    2.94 v _202_/A (sky130_fd_sc_hd__buf_2)
                  0.19    0.38    3.32 v _202_/X (sky130_fd_sc_hd__buf_2)
     8    0.04                           _135_ (net)
                  0.19    0.00    3.32 v _223_/B1_N (sky130_fd_sc_hd__o21ba_1)
                  0.08    0.50    3.83 ^ _223_/X (sky130_fd_sc_hd__o21ba_1)
     1    0.00                           _155_ (net)
                  0.08    0.00    3.83 ^ _224_/B2 (sky130_fd_sc_hd__o32a_1)
                  0.08    0.25    4.07 ^ _224_/X (sky130_fd_sc_hd__o32a_1)
     1    0.00                           _156_ (net)
                  0.08    0.00    4.07 ^ _232_/B (sky130_fd_sc_hd__and3_1)
                  0.12    0.34    4.41 ^ _232_/X (sky130_fd_sc_hd__and3_1)
     1    0.01                           _164_ (net)
                  0.12    0.00    4.41 ^ _233_/B1 (sky130_fd_sc_hd__o21ai_2)
                  0.19    0.23    4.64 v _233_/Y (sky130_fd_sc_hd__o21ai_2)
     2    0.02                           net24 (net)
                  0.19    0.00    4.64 v _356_/B (sky130_fd_sc_hd__or4b_1)
                  0.25    1.39    6.04 v _356_/X (sky130_fd_sc_hd__or4b_1)
     1    0.01                           _104_ (net)
                  0.25    0.00    6.04 v _357_/D (sky130_fd_sc_hd__or4_4)
                  0.15    0.94    6.97 v _357_/X (sky130_fd_sc_hd__or4_4)
     1    0.00                           _105_ (net)
                  0.15    0.00    6.97 v _361_/A3 (sky130_fd_sc_hd__o31ai_2)
                  0.42    0.46    7.43 ^ _361_/Y (sky130_fd_sc_hd__o31ai_2)
     1    0.01                           net30 (net)
                  0.42    0.00    7.43 ^ output30/A (sky130_fd_sc_hd__buf_4)
                  0.17    0.45    7.88 ^ output30/X (sky130_fd_sc_hd__buf_4)
     1    0.03                           Zero (net)
                  0.17    0.00    7.88 ^ Zero (out)
                                  7.88   data arrival time

                  0.00   10.00   10.00   clock clk (rise edge)
                          0.00   10.00   clock network delay (ideal)
                         -0.25    9.75   clock uncertainty
                          0.00    9.75   clock reconvergence pessimism
                         -2.00    7.75   output external delay
                                  7.75   data required time
-----------------------------------------------------------------------------
                                  7.75   data required time
                                 -7.88   data arrival time
-----------------------------------------------------------------------------
                                 -0.13   slack (VIOLATED)



======================= Typical Corner ===================================

No paths found.


===========================================================================
 report_check_types -max_slew -max_cap -max_fanout -violators
============================================================================
======================= Fastest Corner ===================================


======================= Slowest Corner ===================================


======================= Typical Corner ===================================



===========================================================================
report_parasitic_annotation -report_unannotated
============================================================================
Found 0 unannotated drivers.
Found 0 partially unannotated drivers.

===========================================================================
max slew violation count 0
max fanout violation count 0
max cap violation count 0
============================================================================

===========================================================================
check_setup -verbose -unconstrained_endpoints -multiple_clock -no_clock -no_input_delay -loops -generated_clocks
===========================================================================
