
===========================================================================
report_checks -path_delay max (Setup)
============================================================================
======================= Typical Corner ===================================

Startpoint: A[1] (input port clocked by clk)
Endpoint: Zero (output port clocked by clk)
Path Group: clk
Path Type: max

Fanout     Cap    Slew   Delay    Time   Description
-----------------------------------------------------------------------------
                  0.00    0.00    0.00   clock clk (rise edge)
                          0.00    0.00   clock network delay (ideal)
                          2.00    2.00 v input external delay
                  0.01    0.00    2.00 v A[1] (in)
     1    0.00                           A[1] (net)
                  0.01    0.00    2.00 v input2/A (sky130_fd_sc_hd__buf_1)
                  0.07    0.11    2.12 v input2/X (sky130_fd_sc_hd__buf_1)
     1    0.01                           net2 (net)
                  0.07    0.00    2.12 v _176_/A (sky130_fd_sc_hd__clkbuf_4)
                  0.09    0.21    2.33 v _176_/X (sky130_fd_sc_hd__clkbuf_4)
    10    0.04                           _109_ (net)
                  0.09    0.00    2.33 v _177_/A (sky130_fd_sc_hd__xnor2_4)
                  0.21    0.26    2.58 ^ _177_/Y (sky130_fd_sc_hd__xnor2_4)
     8    0.02                           _110_ (net)
                  0.21    0.00    2.58 ^ _228_/A1 (sky130_fd_sc_hd__o21ai_1)
                  0.09    0.14    2.73 v _228_/Y (sky130_fd_sc_hd__o21ai_1)
     3    0.01                           _160_ (net)
                  0.09    0.00    2.73 v _266_/B2 (sky130_fd_sc_hd__a221o_1)
                  0.07    0.37    3.10 v _266_/X (sky130_fd_sc_hd__a221o_1)
     2    0.01                           _020_ (net)
                  0.07    0.00    3.10 v _267_/B (sky130_fd_sc_hd__nand2_1)
                  0.07    0.09    3.19 ^ _267_/Y (sky130_fd_sc_hd__nand2_1)
     1    0.01                           _021_ (net)
                  0.07    0.00    3.19 ^ _268_/B (sky130_fd_sc_hd__xnor2_1)
                  0.12    0.12    3.31 ^ _268_/Y (sky130_fd_sc_hd__xnor2_1)
     1    0.00                           _022_ (net)
                  0.12    0.00    3.31 ^ _271_/A2 (sky130_fd_sc_hd__o21ai_1)
                  0.05    0.07    3.38 v _271_/Y (sky130_fd_sc_hd__o21ai_1)
     1    0.00                           _025_ (net)
                  0.05    0.00    3.38 v _278_/B (sky130_fd_sc_hd__or3b_1)
                  0.06    0.36    3.73 v _278_/X (sky130_fd_sc_hd__or3b_1)
     1    0.00                           _032_ (net)
                  0.06    0.00    3.73 v _279_/A (sky130_fd_sc_hd__buf_1)
                  0.09    0.16    3.89 v _279_/X (sky130_fd_sc_hd__buf_1)
     2    0.01                           net26 (net)
                  0.09    0.00    3.89 v _357_/B (sky130_fd_sc_hd__or4_1)
                  0.08    0.53    4.42 v _357_/X (sky130_fd_sc_hd__or4_1)
     1    0.00                           _105_ (net)
                  0.08    0.00    4.42 v _361_/A3 (sky130_fd_sc_hd__o31ai_1)
                  0.26    0.27    4.69 ^ _361_/Y (sky130_fd_sc_hd__o31ai_1)
     1    0.01                           net30 (net)
                  0.26    0.00    4.69 ^ output30/A (sky130_fd_sc_hd__buf_2)
                  0.17    0.28    4.97 ^ output30/X (sky130_fd_sc_hd__buf_2)
     1    0.03                           Zero (net)
                  0.17    0.00    4.97 ^ Zero (out)
                                  4.97   data arrival time

                  0.00   10.00   10.00   clock clk (rise edge)
                          0.00   10.00   clock network delay (ideal)
                         -0.25    9.75   clock uncertainty
                          0.00    9.75   clock reconvergence pessimism
                         -2.00    7.75   output external delay
                                  7.75   data required time
-----------------------------------------------------------------------------
                                  7.75   data required time
                                 -4.97   data arrival time
-----------------------------------------------------------------------------
                                  2.78   slack (MET)


Startpoint: A[1] (input port clocked by clk)
Endpoint: CarryOut (output port clocked by clk)
Path Group: clk
Path Type: max

Fanout     Cap    Slew   Delay    Time   Description
-----------------------------------------------------------------------------
                  0.00    0.00    0.00   clock clk (rise edge)
                          0.00    0.00   clock network delay (ideal)
                          2.00    2.00 v input external delay
                  0.01    0.00    2.00 v A[1] (in)
     1    0.00                           A[1] (net)
                  0.01    0.00    2.00 v input2/A (sky130_fd_sc_hd__buf_1)
                  0.07    0.11    2.12 v input2/X (sky130_fd_sc_hd__buf_1)
     1    0.01                           net2 (net)
                  0.07    0.00    2.12 v _176_/A (sky130_fd_sc_hd__clkbuf_4)
                  0.09    0.21    2.33 v _176_/X (sky130_fd_sc_hd__clkbuf_4)
    10    0.04                           _109_ (net)
                  0.09    0.00    2.33 v _177_/A (sky130_fd_sc_hd__xnor2_4)
                  0.21    0.26    2.58 ^ _177_/Y (sky130_fd_sc_hd__xnor2_4)
     8    0.02                           _110_ (net)
                  0.21    0.00    2.58 ^ _228_/A1 (sky130_fd_sc_hd__o21ai_1)
                  0.09    0.14    2.73 v _228_/Y (sky130_fd_sc_hd__o21ai_1)
     3    0.01                           _160_ (net)
                  0.09    0.00    2.73 v _266_/B2 (sky130_fd_sc_hd__a221o_1)
                  0.07    0.37    3.10 v _266_/X (sky130_fd_sc_hd__a221o_1)
     2    0.01                           _020_ (net)
                  0.07    0.00    3.10 v _287_/A3 (sky130_fd_sc_hd__a31o_1)
                  0.06    0.26    3.36 v _287_/X (sky130_fd_sc_hd__a31o_1)
     2    0.01                           _040_ (net)
                  0.06    0.00    3.36 v _307_/A2 (sky130_fd_sc_hd__a21boi_1)
                  0.22    0.24    3.60 ^ _307_/Y (sky130_fd_sc_hd__a21boi_1)
     2    0.01                           _059_ (net)
                  0.22    0.00    3.60 ^ _324_/A2 (sky130_fd_sc_hd__o21ai_1)
                  0.09    0.13    3.73 v _324_/Y (sky130_fd_sc_hd__o21ai_1)
     2    0.01                           _075_ (net)
                  0.09    0.00    3.73 v _346_/A2 (sky130_fd_sc_hd__o211a_1)
                  0.04    0.23    3.95 v _346_/X (sky130_fd_sc_hd__o211a_1)
     1    0.00                           _096_ (net)
                  0.04    0.00    3.95 v _348_/B (sky130_fd_sc_hd__or3b_1)
                  0.09    0.40    4.35 v _348_/X (sky130_fd_sc_hd__or3b_1)
     1    0.01                           _098_ (net)
                  0.09    0.00    4.35 v _349_/A (sky130_fd_sc_hd__buf_1)
                  0.05    0.13    4.48 v _349_/X (sky130_fd_sc_hd__buf_1)
     1    0.01                           net21 (net)
                  0.05    0.00    4.48 v output21/A (sky130_fd_sc_hd__buf_2)
                  0.09    0.19    4.68 v output21/X (sky130_fd_sc_hd__buf_2)
     1    0.03                           CarryOut (net)
                  0.09    0.00    4.68 v CarryOut (out)
                                  4.68   data arrival time

                  0.00   10.00   10.00   clock clk (rise edge)
                          0.00   10.00   clock network delay (ideal)
                         -0.25    9.75   clock uncertainty
                          0.00    9.75   clock reconvergence pessimism
                         -2.00    7.75   output external delay
                                  7.75   data required time
-----------------------------------------------------------------------------
                                  7.75   data required time
                                 -4.68   data arrival time
-----------------------------------------------------------------------------
                                  3.07   slack (MET)


Startpoint: A[1] (input port clocked by clk)
Endpoint: Result[7] (output port clocked by clk)
Path Group: clk
Path Type: max

Fanout     Cap    Slew   Delay    Time   Description
-----------------------------------------------------------------------------
                  0.00    0.00    0.00   clock clk (rise edge)
                          0.00    0.00   clock network delay (ideal)
                          2.00    2.00 v input external delay
                  0.01    0.00    2.00 v A[1] (in)
     1    0.00                           A[1] (net)
                  0.01    0.00    2.00 v input2/A (sky130_fd_sc_hd__buf_1)
                  0.07    0.11    2.12 v input2/X (sky130_fd_sc_hd__buf_1)
     1    0.01                           net2 (net)
                  0.07    0.00    2.12 v _176_/A (sky130_fd_sc_hd__clkbuf_4)
                  0.09    0.21    2.33 v _176_/X (sky130_fd_sc_hd__clkbuf_4)
    10    0.04                           _109_ (net)
                  0.09    0.00    2.33 v _217_/B (sky130_fd_sc_hd__or3_1)
                  0.09    0.41    2.74 v _217_/X (sky130_fd_sc_hd__or3_1)
     3    0.01                           _149_ (net)
                  0.09    0.00    2.74 v _234_/B (sky130_fd_sc_hd__or2_1)
                  0.09    0.28    3.02 v _234_/X (sky130_fd_sc_hd__or2_1)
     4    0.01                           _165_ (net)
                  0.09    0.00    3.02 v _295_/C (sky130_fd_sc_hd__or3_1)
                  0.10    0.38    3.40 v _295_/X (sky130_fd_sc_hd__or3_1)
     3    0.01                           _048_ (net)
                  0.10    0.00    3.40 v _315_/B (sky130_fd_sc_hd__nor2_1)
                  0.14    0.15    3.55 ^ _315_/Y (sky130_fd_sc_hd__nor2_1)
     2    0.01                           _067_ (net)
                  0.14    0.00    3.55 ^ _316_/A (sky130_fd_sc_hd__inv_2)
                  0.04    0.06    3.60 v _316_/Y (sky130_fd_sc_hd__inv_2)
     3    0.01                           _068_ (net)
                  0.04    0.00    3.60 v _331_/C (sky130_fd_sc_hd__or3_1)
                  0.06    0.30    3.91 v _331_/X (sky130_fd_sc_hd__or3_1)
     1    0.00                           _082_ (net)
                  0.06    0.00    3.91 v _336_/C (sky130_fd_sc_hd__and4_1)
                  0.07    0.23    4.14 v _336_/X (sky130_fd_sc_hd__and4_1)
     1    0.01                           _087_ (net)
                  0.07    0.00    4.14 v _343_/B1 (sky130_fd_sc_hd__o211ai_4)
                  0.22    0.12    4.26 ^ _343_/Y (sky130_fd_sc_hd__o211ai_4)
     2    0.02                           net29 (net)
                  0.22    0.00    4.26 ^ output29/A (sky130_fd_sc_hd__buf_2)
                  0.17    0.26    4.52 ^ output29/X (sky130_fd_sc_hd__buf_2)
     1    0.03                           Result[7] (net)
                  0.17    0.00    4.53 ^ Result[7] (out)
                                  4.53   data arrival time

                  0.00   10.00   10.00   clock clk (rise edge)
                          0.00   10.00   clock network delay (ideal)
                         -0.25    9.75   clock uncertainty
                          0.00    9.75   clock reconvergence pessimism
                         -2.00    7.75   output external delay
                                  7.75   data required time
-----------------------------------------------------------------------------
                                  7.75   data required time
                                 -4.53   data arrival time
-----------------------------------------------------------------------------
                                  3.22   slack (MET)


Startpoint: A[1] (input port clocked by clk)
Endpoint: Result[6] (output port clocked by clk)
Path Group: clk
Path Type: max

Fanout     Cap    Slew   Delay    Time   Description
-----------------------------------------------------------------------------
                  0.00    0.00    0.00   clock clk (rise edge)
                          0.00    0.00   clock network delay (ideal)
                          2.00    2.00 v input external delay
                  0.01    0.00    2.00 v A[1] (in)
     1    0.00                           A[1] (net)
                  0.01    0.00    2.00 v input2/A (sky130_fd_sc_hd__buf_1)
                  0.07    0.11    2.12 v input2/X (sky130_fd_sc_hd__buf_1)
     1    0.01                           net2 (net)
                  0.07    0.00    2.12 v _176_/A (sky130_fd_sc_hd__clkbuf_4)
                  0.09    0.21    2.33 v _176_/X (sky130_fd_sc_hd__clkbuf_4)
    10    0.04                           _109_ (net)
                  0.09    0.00    2.33 v _177_/A (sky130_fd_sc_hd__xnor2_4)
                  0.21    0.26    2.58 ^ _177_/Y (sky130_fd_sc_hd__xnor2_4)
     8    0.02                           _110_ (net)
                  0.21    0.00    2.58 ^ _228_/A1 (sky130_fd_sc_hd__o21ai_1)
                  0.09    0.14    2.73 v _228_/Y (sky130_fd_sc_hd__o21ai_1)
     3    0.01                           _160_ (net)
                  0.09    0.00    2.73 v _266_/B2 (sky130_fd_sc_hd__a221o_1)
                  0.07    0.37    3.10 v _266_/X (sky130_fd_sc_hd__a221o_1)
     2    0.01                           _020_ (net)
                  0.07    0.00    3.10 v _287_/A3 (sky130_fd_sc_hd__a31o_1)
                  0.06    0.26    3.36 v _287_/X (sky130_fd_sc_hd__a31o_1)
     2    0.01                           _040_ (net)
                  0.06    0.00    3.36 v _307_/A2 (sky130_fd_sc_hd__a21boi_1)
                  0.22    0.24    3.60 ^ _307_/Y (sky130_fd_sc_hd__a21boi_1)
     2    0.01                           _059_ (net)
                  0.22    0.00    3.60 ^ _308_/B (sky130_fd_sc_hd__xnor2_1)
                  0.05    0.09    3.69 v _308_/Y (sky130_fd_sc_hd__xnor2_1)
     1    0.00                           _060_ (net)
                  0.05    0.00    3.69 v _319_/A2 (sky130_fd_sc_hd__o211ai_1)
                  0.15    0.16    3.85 ^ _319_/Y (sky130_fd_sc_hd__o211ai_1)
     1    0.00                           _071_ (net)
                  0.15    0.00    3.85 ^ _320_/B1 (sky130_fd_sc_hd__a31o_1)
                  0.16    0.21    4.07 ^ _320_/X (sky130_fd_sc_hd__a31o_1)
     2    0.02                           net28 (net)
                  0.16    0.00    4.07 ^ output28/A (sky130_fd_sc_hd__buf_2)
                  0.17    0.25    4.32 ^ output28/X (sky130_fd_sc_hd__buf_2)
     1    0.03                           Result[6] (net)
                  0.17    0.00    4.32 ^ Result[6] (out)
                                  4.32   data arrival time

                  0.00   10.00   10.00   clock clk (rise edge)
                          0.00   10.00   clock network delay (ideal)
                         -0.25    9.75   clock uncertainty
                          0.00    9.75   clock reconvergence pessimism
                         -2.00    7.75   output external delay
                                  7.75   data required time
-----------------------------------------------------------------------------
                                  7.75   data required time
                                 -4.32   data arrival time
-----------------------------------------------------------------------------
                                  3.43   slack (MET)


Startpoint: A[1] (input port clocked by clk)
Endpoint: Result[4] (output port clocked by clk)
Path Group: clk
Path Type: max

Fanout     Cap    Slew   Delay    Time   Description
-----------------------------------------------------------------------------
                  0.00    0.00    0.00   clock clk (rise edge)
                          0.00    0.00   clock network delay (ideal)
                          2.00    2.00 v input external delay
                  0.01    0.00    2.00 v A[1] (in)
     1    0.00                           A[1] (net)
                  0.01    0.00    2.00 v input2/A (sky130_fd_sc_hd__buf_1)
                  0.07    0.11    2.12 v input2/X (sky130_fd_sc_hd__buf_1)
     1    0.01                           net2 (net)
                  0.07    0.00    2.12 v _176_/A (sky130_fd_sc_hd__clkbuf_4)
                  0.09    0.21    2.33 v _176_/X (sky130_fd_sc_hd__clkbuf_4)
    10    0.04                           _109_ (net)
                  0.09    0.00    2.33 v _177_/A (sky130_fd_sc_hd__xnor2_4)
                  0.21    0.26    2.58 ^ _177_/Y (sky130_fd_sc_hd__xnor2_4)
     8    0.02                           _110_ (net)
                  0.21    0.00    2.58 ^ _228_/A1 (sky130_fd_sc_hd__o21ai_1)
                  0.09    0.14    2.73 v _228_/Y (sky130_fd_sc_hd__o21ai_1)
     3    0.01                           _160_ (net)
                  0.09    0.00    2.73 v _266_/B2 (sky130_fd_sc_hd__a221o_1)
                  0.07    0.37    3.10 v _266_/X (sky130_fd_sc_hd__a221o_1)
     2    0.01                           _020_ (net)
                  0.07    0.00    3.10 v _267_/B (sky130_fd_sc_hd__nand2_1)
                  0.07    0.09    3.19 ^ _267_/Y (sky130_fd_sc_hd__nand2_1)
     1    0.01                           _021_ (net)
                  0.07    0.00    3.19 ^ _268_/B (sky130_fd_sc_hd__xnor2_1)
                  0.12    0.12    3.31 ^ _268_/Y (sky130_fd_sc_hd__xnor2_1)
     1    0.00                           _022_ (net)
                  0.12    0.00    3.31 ^ _271_/A2 (sky130_fd_sc_hd__o21ai_1)
                  0.05    0.07    3.38 v _271_/Y (sky130_fd_sc_hd__o21ai_1)
     1    0.00                           _025_ (net)
                  0.05    0.00    3.38 v _278_/B (sky130_fd_sc_hd__or3b_1)
                  0.06    0.36    3.73 v _278_/X (sky130_fd_sc_hd__or3b_1)
     1    0.00                           _032_ (net)
                  0.06    0.00    3.73 v _279_/A (sky130_fd_sc_hd__buf_1)
                  0.09    0.16    3.89 v _279_/X (sky130_fd_sc_hd__buf_1)
     2    0.01                           net26 (net)
                  0.09    0.00    3.89 v output26/A (sky130_fd_sc_hd__buf_2)
                  0.09    0.21    4.10 v output26/X (sky130_fd_sc_hd__buf_2)
     1    0.03                           Result[4] (net)
                  0.09    0.00    4.10 v Result[4] (out)
                                  4.10   data arrival time

                  0.00   10.00   10.00   clock clk (rise edge)
                          0.00   10.00   clock network delay (ideal)
                         -0.25    9.75   clock uncertainty
                          0.00    9.75   clock reconvergence pessimism
                         -2.00    7.75   output external delay
                                  7.75   data required time
-----------------------------------------------------------------------------
                                  7.75   data required time
                                 -4.10   data arrival time
-----------------------------------------------------------------------------
                                  3.65   slack (MET)


Startpoint: A[1] (input port clocked by clk)
Endpoint: Result[5] (output port clocked by clk)
Path Group: clk
Path Type: max

Fanout     Cap    Slew   Delay    Time   Description
-----------------------------------------------------------------------------
                  0.00    0.00    0.00   clock clk (rise edge)
                          0.00    0.00   clock network delay (ideal)
                          2.00    2.00 v input external delay
                  0.01    0.00    2.00 v A[1] (in)
     1    0.00                           A[1] (net)
                  0.01    0.00    2.00 v input2/A (sky130_fd_sc_hd__buf_1)
                  0.07    0.11    2.12 v input2/X (sky130_fd_sc_hd__buf_1)
     1    0.01                           net2 (net)
                  0.07    0.00    2.12 v _176_/A (sky130_fd_sc_hd__clkbuf_4)
                  0.09    0.21    2.33 v _176_/X (sky130_fd_sc_hd__clkbuf_4)
    10    0.04                           _109_ (net)
                  0.09    0.00    2.33 v _177_/A (sky130_fd_sc_hd__xnor2_4)
                  0.21    0.26    2.58 ^ _177_/Y (sky130_fd_sc_hd__xnor2_4)
     8    0.02                           _110_ (net)
                  0.21    0.00    2.58 ^ _228_/A1 (sky130_fd_sc_hd__o21ai_1)
                  0.09    0.14    2.73 v _228_/Y (sky130_fd_sc_hd__o21ai_1)
     3    0.01                           _160_ (net)
                  0.09    0.00    2.73 v _266_/B2 (sky130_fd_sc_hd__a221o_1)
                  0.07    0.37    3.10 v _266_/X (sky130_fd_sc_hd__a221o_1)
     2    0.01                           _020_ (net)
                  0.07    0.00    3.10 v _287_/A3 (sky130_fd_sc_hd__a31o_1)
                  0.06    0.26    3.36 v _287_/X (sky130_fd_sc_hd__a31o_1)
     2    0.01                           _040_ (net)
                  0.06    0.00    3.36 v _288_/B (sky130_fd_sc_hd__xor2_1)
                  0.05    0.15    3.50 v _288_/X (sky130_fd_sc_hd__xor2_1)
     1    0.00                           _041_ (net)
                  0.05    0.00    3.50 v _298_/A2 (sky130_fd_sc_hd__o211ai_1)
                  0.15    0.16    3.67 ^ _298_/Y (sky130_fd_sc_hd__o211ai_1)
     1    0.00                           _051_ (net)
                  0.15    0.00    3.67 ^ _299_/B1 (sky130_fd_sc_hd__a31o_1)
                  0.12    0.19    3.85 ^ _299_/X (sky130_fd_sc_hd__a31o_1)
     2    0.01                           net27 (net)
                  0.12    0.00    3.85 ^ output27/A (sky130_fd_sc_hd__buf_2)
                  0.17    0.24    4.09 ^ output27/X (sky130_fd_sc_hd__buf_2)
     1    0.03                           Result[5] (net)
                  0.17    0.00    4.09 ^ Result[5] (out)
                                  4.09   data arrival time

                  0.00   10.00   10.00   clock clk (rise edge)
                          0.00   10.00   clock network delay (ideal)
                         -0.25    9.75   clock uncertainty
                          0.00    9.75   clock reconvergence pessimism
                         -2.00    7.75   output external delay
                                  7.75   data required time
-----------------------------------------------------------------------------
                                  7.75   data required time
                                 -4.09   data arrival time
-----------------------------------------------------------------------------
                                  3.66   slack (MET)


Startpoint: Sel[0] (input port clocked by clk)
Endpoint: Result[2] (output port clocked by clk)
Path Group: clk
Path Type: max

Fanout     Cap    Slew   Delay    Time   Description
-----------------------------------------------------------------------------
                  0.00    0.00    0.00   clock clk (rise edge)
                          0.00    0.00   clock network delay (ideal)
                          2.00    2.00 v input external delay
                  0.01    0.00    2.00 v Sel[0] (in)
     1    0.00                           Sel[0] (net)
                  0.01    0.00    2.00 v input17/A (sky130_fd_sc_hd__buf_1)
                  0.06    0.11    2.11 v input17/X (sky130_fd_sc_hd__buf_1)
     2    0.01                           net17 (net)
                  0.06    0.00    2.11 v _180_/A (sky130_fd_sc_hd__buf_2)
                  0.08    0.19    2.30 v _180_/X (sky130_fd_sc_hd__buf_2)
    10    0.03                           _113_ (net)
                  0.08    0.00    2.30 v _225_/C (sky130_fd_sc_hd__or4_1)
                  0.08    0.48    2.78 v _225_/X (sky130_fd_sc_hd__or4_1)
     1    0.00                           _157_ (net)
                  0.08    0.00    2.78 v _226_/A (sky130_fd_sc_hd__buf_2)
                  0.07    0.19    2.97 v _226_/X (sky130_fd_sc_hd__buf_2)
     6    0.03                           _158_ (net)
                  0.07    0.00    2.97 v _231_/A (sky130_fd_sc_hd__or3b_1)
                  0.06    0.38    3.35 v _231_/X (sky130_fd_sc_hd__or3b_1)
     1    0.00                           _163_ (net)
                  0.06    0.00    3.35 v _232_/C (sky130_fd_sc_hd__and3_1)
                  0.04    0.20    3.55 v _232_/X (sky130_fd_sc_hd__and3_1)
     1    0.00                           _164_ (net)
                  0.04    0.00    3.55 v _233_/B1 (sky130_fd_sc_hd__o21ai_2)
                  0.21    0.10    3.65 ^ _233_/Y (sky130_fd_sc_hd__o21ai_2)
     2    0.02                           net24 (net)
                  0.21    0.00    3.65 ^ output24/A (sky130_fd_sc_hd__clkbuf_4)
                  0.11    0.26    3.91 ^ output24/X (sky130_fd_sc_hd__clkbuf_4)
     1    0.03                           Result[2] (net)
                  0.11    0.00    3.91 ^ Result[2] (out)
                                  3.91   data arrival time

                  0.00   10.00   10.00   clock clk (rise edge)
                          0.00   10.00   clock network delay (ideal)
                         -0.25    9.75   clock uncertainty
                          0.00    9.75   clock reconvergence pessimism
                         -2.00    7.75   output external delay
                                  7.75   data required time
-----------------------------------------------------------------------------
                                  7.75   data required time
                                 -3.91   data arrival time
-----------------------------------------------------------------------------
                                  3.84   slack (MET)


Startpoint: Sel[1] (input port clocked by clk)
Endpoint: Result[1] (output port clocked by clk)
Path Group: clk
Path Type: max

Fanout     Cap    Slew   Delay    Time   Description
-----------------------------------------------------------------------------
                  0.00    0.00    0.00   clock clk (rise edge)
                          0.00    0.00   clock network delay (ideal)
                          2.00    2.00 ^ input external delay
                  0.02    0.01    2.01 ^ Sel[1] (in)
     1    0.00                           Sel[1] (net)
                  0.02    0.00    2.01 ^ input18/A (sky130_fd_sc_hd__buf_1)
                  0.18    0.18    2.19 ^ input18/X (sky130_fd_sc_hd__buf_1)
     4    0.02                           net18 (net)
                  0.18    0.00    2.19 ^ _181_/A (sky130_fd_sc_hd__buf_2)
                  0.17    0.25    2.44 ^ _181_/X (sky130_fd_sc_hd__buf_2)
    10    0.03                           _114_ (net)
                  0.17    0.00    2.44 ^ _198_/C_N (sky130_fd_sc_hd__or3b_4)
                  0.10    0.47    2.91 v _198_/X (sky130_fd_sc_hd__or3b_4)
     8    0.02                           _131_ (net)
                  0.10    0.00    2.91 v _200_/A1 (sky130_fd_sc_hd__mux2_1)
                  0.06    0.32    3.23 v _200_/X (sky130_fd_sc_hd__mux2_1)
     1    0.00                           _133_ (net)
                  0.06    0.00    3.23 v _204_/C1 (sky130_fd_sc_hd__o2111a_1)
                  0.04    0.13    3.37 v _204_/X (sky130_fd_sc_hd__o2111a_1)
     1    0.00                           _137_ (net)
                  0.04    0.00    3.37 v _205_/B1 (sky130_fd_sc_hd__o21ai_1)
                  0.10    0.07    3.43 ^ _205_/Y (sky130_fd_sc_hd__o21ai_1)
     1    0.00                           _138_ (net)
                  0.10    0.00    3.43 ^ _206_/B1 (sky130_fd_sc_hd__a31o_1)
                  0.17    0.20    3.64 ^ _206_/X (sky130_fd_sc_hd__a31o_1)
     2    0.02                           net23 (net)
                  0.17    0.00    3.64 ^ output23/A (sky130_fd_sc_hd__buf_2)
                  0.17    0.25    3.89 ^ output23/X (sky130_fd_sc_hd__buf_2)
     1    0.03                           Result[1] (net)
                  0.17    0.00    3.89 ^ Result[1] (out)
                                  3.89   data arrival time

                  0.00   10.00   10.00   clock clk (rise edge)
                          0.00   10.00   clock network delay (ideal)
                         -0.25    9.75   clock uncertainty
                          0.00    9.75   clock reconvergence pessimism
                         -2.00    7.75   output external delay
                                  7.75   data required time
-----------------------------------------------------------------------------
                                  7.75   data required time
                                 -3.89   data arrival time
-----------------------------------------------------------------------------
                                  3.86   slack (MET)


Startpoint: Sel[1] (input port clocked by clk)
Endpoint: Result[3] (output port clocked by clk)
Path Group: clk
Path Type: max

Fanout     Cap    Slew   Delay    Time   Description
-----------------------------------------------------------------------------
                  0.00    0.00    0.00   clock clk (rise edge)
                          0.00    0.00   clock network delay (ideal)
                          2.00    2.00 ^ input external delay
                  0.02    0.01    2.01 ^ Sel[1] (in)
     1    0.00                           Sel[1] (net)
                  0.02    0.00    2.01 ^ input18/A (sky130_fd_sc_hd__buf_1)
                  0.18    0.18    2.19 ^ input18/X (sky130_fd_sc_hd__buf_1)
     4    0.02                           net18 (net)
                  0.18    0.00    2.19 ^ _181_/A (sky130_fd_sc_hd__buf_2)
                  0.17    0.25    2.44 ^ _181_/X (sky130_fd_sc_hd__buf_2)
    10    0.03                           _114_ (net)
                  0.17    0.00    2.44 ^ _198_/C_N (sky130_fd_sc_hd__or3b_4)
                  0.10    0.47    2.91 v _198_/X (sky130_fd_sc_hd__or3b_4)
     8    0.02                           _131_ (net)
                  0.10    0.00    2.91 v _241_/B (sky130_fd_sc_hd__or3b_1)
                  0.06    0.37    3.28 v _241_/X (sky130_fd_sc_hd__or3b_1)
     1    0.00                           _172_ (net)
                  0.06    0.00    3.28 v _246_/C (sky130_fd_sc_hd__and4_1)
                  0.04    0.20    3.48 v _246_/X (sky130_fd_sc_hd__and4_1)
     1    0.00                           _001_ (net)
                  0.04    0.00    3.48 v _255_/A (sky130_fd_sc_hd__nand2_1)
                  0.14    0.13    3.60 ^ _255_/Y (sky130_fd_sc_hd__nand2_1)
     2    0.01                           net25 (net)
                  0.14    0.00    3.60 ^ output25/A (sky130_fd_sc_hd__buf_2)
                  0.17    0.24    3.85 ^ output25/X (sky130_fd_sc_hd__buf_2)
     1    0.03                           Result[3] (net)
                  0.17    0.00    3.85 ^ Result[3] (out)
                                  3.85   data arrival time

                  0.00   10.00   10.00   clock clk (rise edge)
                          0.00   10.00   clock network delay (ideal)
                         -0.25    9.75   clock uncertainty
                          0.00    9.75   clock reconvergence pessimism
                         -2.00    7.75   output external delay
                                  7.75   data required time
-----------------------------------------------------------------------------
                                  7.75   data required time
                                 -3.85   data arrival time
-----------------------------------------------------------------------------
                                  3.90   slack (MET)


Startpoint: Sel[1] (input port clocked by clk)
Endpoint: Result[0] (output port clocked by clk)
Path Group: clk
Path Type: max

Fanout     Cap    Slew   Delay    Time   Description
-----------------------------------------------------------------------------
                  0.00    0.00    0.00   clock clk (rise edge)
                          0.00    0.00   clock network delay (ideal)
                          2.00    2.00 ^ input external delay
                  0.02    0.01    2.01 ^ Sel[1] (in)
     1    0.00                           Sel[1] (net)
                  0.02    0.00    2.01 ^ input18/A (sky130_fd_sc_hd__buf_1)
                  0.18    0.18    2.19 ^ input18/X (sky130_fd_sc_hd__buf_1)
     4    0.02                           net18 (net)
                  0.18    0.00    2.19 ^ _181_/A (sky130_fd_sc_hd__buf_2)
                  0.17    0.25    2.44 ^ _181_/X (sky130_fd_sc_hd__buf_2)
    10    0.03                           _114_ (net)
                  0.17    0.00    2.44 ^ _191_/D_N (sky130_fd_sc_hd__or4b_4)
                  0.12    0.57    3.02 v _191_/X (sky130_fd_sc_hd__or4b_4)
     8    0.03                           _124_ (net)
                  0.12    0.00    3.02 v _353_/A2_N (sky130_fd_sc_hd__a2bb2o_1)
                  0.05    0.28    3.29 ^ _353_/X (sky130_fd_sc_hd__a2bb2o_1)
     1    0.00                           _102_ (net)
                  0.05    0.00    3.29 ^ _354_/C1 (sky130_fd_sc_hd__a211o_1)
                  0.12    0.15    3.44 ^ _354_/X (sky130_fd_sc_hd__a211o_1)
     2    0.01                           net22 (net)
                  0.12    0.00    3.44 ^ output22/A (sky130_fd_sc_hd__clkbuf_4)
                  0.11    0.22    3.67 ^ output22/X (sky130_fd_sc_hd__clkbuf_4)
     1    0.03                           Result[0] (net)
                  0.11    0.00    3.67 ^ Result[0] (out)
                                  3.67   data arrival time

                  0.00   10.00   10.00   clock clk (rise edge)
                          0.00   10.00   clock network delay (ideal)
                         -0.25    9.75   clock uncertainty
                          0.00    9.75   clock reconvergence pessimism
                         -2.00    7.75   output external delay
                                  7.75   data required time
-----------------------------------------------------------------------------
                                  7.75   data required time
                                 -3.67   data arrival time
-----------------------------------------------------------------------------
                                  4.08   slack (MET)



