
===========================================================================
report_checks -path_delay max (Setup)
============================================================================
======================= Typical Corner ===================================

Startpoint: A[1] (input port clocked by clk)
Endpoint: Zero (output port clocked by clk)
Path Group: clk
Path Type: max

Fanout     Cap    Slew   Delay    Time   Description
-----------------------------------------------------------------------------
                  0.00    0.00    0.00   clock clk (rise edge)
                          0.00    0.00   clock network delay (ideal)
                          2.00    2.00 v input external delay
                  0.01    0.00    2.00 v A[1] (in)
     1    0.00                           A[1] (net)
                  0.01    0.00    2.00 v input2/A (sky130_fd_sc_hd__buf_2)
                  0.07    0.16    2.16 v input2/X (sky130_fd_sc_hd__buf_2)
     1    0.03                           net2 (net)
                  0.07    0.00    2.16 v _176_/A (sky130_fd_sc_hd__clkbuf_4)
                  0.09    0.21    2.38 v _176_/X (sky130_fd_sc_hd__clkbuf_4)
    10    0.04                           _109_ (net)
                  0.09    0.00    2.38 v _177_/A (sky130_fd_sc_hd__xnor2_4)
                  0.22    0.26    2.64 ^ _177_/Y (sky130_fd_sc_hd__xnor2_4)
     8    0.02                           _110_ (net)
                  0.22    0.00    2.64 ^ _228_/A1 (sky130_fd_sc_hd__o21ai_1)
                  0.09    0.14    2.78 v _228_/Y (sky130_fd_sc_hd__o21ai_1)
     3    0.01                           _160_ (net)
                  0.09    0.00    2.78 v _266_/B2 (sky130_fd_sc_hd__a221o_1)
                  0.07    0.37    3.15 v _266_/X (sky130_fd_sc_hd__a221o_1)
     2    0.01                           _020_ (net)
                  0.07    0.00    3.15 v _267_/B (sky130_fd_sc_hd__nand2_1)
                  0.06    0.09    3.24 ^ _267_/Y (sky130_fd_sc_hd__nand2_1)
     1    0.01                           _021_ (net)
                  0.06    0.00    3.24 ^ _268_/B (sky130_fd_sc_hd__xnor2_1)
                  0.12    0.12    3.35 ^ _268_/Y (sky130_fd_sc_hd__xnor2_1)
     1    0.00                           _022_ (net)
                  0.12    0.00    3.35 ^ _271_/A2 (sky130_fd_sc_hd__o21ai_1)
                  0.05    0.07    3.42 v _271_/Y (sky130_fd_sc_hd__o21ai_1)
     1    0.00                           _025_ (net)
                  0.05    0.00    3.42 v _278_/B (sky130_fd_sc_hd__or3b_1)
                  0.06    0.35    3.77 v _278_/X (sky130_fd_sc_hd__or3b_1)
     1    0.00                           _032_ (net)
                  0.06    0.00    3.77 v _279_/A (sky130_fd_sc_hd__buf_2)
                  0.07    0.18    3.95 v _279_/X (sky130_fd_sc_hd__buf_2)
     2    0.03                           net26 (net)
                  0.07    0.00    3.95 v _357_/B (sky130_fd_sc_hd__or4_1)
                  0.12    0.58    4.53 v _357_/X (sky130_fd_sc_hd__or4_1)
     1    0.01                           _105_ (net)
                  0.12    0.00    4.53 v _361_/A3 (sky130_fd_sc_hd__o31ai_4)
                  0.29    0.31    4.84 ^ _361_/Y (sky130_fd_sc_hd__o31ai_4)
     1    0.02                           net30 (net)
                  0.29    0.00    4.84 ^ output30/A (sky130_fd_sc_hd__buf_2)
                  0.17    0.28    5.12 ^ output30/X (sky130_fd_sc_hd__buf_2)
     1    0.03                           Zero (net)
                  0.17    0.00    5.12 ^ Zero (out)
                                  5.12   data arrival time

                  0.00   10.00   10.00   clock clk (rise edge)
                          0.00   10.00   clock network delay (ideal)
                         -0.25    9.75   clock uncertainty
                          0.00    9.75   clock reconvergence pessimism
                         -2.00    7.75   output external delay
                                  7.75   data required time
-----------------------------------------------------------------------------
                                  7.75   data required time
                                 -5.12   data arrival time
-----------------------------------------------------------------------------
                                  2.63   slack (MET)


Startpoint: A[1] (input port clocked by clk)
Endpoint: CarryOut (output port clocked by clk)
Path Group: clk
Path Type: max

Fanout     Cap    Slew   Delay    Time   Description
-----------------------------------------------------------------------------
                  0.00    0.00    0.00   clock clk (rise edge)
                          0.00    0.00   clock network delay (ideal)
                          2.00    2.00 v input external delay
                  0.01    0.00    2.00 v A[1] (in)
     1    0.00                           A[1] (net)
                  0.01    0.00    2.00 v input2/A (sky130_fd_sc_hd__buf_2)
                  0.07    0.16    2.16 v input2/X (sky130_fd_sc_hd__buf_2)
     1    0.03                           net2 (net)
                  0.07    0.00    2.16 v _176_/A (sky130_fd_sc_hd__clkbuf_4)
                  0.09    0.21    2.38 v _176_/X (sky130_fd_sc_hd__clkbuf_4)
    10    0.04                           _109_ (net)
                  0.09    0.00    2.38 v _177_/A (sky130_fd_sc_hd__xnor2_4)
                  0.22    0.26    2.64 ^ _177_/Y (sky130_fd_sc_hd__xnor2_4)
     8    0.02                           _110_ (net)
                  0.22    0.00    2.64 ^ _228_/A1 (sky130_fd_sc_hd__o21ai_1)
                  0.09    0.14    2.78 v _228_/Y (sky130_fd_sc_hd__o21ai_1)
     3    0.01                           _160_ (net)
                  0.09    0.00    2.78 v _266_/B2 (sky130_fd_sc_hd__a221o_1)
                  0.07    0.37    3.15 v _266_/X (sky130_fd_sc_hd__a221o_1)
     2    0.01                           _020_ (net)
                  0.07    0.00    3.15 v _287_/A3 (sky130_fd_sc_hd__a31o_1)
                  0.06    0.26    3.41 v _287_/X (sky130_fd_sc_hd__a31o_1)
     2    0.01                           _040_ (net)
                  0.06    0.00    3.41 v _307_/A2 (sky130_fd_sc_hd__a21boi_1)
                  0.21    0.23    3.64 ^ _307_/Y (sky130_fd_sc_hd__a21boi_1)
     2    0.01                           _059_ (net)
                  0.21    0.00    3.64 ^ _324_/A2 (sky130_fd_sc_hd__o21ai_1)
                  0.09    0.13    3.77 v _324_/Y (sky130_fd_sc_hd__o21ai_1)
     2    0.01                           _075_ (net)
                  0.09    0.00    3.77 v _346_/A2 (sky130_fd_sc_hd__o211a_1)
                  0.04    0.23    3.99 v _346_/X (sky130_fd_sc_hd__o211a_1)
     1    0.00                           _096_ (net)
                  0.04    0.00    3.99 v _348_/B (sky130_fd_sc_hd__or3b_2)
                  0.13    0.54    4.53 v _348_/X (sky130_fd_sc_hd__or3b_2)
     1    0.02                           _098_ (net)
                  0.13    0.00    4.53 v _349_/A (sky130_fd_sc_hd__clkbuf_2)
                  0.07    0.19    4.72 v _349_/X (sky130_fd_sc_hd__clkbuf_2)
     1    0.02                           net21 (net)
                  0.07    0.00    4.72 v output21/A (sky130_fd_sc_hd__buf_2)
                  0.09    0.20    4.92 v output21/X (sky130_fd_sc_hd__buf_2)
     1    0.03                           CarryOut (net)
                  0.09    0.00    4.92 v CarryOut (out)
                                  4.92   data arrival time

                  0.00   10.00   10.00   clock clk (rise edge)
                          0.00   10.00   clock network delay (ideal)
                         -0.25    9.75   clock uncertainty
                          0.00    9.75   clock reconvergence pessimism
                         -2.00    7.75   output external delay
                                  7.75   data required time
-----------------------------------------------------------------------------
                                  7.75   data required time
                                 -4.92   data arrival time
-----------------------------------------------------------------------------
                                  2.83   slack (MET)


Startpoint: A[1] (input port clocked by clk)
Endpoint: Result[7] (output port clocked by clk)
Path Group: clk
Path Type: max

Fanout     Cap    Slew   Delay    Time   Description
-----------------------------------------------------------------------------
                  0.00    0.00    0.00   clock clk (rise edge)
                          0.00    0.00   clock network delay (ideal)
                          2.00    2.00 v input external delay
                  0.01    0.00    2.00 v A[1] (in)
     1    0.00                           A[1] (net)
                  0.01    0.00    2.00 v input2/A (sky130_fd_sc_hd__buf_2)
                  0.07    0.16    2.16 v input2/X (sky130_fd_sc_hd__buf_2)
     1    0.03                           net2 (net)
                  0.07    0.00    2.16 v _176_/A (sky130_fd_sc_hd__clkbuf_4)
                  0.09    0.21    2.38 v _176_/X (sky130_fd_sc_hd__clkbuf_4)
    10    0.04                           _109_ (net)
                  0.09    0.00    2.38 v _217_/B (sky130_fd_sc_hd__or3_1)
                  0.09    0.40    2.78 v _217_/X (sky130_fd_sc_hd__or3_1)
     3    0.01                           _149_ (net)
                  0.09    0.00    2.78 v _234_/B (sky130_fd_sc_hd__or2_1)
                  0.09    0.28    3.07 v _234_/X (sky130_fd_sc_hd__or2_1)
     4    0.01                           _165_ (net)
                  0.09    0.00    3.07 v _295_/C (sky130_fd_sc_hd__or3_1)
                  0.10    0.38    3.44 v _295_/X (sky130_fd_sc_hd__or3_1)
     3    0.01                           _048_ (net)
                  0.10    0.00    3.44 v _315_/B (sky130_fd_sc_hd__nor2_1)
                  0.15    0.16    3.60 ^ _315_/Y (sky130_fd_sc_hd__nor2_1)
     2    0.01                           _067_ (net)
                  0.15    0.00    3.60 ^ _316_/A (sky130_fd_sc_hd__inv_2)
                  0.04    0.06    3.66 v _316_/Y (sky130_fd_sc_hd__inv_2)
     3    0.01                           _068_ (net)
                  0.04    0.00    3.66 v _331_/C (sky130_fd_sc_hd__or3_1)
                  0.06    0.31    3.96 v _331_/X (sky130_fd_sc_hd__or3_1)
     1    0.00                           _082_ (net)
                  0.06    0.00    3.96 v _336_/C (sky130_fd_sc_hd__and4_1)
                  0.07    0.23    4.20 v _336_/X (sky130_fd_sc_hd__and4_1)
     1    0.01                           _087_ (net)
                  0.07    0.00    4.20 v _343_/B1 (sky130_fd_sc_hd__o211ai_4)
                  0.35    0.17    4.37 ^ _343_/Y (sky130_fd_sc_hd__o211ai_4)
     2    0.04                           net29 (net)
                  0.35    0.00    4.38 ^ output29/A (sky130_fd_sc_hd__buf_2)
                  0.17    0.29    4.67 ^ output29/X (sky130_fd_sc_hd__buf_2)
     1    0.03                           Result[7] (net)
                  0.17    0.00    4.67 ^ Result[7] (out)
                                  4.67   data arrival time

                  0.00   10.00   10.00   clock clk (rise edge)
                          0.00   10.00   clock network delay (ideal)
                         -0.25    9.75   clock uncertainty
                          0.00    9.75   clock reconvergence pessimism
                         -2.00    7.75   output external delay
                                  7.75   data required time
-----------------------------------------------------------------------------
                                  7.75   data required time
                                 -4.67   data arrival time
-----------------------------------------------------------------------------
                                  3.08   slack (MET)


Startpoint: A[1] (input port clocked by clk)
Endpoint: Result[6] (output port clocked by clk)
Path Group: clk
Path Type: max

Fanout     Cap    Slew   Delay    Time   Description
-----------------------------------------------------------------------------
                  0.00    0.00    0.00   clock clk (rise edge)
                          0.00    0.00   clock network delay (ideal)
                          2.00    2.00 v input external delay
                  0.01    0.00    2.00 v A[1] (in)
     1    0.00                           A[1] (net)
                  0.01    0.00    2.00 v input2/A (sky130_fd_sc_hd__buf_2)
                  0.07    0.16    2.16 v input2/X (sky130_fd_sc_hd__buf_2)
     1    0.03                           net2 (net)
                  0.07    0.00    2.16 v _176_/A (sky130_fd_sc_hd__clkbuf_4)
                  0.09    0.21    2.38 v _176_/X (sky130_fd_sc_hd__clkbuf_4)
    10    0.04                           _109_ (net)
                  0.09    0.00    2.38 v _177_/A (sky130_fd_sc_hd__xnor2_4)
                  0.22    0.26    2.64 ^ _177_/Y (sky130_fd_sc_hd__xnor2_4)
     8    0.02                           _110_ (net)
                  0.22    0.00    2.64 ^ _228_/A1 (sky130_fd_sc_hd__o21ai_1)
                  0.09    0.14    2.78 v _228_/Y (sky130_fd_sc_hd__o21ai_1)
     3    0.01                           _160_ (net)
                  0.09    0.00    2.78 v _266_/B2 (sky130_fd_sc_hd__a221o_1)
                  0.07    0.37    3.15 v _266_/X (sky130_fd_sc_hd__a221o_1)
     2    0.01                           _020_ (net)
                  0.07    0.00    3.15 v _287_/A3 (sky130_fd_sc_hd__a31o_1)
                  0.06    0.26    3.41 v _287_/X (sky130_fd_sc_hd__a31o_1)
     2    0.01                           _040_ (net)
                  0.06    0.00    3.41 v _307_/A2 (sky130_fd_sc_hd__a21boi_1)
                  0.21    0.23    3.64 ^ _307_/Y (sky130_fd_sc_hd__a21boi_1)
     2    0.01                           _059_ (net)
                  0.21    0.00    3.64 ^ _308_/B (sky130_fd_sc_hd__xnor2_1)
                  0.05    0.09    3.73 v _308_/Y (sky130_fd_sc_hd__xnor2_1)
     1    0.00                           _060_ (net)
                  0.05    0.00    3.73 v _319_/A2 (sky130_fd_sc_hd__o211ai_1)
                  0.20    0.21    3.93 ^ _319_/Y (sky130_fd_sc_hd__o211ai_1)
     1    0.01                           _071_ (net)
                  0.20    0.00    3.93 ^ _320_/B1 (sky130_fd_sc_hd__a31o_4)
                  0.15    0.22    4.16 ^ _320_/X (sky130_fd_sc_hd__a31o_4)
     2    0.05                           net28 (net)
                  0.15    0.01    4.16 ^ output28/A (sky130_fd_sc_hd__buf_2)
                  0.17    0.25    4.41 ^ output28/X (sky130_fd_sc_hd__buf_2)
     1    0.03                           Result[6] (net)
                  0.17    0.00    4.41 ^ Result[6] (out)
                                  4.41   data arrival time

                  0.00   10.00   10.00   clock clk (rise edge)
                          0.00   10.00   clock network delay (ideal)
                         -0.25    9.75   clock uncertainty
                          0.00    9.75   clock reconvergence pessimism
                         -2.00    7.75   output external delay
                                  7.75   data required time
-----------------------------------------------------------------------------
                                  7.75   data required time
                                 -4.41   data arrival time
-----------------------------------------------------------------------------
                                  3.34   slack (MET)


Startpoint: A[1] (input port clocked by clk)
Endpoint: Result[5] (output port clocked by clk)
Path Group: clk
Path Type: max

Fanout     Cap    Slew   Delay    Time   Description
-----------------------------------------------------------------------------
                  0.00    0.00    0.00   clock clk (rise edge)
                          0.00    0.00   clock network delay (ideal)
                          2.00    2.00 v input external delay
                  0.01    0.00    2.00 v A[1] (in)
     1    0.00                           A[1] (net)
                  0.01    0.00    2.00 v input2/A (sky130_fd_sc_hd__buf_2)
                  0.07    0.16    2.16 v input2/X (sky130_fd_sc_hd__buf_2)
     1    0.03                           net2 (net)
                  0.07    0.00    2.16 v _176_/A (sky130_fd_sc_hd__clkbuf_4)
                  0.09    0.21    2.38 v _176_/X (sky130_fd_sc_hd__clkbuf_4)
    10    0.04                           _109_ (net)
                  0.09    0.00    2.38 v _177_/A (sky130_fd_sc_hd__xnor2_4)
                  0.22    0.26    2.64 ^ _177_/Y (sky130_fd_sc_hd__xnor2_4)
     8    0.02                           _110_ (net)
                  0.22    0.00    2.64 ^ _228_/A1 (sky130_fd_sc_hd__o21ai_1)
                  0.09    0.14    2.78 v _228_/Y (sky130_fd_sc_hd__o21ai_1)
     3    0.01                           _160_ (net)
                  0.09    0.00    2.78 v _266_/B2 (sky130_fd_sc_hd__a221o_1)
                  0.07    0.37    3.15 v _266_/X (sky130_fd_sc_hd__a221o_1)
     2    0.01                           _020_ (net)
                  0.07    0.00    3.15 v _287_/A3 (sky130_fd_sc_hd__a31o_1)
                  0.06    0.26    3.41 v _287_/X (sky130_fd_sc_hd__a31o_1)
     2    0.01                           _040_ (net)
                  0.06    0.00    3.41 v _288_/B (sky130_fd_sc_hd__xor2_1)
                  0.05    0.15    3.55 v _288_/X (sky130_fd_sc_hd__xor2_1)
     1    0.00                           _041_ (net)
                  0.05    0.00    3.55 v _298_/A2 (sky130_fd_sc_hd__o211ai_1)
                  0.15    0.17    3.72 ^ _298_/Y (sky130_fd_sc_hd__o211ai_1)
     1    0.00                           _051_ (net)
                  0.15    0.00    3.72 ^ _299_/B1 (sky130_fd_sc_hd__a31o_2)
                  0.19    0.25    3.96 ^ _299_/X (sky130_fd_sc_hd__a31o_2)
     2    0.03                           net27 (net)
                  0.19    0.01    3.97 ^ output27/A (sky130_fd_sc_hd__buf_2)
                  0.17    0.26    4.23 ^ output27/X (sky130_fd_sc_hd__buf_2)
     1    0.03                           Result[5] (net)
                  0.17    0.00    4.23 ^ Result[5] (out)
                                  4.23   data arrival time

                  0.00   10.00   10.00   clock clk (rise edge)
                          0.00   10.00   clock network delay (ideal)
                         -0.25    9.75   clock uncertainty
                          0.00    9.75   clock reconvergence pessimism
                         -2.00    7.75   output external delay
                                  7.75   data required time
-----------------------------------------------------------------------------
                                  7.75   data required time
                                 -4.23   data arrival time
-----------------------------------------------------------------------------
                                  3.52   slack (MET)


Startpoint: A[1] (input port clocked by clk)
Endpoint: Result[4] (output port clocked by clk)
Path Group: clk
Path Type: max

Fanout     Cap    Slew   Delay    Time   Description
-----------------------------------------------------------------------------
                  0.00    0.00    0.00   clock clk (rise edge)
                          0.00    0.00   clock network delay (ideal)
                          2.00    2.00 v input external delay
                  0.01    0.00    2.00 v A[1] (in)
     1    0.00                           A[1] (net)
                  0.01    0.00    2.00 v input2/A (sky130_fd_sc_hd__buf_2)
                  0.07    0.16    2.16 v input2/X (sky130_fd_sc_hd__buf_2)
     1    0.03                           net2 (net)
                  0.07    0.00    2.16 v _176_/A (sky130_fd_sc_hd__clkbuf_4)
                  0.09    0.21    2.38 v _176_/X (sky130_fd_sc_hd__clkbuf_4)
    10    0.04                           _109_ (net)
                  0.09    0.00    2.38 v _177_/A (sky130_fd_sc_hd__xnor2_4)
                  0.22    0.26    2.64 ^ _177_/Y (sky130_fd_sc_hd__xnor2_4)
     8    0.02                           _110_ (net)
                  0.22    0.00    2.64 ^ _228_/A1 (sky130_fd_sc_hd__o21ai_1)
                  0.09    0.14    2.78 v _228_/Y (sky130_fd_sc_hd__o21ai_1)
     3    0.01                           _160_ (net)
                  0.09    0.00    2.78 v _266_/B2 (sky130_fd_sc_hd__a221o_1)
                  0.07    0.37    3.15 v _266_/X (sky130_fd_sc_hd__a221o_1)
     2    0.01                           _020_ (net)
                  0.07    0.00    3.15 v _267_/B (sky130_fd_sc_hd__nand2_1)
                  0.06    0.09    3.24 ^ _267_/Y (sky130_fd_sc_hd__nand2_1)
     1    0.01                           _021_ (net)
                  0.06    0.00    3.24 ^ _268_/B (sky130_fd_sc_hd__xnor2_1)
                  0.12    0.12    3.35 ^ _268_/Y (sky130_fd_sc_hd__xnor2_1)
     1    0.00                           _022_ (net)
                  0.12    0.00    3.35 ^ _271_/A2 (sky130_fd_sc_hd__o21ai_1)
                  0.05    0.07    3.42 v _271_/Y (sky130_fd_sc_hd__o21ai_1)
     1    0.00                           _025_ (net)
                  0.05    0.00    3.42 v _278_/B (sky130_fd_sc_hd__or3b_1)
                  0.06    0.35    3.77 v _278_/X (sky130_fd_sc_hd__or3b_1)
     1    0.00                           _032_ (net)
                  0.06    0.00    3.77 v _279_/A (sky130_fd_sc_hd__buf_2)
                  0.07    0.18    3.95 v _279_/X (sky130_fd_sc_hd__buf_2)
     2    0.03                           net26 (net)
                  0.07    0.00    3.95 v output26/A (sky130_fd_sc_hd__buf_2)
                  0.09    0.20    4.15 v output26/X (sky130_fd_sc_hd__buf_2)
     1    0.03                           Result[4] (net)
                  0.09    0.00    4.15 v Result[4] (out)
                                  4.15   data arrival time

                  0.00   10.00   10.00   clock clk (rise edge)
                          0.00   10.00   clock network delay (ideal)
                         -0.25    9.75   clock uncertainty
                          0.00    9.75   clock reconvergence pessimism
                         -2.00    7.75   output external delay
                                  7.75   data required time
-----------------------------------------------------------------------------
                                  7.75   data required time
                                 -4.15   data arrival time
-----------------------------------------------------------------------------
                                  3.60   slack (MET)


Startpoint: Sel[0] (input port clocked by clk)
Endpoint: Result[2] (output port clocked by clk)
Path Group: clk
Path Type: max

Fanout     Cap    Slew   Delay    Time   Description
-----------------------------------------------------------------------------
                  0.00    0.00    0.00   clock clk (rise edge)
                          0.00    0.00   clock network delay (ideal)
                          2.00    2.00 v input external delay
                  0.01    0.01    2.01 v Sel[0] (in)
     1    0.00                           Sel[0] (net)
                  0.01    0.00    2.01 v input17/A (sky130_fd_sc_hd__clkbuf_2)
                  0.08    0.14    2.15 v input17/X (sky130_fd_sc_hd__clkbuf_2)
     2    0.02                           net17 (net)
                  0.08    0.00    2.15 v _180_/A (sky130_fd_sc_hd__buf_2)
                  0.08    0.20    2.35 v _180_/X (sky130_fd_sc_hd__buf_2)
    10    0.03                           _113_ (net)
                  0.08    0.00    2.35 v _225_/C (sky130_fd_sc_hd__or4_1)
                  0.07    0.48    2.83 v _225_/X (sky130_fd_sc_hd__or4_1)
     1    0.00                           _157_ (net)
                  0.07    0.00    2.83 v _226_/A (sky130_fd_sc_hd__buf_2)
                  0.08    0.19    3.02 v _226_/X (sky130_fd_sc_hd__buf_2)
     6    0.03                           _158_ (net)
                  0.08    0.00    3.02 v _231_/A (sky130_fd_sc_hd__or3b_1)
                  0.06    0.39    3.40 v _231_/X (sky130_fd_sc_hd__or3b_1)
     1    0.00                           _163_ (net)
                  0.06    0.00    3.40 v _232_/C (sky130_fd_sc_hd__and3_1)
                  0.06    0.22    3.62 v _232_/X (sky130_fd_sc_hd__and3_1)
     1    0.01                           _164_ (net)
                  0.06    0.00    3.62 v _233_/B1 (sky130_fd_sc_hd__o21ai_4)
                  0.27    0.13    3.75 ^ _233_/Y (sky130_fd_sc_hd__o21ai_4)
     2    0.03                           net24 (net)
                  0.28    0.01    3.76 ^ output24/A (sky130_fd_sc_hd__clkbuf_4)
                  0.11    0.28    4.04 ^ output24/X (sky130_fd_sc_hd__clkbuf_4)
     1    0.03                           Result[2] (net)
                  0.11    0.00    4.04 ^ Result[2] (out)
                                  4.04   data arrival time

                  0.00   10.00   10.00   clock clk (rise edge)
                          0.00   10.00   clock network delay (ideal)
                         -0.25    9.75   clock uncertainty
                          0.00    9.75   clock reconvergence pessimism
                         -2.00    7.75   output external delay
                                  7.75   data required time
-----------------------------------------------------------------------------
                                  7.75   data required time
                                 -4.04   data arrival time
-----------------------------------------------------------------------------
                                  3.71   slack (MET)


Startpoint: Sel[2] (input port clocked by clk)
Endpoint: Result[1] (output port clocked by clk)
Path Group: clk
Path Type: max

Fanout     Cap    Slew   Delay    Time   Description
-----------------------------------------------------------------------------
                  0.00    0.00    0.00   clock clk (rise edge)
                          0.00    0.00   clock network delay (ideal)
                          2.00    2.00 ^ input external delay
                  0.02    0.01    2.01 ^ Sel[2] (in)
     1    0.00                           Sel[2] (net)
                  0.02    0.00    2.01 ^ input19/A (sky130_fd_sc_hd__buf_2)
                  0.17    0.19    2.20 ^ input19/X (sky130_fd_sc_hd__buf_2)
     7    0.03                           net19 (net)
                  0.17    0.01    2.21 ^ _192_/B_N (sky130_fd_sc_hd__or2b_1)
                  0.06    0.28    2.49 v _192_/X (sky130_fd_sc_hd__or2b_1)
     3    0.01                           _125_ (net)
                  0.06    0.00    2.49 v _198_/A (sky130_fd_sc_hd__or3b_4)
                  0.10    0.47    2.96 v _198_/X (sky130_fd_sc_hd__or3b_4)
     8    0.02                           _131_ (net)
                  0.10    0.00    2.96 v _200_/A1 (sky130_fd_sc_hd__mux2_1)
                  0.05    0.32    3.28 v _200_/X (sky130_fd_sc_hd__mux2_1)
     1    0.00                           _133_ (net)
                  0.05    0.00    3.28 v _204_/C1 (sky130_fd_sc_hd__o2111a_1)
                  0.04    0.13    3.41 v _204_/X (sky130_fd_sc_hd__o2111a_1)
     1    0.00                           _137_ (net)
                  0.04    0.00    3.41 v _205_/B1 (sky130_fd_sc_hd__o21ai_1)
                  0.14    0.09    3.50 ^ _205_/Y (sky130_fd_sc_hd__o21ai_1)
     1    0.01                           _138_ (net)
                  0.14    0.00    3.50 ^ _206_/B1 (sky130_fd_sc_hd__a31o_4)
                  0.12    0.19    3.69 ^ _206_/X (sky130_fd_sc_hd__a31o_4)
     2    0.03                           net23 (net)
                  0.12    0.01    3.69 ^ output23/A (sky130_fd_sc_hd__buf_2)
                  0.17    0.24    3.93 ^ output23/X (sky130_fd_sc_hd__buf_2)
     1    0.03                           Result[1] (net)
                  0.17    0.00    3.93 ^ Result[1] (out)
                                  3.93   data arrival time

                  0.00   10.00   10.00   clock clk (rise edge)
                          0.00   10.00   clock network delay (ideal)
                         -0.25    9.75   clock uncertainty
                          0.00    9.75   clock reconvergence pessimism
                         -2.00    7.75   output external delay
                                  7.75   data required time
-----------------------------------------------------------------------------
                                  7.75   data required time
                                 -3.93   data arrival time
-----------------------------------------------------------------------------
                                  3.82   slack (MET)


Startpoint: Sel[2] (input port clocked by clk)
Endpoint: Result[3] (output port clocked by clk)
Path Group: clk
Path Type: max

Fanout     Cap    Slew   Delay    Time   Description
-----------------------------------------------------------------------------
                  0.00    0.00    0.00   clock clk (rise edge)
                          0.00    0.00   clock network delay (ideal)
                          2.00    2.00 ^ input external delay
                  0.02    0.01    2.01 ^ Sel[2] (in)
     1    0.00                           Sel[2] (net)
                  0.02    0.00    2.01 ^ input19/A (sky130_fd_sc_hd__buf_2)
                  0.17    0.19    2.20 ^ input19/X (sky130_fd_sc_hd__buf_2)
     7    0.03                           net19 (net)
                  0.17    0.01    2.21 ^ _192_/B_N (sky130_fd_sc_hd__or2b_1)
                  0.06    0.28    2.49 v _192_/X (sky130_fd_sc_hd__or2b_1)
     3    0.01                           _125_ (net)
                  0.06    0.00    2.49 v _198_/A (sky130_fd_sc_hd__or3b_4)
                  0.10    0.47    2.96 v _198_/X (sky130_fd_sc_hd__or3b_4)
     8    0.02                           _131_ (net)
                  0.10    0.00    2.96 v _241_/B (sky130_fd_sc_hd__or3b_1)
                  0.06    0.36    3.32 v _241_/X (sky130_fd_sc_hd__or3b_1)
     1    0.00                           _172_ (net)
                  0.06    0.00    3.32 v _246_/C (sky130_fd_sc_hd__and4_1)
                  0.06    0.23    3.56 v _246_/X (sky130_fd_sc_hd__and4_1)
     1    0.01                           _001_ (net)
                  0.06    0.00    3.56 v _255_/A (sky130_fd_sc_hd__nand2_4)
                  0.11    0.12    3.67 ^ _255_/Y (sky130_fd_sc_hd__nand2_4)
     2    0.03                           net25 (net)
                  0.11    0.01    3.68 ^ output25/A (sky130_fd_sc_hd__buf_2)
                  0.17    0.23    3.91 ^ output25/X (sky130_fd_sc_hd__buf_2)
     1    0.03                           Result[3] (net)
                  0.17    0.00    3.91 ^ Result[3] (out)
                                  3.91   data arrival time

                  0.00   10.00   10.00   clock clk (rise edge)
                          0.00   10.00   clock network delay (ideal)
                         -0.25    9.75   clock uncertainty
                          0.00    9.75   clock reconvergence pessimism
                         -2.00    7.75   output external delay
                                  7.75   data required time
-----------------------------------------------------------------------------
                                  7.75   data required time
                                 -3.91   data arrival time
-----------------------------------------------------------------------------
                                  3.84   slack (MET)


Startpoint: Sel[2] (input port clocked by clk)
Endpoint: Result[0] (output port clocked by clk)
Path Group: clk
Path Type: max

Fanout     Cap    Slew   Delay    Time   Description
-----------------------------------------------------------------------------
                  0.00    0.00    0.00   clock clk (rise edge)
                          0.00    0.00   clock network delay (ideal)
                          2.00    2.00 ^ input external delay
                  0.02    0.01    2.01 ^ Sel[2] (in)
     1    0.00                           Sel[2] (net)
                  0.02    0.00    2.01 ^ input19/A (sky130_fd_sc_hd__buf_2)
                  0.17    0.19    2.20 ^ input19/X (sky130_fd_sc_hd__buf_2)
     7    0.03                           net19 (net)
                  0.17    0.01    2.21 ^ _192_/B_N (sky130_fd_sc_hd__or2b_1)
                  0.06    0.28    2.49 v _192_/X (sky130_fd_sc_hd__or2b_1)
     3    0.01                           _125_ (net)
                  0.06    0.00    2.49 v _194_/C (sky130_fd_sc_hd__or3_2)
                  0.12    0.51    3.00 v _194_/X (sky130_fd_sc_hd__or3_2)
     5    0.02                           _127_ (net)
                  0.12    0.00    3.00 v _242_/A (sky130_fd_sc_hd__inv_2)
                  0.08    0.12    3.12 ^ _242_/Y (sky130_fd_sc_hd__inv_2)
     4    0.01                           _173_ (net)
                  0.08    0.00    3.12 ^ _351_/A1 (sky130_fd_sc_hd__o311a_1)
                  0.05    0.18    3.30 ^ _351_/X (sky130_fd_sc_hd__o311a_1)
     1    0.00                           _100_ (net)
                  0.05    0.00    3.30 ^ _354_/B1 (sky130_fd_sc_hd__a211o_2)
                  0.14    0.18    3.48 ^ _354_/X (sky130_fd_sc_hd__a211o_2)
     2    0.03                           net22 (net)
                  0.14    0.00    3.48 ^ output22/A (sky130_fd_sc_hd__clkbuf_4)
                  0.11    0.23    3.71 ^ output22/X (sky130_fd_sc_hd__clkbuf_4)
     1    0.03                           Result[0] (net)
                  0.11    0.00    3.72 ^ Result[0] (out)
                                  3.72   data arrival time

                  0.00   10.00   10.00   clock clk (rise edge)
                          0.00   10.00   clock network delay (ideal)
                         -0.25    9.75   clock uncertainty
                          0.00    9.75   clock reconvergence pessimism
                         -2.00    7.75   output external delay
                                  7.75   data required time
-----------------------------------------------------------------------------
                                  7.75   data required time
                                 -3.72   data arrival time
-----------------------------------------------------------------------------
                                  4.03   slack (MET)



