OpenROAD 41a51eaf4ca2171c92ff38afb91eb37bbd3f36da 
This program is licensed under the BSD-3 license. See the LICENSE file for details.
Components of this program may be licensed under more restrictive licenses which must be honored.
[INFO]: Reading ODB at '/openlane/designs/alu/runs/myrun/tmp/15-alu.odb'…
define_corners Typical
read_liberty -corner Typical /home/jagadeesh97/.ciel/ciel/sky130/versions/0fe599b2afb6708d281543108caf8310912f54af/sky130A/libs.ref/sky130_fd_sc_hd/lib/sky130_fd_sc_hd__tt_025C_1v80.lib
Using 1e-12 for capacitance...
Using 1e+03 for resistance...
Using 1e-09 for time...
Using 1e+00 for voltage...
Using 1e-03 for current...
Using 1e-09 for power...
Using 1e-06 for distance...
Reading design constraints file at '/openlane/designs/alu/runs/myrun/tmp/15-alu.sdc'…
[INFO]: Setting RC values...
[WARNING GRT-0026] Missing route to pin _282_/B.
[WARNING GRT-0026] Missing route to pin _324_/A1.
[WARNING GRT-0026] Missing route to pin _324_/B1.
[WARNING GRT-0026] Missing route to pin _324_/A2.
[WARNING GRT-0026] Missing route to pin _324_/Y.
[WARNING GRT-0026] Missing route to pin _339_/A.
[WARNING GRT-0026] Missing route to pin _228_/B1.
[WARNING GRT-0026] Missing route to pin _217_/X.
[WARNING GRT-0026] Missing route to pin input12/X.
[WARNING GRT-0026] Missing route to pin output23/A.
min_report

===========================================================================
report_checks -path_delay min (Hold)
============================================================================
======================= Typical Corner ===================================

Startpoint: Sel[3] (input port clocked by clk)
Endpoint: Result[1] (output port clocked by clk)
Path Group: clk
Path Type: min

Fanout     Cap    Slew   Delay    Time   Description
-----------------------------------------------------------------------------
                  0.00    0.00    0.00   clock clk (rise edge)
                          0.00    0.00   clock network delay (ideal)
                          2.00    2.00 ^ input external delay
                  0.02    0.01    2.01 ^ Sel[3] (in)
     1    0.00                           Sel[3] (net)
                  0.02    0.00    2.01 ^ input20/A (sky130_fd_sc_hd__buf_2)
                  0.08    0.12    2.12 ^ input20/X (sky130_fd_sc_hd__buf_2)
     7    0.01                           net20 (net)
                  0.08    0.00    2.12 ^ _182_/B (sky130_fd_sc_hd__nor4_1)
                  0.05    0.07    2.19 v _182_/Y (sky130_fd_sc_hd__nor4_1)
     2    0.01                           _115_ (net)
                  0.05    0.00    2.19 v _206_/A2 (sky130_fd_sc_hd__a31o_2)
                  0.04    0.22    2.41 v _206_/X (sky130_fd_sc_hd__a31o_2)
     2    0.00                           net23 (net)
                  0.04    0.00    2.41 v output23/A (sky130_fd_sc_hd__clkbuf_4)
                  0.08    0.17    2.58 v output23/X (sky130_fd_sc_hd__clkbuf_4)
     1    0.03                           Result[1] (net)
                  0.08    0.00    2.58 v Result[1] (out)
                                  2.58   data arrival time

                  0.00    0.00    0.00   clock clk (rise edge)
                          0.00    0.00   clock network delay (ideal)
                          0.25    0.25   clock uncertainty
                          0.00    0.25   clock reconvergence pessimism
                         -2.00   -1.75   output external delay
                                 -1.75   data required time
-----------------------------------------------------------------------------
                                 -1.75   data required time
                                 -2.58   data arrival time
-----------------------------------------------------------------------------
                                  4.33   slack (MET)


Startpoint: Sel[3] (input port clocked by clk)
Endpoint: Result[2] (output port clocked by clk)
Path Group: clk
Path Type: min

Fanout     Cap    Slew   Delay    Time   Description
-----------------------------------------------------------------------------
                  0.00    0.00    0.00   clock clk (rise edge)
                          0.00    0.00   clock network delay (ideal)
                          2.00    2.00 ^ input external delay
                  0.02    0.01    2.01 ^ Sel[3] (in)
     1    0.00                           Sel[3] (net)
                  0.02    0.00    2.01 ^ input20/A (sky130_fd_sc_hd__buf_2)
                  0.08    0.12    2.12 ^ input20/X (sky130_fd_sc_hd__buf_2)
     7    0.01                           net20 (net)
                  0.08    0.00    2.12 ^ _186_/B (sky130_fd_sc_hd__nor2_1)
                  0.03    0.05    2.17 v _186_/Y (sky130_fd_sc_hd__nor2_1)
     2    0.00                           _119_ (net)
                  0.03    0.00    2.17 v _187_/B (sky130_fd_sc_hd__nand2_1)
                  0.09    0.09    2.26 ^ _187_/Y (sky130_fd_sc_hd__nand2_1)
     3    0.01                           _120_ (net)
                  0.09    0.00    2.26 ^ _213_/B (sky130_fd_sc_hd__nor2_2)
                  0.06    0.07    2.33 v _213_/Y (sky130_fd_sc_hd__nor2_2)
     5    0.02                           _145_ (net)
                  0.06    0.00    2.33 v _215_/A (sky130_fd_sc_hd__nand2_1)
                  0.06    0.07    2.40 ^ _215_/Y (sky130_fd_sc_hd__nand2_1)
     1    0.01                           _147_ (net)
                  0.06    0.00    2.40 ^ _233_/A2 (sky130_fd_sc_hd__o21ai_2)
                  0.03    0.05    2.45 v _233_/Y (sky130_fd_sc_hd__o21ai_2)
     2    0.00                           net24 (net)
                  0.03    0.00    2.45 v output24/A (sky130_fd_sc_hd__clkbuf_4)
                  0.08    0.17    2.62 v output24/X (sky130_fd_sc_hd__clkbuf_4)
     1    0.03                           Result[2] (net)
                  0.08    0.00    2.62 v Result[2] (out)
                                  2.62   data arrival time

                  0.00    0.00    0.00   clock clk (rise edge)
                          0.00    0.00   clock network delay (ideal)
                          0.25    0.25   clock uncertainty
                          0.00    0.25   clock reconvergence pessimism
                         -2.00   -1.75   output external delay
                                 -1.75   data required time
-----------------------------------------------------------------------------
                                 -1.75   data required time
                                 -2.62   data arrival time
-----------------------------------------------------------------------------
                                  4.37   slack (MET)


Startpoint: B[7] (input port clocked by clk)
Endpoint: CarryOut (output port clocked by clk)
Path Group: clk
Path Type: min

Fanout     Cap    Slew   Delay    Time   Description
-----------------------------------------------------------------------------
                  0.00    0.00    0.00   clock clk (rise edge)
                          0.00    0.00   clock network delay (ideal)
                          2.00    2.00 ^ input external delay
                  0.02    0.01    2.01 ^ B[7] (in)
     1    0.00                           B[7] (net)
                  0.02    0.00    2.01 ^ input16/A (sky130_fd_sc_hd__clkbuf_2)
                  0.06    0.10    2.11 ^ input16/X (sky130_fd_sc_hd__clkbuf_2)
     4    0.01                           net16 (net)
                  0.06    0.00    2.11 ^ _345_/A2 (sky130_fd_sc_hd__o211a_1)
                  0.04    0.12    2.23 ^ _345_/X (sky130_fd_sc_hd__o211a_1)
     1    0.00                           _095_ (net)
                  0.04    0.00    2.23 ^ _348_/A (sky130_fd_sc_hd__or3b_1)
                  0.09    0.13    2.36 ^ _348_/X (sky130_fd_sc_hd__or3b_1)
     1    0.01                           _098_ (net)
                  0.09    0.00    2.36 ^ _349_/A (sky130_fd_sc_hd__buf_1)
                  0.04    0.08    2.44 ^ _349_/X (sky130_fd_sc_hd__buf_1)
     1    0.00                           net21 (net)
                  0.04    0.00    2.44 ^ output21/A (sky130_fd_sc_hd__clkbuf_4)
                  0.11    0.17    2.62 ^ output21/X (sky130_fd_sc_hd__clkbuf_4)
     1    0.03                           CarryOut (net)
                  0.11    0.00    2.62 ^ CarryOut (out)
                                  2.62   data arrival time

                  0.00    0.00    0.00   clock clk (rise edge)
                          0.00    0.00   clock network delay (ideal)
                          0.25    0.25   clock uncertainty
                          0.00    0.25   clock reconvergence pessimism
                         -2.00   -1.75   output external delay
                                 -1.75   data required time
-----------------------------------------------------------------------------
                                 -1.75   data required time
                                 -2.62   data arrival time
-----------------------------------------------------------------------------
                                  4.37   slack (MET)


Startpoint: Sel[3] (input port clocked by clk)
Endpoint: Result[7] (output port clocked by clk)
Path Group: clk
Path Type: min

Fanout     Cap    Slew   Delay    Time   Description
-----------------------------------------------------------------------------
                  0.00    0.00    0.00   clock clk (rise edge)
                          0.00    0.00   clock network delay (ideal)
                          2.00    2.00 ^ input external delay
                  0.02    0.01    2.01 ^ Sel[3] (in)
     1    0.00                           Sel[3] (net)
                  0.02    0.00    2.01 ^ input20/A (sky130_fd_sc_hd__buf_2)
                  0.08    0.12    2.12 ^ input20/X (sky130_fd_sc_hd__buf_2)
     7    0.01                           net20 (net)
                  0.08    0.00    2.12 ^ _186_/B (sky130_fd_sc_hd__nor2_1)
                  0.03    0.05    2.17 v _186_/Y (sky130_fd_sc_hd__nor2_1)
     2    0.00                           _119_ (net)
                  0.03    0.00    2.17 v _187_/B (sky130_fd_sc_hd__nand2_1)
                  0.09    0.09    2.26 ^ _187_/Y (sky130_fd_sc_hd__nand2_1)
     3    0.01                           _120_ (net)
                  0.09    0.00    2.26 ^ _342_/C1 (sky130_fd_sc_hd__a2111o_1)
                  0.09    0.14    2.40 ^ _342_/X (sky130_fd_sc_hd__a2111o_1)
     1    0.01                           _093_ (net)
                  0.09    0.00    2.40 ^ _343_/C1 (sky130_fd_sc_hd__o211ai_4)
                  0.04    0.07    2.47 v _343_/Y (sky130_fd_sc_hd__o211ai_4)
     2    0.00                           net29 (net)
                  0.04    0.00    2.47 v output29/A (sky130_fd_sc_hd__clkbuf_4)
                  0.08    0.17    2.64 v output29/X (sky130_fd_sc_hd__clkbuf_4)
     1    0.03                           Result[7] (net)
                  0.08    0.00    2.64 v Result[7] (out)
                                  2.64   data arrival time

                  0.00    0.00    0.00   clock clk (rise edge)
                          0.00    0.00   clock network delay (ideal)
                          0.25    0.25   clock uncertainty
                          0.00    0.25   clock reconvergence pessimism
                         -2.00   -1.75   output external delay
                                 -1.75   data required time
-----------------------------------------------------------------------------
                                 -1.75   data required time
                                 -2.64   data arrival time
-----------------------------------------------------------------------------
                                  4.39   slack (MET)


Startpoint: B[0] (input port clocked by clk)
Endpoint: Result[0] (output port clocked by clk)
Path Group: clk
Path Type: min

Fanout     Cap    Slew   Delay    Time   Description
-----------------------------------------------------------------------------
                  0.00    0.00    0.00   clock clk (rise edge)
                          0.00    0.00   clock network delay (ideal)
                          2.00    2.00 ^ input external delay
                  0.04    0.02    2.02 ^ B[0] (in)
     1    0.01                           B[0] (net)
                  0.04    0.00    2.02 ^ input9/A (sky130_fd_sc_hd__dlymetal6s2s_1)
                  0.10    0.12    2.14 ^ input9/X (sky130_fd_sc_hd__dlymetal6s2s_1)
     3    0.01                           net9 (net)
                  0.10    0.00    2.14 ^ _350_/A (sky130_fd_sc_hd__or2_1)
                  0.10    0.15    2.29 ^ _350_/X (sky130_fd_sc_hd__or2_1)
     3    0.01                           _099_ (net)
                  0.10    0.00    2.29 ^ _354_/A2 (sky130_fd_sc_hd__a211o_1)
                  0.12    0.18    2.47 ^ _354_/X (sky130_fd_sc_hd__a211o_1)
     2    0.01                           net22 (net)
                  0.12    0.00    2.47 ^ output22/A (sky130_fd_sc_hd__clkbuf_4)
                  0.11    0.20    2.68 ^ output22/X (sky130_fd_sc_hd__clkbuf_4)
     1    0.03                           Result[0] (net)
                  0.11    0.00    2.68 ^ Result[0] (out)
                                  2.68   data arrival time

                  0.00    0.00    0.00   clock clk (rise edge)
                          0.00    0.00   clock network delay (ideal)
                          0.25    0.25   clock uncertainty
                          0.00    0.25   clock reconvergence pessimism
                         -2.00   -1.75   output external delay
                                 -1.75   data required time
-----------------------------------------------------------------------------
                                 -1.75   data required time
                                 -2.68   data arrival time
-----------------------------------------------------------------------------
                                  4.43   slack (MET)


Startpoint: B[3] (input port clocked by clk)
Endpoint: Result[3] (output port clocked by clk)
Path Group: clk
Path Type: min

Fanout     Cap    Slew   Delay    Time   Description
-----------------------------------------------------------------------------
                  0.00    0.00    0.00   clock clk (rise edge)
                          0.00    0.00   clock network delay (ideal)
                          2.00    2.00 ^ input external delay
                  0.03    0.01    2.01 ^ B[3] (in)
     1    0.00                           B[3] (net)
                  0.03    0.00    2.01 ^ input12/A (sky130_fd_sc_hd__clkbuf_4)
                  0.09    0.15    2.16 ^ input12/X (sky130_fd_sc_hd__clkbuf_4)
     5    0.02                           net12 (net)
                  0.09    0.00    2.16 ^ _249_/B (sky130_fd_sc_hd__xor2_4)
                  0.05    0.09    2.25 v _249_/X (sky130_fd_sc_hd__xor2_4)
     5    0.02                           _004_ (net)
                  0.05    0.00    2.25 v _250_/B (sky130_fd_sc_hd__nor2_1)
                  0.08    0.08    2.33 ^ _250_/Y (sky130_fd_sc_hd__nor2_1)
     1    0.00                           _005_ (net)
                  0.08    0.00    2.33 ^ _254_/A1 (sky130_fd_sc_hd__o22a_1)
                  0.05    0.14    2.47 ^ _254_/X (sky130_fd_sc_hd__o22a_1)
     1    0.00                           _009_ (net)
                  0.05    0.00    2.47 ^ _255_/B (sky130_fd_sc_hd__nand2_1)
                  0.03    0.05    2.52 v _255_/Y (sky130_fd_sc_hd__nand2_1)
     2    0.00                           net25 (net)
                  0.03    0.00    2.52 v output25/A (sky130_fd_sc_hd__clkbuf_4)
                  0.09    0.17    2.70 v output25/X (sky130_fd_sc_hd__clkbuf_4)
     1    0.04                           Result[3] (net)
                  0.09    0.00    2.70 v Result[3] (out)
                                  2.70   data arrival time

                  0.00    0.00    0.00   clock clk (rise edge)
                          0.00    0.00   clock network delay (ideal)
                          0.25    0.25   clock uncertainty
                          0.00    0.25   clock reconvergence pessimism
                         -2.00   -1.75   output external delay
                                 -1.75   data required time
-----------------------------------------------------------------------------
                                 -1.75   data required time
                                 -2.70   data arrival time
-----------------------------------------------------------------------------
                                  4.45   slack (MET)


Startpoint: B[5] (input port clocked by clk)
Endpoint: Zero (output port clocked by clk)
Path Group: clk
Path Type: min

Fanout     Cap    Slew   Delay    Time   Description
-----------------------------------------------------------------------------
                  0.00    0.00    0.00   clock clk (rise edge)
                          0.00    0.00   clock network delay (ideal)
                          2.00    2.00 v input external delay
                  0.01    0.00    2.00 v B[5] (in)
     1    0.00                           B[5] (net)
                  0.01    0.00    2.00 v input14/A (sky130_fd_sc_hd__dlymetal6s2s_1)
                  0.05    0.12    2.13 v input14/X (sky130_fd_sc_hd__dlymetal6s2s_1)
     3    0.01                           net14 (net)
                  0.05    0.00    2.13 v _281_/B (sky130_fd_sc_hd__nand2_1)
                  0.11    0.10    2.23 ^ _281_/Y (sky130_fd_sc_hd__nand2_1)
     4    0.01                           _034_ (net)
                  0.11    0.00    2.23 ^ _282_/B (sky130_fd_sc_hd__nand2_2)
                  0.07    0.09    2.32 v _282_/Y (sky130_fd_sc_hd__nand2_2)
     5    0.02                           _035_ (net)
                  0.07    0.00    2.32 v _360_/D_N (sky130_fd_sc_hd__or4bb_1)
                  0.04    0.16    2.49 ^ _360_/X (sky130_fd_sc_hd__or4bb_1)
     1    0.00                           _108_ (net)
                  0.04    0.00    2.49 ^ _361_/B1 (sky130_fd_sc_hd__o31ai_1)
                  0.06    0.08    2.57 v _361_/Y (sky130_fd_sc_hd__o31ai_1)
     1    0.01                           net30 (net)
                  0.06    0.00    2.57 v output30/A (sky130_fd_sc_hd__buf_4)
                  0.06    0.17    2.73 v output30/X (sky130_fd_sc_hd__buf_4)
     1    0.04                           Zero (net)
                  0.06    0.00    2.74 v Zero (out)
                                  2.74   data arrival time

                  0.00    0.00    0.00   clock clk (rise edge)
                          0.00    0.00   clock network delay (ideal)
                          0.25    0.25   clock uncertainty
                          0.00    0.25   clock reconvergence pessimism
                         -2.00   -1.75   output external delay
                                 -1.75   data required time
-----------------------------------------------------------------------------
                                 -1.75   data required time
                                 -2.74   data arrival time
-----------------------------------------------------------------------------
                                  4.49   slack (MET)


Startpoint: Sel[3] (input port clocked by clk)
Endpoint: Result[5] (output port clocked by clk)
Path Group: clk
Path Type: min

Fanout     Cap    Slew   Delay    Time   Description
-----------------------------------------------------------------------------
                  0.00    0.00    0.00   clock clk (rise edge)
                          0.00    0.00   clock network delay (ideal)
                          2.00    2.00 ^ input external delay
                  0.02    0.01    2.01 ^ Sel[3] (in)
     1    0.00                           Sel[3] (net)
                  0.02    0.00    2.01 ^ input20/A (sky130_fd_sc_hd__buf_2)
                  0.08    0.12    2.12 ^ input20/X (sky130_fd_sc_hd__buf_2)
     7    0.01                           net20 (net)
                  0.08    0.00    2.12 ^ _186_/B (sky130_fd_sc_hd__nor2_1)
                  0.03    0.05    2.17 v _186_/Y (sky130_fd_sc_hd__nor2_1)
     2    0.00                           _119_ (net)
                  0.03    0.00    2.17 v _187_/B (sky130_fd_sc_hd__nand2_1)
                  0.09    0.09    2.26 ^ _187_/Y (sky130_fd_sc_hd__nand2_1)
     3    0.01                           _120_ (net)
                  0.09    0.00    2.26 ^ _213_/B (sky130_fd_sc_hd__nor2_2)
                  0.06    0.07    2.33 v _213_/Y (sky130_fd_sc_hd__nor2_2)
     5    0.02                           _145_ (net)
                  0.06    0.00    2.33 v _299_/A1 (sky130_fd_sc_hd__a31o_1)
                  0.08    0.21    2.54 v _299_/X (sky130_fd_sc_hd__a31o_1)
     2    0.01                           net27 (net)
                  0.08    0.00    2.54 v output27/A (sky130_fd_sc_hd__clkbuf_4)
                  0.09    0.19    2.73 v output27/X (sky130_fd_sc_hd__clkbuf_4)
     1    0.04                           Result[5] (net)
                  0.09    0.00    2.74 v Result[5] (out)
                                  2.74   data arrival time

                  0.00    0.00    0.00   clock clk (rise edge)
                          0.00    0.00   clock network delay (ideal)
                          0.25    0.25   clock uncertainty
                          0.00    0.25   clock reconvergence pessimism
                         -2.00   -1.75   output external delay
                                 -1.75   data required time
-----------------------------------------------------------------------------
                                 -1.75   data required time
                                 -2.74   data arrival time
-----------------------------------------------------------------------------
                                  4.49   slack (MET)


Startpoint: Sel[3] (input port clocked by clk)
Endpoint: Result[6] (output port clocked by clk)
Path Group: clk
Path Type: min

Fanout     Cap    Slew   Delay    Time   Description
-----------------------------------------------------------------------------
                  0.00    0.00    0.00   clock clk (rise edge)
                          0.00    0.00   clock network delay (ideal)
                          2.00    2.00 ^ input external delay
                  0.02    0.01    2.01 ^ Sel[3] (in)
     1    0.00                           Sel[3] (net)
                  0.02    0.00    2.01 ^ input20/A (sky130_fd_sc_hd__buf_2)
                  0.08    0.12    2.12 ^ input20/X (sky130_fd_sc_hd__buf_2)
     7    0.01                           net20 (net)
                  0.08    0.00    2.12 ^ _186_/B (sky130_fd_sc_hd__nor2_1)
                  0.03    0.05    2.17 v _186_/Y (sky130_fd_sc_hd__nor2_1)
     2    0.00                           _119_ (net)
                  0.03    0.00    2.17 v _187_/B (sky130_fd_sc_hd__nand2_1)
                  0.09    0.09    2.26 ^ _187_/Y (sky130_fd_sc_hd__nand2_1)
     3    0.01                           _120_ (net)
                  0.09    0.00    2.26 ^ _213_/B (sky130_fd_sc_hd__nor2_2)
                  0.06    0.07    2.33 v _213_/Y (sky130_fd_sc_hd__nor2_2)
     5    0.02                           _145_ (net)
                  0.06    0.00    2.33 v _320_/A1 (sky130_fd_sc_hd__a31o_1)
                  0.10    0.22    2.56 v _320_/X (sky130_fd_sc_hd__a31o_1)
     2    0.02                           net28 (net)
                  0.10    0.00    2.56 v output28/A (sky130_fd_sc_hd__clkbuf_4)
                  0.09    0.20    2.76 v output28/X (sky130_fd_sc_hd__clkbuf_4)
     1    0.04                           Result[6] (net)
                  0.09    0.00    2.76 v Result[6] (out)
                                  2.76   data arrival time

                  0.00    0.00    0.00   clock clk (rise edge)
                          0.00    0.00   clock network delay (ideal)
                          0.25    0.25   clock uncertainty
                          0.00    0.25   clock reconvergence pessimism
                         -2.00   -1.75   output external delay
                                 -1.75   data required time
-----------------------------------------------------------------------------
                                 -1.75   data required time
                                 -2.76   data arrival time
-----------------------------------------------------------------------------
                                  4.51   slack (MET)


Startpoint: A[4] (input port clocked by clk)
Endpoint: Result[4] (output port clocked by clk)
Path Group: clk
Path Type: min

Fanout     Cap    Slew   Delay    Time   Description
-----------------------------------------------------------------------------
                  0.00    0.00    0.00   clock clk (rise edge)
                          0.00    0.00   clock network delay (ideal)
                          2.00    2.00 ^ input external delay
                  0.02    0.01    2.01 ^ A[4] (in)
     1    0.00                           A[4] (net)
                  0.02    0.00    2.01 ^ input5/A (sky130_fd_sc_hd__buf_1)
                  0.08    0.09    2.10 ^ input5/X (sky130_fd_sc_hd__buf_1)
     3    0.01                           net5 (net)
                  0.08    0.00    2.10 ^ _256_/A (sky130_fd_sc_hd__nor2_1)
                  0.04    0.06    2.16 v _256_/Y (sky130_fd_sc_hd__nor2_1)
     2    0.01                           _010_ (net)
                  0.04    0.00    2.16 v _262_/A1 (sky130_fd_sc_hd__o221ai_1)
                  0.07    0.17    2.33 ^ _262_/Y (sky130_fd_sc_hd__o221ai_1)
     1    0.00                           _016_ (net)
                  0.07    0.00    2.33 ^ _278_/A (sky130_fd_sc_hd__or3b_1)
                  0.05    0.11    2.44 ^ _278_/X (sky130_fd_sc_hd__or3b_1)
     1    0.00                           _032_ (net)
                  0.05    0.00    2.44 ^ _279_/A (sky130_fd_sc_hd__clkbuf_2)
                  0.10    0.14    2.58 ^ _279_/X (sky130_fd_sc_hd__clkbuf_2)
     2    0.02                           net26 (net)
                  0.10    0.00    2.58 ^ output26/A (sky130_fd_sc_hd__clkbuf_4)
                  0.11    0.19    2.77 ^ output26/X (sky130_fd_sc_hd__clkbuf_4)
     1    0.03                           Result[4] (net)
                  0.11    0.00    2.77 ^ Result[4] (out)
                                  2.77   data arrival time

                  0.00    0.00    0.00   clock clk (rise edge)
                          0.00    0.00   clock network delay (ideal)
                          0.25    0.25   clock uncertainty
                          0.00    0.25   clock reconvergence pessimism
                         -2.00   -1.75   output external delay
                                 -1.75   data required time
-----------------------------------------------------------------------------
                                 -1.75   data required time
                                 -2.77   data arrival time
-----------------------------------------------------------------------------
                                  4.52   slack (MET)



min_report_end
max_report

===========================================================================
report_checks -path_delay max (Setup)
============================================================================
======================= Typical Corner ===================================

Startpoint: A[1] (input port clocked by clk)
Endpoint: Zero (output port clocked by clk)
Path Group: clk
Path Type: max

Fanout     Cap    Slew   Delay    Time   Description
-----------------------------------------------------------------------------
                  0.00    0.00    0.00   clock clk (rise edge)
                          0.00    0.00   clock network delay (ideal)
                          2.00    2.00 v input external delay
                  0.01    0.00    2.00 v A[1] (in)
     1    0.00                           A[1] (net)
                  0.01    0.00    2.00 v input2/A (sky130_fd_sc_hd__buf_1)
                  0.09    0.13    2.13 v input2/X (sky130_fd_sc_hd__buf_1)
     1    0.01                           net2 (net)
                  0.09    0.00    2.14 v _176_/A (sky130_fd_sc_hd__buf_6)
                  0.05    0.17    2.31 v _176_/X (sky130_fd_sc_hd__buf_6)
    10    0.04                           _109_ (net)
                  0.05    0.00    2.31 v _177_/A (sky130_fd_sc_hd__xnor2_4)
                  0.22    0.25    2.56 ^ _177_/Y (sky130_fd_sc_hd__xnor2_4)
     8    0.02                           _110_ (net)
                  0.22    0.00    2.56 ^ _228_/A1 (sky130_fd_sc_hd__o21ai_1)
                  0.10    0.15    2.71 v _228_/Y (sky130_fd_sc_hd__o21ai_1)
     3    0.01                           _160_ (net)
                  0.10    0.00    2.71 v _266_/B2 (sky130_fd_sc_hd__a221o_1)
                  0.07    0.38    3.09 v _266_/X (sky130_fd_sc_hd__a221o_1)
     2    0.01                           _020_ (net)
                  0.07    0.00    3.09 v _267_/B (sky130_fd_sc_hd__nand2_1)
                  0.07    0.09    3.19 ^ _267_/Y (sky130_fd_sc_hd__nand2_1)
     1    0.01                           _021_ (net)
                  0.07    0.00    3.19 ^ _268_/B (sky130_fd_sc_hd__xnor2_1)
                  0.15    0.13    3.32 ^ _268_/Y (sky130_fd_sc_hd__xnor2_1)
     1    0.00                           _022_ (net)
                  0.15    0.00    3.32 ^ _271_/A2 (sky130_fd_sc_hd__o21ai_1)
                  0.05    0.08    3.40 v _271_/Y (sky130_fd_sc_hd__o21ai_1)
     1    0.00                           _025_ (net)
                  0.05    0.00    3.40 v _278_/B (sky130_fd_sc_hd__or3b_1)
                  0.07    0.37    3.77 v _278_/X (sky130_fd_sc_hd__or3b_1)
     1    0.00                           _032_ (net)
                  0.07    0.00    3.77 v _279_/A (sky130_fd_sc_hd__clkbuf_2)
                  0.07    0.16    3.93 v _279_/X (sky130_fd_sc_hd__clkbuf_2)
     2    0.02                           net26 (net)
                  0.07    0.00    3.93 v _357_/B (sky130_fd_sc_hd__or4_1)
                  0.08    0.52    4.45 v _357_/X (sky130_fd_sc_hd__or4_1)
     1    0.00                           _105_ (net)
                  0.08    0.00    4.45 v _361_/A3 (sky130_fd_sc_hd__o31ai_1)
                  0.30    0.30    4.76 ^ _361_/Y (sky130_fd_sc_hd__o31ai_1)
     1    0.01                           net30 (net)
                  0.30    0.00    4.76 ^ output30/A (sky130_fd_sc_hd__buf_4)
                  0.12    0.25    5.01 ^ output30/X (sky130_fd_sc_hd__buf_4)
     1    0.04                           Zero (net)
                  0.12    0.00    5.01 ^ Zero (out)
                                  5.01   data arrival time

                  0.00   10.00   10.00   clock clk (rise edge)
                          0.00   10.00   clock network delay (ideal)
                         -0.25    9.75   clock uncertainty
                          0.00    9.75   clock reconvergence pessimism
                         -2.00    7.75   output external delay
                                  7.75   data required time
-----------------------------------------------------------------------------
                                  7.75   data required time
                                 -5.01   data arrival time
-----------------------------------------------------------------------------
                                  2.74   slack (MET)


Startpoint: A[1] (input port clocked by clk)
Endpoint: CarryOut (output port clocked by clk)
Path Group: clk
Path Type: max

Fanout     Cap    Slew   Delay    Time   Description
-----------------------------------------------------------------------------
                  0.00    0.00    0.00   clock clk (rise edge)
                          0.00    0.00   clock network delay (ideal)
                          2.00    2.00 v input external delay
                  0.01    0.00    2.00 v A[1] (in)
     1    0.00                           A[1] (net)
                  0.01    0.00    2.00 v input2/A (sky130_fd_sc_hd__buf_1)
                  0.09    0.13    2.13 v input2/X (sky130_fd_sc_hd__buf_1)
     1    0.01                           net2 (net)
                  0.09    0.00    2.14 v _176_/A (sky130_fd_sc_hd__buf_6)
                  0.05    0.17    2.31 v _176_/X (sky130_fd_sc_hd__buf_6)
    10    0.04                           _109_ (net)
                  0.05    0.00    2.31 v _177_/A (sky130_fd_sc_hd__xnor2_4)
                  0.22    0.25    2.56 ^ _177_/Y (sky130_fd_sc_hd__xnor2_4)
     8    0.02                           _110_ (net)
                  0.22    0.00    2.56 ^ _228_/A1 (sky130_fd_sc_hd__o21ai_1)
                  0.10    0.15    2.71 v _228_/Y (sky130_fd_sc_hd__o21ai_1)
     3    0.01                           _160_ (net)
                  0.10    0.00    2.71 v _266_/B2 (sky130_fd_sc_hd__a221o_1)
                  0.07    0.38    3.09 v _266_/X (sky130_fd_sc_hd__a221o_1)
     2    0.01                           _020_ (net)
                  0.07    0.00    3.09 v _287_/A3 (sky130_fd_sc_hd__a31o_1)
                  0.06    0.26    3.36 v _287_/X (sky130_fd_sc_hd__a31o_1)
     2    0.01                           _040_ (net)
                  0.06    0.00    3.36 v _307_/A2 (sky130_fd_sc_hd__a21boi_2)
                  0.15    0.19    3.55 ^ _307_/Y (sky130_fd_sc_hd__a21boi_2)
     2    0.01                           _059_ (net)
                  0.15    0.00    3.55 ^ _324_/A2 (sky130_fd_sc_hd__o21ai_2)
                  0.06    0.08    3.63 v _324_/Y (sky130_fd_sc_hd__o21ai_2)
     2    0.01                           _075_ (net)
                  0.06    0.00    3.63 v _346_/A2 (sky130_fd_sc_hd__o211a_1)
                  0.04    0.21    3.84 v _346_/X (sky130_fd_sc_hd__o211a_1)
     1    0.00                           _096_ (net)
                  0.04    0.00    3.84 v _348_/B (sky130_fd_sc_hd__or3b_1)
                  0.10    0.41    4.25 v _348_/X (sky130_fd_sc_hd__or3b_1)
     1    0.01                           _098_ (net)
                  0.10    0.00    4.25 v _349_/A (sky130_fd_sc_hd__buf_1)
                  0.02    0.11    4.36 v _349_/X (sky130_fd_sc_hd__buf_1)
     1    0.00                           net21 (net)
                  0.02    0.00    4.36 v output21/A (sky130_fd_sc_hd__clkbuf_4)
                  0.08    0.18    4.55 v output21/X (sky130_fd_sc_hd__clkbuf_4)
     1    0.03                           CarryOut (net)
                  0.08    0.00    4.55 v CarryOut (out)
                                  4.55   data arrival time

                  0.00   10.00   10.00   clock clk (rise edge)
                          0.00   10.00   clock network delay (ideal)
                         -0.25    9.75   clock uncertainty
                          0.00    9.75   clock reconvergence pessimism
                         -2.00    7.75   output external delay
                                  7.75   data required time
-----------------------------------------------------------------------------
                                  7.75   data required time
                                 -4.55   data arrival time
-----------------------------------------------------------------------------
                                  3.20   slack (MET)


Startpoint: A[1] (input port clocked by clk)
Endpoint: Result[7] (output port clocked by clk)
Path Group: clk
Path Type: max

Fanout     Cap    Slew   Delay    Time   Description
-----------------------------------------------------------------------------
                  0.00    0.00    0.00   clock clk (rise edge)
                          0.00    0.00   clock network delay (ideal)
                          2.00    2.00 v input external delay
                  0.01    0.00    2.00 v A[1] (in)
     1    0.00                           A[1] (net)
                  0.01    0.00    2.00 v input2/A (sky130_fd_sc_hd__buf_1)
                  0.09    0.13    2.13 v input2/X (sky130_fd_sc_hd__buf_1)
     1    0.01                           net2 (net)
                  0.09    0.00    2.14 v _176_/A (sky130_fd_sc_hd__buf_6)
                  0.05    0.17    2.31 v _176_/X (sky130_fd_sc_hd__buf_6)
    10    0.04                           _109_ (net)
                  0.05    0.00    2.31 v _217_/B (sky130_fd_sc_hd__or3_1)
                  0.08    0.38    2.69 v _217_/X (sky130_fd_sc_hd__or3_1)
     3    0.01                           _149_ (net)
                  0.08    0.00    2.69 v _234_/B (sky130_fd_sc_hd__or2_1)
                  0.09    0.28    2.97 v _234_/X (sky130_fd_sc_hd__or2_1)
     4    0.01                           _165_ (net)
                  0.09    0.00    2.98 v _295_/C (sky130_fd_sc_hd__or3_1)
                  0.10    0.38    3.36 v _295_/X (sky130_fd_sc_hd__or3_1)
     3    0.01                           _048_ (net)
                  0.10    0.00    3.36 v _315_/B (sky130_fd_sc_hd__nor2_1)
                  0.14    0.16    3.52 ^ _315_/Y (sky130_fd_sc_hd__nor2_1)
     2    0.01                           _067_ (net)
                  0.14    0.00    3.52 ^ _316_/A (sky130_fd_sc_hd__inv_2)
                  0.04    0.06    3.58 v _316_/Y (sky130_fd_sc_hd__inv_2)
     3    0.01                           _068_ (net)
                  0.04    0.00    3.58 v _331_/C (sky130_fd_sc_hd__or3_1)
                  0.06    0.31    3.88 v _331_/X (sky130_fd_sc_hd__or3_1)
     1    0.00                           _082_ (net)
                  0.06    0.00    3.88 v _336_/C (sky130_fd_sc_hd__and4_1)
                  0.07    0.24    4.12 v _336_/X (sky130_fd_sc_hd__and4_1)
     1    0.01                           _087_ (net)
                  0.07    0.00    4.12 v _343_/B1 (sky130_fd_sc_hd__o211ai_4)
                  0.13    0.09    4.21 ^ _343_/Y (sky130_fd_sc_hd__o211ai_4)
     2    0.00                           net29 (net)
                  0.13    0.00    4.21 ^ output29/A (sky130_fd_sc_hd__clkbuf_4)
                  0.11    0.23    4.44 ^ output29/X (sky130_fd_sc_hd__clkbuf_4)
     1    0.03                           Result[7] (net)
                  0.11    0.00    4.44 ^ Result[7] (out)
                                  4.44   data arrival time

                  0.00   10.00   10.00   clock clk (rise edge)
                          0.00   10.00   clock network delay (ideal)
                         -0.25    9.75   clock uncertainty
                          0.00    9.75   clock reconvergence pessimism
                         -2.00    7.75   output external delay
                                  7.75   data required time
-----------------------------------------------------------------------------
                                  7.75   data required time
                                 -4.44   data arrival time
-----------------------------------------------------------------------------
                                  3.31   slack (MET)


Startpoint: A[1] (input port clocked by clk)
Endpoint: Result[6] (output port clocked by clk)
Path Group: clk
Path Type: max

Fanout     Cap    Slew   Delay    Time   Description
-----------------------------------------------------------------------------
                  0.00    0.00    0.00   clock clk (rise edge)
                          0.00    0.00   clock network delay (ideal)
                          2.00    2.00 v input external delay
                  0.01    0.00    2.00 v A[1] (in)
     1    0.00                           A[1] (net)
                  0.01    0.00    2.00 v input2/A (sky130_fd_sc_hd__buf_1)
                  0.09    0.13    2.13 v input2/X (sky130_fd_sc_hd__buf_1)
     1    0.01                           net2 (net)
                  0.09    0.00    2.14 v _176_/A (sky130_fd_sc_hd__buf_6)
                  0.05    0.17    2.31 v _176_/X (sky130_fd_sc_hd__buf_6)
    10    0.04                           _109_ (net)
                  0.05    0.00    2.31 v _217_/B (sky130_fd_sc_hd__or3_1)
                  0.08    0.38    2.69 v _217_/X (sky130_fd_sc_hd__or3_1)
     3    0.01                           _149_ (net)
                  0.08    0.00    2.69 v _234_/B (sky130_fd_sc_hd__or2_1)
                  0.09    0.28    2.97 v _234_/X (sky130_fd_sc_hd__or2_1)
     4    0.01                           _165_ (net)
                  0.09    0.00    2.98 v _295_/C (sky130_fd_sc_hd__or3_1)
                  0.10    0.38    3.36 v _295_/X (sky130_fd_sc_hd__or3_1)
     3    0.01                           _048_ (net)
                  0.10    0.00    3.36 v _315_/B (sky130_fd_sc_hd__nor2_1)
                  0.14    0.16    3.52 ^ _315_/Y (sky130_fd_sc_hd__nor2_1)
     2    0.01                           _067_ (net)
                  0.14    0.00    3.52 ^ _316_/A (sky130_fd_sc_hd__inv_2)
                  0.04    0.06    3.58 v _316_/Y (sky130_fd_sc_hd__inv_2)
     3    0.01                           _068_ (net)
                  0.04    0.00    3.58 v _318_/A1 (sky130_fd_sc_hd__a21o_1)
                  0.04    0.16    3.74 v _318_/X (sky130_fd_sc_hd__a21o_1)
     1    0.00                           _070_ (net)
                  0.04    0.00    3.74 v _319_/C1 (sky130_fd_sc_hd__o211ai_1)
                  0.15    0.08    3.82 ^ _319_/Y (sky130_fd_sc_hd__o211ai_1)
     1    0.00                           _071_ (net)
                  0.15    0.00    3.82 ^ _320_/B1 (sky130_fd_sc_hd__a31o_1)
                  0.18    0.23    4.05 ^ _320_/X (sky130_fd_sc_hd__a31o_1)
     2    0.02                           net28 (net)
                  0.18    0.00    4.05 ^ output28/A (sky130_fd_sc_hd__clkbuf_4)
                  0.12    0.25    4.30 ^ output28/X (sky130_fd_sc_hd__clkbuf_4)
     1    0.04                           Result[6] (net)
                  0.12    0.00    4.30 ^ Result[6] (out)
                                  4.30   data arrival time

                  0.00   10.00   10.00   clock clk (rise edge)
                          0.00   10.00   clock network delay (ideal)
                         -0.25    9.75   clock uncertainty
                          0.00    9.75   clock reconvergence pessimism
                         -2.00    7.75   output external delay
                                  7.75   data required time
-----------------------------------------------------------------------------
                                  7.75   data required time
                                 -4.30   data arrival time
-----------------------------------------------------------------------------
                                  3.45   slack (MET)


Startpoint: A[1] (input port clocked by clk)
Endpoint: Result[4] (output port clocked by clk)
Path Group: clk
Path Type: max

Fanout     Cap    Slew   Delay    Time   Description
-----------------------------------------------------------------------------
                  0.00    0.00    0.00   clock clk (rise edge)
                          0.00    0.00   clock network delay (ideal)
                          2.00    2.00 v input external delay
                  0.01    0.00    2.00 v A[1] (in)
     1    0.00                           A[1] (net)
                  0.01    0.00    2.00 v input2/A (sky130_fd_sc_hd__buf_1)
                  0.09    0.13    2.13 v input2/X (sky130_fd_sc_hd__buf_1)
     1    0.01                           net2 (net)
                  0.09    0.00    2.14 v _176_/A (sky130_fd_sc_hd__buf_6)
                  0.05    0.17    2.31 v _176_/X (sky130_fd_sc_hd__buf_6)
    10    0.04                           _109_ (net)
                  0.05    0.00    2.31 v _177_/A (sky130_fd_sc_hd__xnor2_4)
                  0.22    0.25    2.56 ^ _177_/Y (sky130_fd_sc_hd__xnor2_4)
     8    0.02                           _110_ (net)
                  0.22    0.00    2.56 ^ _228_/A1 (sky130_fd_sc_hd__o21ai_1)
                  0.10    0.15    2.71 v _228_/Y (sky130_fd_sc_hd__o21ai_1)
     3    0.01                           _160_ (net)
                  0.10    0.00    2.71 v _266_/B2 (sky130_fd_sc_hd__a221o_1)
                  0.07    0.38    3.09 v _266_/X (sky130_fd_sc_hd__a221o_1)
     2    0.01                           _020_ (net)
                  0.07    0.00    3.09 v _267_/B (sky130_fd_sc_hd__nand2_1)
                  0.07    0.09    3.19 ^ _267_/Y (sky130_fd_sc_hd__nand2_1)
     1    0.01                           _021_ (net)
                  0.07    0.00    3.19 ^ _268_/B (sky130_fd_sc_hd__xnor2_1)
                  0.15    0.13    3.32 ^ _268_/Y (sky130_fd_sc_hd__xnor2_1)
     1    0.00                           _022_ (net)
                  0.15    0.00    3.32 ^ _271_/A2 (sky130_fd_sc_hd__o21ai_1)
                  0.05    0.08    3.40 v _271_/Y (sky130_fd_sc_hd__o21ai_1)
     1    0.00                           _025_ (net)
                  0.05    0.00    3.40 v _278_/B (sky130_fd_sc_hd__or3b_1)
                  0.07    0.37    3.77 v _278_/X (sky130_fd_sc_hd__or3b_1)
     1    0.00                           _032_ (net)
                  0.07    0.00    3.77 v _279_/A (sky130_fd_sc_hd__clkbuf_2)
                  0.07    0.16    3.93 v _279_/X (sky130_fd_sc_hd__clkbuf_2)
     2    0.02                           net26 (net)
                  0.07    0.00    3.93 v output26/A (sky130_fd_sc_hd__clkbuf_4)
                  0.08    0.20    4.13 v output26/X (sky130_fd_sc_hd__clkbuf_4)
     1    0.03                           Result[4] (net)
                  0.08    0.00    4.13 v Result[4] (out)
                                  4.13   data arrival time

                  0.00   10.00   10.00   clock clk (rise edge)
                          0.00   10.00   clock network delay (ideal)
                         -0.25    9.75   clock uncertainty
                          0.00    9.75   clock reconvergence pessimism
                         -2.00    7.75   output external delay
                                  7.75   data required time
-----------------------------------------------------------------------------
                                  7.75   data required time
                                 -4.13   data arrival time
-----------------------------------------------------------------------------
                                  3.62   slack (MET)


Startpoint: A[1] (input port clocked by clk)
Endpoint: Result[5] (output port clocked by clk)
Path Group: clk
Path Type: max

Fanout     Cap    Slew   Delay    Time   Description
-----------------------------------------------------------------------------
                  0.00    0.00    0.00   clock clk (rise edge)
                          0.00    0.00   clock network delay (ideal)
                          2.00    2.00 v input external delay
                  0.01    0.00    2.00 v A[1] (in)
     1    0.00                           A[1] (net)
                  0.01    0.00    2.00 v input2/A (sky130_fd_sc_hd__buf_1)
                  0.09    0.13    2.13 v input2/X (sky130_fd_sc_hd__buf_1)
     1    0.01                           net2 (net)
                  0.09    0.00    2.14 v _176_/A (sky130_fd_sc_hd__buf_6)
                  0.05    0.17    2.31 v _176_/X (sky130_fd_sc_hd__buf_6)
    10    0.04                           _109_ (net)
                  0.05    0.00    2.31 v _177_/A (sky130_fd_sc_hd__xnor2_4)
                  0.22    0.25    2.56 ^ _177_/Y (sky130_fd_sc_hd__xnor2_4)
     8    0.02                           _110_ (net)
                  0.22    0.00    2.56 ^ _228_/A1 (sky130_fd_sc_hd__o21ai_1)
                  0.10    0.15    2.71 v _228_/Y (sky130_fd_sc_hd__o21ai_1)
     3    0.01                           _160_ (net)
                  0.10    0.00    2.71 v _266_/B2 (sky130_fd_sc_hd__a221o_1)
                  0.07    0.38    3.09 v _266_/X (sky130_fd_sc_hd__a221o_1)
     2    0.01                           _020_ (net)
                  0.07    0.00    3.09 v _287_/A3 (sky130_fd_sc_hd__a31o_1)
                  0.06    0.26    3.36 v _287_/X (sky130_fd_sc_hd__a31o_1)
     2    0.01                           _040_ (net)
                  0.06    0.00    3.36 v _288_/B (sky130_fd_sc_hd__xor2_1)
                  0.05    0.15    3.51 v _288_/X (sky130_fd_sc_hd__xor2_1)
     1    0.00                           _041_ (net)
                  0.05    0.00    3.51 v _298_/A2 (sky130_fd_sc_hd__o211ai_1)
                  0.15    0.16    3.67 ^ _298_/Y (sky130_fd_sc_hd__o211ai_1)
     1    0.00                           _051_ (net)
                  0.15    0.00    3.67 ^ _299_/B1 (sky130_fd_sc_hd__a31o_1)
                  0.14    0.20    3.87 ^ _299_/X (sky130_fd_sc_hd__a31o_1)
     2    0.01                           net27 (net)
                  0.14    0.00    3.87 ^ output27/A (sky130_fd_sc_hd__clkbuf_4)
                  0.12    0.24    4.10 ^ output27/X (sky130_fd_sc_hd__clkbuf_4)
     1    0.04                           Result[5] (net)
                  0.12    0.00    4.11 ^ Result[5] (out)
                                  4.11   data arrival time

                  0.00   10.00   10.00   clock clk (rise edge)
                          0.00   10.00   clock network delay (ideal)
                         -0.25    9.75   clock uncertainty
                          0.00    9.75   clock reconvergence pessimism
                         -2.00    7.75   output external delay
                                  7.75   data required time
-----------------------------------------------------------------------------
                                  7.75   data required time
                                 -4.11   data arrival time
-----------------------------------------------------------------------------
                                  3.64   slack (MET)


Startpoint: Sel[0] (input port clocked by clk)
Endpoint: Result[2] (output port clocked by clk)
Path Group: clk
Path Type: max

Fanout     Cap    Slew   Delay    Time   Description
-----------------------------------------------------------------------------
                  0.00    0.00    0.00   clock clk (rise edge)
                          0.00    0.00   clock network delay (ideal)
                          2.00    2.00 v input external delay
                  0.01    0.01    2.01 v Sel[0] (in)
     1    0.00                           Sel[0] (net)
                  0.01    0.00    2.01 v input17/A (sky130_fd_sc_hd__buf_1)
                  0.03    0.08    2.08 v input17/X (sky130_fd_sc_hd__buf_1)
     2    0.00                           net17 (net)
                  0.03    0.00    2.08 v _180_/A (sky130_fd_sc_hd__buf_2)
                  0.08    0.18    2.26 v _180_/X (sky130_fd_sc_hd__buf_2)
    10    0.03                           _113_ (net)
                  0.08    0.00    2.26 v _225_/C (sky130_fd_sc_hd__or4_1)
                  0.08    0.49    2.75 v _225_/X (sky130_fd_sc_hd__or4_1)
     1    0.00                           _157_ (net)
                  0.08    0.00    2.75 v _226_/A (sky130_fd_sc_hd__buf_2)
                  0.08    0.19    2.94 v _226_/X (sky130_fd_sc_hd__buf_2)
     6    0.03                           _158_ (net)
                  0.08    0.00    2.94 v _231_/A (sky130_fd_sc_hd__or3b_1)
                  0.06    0.38    3.33 v _231_/X (sky130_fd_sc_hd__or3b_1)
     1    0.00                           _163_ (net)
                  0.06    0.00    3.33 v _232_/C (sky130_fd_sc_hd__and3_1)
                  0.04    0.20    3.52 v _232_/X (sky130_fd_sc_hd__and3_1)
     1    0.00                           _164_ (net)
                  0.04    0.00    3.52 v _233_/B1 (sky130_fd_sc_hd__o21ai_2)
                  0.10    0.06    3.58 ^ _233_/Y (sky130_fd_sc_hd__o21ai_2)
     2    0.00                           net24 (net)
                  0.10    0.00    3.58 ^ output24/A (sky130_fd_sc_hd__clkbuf_4)
                  0.11    0.22    3.80 ^ output24/X (sky130_fd_sc_hd__clkbuf_4)
     1    0.03                           Result[2] (net)
                  0.11    0.00    3.80 ^ Result[2] (out)
                                  3.80   data arrival time

                  0.00   10.00   10.00   clock clk (rise edge)
                          0.00   10.00   clock network delay (ideal)
                         -0.25    9.75   clock uncertainty
                          0.00    9.75   clock reconvergence pessimism
                         -2.00    7.75   output external delay
                                  7.75   data required time
-----------------------------------------------------------------------------
                                  7.75   data required time
                                 -3.80   data arrival time
-----------------------------------------------------------------------------
                                  3.95   slack (MET)


Startpoint: Sel[2] (input port clocked by clk)
Endpoint: Result[3] (output port clocked by clk)
Path Group: clk
Path Type: max

Fanout     Cap    Slew   Delay    Time   Description
-----------------------------------------------------------------------------
                  0.00    0.00    0.00   clock clk (rise edge)
                          0.00    0.00   clock network delay (ideal)
                          2.00    2.00 ^ input external delay
                  0.02    0.01    2.01 ^ Sel[2] (in)
     1    0.00                           Sel[2] (net)
                  0.02    0.00    2.01 ^ input19/A (sky130_fd_sc_hd__clkbuf_2)
                  0.14    0.18    2.19 ^ input19/X (sky130_fd_sc_hd__clkbuf_2)
     7    0.03                           net19 (net)
                  0.14    0.00    2.19 ^ _192_/B_N (sky130_fd_sc_hd__or2b_1)
                  0.07    0.28    2.48 v _192_/X (sky130_fd_sc_hd__or2b_1)
     3    0.01                           _125_ (net)
                  0.07    0.00    2.48 v _198_/A (sky130_fd_sc_hd__or3b_4)
                  0.09    0.45    2.93 v _198_/X (sky130_fd_sc_hd__or3b_4)
     8    0.02                           _131_ (net)
                  0.09    0.00    2.93 v _241_/B (sky130_fd_sc_hd__or3b_1)
                  0.07    0.38    3.31 v _241_/X (sky130_fd_sc_hd__or3b_1)
     1    0.00                           _172_ (net)
                  0.07    0.00    3.31 v _246_/C (sky130_fd_sc_hd__and4_1)
                  0.04    0.21    3.52 v _246_/X (sky130_fd_sc_hd__and4_1)
     1    0.00                           _001_ (net)
                  0.04    0.00    3.52 v _255_/A (sky130_fd_sc_hd__nand2_1)
                  0.05    0.06    3.58 ^ _255_/Y (sky130_fd_sc_hd__nand2_1)
     2    0.00                           net25 (net)
                  0.05    0.00    3.58 ^ output25/A (sky130_fd_sc_hd__clkbuf_4)
                  0.12    0.21    3.79 ^ output25/X (sky130_fd_sc_hd__clkbuf_4)
     1    0.04                           Result[3] (net)
                  0.12    0.00    3.79 ^ Result[3] (out)
                                  3.79   data arrival time

                  0.00   10.00   10.00   clock clk (rise edge)
                          0.00   10.00   clock network delay (ideal)
                         -0.25    9.75   clock uncertainty
                          0.00    9.75   clock reconvergence pessimism
                         -2.00    7.75   output external delay
                                  7.75   data required time
-----------------------------------------------------------------------------
                                  7.75   data required time
                                 -3.79   data arrival time
-----------------------------------------------------------------------------
                                  3.96   slack (MET)


Startpoint: Sel[2] (input port clocked by clk)
Endpoint: Result[1] (output port clocked by clk)
Path Group: clk
Path Type: max

Fanout     Cap    Slew   Delay    Time   Description
-----------------------------------------------------------------------------
                  0.00    0.00    0.00   clock clk (rise edge)
                          0.00    0.00   clock network delay (ideal)
                          2.00    2.00 ^ input external delay
                  0.02    0.01    2.01 ^ Sel[2] (in)
     1    0.00                           Sel[2] (net)
                  0.02    0.00    2.01 ^ input19/A (sky130_fd_sc_hd__clkbuf_2)
                  0.14    0.18    2.19 ^ input19/X (sky130_fd_sc_hd__clkbuf_2)
     7    0.03                           net19 (net)
                  0.14    0.00    2.19 ^ _192_/B_N (sky130_fd_sc_hd__or2b_1)
                  0.07    0.28    2.48 v _192_/X (sky130_fd_sc_hd__or2b_1)
     3    0.01                           _125_ (net)
                  0.07    0.00    2.48 v _198_/A (sky130_fd_sc_hd__or3b_4)
                  0.09    0.45    2.93 v _198_/X (sky130_fd_sc_hd__or3b_4)
     8    0.02                           _131_ (net)
                  0.09    0.00    2.93 v _200_/A1 (sky130_fd_sc_hd__mux2_1)
                  0.06    0.33    3.25 v _200_/X (sky130_fd_sc_hd__mux2_1)
     1    0.00                           _133_ (net)
                  0.06    0.00    3.25 v _204_/C1 (sky130_fd_sc_hd__o2111a_1)
                  0.05    0.14    3.40 v _204_/X (sky130_fd_sc_hd__o2111a_1)
     1    0.00                           _137_ (net)
                  0.05    0.00    3.40 v _205_/B1 (sky130_fd_sc_hd__o21ai_1)
                  0.10    0.08    3.47 ^ _205_/Y (sky130_fd_sc_hd__o21ai_1)
     1    0.00                           _138_ (net)
                  0.10    0.00    3.47 ^ _206_/B1 (sky130_fd_sc_hd__a31o_2)
                  0.05    0.12    3.59 ^ _206_/X (sky130_fd_sc_hd__a31o_2)
     2    0.00                           net23 (net)
                  0.05    0.00    3.59 ^ output23/A (sky130_fd_sc_hd__clkbuf_4)
                  0.11    0.19    3.79 ^ output23/X (sky130_fd_sc_hd__clkbuf_4)
     1    0.03                           Result[1] (net)
                  0.11    0.00    3.79 ^ Result[1] (out)
                                  3.79   data arrival time

                  0.00   10.00   10.00   clock clk (rise edge)
                          0.00   10.00   clock network delay (ideal)
                         -0.25    9.75   clock uncertainty
                          0.00    9.75   clock reconvergence pessimism
                         -2.00    7.75   output external delay
                                  7.75   data required time
-----------------------------------------------------------------------------
                                  7.75   data required time
                                 -3.79   data arrival time
-----------------------------------------------------------------------------
                                  3.96   slack (MET)


Startpoint: Sel[1] (input port clocked by clk)
Endpoint: Result[0] (output port clocked by clk)
Path Group: clk
Path Type: max

Fanout     Cap    Slew   Delay    Time   Description
-----------------------------------------------------------------------------
                  0.00    0.00    0.00   clock clk (rise edge)
                          0.00    0.00   clock network delay (ideal)
                          2.00    2.00 ^ input external delay
                  0.02    0.01    2.01 ^ Sel[1] (in)
     1    0.00                           Sel[1] (net)
                  0.02    0.00    2.01 ^ input18/A (sky130_fd_sc_hd__clkbuf_2)
                  0.11    0.15    2.15 ^ input18/X (sky130_fd_sc_hd__clkbuf_2)
     4    0.02                           net18 (net)
                  0.11    0.00    2.16 ^ _181_/A (sky130_fd_sc_hd__buf_4)
                  0.11    0.19    2.35 ^ _181_/X (sky130_fd_sc_hd__buf_4)
    10    0.04                           _114_ (net)
                  0.11    0.00    2.35 ^ _191_/D_N (sky130_fd_sc_hd__or4b_4)
                  0.11    0.54    2.89 v _191_/X (sky130_fd_sc_hd__or4b_4)
     8    0.02                           _124_ (net)
                  0.11    0.00    2.89 v _353_/A2_N (sky130_fd_sc_hd__a2bb2o_1)
                  0.05    0.27    3.16 ^ _353_/X (sky130_fd_sc_hd__a2bb2o_1)
     1    0.00                           _102_ (net)
                  0.05    0.00    3.16 ^ _354_/C1 (sky130_fd_sc_hd__a211o_1)
                  0.12    0.16    3.32 ^ _354_/X (sky130_fd_sc_hd__a211o_1)
     2    0.01                           net22 (net)
                  0.12    0.00    3.32 ^ output22/A (sky130_fd_sc_hd__clkbuf_4)
                  0.11    0.23    3.55 ^ output22/X (sky130_fd_sc_hd__clkbuf_4)
     1    0.03                           Result[0] (net)
                  0.11    0.00    3.55 ^ Result[0] (out)
                                  3.55   data arrival time

                  0.00   10.00   10.00   clock clk (rise edge)
                          0.00   10.00   clock network delay (ideal)
                         -0.25    9.75   clock uncertainty
                          0.00    9.75   clock reconvergence pessimism
                         -2.00    7.75   output external delay
                                  7.75   data required time
-----------------------------------------------------------------------------
                                  7.75   data required time
                                 -3.55   data arrival time
-----------------------------------------------------------------------------
                                  4.20   slack (MET)



max_report_end
checks_report

===========================================================================
report_checks -unconstrained
===========================================================================
======================= Typical Corner ===================================

Startpoint: A[1] (input port clocked by clk)
Endpoint: Zero (output port clocked by clk)
Path Group: clk
Path Type: max

Fanout     Cap    Slew   Delay    Time   Description
-----------------------------------------------------------------------------
                  0.00    0.00    0.00   clock clk (rise edge)
                          0.00    0.00   clock network delay (ideal)
                          2.00    2.00 v input external delay
                  0.01    0.00    2.00 v A[1] (in)
     1    0.00                           A[1] (net)
                  0.01    0.00    2.00 v input2/A (sky130_fd_sc_hd__buf_1)
                  0.09    0.13    2.13 v input2/X (sky130_fd_sc_hd__buf_1)
     1    0.01                           net2 (net)
                  0.09    0.00    2.14 v _176_/A (sky130_fd_sc_hd__buf_6)
                  0.05    0.17    2.31 v _176_/X (sky130_fd_sc_hd__buf_6)
    10    0.04                           _109_ (net)
                  0.05    0.00    2.31 v _177_/A (sky130_fd_sc_hd__xnor2_4)
                  0.22    0.25    2.56 ^ _177_/Y (sky130_fd_sc_hd__xnor2_4)
     8    0.02                           _110_ (net)
                  0.22    0.00    2.56 ^ _228_/A1 (sky130_fd_sc_hd__o21ai_1)
                  0.10    0.15    2.71 v _228_/Y (sky130_fd_sc_hd__o21ai_1)
     3    0.01                           _160_ (net)
                  0.10    0.00    2.71 v _266_/B2 (sky130_fd_sc_hd__a221o_1)
                  0.07    0.38    3.09 v _266_/X (sky130_fd_sc_hd__a221o_1)
     2    0.01                           _020_ (net)
                  0.07    0.00    3.09 v _267_/B (sky130_fd_sc_hd__nand2_1)
                  0.07    0.09    3.19 ^ _267_/Y (sky130_fd_sc_hd__nand2_1)
     1    0.01                           _021_ (net)
                  0.07    0.00    3.19 ^ _268_/B (sky130_fd_sc_hd__xnor2_1)
                  0.15    0.13    3.32 ^ _268_/Y (sky130_fd_sc_hd__xnor2_1)
     1    0.00                           _022_ (net)
                  0.15    0.00    3.32 ^ _271_/A2 (sky130_fd_sc_hd__o21ai_1)
                  0.05    0.08    3.40 v _271_/Y (sky130_fd_sc_hd__o21ai_1)
     1    0.00                           _025_ (net)
                  0.05    0.00    3.40 v _278_/B (sky130_fd_sc_hd__or3b_1)
                  0.07    0.37    3.77 v _278_/X (sky130_fd_sc_hd__or3b_1)
     1    0.00                           _032_ (net)
                  0.07    0.00    3.77 v _279_/A (sky130_fd_sc_hd__clkbuf_2)
                  0.07    0.16    3.93 v _279_/X (sky130_fd_sc_hd__clkbuf_2)
     2    0.02                           net26 (net)
                  0.07    0.00    3.93 v _357_/B (sky130_fd_sc_hd__or4_1)
                  0.08    0.52    4.45 v _357_/X (sky130_fd_sc_hd__or4_1)
     1    0.00                           _105_ (net)
                  0.08    0.00    4.45 v _361_/A3 (sky130_fd_sc_hd__o31ai_1)
                  0.30    0.30    4.76 ^ _361_/Y (sky130_fd_sc_hd__o31ai_1)
     1    0.01                           net30 (net)
                  0.30    0.00    4.76 ^ output30/A (sky130_fd_sc_hd__buf_4)
                  0.12    0.25    5.01 ^ output30/X (sky130_fd_sc_hd__buf_4)
     1    0.04                           Zero (net)
                  0.12    0.00    5.01 ^ Zero (out)
                                  5.01   data arrival time

                  0.00   10.00   10.00   clock clk (rise edge)
                          0.00   10.00   clock network delay (ideal)
                         -0.25    9.75   clock uncertainty
                          0.00    9.75   clock reconvergence pessimism
                         -2.00    7.75   output external delay
                                  7.75   data required time
-----------------------------------------------------------------------------
                                  7.75   data required time
                                 -5.01   data arrival time
-----------------------------------------------------------------------------
                                  2.74   slack (MET)




===========================================================================
report_checks --slack_max -0.01
============================================================================
======================= Typical Corner ===================================

No paths found.


===========================================================================
 report_check_types -max_slew -max_cap -max_fanout -violators
============================================================================
======================= Typical Corner ===================================



===========================================================================
report_parasitic_annotation -report_unannotated
============================================================================
Found 238 unannotated drivers.
 A[0]
 A[1]
 A[2]
 A[3]
 A[4]
 A[5]
 A[6]
 A[7]
 B[0]
 B[1]
 B[2]
 B[3]
 B[4]
 B[5]
 B[6]
 B[7]
 Sel[0]
 Sel[1]
 Sel[2]
 Sel[3]
 _176_/X
 _177_/Y
 _178_/Y
 _179_/Y
 _180_/X
 _181_/X
 _182_/Y
 _183_/X
 _184_/X
 _185_/Y
 _186_/Y
 _187_/Y
 _188_/X
 _189_/X
 _190_/Y
 _191_/X
 _192_/X
 _193_/X
 _194_/X
 _195_/X
 _196_/X
 _197_/Y
 _198_/X
 _199_/X
 _200_/X
 _201_/X
 _202_/X
 _203_/Y
 _204_/X
 _205_/Y
 _206_/X
 _207_/X
 _208_/Y
 _209_/X
 _210_/X
 _211_/X
 _212_/Y
 _213_/Y
 _214_/Y
 _215_/Y
 _216_/Y
 _217_/X
 _218_/Y
 _219_/X
 _220_/X
 _221_/X
 _222_/Y
 _223_/X
 _224_/X
 _225_/X
 _226_/X
 _227_/Y
 _228_/Y
 _229_/Y
 _230_/Y
 _231_/X
 _232_/X
 _233_/Y
 _234_/X
 _235_/Y
 _236_/X
 _237_/Y
 _238_/X
 _239_/X
 _240_/X
 _241_/X
 _242_/Y
 _243_/X
 _244_/X
 _245_/Y
 _246_/X
 _247_/Y
 _248_/X
 _249_/X
 _250_/Y
 _251_/X
 _252_/Y
 _253_/Y
 _254_/X
 _255_/Y
 _256_/Y
 _257_/X
 _258_/Y
 _259_/Y
 _260_/X
 _261_/X
 _262_/Y
 _263_/X
 _264_/Y
 _265_/Y
 _266_/X
 _267_/Y
 _268_/Y
 _269_/Y
 _270_/Y
 _271_/Y
 _272_/Y
 _273_/X
 _274_/Y
 _275_/X
 _276_/Y
 _277_/Y
 _278_/X
 _279_/X
 _280_/X
 _281_/Y
 _282_/Y
 _283_/Y
 _284_/X
 _285_/X
 _286_/Y
 _287_/X
 _288_/X
 _289_/Y
 _290_/X
 _291_/X
 _292_/Y
 _293_/X
 _294_/X
 _295_/X
 _296_/Y
 _297_/X
 _298_/Y
 _299_/X
 _300_/Y
 _301_/Y
 _302_/Y
 _303_/X
 _304_/X
 _305_/Y
 _306_/X
 _307_/Y
 _308_/Y
 _309_/Y
 _310_/X
 _311_/Y
 _312_/X
 _313_/X
 _314_/X
 _315_/Y
 _316_/Y
 _317_/Y
 _318_/X
 _319_/Y
 _320_/X
 _321_/Y
 _322_/X
 _323_/X
 _324_/Y
 _325_/Y
 _326_/Y
 _327_/Y
 _328_/X
 _329_/Y
 _330_/X
 _331_/X
 _332_/X
 _333_/Y
 _334_/Y
 _335_/X
 _336_/X
 _337_/Y
 _338_/X
 _339_/Y
 _340_/X
 _341_/Y
 _342_/X
 _343_/Y
 _344_/Y
 _345_/X
 _346_/X
 _347_/X
 _348_/X
 _349_/X
 _350_/X
 _351_/X
 _352_/X
 _353_/X
 _354_/X
 _355_/X
 _356_/X
 _357_/X
 _358_/X
 _359_/X
 _360_/X
 _361_/Y
 input1/X
 input10/X
 input11/X
 input12/X
 input13/X
 input14/X
 input15/X
 input16/X
 input17/X
 input18/X
 input19/X
 input2/X
 input20/X
 input3/X
 input4/X
 input5/X
 input6/X
 input7/X
 input8/X
 input9/X
 max_cap31/X
 max_cap32/X
 output21/X
 output22/X
 output23/X
 output24/X
 output25/X
 output26/X
 output27/X
 output28/X
 output29/X
 output30/X
Found 0 partially unannotated drivers.

===========================================================================
max slew violation count 0
max fanout violation count 0
max cap violation count 0
============================================================================

===========================================================================
check_setup -verbose -unconstrained_endpoints -multiple_clock -no_clock -no_input_delay -loops -generated_clocks
===========================================================================
checks_report_end
power_report

===========================================================================
 report_power
============================================================================
======================= Typical Corner ===================================

Group                  Internal  Switching    Leakage      Total
                          Power      Power      Power      Power (Watts)
----------------------------------------------------------------
Sequential             0.00e+00   0.00e+00   0.00e+00   0.00e+00   0.0%
Combinational          3.18e-05   4.50e-05   1.13e-09   7.68e-05 100.0%
Macro                  0.00e+00   0.00e+00   0.00e+00   0.00e+00   0.0%
Pad                    0.00e+00   0.00e+00   0.00e+00   0.00e+00   0.0%
----------------------------------------------------------------
Total                  3.18e-05   4.50e-05   1.13e-09   7.68e-05 100.0%
                          41.4%      58.6%       0.0%

power_report_end
skew_report

===========================================================================
report_clock_skew
============================================================================
Clock clk
No launch/capture paths found.

skew_report_end
summary_report

===========================================================================
report_tns
============================================================================
tns 0.00

===========================================================================
report_wns
============================================================================
wns 0.00

===========================================================================
report_worst_slack -max (Setup)
============================================================================
worst slack 2.74

===========================================================================
report_worst_slack -min (Hold)
============================================================================
worst slack 4.33
summary_report_end
area_report

===========================================================================
report_design_area
============================================================================
Design area 2125 u^2 6% utilization.
area_report_end
[WARNING] Did not save OpenROAD database!
Writing SDF to '/openlane/designs/alu/runs/myrun/results/signoff/alu.sdf'…
Writing timing model to '/openlane/designs/alu/runs/myrun/results/signoff/alu.lib'…
