OpenROAD 41a51eaf4ca2171c92ff38afb91eb37bbd3f36da 
This program is licensed under the BSD-3 license. See the LICENSE file for details.
Components of this program may be licensed under more restrictive licenses which must be honored.
[INFO]: Reading ODB at '/openlane/designs/alu-8bit/runs/myrun/tmp/15-alu8.odb'…
define_corners Slowest Typical Fastest
read_liberty -corner Slowest /home/jagadeesh97/.ciel/sky130A/libs.ref/sky130_fd_sc_hd/lib/sky130_fd_sc_hd__ss_100C_1v60.lib
read_liberty -corner Typical /home/jagadeesh97/.ciel/sky130A/libs.ref/sky130_fd_sc_hd/lib/sky130_fd_sc_hd__tt_025C_1v80.lib
read_liberty -corner Fastest /home/jagadeesh97/.ciel/sky130A/libs.ref/sky130_fd_sc_hd/lib/sky130_fd_sc_hd__ff_n40C_1v95.lib
Using 1e-12 for capacitance...
Using 1e+03 for resistance...
Using 1e-09 for time...
Using 1e+00 for voltage...
Using 1e-03 for current...
Using 1e-09 for power...
Using 1e-06 for distance...
Reading design constraints file at '/openlane/designs/alu-8bit/runs/myrun/tmp/15-alu8.sdc'…
[WARNING STA-0357] virtual clock clk can not be propagated.
[INFO]: Setting signal min routing layer to: met1 and clock min routing layer to met3. 
[INFO]: Setting signal max routing layer to: met5 and clock max routing layer to met5. 
-congestion_iterations 50 -verbose -congestion_report_file /openlane/designs/alu-8bit/runs/myrun/tmp/routing/resizer-routing-timing-congestion.rpt
[INFO GRT-0020] Min routing layer: met1
[INFO GRT-0021] Max routing layer: met5
[INFO GRT-0022] Global adjustment: 30%
[INFO GRT-0023] Grid origin: (0, 0)
[INFO GRT-0043] No OR_DEFAULT vias defined.
[INFO GRT-0088] Layer li1     Track-Pitch = 0.4600  line-2-Via Pitch: 0.3400
[INFO GRT-0088] Layer met1    Track-Pitch = 0.3400  line-2-Via Pitch: 0.3400
[INFO GRT-0088] Layer met2    Track-Pitch = 0.4600  line-2-Via Pitch: 0.3500
[INFO GRT-0088] Layer met3    Track-Pitch = 0.6800  line-2-Via Pitch: 0.6150
[INFO GRT-0088] Layer met4    Track-Pitch = 0.9200  line-2-Via Pitch: 1.0400
[INFO GRT-0088] Layer met5    Track-Pitch = 3.4000  line-2-Via Pitch: 3.1100
[INFO GRT-0019] Found 0 clock nets.
[INFO GRT-0001] Minimum degree: 2
[INFO GRT-0002] Maximum degree: 11
[INFO GRT-0003] Macros: 0
[INFO GRT-0004] Blockages: 20

[INFO GRT-0053] Routing resources analysis:
          Routing      Original      Derated      Resource
Layer     Direction    Resources     Resources    Reduction (%)
---------------------------------------------------------------
li1        Vertical            0             0          0.00%
met1       Horizontal     103680         52184          49.67%
met2       Vertical        77760         51770          33.42%
met3       Horizontal      51840         36092          30.38%
met4       Vertical        31104         19839          36.22%
met5       Horizontal      10368          4970          52.06%
---------------------------------------------------------------

[INFO GRT-0197] Via related to pin nodes: 911
[INFO GRT-0198] Via related Steiner nodes: 13
[INFO GRT-0199] Via filling finished.
[INFO GRT-0111] Final number of vias: 1009
[INFO GRT-0112] Final usage 3D: 5058

[INFO GRT-0096] Final congestion report:
Layer         Resource        Demand        Usage (%)    Max H / Max V / Total Overflow
---------------------------------------------------------------------------------------
li1                  0             0            0.00%             0 /  0 /  0
met1             52184          1006            1.93%             0 /  0 /  0
met2             51770          1025            1.98%             0 /  0 /  0
met3             36092             0            0.00%             0 /  0 /  0
met4             19839             0            0.00%             0 /  0 /  0
met5              4970             0            0.00%             0 /  0 /  0
---------------------------------------------------------------------------------------
Total           164855          2031            1.23%             0 /  0 /  0

[INFO GRT-0018] Total wirelength: 17567 um
[INFO GRT-0014] Routed nets: 239
[INFO]: Setting RC values...
[INFO GRT-0009] rerouting 3 nets.
[INFO GRT-0009] rerouting 8 nets.
[INFO GRT-0009] rerouting 11 nets.
[INFO GRT-0001] Minimum degree: 10
[INFO GRT-0002] Maximum degree: 10
[INFO GRT-0009] rerouting 5 nets.
[INFO GRT-0001] Minimum degree: 3
[INFO GRT-0002] Maximum degree: 3
[INFO GRT-0009] rerouting 4 nets.
[INFO GRT-0009] rerouting 8 nets.
[INFO GRT-0009] rerouting 8 nets.
[INFO RSZ-0041] Resized 6 instances.
[INFO RSZ-0033] No hold violations found.
[INFO GRT-0009] rerouting 8 nets.
Placement Analysis
---------------------------------
total displacement          1.4 u
average displacement        0.0 u
max displacement            1.4 u
original HPWL           13621.9 u
legalized HPWL          13744.7 u
delta HPWL                    1 %

[INFO DPL-0020] Mirrored 79 instances
[INFO DPL-0021] HPWL before           13744.7 u
[INFO DPL-0022] HPWL after            13621.9 u
[INFO DPL-0023] HPWL delta               -0.9 %
Setting global connections for newly added cells…
Writing OpenROAD database to '/openlane/designs/alu-8bit/runs/myrun/tmp/17-alu8.odb'…
Writing netlist to '/openlane/designs/alu-8bit/runs/myrun/tmp/17-alu8.nl.v'…
Writing powered netlist to '/openlane/designs/alu-8bit/runs/myrun/tmp/17-alu8.pnl.v'…
Writing layout to '/openlane/designs/alu-8bit/runs/myrun/tmp/17-alu8.def'…
Writing timing constraints to '/openlane/designs/alu-8bit/runs/myrun/tmp/17-alu8.sdc'…
area_report

===========================================================================
report_design_area
============================================================================
Design area 5752 u^2 2% utilization.
area_report_end
