
===========================================================================
report_checks -path_delay max (Setup)
============================================================================
======================= Typical Corner ===================================

Startpoint: A[1] (input port clocked by clk)
Endpoint: Zero (output port clocked by clk)
Path Group: clk
Path Type: max

Fanout     Cap    Slew   Delay    Time   Description
-----------------------------------------------------------------------------
                  0.00    0.00    0.00   clock clk (rise edge)
                          0.00    0.00   clock network delay (ideal)
                          2.00    2.00 ^ input external delay
                  0.02    0.01    2.01 ^ A[1] (in)
     1    0.00                           A[1] (net)
                  0.02    0.00    2.01 ^ _176_/A (sky130_fd_sc_hd__buf_1)
                  0.52    0.42    2.43 ^ _176_/X (sky130_fd_sc_hd__buf_1)
    10    0.04                           _109_ (net)
                  0.52    0.00    2.43 ^ _177_/A (sky130_fd_sc_hd__xnor2_2)
                  0.35    0.26    2.69 ^ _177_/Y (sky130_fd_sc_hd__xnor2_2)
     8    0.02                           _110_ (net)
                  0.35    0.00    2.69 ^ _228_/A1 (sky130_fd_sc_hd__o21ai_2)
                  0.09    0.14    2.83 v _228_/Y (sky130_fd_sc_hd__o21ai_2)
     3    0.01                           _160_ (net)
                  0.09    0.00    2.83 v _266_/B2 (sky130_fd_sc_hd__a221o_2)
                  0.06    0.40    3.23 v _266_/X (sky130_fd_sc_hd__a221o_2)
     2    0.01                           _020_ (net)
                  0.06    0.00    3.23 v _267_/B (sky130_fd_sc_hd__nand2_2)
                  0.06    0.09    3.32 ^ _267_/Y (sky130_fd_sc_hd__nand2_2)
     1    0.01                           _021_ (net)
                  0.06    0.00    3.32 ^ _268_/B (sky130_fd_sc_hd__xnor2_2)
                  0.12    0.11    3.43 ^ _268_/Y (sky130_fd_sc_hd__xnor2_2)
     1    0.00                           _022_ (net)
                  0.12    0.00    3.43 ^ _271_/A2 (sky130_fd_sc_hd__o21ai_2)
                  0.05    0.06    3.49 v _271_/Y (sky130_fd_sc_hd__o21ai_2)
     1    0.00                           _025_ (net)
                  0.05    0.00    3.49 v _278_/B (sky130_fd_sc_hd__or3b_2)
                  0.07    0.45    3.94 v _278_/X (sky130_fd_sc_hd__or3b_2)
     1    0.00                           _032_ (net)
                  0.07    0.00    3.94 v _279_/A (sky130_fd_sc_hd__buf_1)
                  0.20    0.25    4.19 v _279_/X (sky130_fd_sc_hd__buf_1)
     2    0.04                           Result[4] (net)
                  0.20    0.00    4.19 v _357_/B (sky130_fd_sc_hd__or4_2)
                  0.11    0.73    4.91 v _357_/X (sky130_fd_sc_hd__or4_2)
     1    0.00                           _105_ (net)
                  0.11    0.00    4.91 v _361_/A3 (sky130_fd_sc_hd__o31ai_2)
                  0.68    0.60    5.51 ^ _361_/Y (sky130_fd_sc_hd__o31ai_2)
     1    0.03                           Zero (net)
                  0.68    0.00    5.51 ^ Zero (out)
                                  5.51   data arrival time

                  0.00   10.00   10.00   clock clk (rise edge)
                          0.00   10.00   clock network delay (ideal)
                         -0.25    9.75   clock uncertainty
                          0.00    9.75   clock reconvergence pessimism
                         -2.00    7.75   output external delay
                                  7.75   data required time
-----------------------------------------------------------------------------
                                  7.75   data required time
                                 -5.51   data arrival time
-----------------------------------------------------------------------------
                                  2.24   slack (MET)


Startpoint: A[1] (input port clocked by clk)
Endpoint: CarryOut (output port clocked by clk)
Path Group: clk
Path Type: max

Fanout     Cap    Slew   Delay    Time   Description
-----------------------------------------------------------------------------
                  0.00    0.00    0.00   clock clk (rise edge)
                          0.00    0.00   clock network delay (ideal)
                          2.00    2.00 ^ input external delay
                  0.02    0.01    2.01 ^ A[1] (in)
     1    0.00                           A[1] (net)
                  0.02    0.00    2.01 ^ _176_/A (sky130_fd_sc_hd__buf_1)
                  0.52    0.42    2.43 ^ _176_/X (sky130_fd_sc_hd__buf_1)
    10    0.04                           _109_ (net)
                  0.52    0.00    2.43 ^ _177_/A (sky130_fd_sc_hd__xnor2_2)
                  0.35    0.26    2.69 ^ _177_/Y (sky130_fd_sc_hd__xnor2_2)
     8    0.02                           _110_ (net)
                  0.35    0.00    2.69 ^ _228_/A1 (sky130_fd_sc_hd__o21ai_2)
                  0.09    0.14    2.83 v _228_/Y (sky130_fd_sc_hd__o21ai_2)
     3    0.01                           _160_ (net)
                  0.09    0.00    2.83 v _266_/B2 (sky130_fd_sc_hd__a221o_2)
                  0.06    0.40    3.23 v _266_/X (sky130_fd_sc_hd__a221o_2)
     2    0.01                           _020_ (net)
                  0.06    0.00    3.23 v _287_/A3 (sky130_fd_sc_hd__a31o_2)
                  0.06    0.29    3.53 v _287_/X (sky130_fd_sc_hd__a31o_2)
     2    0.01                           _040_ (net)
                  0.06    0.00    3.53 v _307_/A2 (sky130_fd_sc_hd__a21boi_2)
                  0.19    0.22    3.75 ^ _307_/Y (sky130_fd_sc_hd__a21boi_2)
     2    0.01                           _059_ (net)
                  0.19    0.00    3.75 ^ _324_/A2 (sky130_fd_sc_hd__o21ai_2)
                  0.06    0.10    3.85 v _324_/Y (sky130_fd_sc_hd__o21ai_2)
     2    0.01                           _075_ (net)
                  0.06    0.00    3.85 v _346_/A2 (sky130_fd_sc_hd__o211a_2)
                  0.04    0.24    4.09 v _346_/X (sky130_fd_sc_hd__o211a_2)
     1    0.00                           _096_ (net)
                  0.04    0.00    4.09 v _348_/B (sky130_fd_sc_hd__or3b_2)
                  0.07    0.44    4.53 v _348_/X (sky130_fd_sc_hd__or3b_2)
     1    0.00                           _098_ (net)
                  0.07    0.00    4.53 v _349_/A (sky130_fd_sc_hd__buf_1)
                  0.19    0.24    4.77 v _349_/X (sky130_fd_sc_hd__buf_1)
     1    0.03                           CarryOut (net)
                  0.19    0.00    4.77 v CarryOut (out)
                                  4.77   data arrival time

                  0.00   10.00   10.00   clock clk (rise edge)
                          0.00   10.00   clock network delay (ideal)
                         -0.25    9.75   clock uncertainty
                          0.00    9.75   clock reconvergence pessimism
                         -2.00    7.75   output external delay
                                  7.75   data required time
-----------------------------------------------------------------------------
                                  7.75   data required time
                                 -4.77   data arrival time
-----------------------------------------------------------------------------
                                  2.98   slack (MET)


Startpoint: A[1] (input port clocked by clk)
Endpoint: Result[7] (output port clocked by clk)
Path Group: clk
Path Type: max

Fanout     Cap    Slew   Delay    Time   Description
-----------------------------------------------------------------------------
                  0.00    0.00    0.00   clock clk (rise edge)
                          0.00    0.00   clock network delay (ideal)
                          2.00    2.00 v input external delay
                  0.01    0.00    2.00 v A[1] (in)
     1    0.00                           A[1] (net)
                  0.01    0.00    2.00 v _176_/A (sky130_fd_sc_hd__buf_1)
                  0.23    0.24    2.25 v _176_/X (sky130_fd_sc_hd__buf_1)
    10    0.04                           _109_ (net)
                  0.23    0.00    2.25 v _217_/B (sky130_fd_sc_hd__or3_2)
                  0.10    0.56    2.81 v _217_/X (sky130_fd_sc_hd__or3_2)
     3    0.01                           _149_ (net)
                  0.10    0.00    2.81 v _234_/B (sky130_fd_sc_hd__or2_2)
                  0.09    0.36    3.17 v _234_/X (sky130_fd_sc_hd__or2_2)
     4    0.02                           _165_ (net)
                  0.09    0.00    3.17 v _295_/C (sky130_fd_sc_hd__or3_2)
                  0.11    0.49    3.65 v _295_/X (sky130_fd_sc_hd__or3_2)
     3    0.01                           _048_ (net)
                  0.11    0.00    3.65 v _315_/B (sky130_fd_sc_hd__nor2_2)
                  0.10    0.12    3.78 ^ _315_/Y (sky130_fd_sc_hd__nor2_2)
     2    0.01                           _067_ (net)
                  0.10    0.00    3.78 ^ _316_/A (sky130_fd_sc_hd__inv_2)
                  0.03    0.05    3.82 v _316_/Y (sky130_fd_sc_hd__inv_2)
     3    0.01                           _068_ (net)
                  0.03    0.00    3.82 v _331_/C (sky130_fd_sc_hd__or3_2)
                  0.07    0.41    4.23 v _331_/X (sky130_fd_sc_hd__or3_2)
     1    0.00                           _082_ (net)
                  0.07    0.00    4.23 v _336_/C (sky130_fd_sc_hd__and4_2)
                  0.05    0.24    4.47 v _336_/X (sky130_fd_sc_hd__and4_2)
     1    0.00                           _087_ (net)
                  0.05    0.00    4.47 v _343_/B1 (sky130_fd_sc_hd__o211ai_2)
                  0.48    0.20    4.67 ^ _343_/Y (sky130_fd_sc_hd__o211ai_2)
     2    0.04                           Result[7] (net)
                  0.48    0.00    4.67 ^ Result[7] (out)
                                  4.67   data arrival time

                  0.00   10.00   10.00   clock clk (rise edge)
                          0.00   10.00   clock network delay (ideal)
                         -0.25    9.75   clock uncertainty
                          0.00    9.75   clock reconvergence pessimism
                         -2.00    7.75   output external delay
                                  7.75   data required time
-----------------------------------------------------------------------------
                                  7.75   data required time
                                 -4.67   data arrival time
-----------------------------------------------------------------------------
                                  3.08   slack (MET)


Startpoint: A[1] (input port clocked by clk)
Endpoint: Result[6] (output port clocked by clk)
Path Group: clk
Path Type: max

Fanout     Cap    Slew   Delay    Time   Description
-----------------------------------------------------------------------------
                  0.00    0.00    0.00   clock clk (rise edge)
                          0.00    0.00   clock network delay (ideal)
                          2.00    2.00 ^ input external delay
                  0.02    0.01    2.01 ^ A[1] (in)
     1    0.00                           A[1] (net)
                  0.02    0.00    2.01 ^ _176_/A (sky130_fd_sc_hd__buf_1)
                  0.52    0.42    2.43 ^ _176_/X (sky130_fd_sc_hd__buf_1)
    10    0.04                           _109_ (net)
                  0.52    0.00    2.43 ^ _177_/A (sky130_fd_sc_hd__xnor2_2)
                  0.17    0.23    2.66 v _177_/Y (sky130_fd_sc_hd__xnor2_2)
     8    0.02                           _110_ (net)
                  0.17    0.00    2.66 v _211_/A1 (sky130_fd_sc_hd__a21o_2)
                  0.05    0.27    2.93 v _211_/X (sky130_fd_sc_hd__a21o_2)
     3    0.01                           _143_ (net)
                  0.05    0.00    2.93 v _275_/A2 (sky130_fd_sc_hd__a31o_2)
                  0.06    0.27    3.20 v _275_/X (sky130_fd_sc_hd__a31o_2)
     3    0.01                           _029_ (net)
                  0.06    0.00    3.20 v _284_/B2 (sky130_fd_sc_hd__a22o_2)
                  0.05    0.25    3.45 v _284_/X (sky130_fd_sc_hd__a22o_2)
     3    0.01                           _037_ (net)
                  0.05    0.00    3.45 v _304_/A2 (sky130_fd_sc_hd__a21o_2)
                  0.06    0.25    3.70 v _304_/X (sky130_fd_sc_hd__a21o_2)
     4    0.01                           _056_ (net)
                  0.06    0.00    3.70 v _306_/B (sky130_fd_sc_hd__or2_2)
                  0.05    0.28    3.98 v _306_/X (sky130_fd_sc_hd__or2_2)
     1    0.00                           _058_ (net)
                  0.05    0.00    3.98 v _320_/A3 (sky130_fd_sc_hd__a31o_2)
                  0.12    0.35    4.33 v _320_/X (sky130_fd_sc_hd__a31o_2)
     2    0.04                           Result[6] (net)
                  0.12    0.00    4.33 v Result[6] (out)
                                  4.33   data arrival time

                  0.00   10.00   10.00   clock clk (rise edge)
                          0.00   10.00   clock network delay (ideal)
                         -0.25    9.75   clock uncertainty
                          0.00    9.75   clock reconvergence pessimism
                         -2.00    7.75   output external delay
                                  7.75   data required time
-----------------------------------------------------------------------------
                                  7.75   data required time
                                 -4.33   data arrival time
-----------------------------------------------------------------------------
                                  3.42   slack (MET)


Startpoint: A[1] (input port clocked by clk)
Endpoint: Result[4] (output port clocked by clk)
Path Group: clk
Path Type: max

Fanout     Cap    Slew   Delay    Time   Description
-----------------------------------------------------------------------------
                  0.00    0.00    0.00   clock clk (rise edge)
                          0.00    0.00   clock network delay (ideal)
                          2.00    2.00 ^ input external delay
                  0.02    0.01    2.01 ^ A[1] (in)
     1    0.00                           A[1] (net)
                  0.02    0.00    2.01 ^ _176_/A (sky130_fd_sc_hd__buf_1)
                  0.52    0.42    2.43 ^ _176_/X (sky130_fd_sc_hd__buf_1)
    10    0.04                           _109_ (net)
                  0.52    0.00    2.43 ^ _177_/A (sky130_fd_sc_hd__xnor2_2)
                  0.35    0.26    2.69 ^ _177_/Y (sky130_fd_sc_hd__xnor2_2)
     8    0.02                           _110_ (net)
                  0.35    0.00    2.69 ^ _228_/A1 (sky130_fd_sc_hd__o21ai_2)
                  0.09    0.14    2.83 v _228_/Y (sky130_fd_sc_hd__o21ai_2)
     3    0.01                           _160_ (net)
                  0.09    0.00    2.83 v _266_/B2 (sky130_fd_sc_hd__a221o_2)
                  0.06    0.40    3.23 v _266_/X (sky130_fd_sc_hd__a221o_2)
     2    0.01                           _020_ (net)
                  0.06    0.00    3.23 v _267_/B (sky130_fd_sc_hd__nand2_2)
                  0.06    0.09    3.32 ^ _267_/Y (sky130_fd_sc_hd__nand2_2)
     1    0.01                           _021_ (net)
                  0.06    0.00    3.32 ^ _268_/B (sky130_fd_sc_hd__xnor2_2)
                  0.12    0.11    3.43 ^ _268_/Y (sky130_fd_sc_hd__xnor2_2)
     1    0.00                           _022_ (net)
                  0.12    0.00    3.43 ^ _271_/A2 (sky130_fd_sc_hd__o21ai_2)
                  0.05    0.06    3.49 v _271_/Y (sky130_fd_sc_hd__o21ai_2)
     1    0.00                           _025_ (net)
                  0.05    0.00    3.49 v _278_/B (sky130_fd_sc_hd__or3b_2)
                  0.07    0.45    3.94 v _278_/X (sky130_fd_sc_hd__or3b_2)
     1    0.00                           _032_ (net)
                  0.07    0.00    3.94 v _279_/A (sky130_fd_sc_hd__buf_1)
                  0.20    0.25    4.19 v _279_/X (sky130_fd_sc_hd__buf_1)
     2    0.04                           Result[4] (net)
                  0.20    0.00    4.19 v Result[4] (out)
                                  4.19   data arrival time

                  0.00   10.00   10.00   clock clk (rise edge)
                          0.00   10.00   clock network delay (ideal)
                         -0.25    9.75   clock uncertainty
                          0.00    9.75   clock reconvergence pessimism
                         -2.00    7.75   output external delay
                                  7.75   data required time
-----------------------------------------------------------------------------
                                  7.75   data required time
                                 -4.19   data arrival time
-----------------------------------------------------------------------------
                                  3.56   slack (MET)


Startpoint: A[1] (input port clocked by clk)
Endpoint: Result[5] (output port clocked by clk)
Path Group: clk
Path Type: max

Fanout     Cap    Slew   Delay    Time   Description
-----------------------------------------------------------------------------
                  0.00    0.00    0.00   clock clk (rise edge)
                          0.00    0.00   clock network delay (ideal)
                          2.00    2.00 v input external delay
                  0.01    0.00    2.00 v A[1] (in)
     1    0.00                           A[1] (net)
                  0.01    0.00    2.00 v _176_/A (sky130_fd_sc_hd__buf_1)
                  0.23    0.24    2.25 v _176_/X (sky130_fd_sc_hd__buf_1)
    10    0.04                           _109_ (net)
                  0.23    0.00    2.25 v _217_/B (sky130_fd_sc_hd__or3_2)
                  0.10    0.56    2.81 v _217_/X (sky130_fd_sc_hd__or3_2)
     3    0.01                           _149_ (net)
                  0.10    0.00    2.81 v _234_/B (sky130_fd_sc_hd__or2_2)
                  0.09    0.36    3.17 v _234_/X (sky130_fd_sc_hd__or2_2)
     4    0.02                           _165_ (net)
                  0.09    0.00    3.17 v _295_/C (sky130_fd_sc_hd__or3_2)
                  0.11    0.49    3.65 v _295_/X (sky130_fd_sc_hd__or3_2)
     3    0.01                           _048_ (net)
                  0.11    0.00    3.65 v _297_/A1 (sky130_fd_sc_hd__a21o_2)
                  0.04    0.22    3.87 v _297_/X (sky130_fd_sc_hd__a21o_2)
     1    0.00                           _050_ (net)
                  0.04    0.00    3.87 v _298_/C1 (sky130_fd_sc_hd__o211ai_2)
                  0.11    0.05    3.92 ^ _298_/Y (sky130_fd_sc_hd__o211ai_2)
     1    0.00                           _051_ (net)
                  0.11    0.00    3.92 ^ _299_/B1 (sky130_fd_sc_hd__a31o_2)
                  0.21    0.25    4.17 ^ _299_/X (sky130_fd_sc_hd__a31o_2)
     2    0.04                           Result[5] (net)
                  0.21    0.00    4.17 ^ Result[5] (out)
                                  4.17   data arrival time

                  0.00   10.00   10.00   clock clk (rise edge)
                          0.00   10.00   clock network delay (ideal)
                         -0.25    9.75   clock uncertainty
                          0.00    9.75   clock reconvergence pessimism
                         -2.00    7.75   output external delay
                                  7.75   data required time
-----------------------------------------------------------------------------
                                  7.75   data required time
                                 -4.17   data arrival time
-----------------------------------------------------------------------------
                                  3.58   slack (MET)


Startpoint: Sel[0] (input port clocked by clk)
Endpoint: Result[2] (output port clocked by clk)
Path Group: clk
Path Type: max

Fanout     Cap    Slew   Delay    Time   Description
-----------------------------------------------------------------------------
                  0.00    0.00    0.00   clock clk (rise edge)
                          0.00    0.00   clock network delay (ideal)
                          2.00    2.00 v input external delay
                  0.01    0.01    2.01 v Sel[0] (in)
     2    0.00                           Sel[0] (net)
                  0.01    0.00    2.01 v _180_/A (sky130_fd_sc_hd__buf_1)
                  0.14    0.17    2.18 v _180_/X (sky130_fd_sc_hd__buf_1)
    10    0.02                           _113_ (net)
                  0.14    0.00    2.18 v _225_/C (sky130_fd_sc_hd__or4_2)
                  0.09    0.65    2.83 v _225_/X (sky130_fd_sc_hd__or4_2)
     1    0.00                           _157_ (net)
                  0.09    0.00    2.83 v _226_/A (sky130_fd_sc_hd__buf_1)
                  0.12    0.20    3.02 v _226_/X (sky130_fd_sc_hd__buf_1)
     6    0.02                           _158_ (net)
                  0.12    0.00    3.02 v _231_/A (sky130_fd_sc_hd__or3b_2)
                  0.07    0.49    3.52 v _231_/X (sky130_fd_sc_hd__or3b_2)
     1    0.00                           _163_ (net)
                  0.07    0.00    3.52 v _232_/C (sky130_fd_sc_hd__and3_2)
                  0.04    0.23    3.75 v _232_/X (sky130_fd_sc_hd__and3_2)
     1    0.00                           _164_ (net)
                  0.04    0.00    3.75 v _233_/B1 (sky130_fd_sc_hd__o21ai_2)
                  0.41    0.17    3.92 ^ _233_/Y (sky130_fd_sc_hd__o21ai_2)
     2    0.03                           Result[2] (net)
                  0.41    0.00    3.92 ^ Result[2] (out)
                                  3.92   data arrival time

                  0.00   10.00   10.00   clock clk (rise edge)
                          0.00   10.00   clock network delay (ideal)
                         -0.25    9.75   clock uncertainty
                          0.00    9.75   clock reconvergence pessimism
                         -2.00    7.75   output external delay
                                  7.75   data required time
-----------------------------------------------------------------------------
                                  7.75   data required time
                                 -3.92   data arrival time
-----------------------------------------------------------------------------
                                  3.83   slack (MET)


Startpoint: Sel[2] (input port clocked by clk)
Endpoint: Result[3] (output port clocked by clk)
Path Group: clk
Path Type: max

Fanout     Cap    Slew   Delay    Time   Description
-----------------------------------------------------------------------------
                  0.00    0.00    0.00   clock clk (rise edge)
                          0.00    0.00   clock network delay (ideal)
                          2.00    2.00 ^ input external delay
                  0.08    0.06    2.06 ^ Sel[2] (in)
     7    0.02                           Sel[2] (net)
                  0.08    0.00    2.06 ^ _192_/B_N (sky130_fd_sc_hd__or2b_2)
                  0.06    0.32    2.38 v _192_/X (sky130_fd_sc_hd__or2b_2)
     3    0.00                           _125_ (net)
                  0.06    0.00    2.38 v _198_/A (sky130_fd_sc_hd__or3b_2)
                  0.12    0.56    2.93 v _198_/X (sky130_fd_sc_hd__or3b_2)
     8    0.02                           _131_ (net)
                  0.12    0.00    2.93 v _241_/B (sky130_fd_sc_hd__or3b_2)
                  0.07    0.47    3.40 v _241_/X (sky130_fd_sc_hd__or3b_2)
     1    0.00                           _172_ (net)
                  0.07    0.00    3.40 v _246_/C (sky130_fd_sc_hd__and4_2)
                  0.05    0.24    3.65 v _246_/X (sky130_fd_sc_hd__and4_2)
     1    0.00                           _001_ (net)
                  0.05    0.00    3.65 v _255_/A (sky130_fd_sc_hd__nand2_2)
                  0.19    0.17    3.82 ^ _255_/Y (sky130_fd_sc_hd__nand2_2)
     2    0.03                           Result[3] (net)
                  0.19    0.00    3.82 ^ Result[3] (out)
                                  3.82   data arrival time

                  0.00   10.00   10.00   clock clk (rise edge)
                          0.00   10.00   clock network delay (ideal)
                         -0.25    9.75   clock uncertainty
                          0.00    9.75   clock reconvergence pessimism
                         -2.00    7.75   output external delay
                                  7.75   data required time
-----------------------------------------------------------------------------
                                  7.75   data required time
                                 -3.82   data arrival time
-----------------------------------------------------------------------------
                                  3.93   slack (MET)


Startpoint: Sel[2] (input port clocked by clk)
Endpoint: Result[1] (output port clocked by clk)
Path Group: clk
Path Type: max

Fanout     Cap    Slew   Delay    Time   Description
-----------------------------------------------------------------------------
                  0.00    0.00    0.00   clock clk (rise edge)
                          0.00    0.00   clock network delay (ideal)
                          2.00    2.00 ^ input external delay
                  0.08    0.06    2.06 ^ Sel[2] (in)
     7    0.02                           Sel[2] (net)
                  0.08    0.00    2.06 ^ _192_/B_N (sky130_fd_sc_hd__or2b_2)
                  0.06    0.32    2.38 v _192_/X (sky130_fd_sc_hd__or2b_2)
     3    0.00                           _125_ (net)
                  0.06    0.00    2.38 v _198_/A (sky130_fd_sc_hd__or3b_2)
                  0.12    0.56    2.93 v _198_/X (sky130_fd_sc_hd__or3b_2)
     8    0.02                           _131_ (net)
                  0.12    0.00    2.93 v _200_/A1 (sky130_fd_sc_hd__mux2_2)
                  0.05    0.30    3.23 v _200_/X (sky130_fd_sc_hd__mux2_2)
     1    0.00                           _133_ (net)
                  0.05    0.00    3.23 v _204_/C1 (sky130_fd_sc_hd__o2111a_2)
                  0.04    0.15    3.38 v _204_/X (sky130_fd_sc_hd__o2111a_2)
     1    0.00                           _137_ (net)
                  0.04    0.00    3.38 v _205_/B1 (sky130_fd_sc_hd__o21ai_2)
                  0.08    0.05    3.43 ^ _205_/Y (sky130_fd_sc_hd__o21ai_2)
     1    0.00                           _138_ (net)
                  0.08    0.00    3.43 ^ _206_/B1 (sky130_fd_sc_hd__a31o_2)
                  0.21    0.24    3.67 ^ _206_/X (sky130_fd_sc_hd__a31o_2)
     2    0.03                           Result[1] (net)
                  0.21    0.00    3.67 ^ Result[1] (out)
                                  3.67   data arrival time

                  0.00   10.00   10.00   clock clk (rise edge)
                          0.00   10.00   clock network delay (ideal)
                         -0.25    9.75   clock uncertainty
                          0.00    9.75   clock reconvergence pessimism
                         -2.00    7.75   output external delay
                                  7.75   data required time
-----------------------------------------------------------------------------
                                  7.75   data required time
                                 -3.67   data arrival time
-----------------------------------------------------------------------------
                                  4.08   slack (MET)


Startpoint: Sel[1] (input port clocked by clk)
Endpoint: Result[0] (output port clocked by clk)
Path Group: clk
Path Type: max

Fanout     Cap    Slew   Delay    Time   Description
-----------------------------------------------------------------------------
                  0.00    0.00    0.00   clock clk (rise edge)
                          0.00    0.00   clock network delay (ideal)
                          2.00    2.00 ^ input external delay
                  0.04    0.03    2.03 ^ Sel[1] (in)
     4    0.01                           Sel[1] (net)
                  0.04    0.00    2.03 ^ _181_/A (sky130_fd_sc_hd__buf_1)
                  0.32    0.28    2.31 ^ _181_/X (sky130_fd_sc_hd__buf_1)
    10    0.03                           _114_ (net)
                  0.32    0.00    2.31 ^ _191_/D_N (sky130_fd_sc_hd__or4b_2)
                  0.16    0.74    3.05 v _191_/X (sky130_fd_sc_hd__or4b_2)
     8    0.02                           _124_ (net)
                  0.16    0.00    3.05 v _353_/A2_N (sky130_fd_sc_hd__a2bb2o_2)
                  0.04    0.27    3.32 ^ _353_/X (sky130_fd_sc_hd__a2bb2o_2)
     1    0.00                           _102_ (net)
                  0.04    0.00    3.32 ^ _354_/C1 (sky130_fd_sc_hd__a211o_2)
                  0.17    0.20    3.51 ^ _354_/X (sky130_fd_sc_hd__a211o_2)
     2    0.04                           Result[0] (net)
                  0.17    0.00    3.51 ^ Result[0] (out)
                                  3.51   data arrival time

                  0.00   10.00   10.00   clock clk (rise edge)
                          0.00   10.00   clock network delay (ideal)
                         -0.25    9.75   clock uncertainty
                          0.00    9.75   clock reconvergence pessimism
                         -2.00    7.75   output external delay
                                  7.75   data required time
-----------------------------------------------------------------------------
                                  7.75   data required time
                                 -3.51   data arrival time
-----------------------------------------------------------------------------
                                  4.24   slack (MET)



