
===========================================================================
report_checks -unconstrained
===========================================================================
======================= Typical Corner ===================================

Startpoint: A[1] (input port clocked by clk)
Endpoint: Zero (output port clocked by clk)
Path Group: clk
Path Type: max

Fanout     Cap    Slew   Delay    Time   Description
-----------------------------------------------------------------------------
                  0.00    0.00    0.00   clock clk (rise edge)
                          0.00    0.00   clock network delay (ideal)
                          2.00    2.00 ^ input external delay
                  0.02    0.01    2.01 ^ A[1] (in)
     1    0.00                           A[1] (net)
                  0.02    0.00    2.01 ^ input2/A (sky130_fd_sc_hd__buf_1)
                  0.20    0.19    2.20 ^ input2/X (sky130_fd_sc_hd__buf_1)
     1    0.02                           net2 (net)
                  0.20    0.00    2.20 ^ _176_/A (sky130_fd_sc_hd__buf_6)
                  0.11    0.20    2.40 ^ _176_/X (sky130_fd_sc_hd__buf_6)
    10    0.05                           _109_ (net)
                  0.11    0.00    2.40 ^ _177_/A (sky130_fd_sc_hd__xnor2_4)
                  0.08    0.11    2.51 v _177_/Y (sky130_fd_sc_hd__xnor2_4)
     6    0.02                           _110_ (net)
                  0.08    0.00    2.51 v rebuffer1/A (sky130_fd_sc_hd__dlymetal6s2s_1)
                  0.06    0.18    2.70 v rebuffer1/X (sky130_fd_sc_hd__dlymetal6s2s_1)
     3    0.01                           net33 (net)
                  0.06    0.00    2.70 v _211_/A1 (sky130_fd_sc_hd__a21o_1)
                  0.08    0.21    2.91 v _211_/X (sky130_fd_sc_hd__a21o_1)
     3    0.01                           _143_ (net)
                  0.08    0.00    2.91 v _275_/A2 (sky130_fd_sc_hd__a31o_1)
                  0.07    0.27    3.18 v _275_/X (sky130_fd_sc_hd__a31o_1)
     3    0.01                           _029_ (net)
                  0.07    0.00    3.18 v _284_/B2 (sky130_fd_sc_hd__a22o_1)
                  0.07    0.25    3.43 v _284_/X (sky130_fd_sc_hd__a22o_1)
     3    0.01                           _037_ (net)
                  0.07    0.00    3.43 v _285_/B (sky130_fd_sc_hd__or2_1)
                  0.05    0.22    3.65 v _285_/X (sky130_fd_sc_hd__or2_1)
     1    0.00                           _038_ (net)
                  0.05    0.00    3.65 v _299_/A2 (sky130_fd_sc_hd__a31o_1)
                  0.11    0.29    3.94 v _299_/X (sky130_fd_sc_hd__a31o_1)
     2    0.02                           net27 (net)
                  0.11    0.00    3.94 v _357_/C (sky130_fd_sc_hd__or4_4)
                  0.08    0.52    4.46 v _357_/X (sky130_fd_sc_hd__or4_4)
     1    0.00                           _105_ (net)
                  0.08    0.00    4.46 v _361_/A3 (sky130_fd_sc_hd__o31ai_2)
                  0.28    0.28    4.74 ^ _361_/Y (sky130_fd_sc_hd__o31ai_2)
     1    0.01                           net30 (net)
                  0.28    0.00    4.75 ^ output30/A (sky130_fd_sc_hd__buf_4)
                  0.10    0.24    4.98 ^ output30/X (sky130_fd_sc_hd__buf_4)
     1    0.03                           Zero (net)
                  0.10    0.00    4.98 ^ Zero (out)
                                  4.98   data arrival time

                  0.00   10.00   10.00   clock clk (rise edge)
                          0.00   10.00   clock network delay (ideal)
                         -0.25    9.75   clock uncertainty
                          0.00    9.75   clock reconvergence pessimism
                         -2.00    7.75   output external delay
                                  7.75   data required time
-----------------------------------------------------------------------------
                                  7.75   data required time
                                 -4.98   data arrival time
-----------------------------------------------------------------------------
                                  2.77   slack (MET)




===========================================================================
report_checks --slack_max -0.01
============================================================================
======================= Typical Corner ===================================

No paths found.


===========================================================================
 report_check_types -max_slew -max_cap -max_fanout -violators
============================================================================
======================= Typical Corner ===================================



===========================================================================
report_parasitic_annotation -report_unannotated
============================================================================
Found 0 unannotated drivers.
Found 0 partially unannotated drivers.

===========================================================================
max slew violation count 0
max fanout violation count 0
max cap violation count 0
============================================================================

===========================================================================
check_setup -verbose -unconstrained_endpoints -multiple_clock -no_clock -no_input_delay -loops -generated_clocks
===========================================================================
