Instance name,  X location,  Y location,  Voltage 
_349_, 178.74, 76.16, 0.000122213
output21, 178.74, 10.88, 8.59389e-05
FILLER_0_0_377, 178.74, 10.88, 8.59389e-05
FILLER_0_64_53, 25.14, 184.96, 0.000147049
FILLER_0_63_51, 25.14, 179.52, 0.000136249
FILLER_0_61_51, 25.14, 174.08, 0.000135295
FILLER_0_59_51, 25.14, 168.64, 0.00013455
FILLER_0_57_51, 25.14, 163.2, 0.00013583
FILLER_0_55_51, 25.14, 157.76, 0.000132052
FILLER_0_53_51, 25.14, 152.32, 0.000130795
FILLER_0_51_51, 25.14, 146.88, 0.000129499
FILLER_0_49_51, 25.14, 141.44, 0.000128378
FILLER_0_47_51, 25.14, 136, 0.000130062
FILLER_0_45_51, 25.14, 130.56, 0.000125097
FILLER_0_43_51, 25.14, 125.12, 0.000123389
FILLER_0_41_51, 25.14, 119.68, 0.000122601
FILLER_0_39_51, 25.14, 114.24, 0.00012709
FILLER_0_37_51, 25.14, 108.8, 0.000127421
FILLER_0_35_51, 25.14, 103.36, 0.000123872
FILLER_0_33_51, 25.14, 97.92, 0.000120899
FILLER_0_31_51, 25.14, 92.48, 0.000116102
FILLER_0_29_51, 25.14, 87.04, 0.00010726
FILLER_0_27_51, 25.14, 81.6, 0.000102969
FILLER_0_25_51, 25.14, 76.16, 9.03316e-05
FILLER_0_23_51, 25.14, 70.72, 8.27443e-05
FILLER_0_21_51, 25.14, 65.28, 7.45405e-05
FILLER_0_19_51, 25.14, 59.84, 6.76488e-05
FILLER_0_17_51, 25.14, 54.4, 6.22103e-05
FILLER_0_15_51, 25.14, 48.96, 5.29253e-05
FILLER_0_13_51, 25.14, 43.52, 4.53706e-05
FILLER_0_11_51, 25.14, 38.08, 3.76649e-05
FILLER_0_9_51, 25.14, 32.64, 3.0038e-05
FILLER_0_7_51, 25.14, 27.2, 3.13327e-05
FILLER_0_5_51, 25.14, 21.76, 2.94581e-05
FILLER_0_3_51, 25.14, 16.32, 3.05535e-05
output23, 25.14, 10.88, 4.42368e-05
FILLER_0_0_49, 25.14, 10.88, 4.42368e-05
FILLER_0_1_51, 25.14, 10.88, 4.42368e-05
PHY_126, 5.52, 184.96, 0.000152712
PHY_128, 5.52, 184.96, 0.000152712
input20, 5.52, 184.96, 0.000152712
PHY_127, 194.12, 184.96, 0.000154825
PHY_129, 194.12, 184.96, 0.000154825
input16, 15.33, 184.96, 0.000150646
FILLER_0_64_19, 15.33, 184.96, 0.000150646
FILLER_0_64_81, 37.94, 184.96, 0.000155599
output24, 50.74, 184.96, 0.000164148
FILLER_0_64_103, 50.74, 184.96, 0.000164148
FILLER_0_64_137, 63.54, 184.96, 0.000168102
input9, 76.34, 184.96, 0.000172055
FILLER_0_64_163, 76.34, 184.96, 0.000172055
input17, 89.14, 184.96, 0.000174068
FILLER_0_64_181, 89.14, 184.96, 0.000174068
FILLER_0_64_189, 89.14, 184.96, 0.000174068
FILLER_0_64_221, 101.94, 184.96, 0.000175114
FILLER_0_64_249, 114.74, 184.96, 0.00017616
output22, 127.54, 184.96, 0.000177206
FILLER_0_64_271, 127.54, 184.96, 0.000177206
input13, 140.34, 184.96, 0.000172799
FILLER_0_64_293, 140.34, 184.96, 0.000172799
FILLER_0_64_301, 140.34, 184.96, 0.000172799
FILLER_0_64_333, 153.14, 184.96, 0.000166783
input11, 165.94, 184.96, 0.000160767
FILLER_0_64_349, 165.94, 184.96, 0.000160767
FILLER_0_64_357, 165.94, 184.96, 0.000160767
input12, 186.43, 184.96, 0.000154825
FILLER_0_63_385, 186.43, 184.96, 0.000154825
FILLER_0_64_389, 186.43, 184.96, 0.000154825
FILLER_0_64_393, 186.43, 184.96, 0.000154825
PHY_122, 5.52, 179.52, 0.000136249
PHY_124, 5.52, 179.52, 0.000136249
PHY_123, 194.12, 179.52, 0.000143371
PHY_125, 194.12, 179.52, 0.000143371
FILLER_0_62_77, 37.94, 179.52, 0.000136843
FILLER_0_63_105, 50.74, 179.52, 0.000137436
FILLER_0_62_133, 63.54, 179.52, 0.00013803
FILLER_0_63_161, 76.34, 179.52, 0.000138623
FILLER_0_62_189, 89.14, 179.52, 0.000139217
FILLER_0_63_217, 101.94, 179.52, 0.00013981
FILLER_0_62_245, 114.74, 179.52, 0.000140404
FILLER_0_63_273, 127.54, 179.52, 0.000140997
FILLER_0_62_301, 140.34, 179.52, 0.000141591
FILLER_0_63_329, 153.14, 179.52, 0.000142184
FILLER_0_62_357, 165.94, 179.52, 0.000142778
FILLER_0_61_385, 186.43, 179.52, 0.000143371
FILLER_0_62_401, 186.43, 179.52, 0.000143371
PHY_118, 5.52, 174.08, 0.000135295
PHY_120, 5.52, 174.08, 0.000135295
PHY_119, 194.12, 174.08, 0.000143153
PHY_121, 194.12, 174.08, 0.000143153
FILLER_0_60_77, 37.94, 174.08, 0.00013595
FILLER_0_61_105, 50.74, 174.08, 0.000136605
FILLER_0_60_133, 63.54, 174.08, 0.00013726
FILLER_0_61_161, 76.34, 174.08, 0.000137915
FILLER_0_60_189, 89.14, 174.08, 0.000138569
FILLER_0_61_217, 101.94, 174.08, 0.000139224
FILLER_0_60_245, 114.74, 174.08, 0.000139879
FILLER_0_61_273, 127.54, 174.08, 0.000140534
FILLER_0_60_301, 140.34, 174.08, 0.000141189
FILLER_0_61_329, 153.14, 174.08, 0.000141844
FILLER_0_60_357, 165.94, 174.08, 0.000142498
FILLER_0_59_385, 186.43, 174.08, 0.000143153
FILLER_0_59_393, 186.43, 174.08, 0.000143153
FILLER_0_60_401, 186.43, 174.08, 0.000143153
PHY_114, 5.52, 168.64, 0.00013455
PHY_116, 5.52, 168.64, 0.00013455
PHY_115, 194.12, 168.64, 0.000150004
PHY_117, 194.12, 168.64, 0.000150004
FILLER_0_58_77, 37.94, 168.64, 0.000135575
FILLER_0_59_105, 50.74, 168.64, 0.000136599
FILLER_0_58_133, 63.54, 168.64, 0.000137623
FILLER_0_59_161, 76.34, 168.64, 0.000138647
FILLER_0_58_189, 89.14, 168.64, 0.000139672
FILLER_0_59_217, 101.94, 168.64, 0.000140696
FILLER_0_58_245, 114.74, 168.64, 0.00014172
FILLER_0_59_273, 127.54, 168.64, 0.000142744
FILLER_0_58_301, 140.34, 168.64, 0.000143768
FILLER_0_59_329, 153.14, 168.64, 0.000144793
FILLER_0_58_357, 165.94, 168.64, 0.000145817
output28, 186.43, 168.64, 0.000150004
FILLER_0_57_385, 186.43, 168.64, 0.000150004
FILLER_0_58_401, 186.43, 168.64, 0.000150004
PHY_110, 5.52, 163.2, 0.000141151
PHY_112, 5.52, 163.2, 0.000141151
input3, 5.52, 163.2, 0.000141151
PHY_111, 194.12, 163.2, 0.000142735
PHY_113, 194.12, 163.2, 0.000142735
FILLER_0_56_21, 15.33, 163.2, 0.000138491
FILLER_0_56_77, 37.94, 163.2, 0.000136405
FILLER_0_57_105, 50.74, 163.2, 0.000136981
FILLER_0_56_133, 63.54, 163.2, 0.000137556
FILLER_0_57_161, 76.34, 163.2, 0.000138132
FILLER_0_56_189, 89.14, 163.2, 0.000138707
FILLER_0_57_217, 101.94, 163.2, 0.000139282
FILLER_0_56_245, 114.74, 163.2, 0.000139858
FILLER_0_57_273, 127.54, 163.2, 0.000140433
FILLER_0_56_301, 140.34, 163.2, 0.000141009
FILLER_0_57_329, 153.14, 163.2, 0.000141584
FILLER_0_56_357, 165.94, 163.2, 0.000142159
FILLER_0_55_385, 186.43, 163.2, 0.000142735
FILLER_0_56_401, 186.43, 163.2, 0.000142735
PHY_106, 5.52, 157.76, 0.000132052
PHY_108, 5.52, 157.76, 0.000132052
PHY_107, 194.12, 157.76, 0.000142208
PHY_109, 194.12, 157.76, 0.000142208
FILLER_0_54_77, 37.94, 157.76, 0.000132899
FILLER_0_55_105, 50.74, 157.76, 0.000133745
FILLER_0_54_133, 63.54, 157.76, 0.000134591
FILLER_0_55_161, 76.34, 157.76, 0.000135438
FILLER_0_54_189, 89.14, 157.76, 0.000136284
FILLER_0_55_217, 101.94, 157.76, 0.00013713
FILLER_0_54_245, 114.74, 157.76, 0.000137977
FILLER_0_55_273, 127.54, 157.76, 0.000138823
FILLER_0_54_301, 140.34, 157.76, 0.000139669
FILLER_0_55_329, 153.14, 157.76, 0.000140516
FILLER_0_54_357, 165.94, 157.76, 0.000141362
FILLER_0_53_385, 186.43, 157.76, 0.000142208
FILLER_0_54_401, 186.43, 157.76, 0.000142208
PHY_102, 5.52, 152.32, 0.000130795
PHY_104, 5.52, 152.32, 0.000130795
PHY_103, 194.12, 152.32, 0.000141874
PHY_105, 194.12, 152.32, 0.000141874
FILLER_0_52_77, 37.94, 152.32, 0.000131718
FILLER_0_53_105, 50.74, 152.32, 0.000132642
FILLER_0_52_133, 63.54, 152.32, 0.000133565
FILLER_0_53_161, 76.34, 152.32, 0.000134488
FILLER_0_52_189, 89.14, 152.32, 0.000135412
FILLER_0_53_217, 101.94, 152.32, 0.000136335
FILLER_0_52_245, 114.74, 152.32, 0.000137258
FILLER_0_53_273, 127.54, 152.32, 0.000138182
FILLER_0_52_301, 140.34, 152.32, 0.000139105
FILLER_0_53_329, 153.14, 152.32, 0.000140028
FILLER_0_52_357, 165.94, 152.32, 0.000140951
FILLER_0_51_385, 186.43, 152.32, 0.000141874
FILLER_0_52_401, 186.43, 152.32, 0.000141874
PHY_98, 5.52, 146.88, 0.000129499
PHY_100, 5.52, 146.88, 0.000129499
PHY_99, 194.12, 146.88, 0.00014158
PHY_101, 194.12, 146.88, 0.00014158
FILLER_0_50_77, 37.94, 146.88, 0.000130506
FILLER_0_51_105, 50.74, 146.88, 0.000131513
FILLER_0_50_133, 63.54, 146.88, 0.000132519
FILLER_0_51_161, 76.34, 146.88, 0.000133526
FILLER_0_50_189, 89.14, 146.88, 0.000134533
FILLER_0_51_217, 101.94, 146.88, 0.00013554
FILLER_0_50_245, 114.74, 146.88, 0.000136546
FILLER_0_51_273, 127.54, 146.88, 0.000137553
FILLER_0_50_301, 140.34, 146.88, 0.00013856
FILLER_0_51_329, 153.14, 146.88, 0.000139566
FILLER_0_50_357, 165.94, 146.88, 0.000140573
FILLER_0_49_385, 186.43, 146.88, 0.00014158
FILLER_0_49_393, 186.43, 146.88, 0.00014158
FILLER_0_50_401, 186.43, 146.88, 0.00014158
PHY_94, 5.52, 141.44, 0.000128378
PHY_96, 5.52, 141.44, 0.000128378
PHY_95, 194.12, 141.44, 0.0001478
PHY_97, 194.12, 141.44, 0.0001478
FILLER_0_48_77, 37.94, 141.44, 0.000129754
FILLER_0_49_105, 50.74, 141.44, 0.000131131
FILLER_0_48_133, 63.54, 141.44, 0.000132507
FILLER_0_49_161, 76.34, 141.44, 0.000133883
FILLER_0_48_189, 89.14, 141.44, 0.000135259
FILLER_0_49_217, 101.94, 141.44, 0.000136635
FILLER_0_48_245, 114.74, 141.44, 0.000138011
FILLER_0_49_273, 127.54, 141.44, 0.000139388
FILLER_0_48_301, 140.34, 141.44, 0.000140764
FILLER_0_49_329, 153.14, 141.44, 0.00014214
FILLER_0_48_357, 165.94, 141.44, 0.000143516
output27, 186.43, 141.44, 0.0001478
FILLER_0_47_385, 186.43, 141.44, 0.0001478
FILLER_0_48_401, 186.43, 141.44, 0.0001478
PHY_90, 5.52, 136, 0.000136955
PHY_92, 5.52, 136, 0.000136955
output29, 5.52, 136, 0.000136955
PHY_91, 194.12, 136, 0.000141118
PHY_93, 194.12, 136, 0.000141118
FILLER_0_46_21, 15.33, 136, 0.000133508
FILLER_0_46_77, 37.94, 136, 0.000130983
FILLER_0_47_105, 50.74, 136, 0.000131904
FILLER_0_46_133, 63.54, 136, 0.000132826
FILLER_0_47_161, 76.34, 136, 0.000133747
FILLER_0_46_189, 89.14, 136, 0.000134668
FILLER_0_47_217, 101.94, 136, 0.00013559
FILLER_0_46_245, 114.74, 136, 0.000136511
FILLER_0_47_273, 127.54, 136, 0.000137432
FILLER_0_46_301, 140.34, 136, 0.000138354
FILLER_0_47_329, 153.14, 136, 0.000139275
FILLER_0_46_357, 165.94, 136, 0.000140196
FILLER_0_45_385, 186.43, 136, 0.000141118
FILLER_0_46_401, 186.43, 136, 0.000141118
PHY_86, 5.52, 130.56, 0.000125097
PHY_88, 5.52, 130.56, 0.000125097
PHY_87, 194.12, 130.56, 0.000140529
PHY_89, 194.12, 130.56, 0.000140529
FILLER_0_44_77, 37.94, 130.56, 0.000126383
FILLER_0_45_105, 50.74, 130.56, 0.000127669
FILLER_0_44_133, 63.54, 130.56, 0.000128955
FILLER_0_45_161, 76.34, 130.56, 0.000130241
FILLER_0_44_189, 89.14, 130.56, 0.000131527
FILLER_0_45_217, 101.94, 130.56, 0.000132813
FILLER_0_44_245, 114.74, 130.56, 0.000134099
FILLER_0_45_273, 127.54, 130.56, 0.000135385
FILLER_0_44_301, 140.34, 130.56, 0.000136671
FILLER_0_45_329, 153.14, 130.56, 0.000137957
FILLER_0_44_357, 165.94, 130.56, 0.000139243
FILLER_0_43_385, 186.43, 130.56, 0.000140529
FILLER_0_44_401, 186.43, 130.56, 0.000140529
PHY_82, 5.52, 125.12, 0.000123389
PHY_84, 5.52, 125.12, 0.000123389
PHY_83, 194.12, 125.12, 0.000140198
PHY_85, 194.12, 125.12, 0.000140198
FILLER_0_42_77, 37.94, 125.12, 0.00012479
FILLER_0_43_105, 50.74, 125.12, 0.000126191
FILLER_0_42_133, 63.54, 125.12, 0.000127592
FILLER_0_43_161, 76.34, 125.12, 0.000128992
FILLER_0_42_189, 89.14, 125.12, 0.000130393
FILLER_0_43_217, 101.94, 125.12, 0.000131794
FILLER_0_42_245, 114.74, 125.12, 0.000133195
FILLER_0_43_273, 127.54, 125.12, 0.000134595
FILLER_0_42_301, 140.34, 125.12, 0.000135996
FILLER_0_43_329, 153.14, 125.12, 0.000137397
FILLER_0_42_357, 165.94, 125.12, 0.000138797
FILLER_0_41_385, 186.43, 125.12, 0.000140198
FILLER_0_42_401, 186.43, 125.12, 0.000140198
PHY_78, 5.52, 119.68, 0.000122601
PHY_80, 5.52, 119.68, 0.000122601
PHY_79, 194.12, 119.68, 0.000141723
PHY_81, 194.12, 119.68, 0.000141723
FILLER_0_40_77, 37.94, 119.68, 0.000125378
FILLER_0_41_105, 50.74, 119.68, 0.000128155
FILLER_0_40_133, 63.54, 119.68, 0.000130932
FILLER_0_41_161, 76.34, 119.68, 0.000133709
FILLER_0_40_189, 89.14, 119.68, 0.000136486
FILLER_0_41_217, 101.94, 119.68, 0.000139263
FILLER_0_40_245, 114.74, 119.68, 0.00014204
_249_, 127.54, 119.68, 0.000144817
_273_, 127.54, 119.68, 0.000144817
FILLER_0_41_273, 127.54, 119.68, 0.000144817
FILLER_0_41_329, 153.14, 119.68, 0.00014327
FILLER_0_40_357, 165.94, 119.68, 0.000142496
FILLER_0_39_385, 186.43, 119.68, 0.000141723
FILLER_0_39_393, 186.43, 119.68, 0.000141723
FILLER_0_40_401, 186.43, 119.68, 0.000141723
PHY_74, 5.52, 114.24, 0.00012709
PHY_76, 5.52, 114.24, 0.00012709
PHY_75, 194.12, 114.24, 0.000153303
PHY_77, 194.12, 114.24, 0.000153303
FILLER_0_38_77, 37.94, 114.24, 0.000138169
FILLER_0_39_105, 50.74, 114.24, 0.000149247
FILLER_0_38_133, 63.54, 114.24, 0.000160325
FILLER_0_39_161, 76.34, 114.24, 0.000171403
FILLER_0_37_181, 89.14, 114.24, 0.000182481
FILLER_0_38_189, 89.14, 114.24, 0.000182481
_180_, 101.94, 114.24, 0.000193559
_181_, 101.94, 114.24, 0.000193559
_186_, 101.94, 114.24, 0.000193559
_187_, 101.94, 114.24, 0.000193559
_201_, 101.94, 114.24, 0.000193559
_202_, 101.94, 114.24, 0.000193559
FILLER_0_37_197, 101.94, 114.24, 0.000193559
FILLER_0_38_203, 101.94, 114.24, 0.000193559
FILLER_0_39_217, 101.94, 114.24, 0.000193559
_207_, 114.74, 114.24, 0.000196171
_208_, 114.74, 114.24, 0.000196171
_212_, 114.74, 114.24, 0.000196171
_214_, 114.74, 114.24, 0.000196171
_216_, 114.74, 114.24, 0.000196171
_226_, 114.74, 114.24, 0.000196171
_247_, 114.74, 114.24, 0.000196171
_248_, 114.74, 114.24, 0.000196171
_274_, 114.74, 114.24, 0.000196171
FILLER_0_37_236, 114.74, 114.24, 0.000196171
FILLER_0_38_248, 114.74, 114.24, 0.000196171
_250_, 127.54, 114.24, 0.000190831
_251_, 127.54, 114.24, 0.000190831
_252_, 127.54, 114.24, 0.000190831
_253_, 127.54, 114.24, 0.000190831
_254_, 127.54, 114.24, 0.000190831
_272_, 127.54, 114.24, 0.000190831
FILLER_0_37_258, 127.54, 114.24, 0.000190831
FILLER_0_38_253, 127.54, 114.24, 0.000190831
FILLER_0_38_263, 127.54, 114.24, 0.000190831
FILLER_0_39_275, 127.54, 114.24, 0.000190831
FILLER_0_38_299, 140.34, 114.24, 0.000180942
FILLER_0_39_329, 153.14, 114.24, 0.000171053
FILLER_0_38_357, 165.94, 114.24, 0.000161164
input1, 186.43, 114.24, 0.000153303
FILLER_0_37_385, 186.43, 114.24, 0.000153303
FILLER_0_38_401, 186.43, 114.24, 0.000153303
PHY_70, 5.52, 108.8, 0.000130444
PHY_72, 5.52, 108.8, 0.000130444
input19, 5.52, 108.8, 0.000130444
PHY_71, 194.12, 108.8, 0.000148834
PHY_73, 194.12, 108.8, 0.000148834
FILLER_0_36_19, 15.33, 108.8, 0.000128933
FILLER_0_36_77, 37.94, 108.8, 0.000140186
FILLER_0_37_105, 50.74, 108.8, 0.00015295
FILLER_0_36_133, 63.54, 108.8, 0.000165714
FILLER_0_37_161, 76.34, 108.8, 0.000178479
_178_, 89.14, 108.8, 0.000191243
_182_, 89.14, 108.8, 0.000191243
_196_, 89.14, 108.8, 0.000191243
_350_, 89.14, 108.8, 0.000191243
_352_, 89.14, 108.8, 0.000191243
_353_, 89.14, 108.8, 0.000191243
max_cap32, 89.14, 108.8, 0.000191243
FILLER_0_36_177, 89.14, 108.8, 0.000191243
_188_, 101.94, 108.8, 0.000197999
_191_, 101.94, 108.8, 0.000197999
_192_, 101.94, 108.8, 0.000197999
_194_, 101.94, 108.8, 0.000197999
_225_, 101.94, 108.8, 0.000197999
_355_, 101.94, 108.8, 0.000197999
max_cap31, 101.94, 108.8, 0.000197999
FILLER_0_36_222, 101.94, 108.8, 0.000197999
FILLER_0_37_221, 101.94, 108.8, 0.000197999
_209_, 114.74, 108.8, 0.000199153
_215_, 114.74, 108.8, 0.000199153
_232_, 114.74, 108.8, 0.000199153
_233_, 114.74, 108.8, 0.000199153
_275_, 114.74, 108.8, 0.000199153
FILLER_0_35_225, 114.74, 108.8, 0.000199153
_237_, 127.54, 108.8, 0.000192337
_255_, 127.54, 108.8, 0.000192337
FILLER_0_36_265, 127.54, 108.8, 0.000192337
FILLER_0_37_272, 127.54, 108.8, 0.000192337
_267_, 140.34, 108.8, 0.000182516
_276_, 140.34, 108.8, 0.000182516
_277_, 140.34, 108.8, 0.000182516
FILLER_0_35_281, 140.34, 108.8, 0.000182516
FILLER_0_36_297, 140.34, 108.8, 0.000182516
FILLER_0_36_305, 140.34, 108.8, 0.000182516
FILLER_0_37_329, 153.14, 108.8, 0.000171289
FILLER_0_36_357, 165.94, 108.8, 0.000160061
FILLER_0_35_385, 186.43, 108.8, 0.000148834
FILLER_0_36_401, 186.43, 108.8, 0.000148834
PHY_66, 5.52, 103.36, 0.000123872
PHY_68, 5.52, 103.36, 0.000123872
PHY_67, 194.12, 103.36, 0.000150402
PHY_69, 194.12, 103.36, 0.000150402
FILLER_0_34_77, 37.94, 103.36, 0.000138206
FILLER_0_35_105, 50.74, 103.36, 0.000152541
FILLER_0_34_133, 63.54, 103.36, 0.000166876
FILLER_0_34_165, 76.34, 103.36, 0.00018121
FILLER_0_35_161, 76.34, 103.36, 0.00018121
_184_, 89.14, 103.36, 0.000195545
_189_, 89.14, 103.36, 0.000195545
_197_, 89.14, 103.36, 0.000195545
_211_, 89.14, 103.36, 0.000195545
_354_, 89.14, 103.36, 0.000195545
FILLER_0_33_169, 89.14, 103.36, 0.000195545
FILLER_0_34_192, 89.14, 103.36, 0.000195545
_193_, 101.94, 103.36, 0.000201819
_198_, 101.94, 103.36, 0.000201819
_351_, 101.94, 103.36, 0.000201819
FILLER_0_33_201, 101.94, 103.36, 0.000201819
FILLER_0_33_209, 101.94, 103.36, 0.000201819
FILLER_0_34_197, 101.94, 103.36, 0.000201819
FILLER_0_35_217, 101.94, 103.36, 0.000201819
_220_, 114.74, 103.36, 0.000203876
_223_, 114.74, 103.36, 0.000203876
_224_, 114.74, 103.36, 0.000203876
_228_, 114.74, 103.36, 0.000203876
_229_, 114.74, 103.36, 0.000203876
_231_, 114.74, 103.36, 0.000203876
FILLER_0_34_226, 114.74, 103.36, 0.000203876
_238_, 127.54, 103.36, 0.000202216
_240_, 127.54, 103.36, 0.000202216
_241_, 127.54, 103.36, 0.000202216
_243_, 127.54, 103.36, 0.000202216
_244_, 127.54, 103.36, 0.000202216
_245_, 127.54, 103.36, 0.000202216
_246_, 127.54, 103.36, 0.000202216
_266_, 127.54, 103.36, 0.000202216
FILLER_0_34_277, 127.54, 103.36, 0.000202216
_265_, 140.34, 103.36, 0.000195424
_268_, 140.34, 103.36, 0.000195424
_271_, 140.34, 103.36, 0.000195424
_283_, 140.34, 103.36, 0.000195424
_284_, 140.34, 103.36, 0.000195424
_287_, 140.34, 103.36, 0.000195424
FILLER_0_33_281, 140.34, 103.36, 0.000195424
FILLER_0_34_304, 140.34, 103.36, 0.000195424
FILLER_0_35_325, 153.14, 103.36, 0.000180416
FILLER_0_35_333, 153.14, 103.36, 0.000180416
FILLER_0_34_357, 165.94, 103.36, 0.000165409
FILLER_0_33_385, 186.43, 103.36, 0.000150402
FILLER_0_34_401, 186.43, 103.36, 0.000150402
PHY_62, 5.52, 97.92, 0.000120899
PHY_64, 5.52, 97.92, 0.000120899
PHY_63, 194.12, 97.92, 0.000146888
PHY_65, 194.12, 97.92, 0.000146888
FILLER_0_32_77, 37.94, 97.92, 0.000136448
FILLER_0_33_105, 50.74, 97.92, 0.000151997
FILLER_0_32_133, 63.54, 97.92, 0.000167546
FILLER_0_32_165, 76.34, 97.92, 0.000183095
FILLER_0_33_161, 76.34, 97.92, 0.000183095
_177_, 89.14, 97.92, 0.000198644
_179_, 89.14, 97.92, 0.000198644
_183_, 89.14, 97.92, 0.000198644
_185_, 89.14, 97.92, 0.000198644
_205_, 89.14, 97.92, 0.000198644
_206_, 89.14, 97.92, 0.000198644
rebuffer1, 89.14, 97.92, 0.000198644
FILLER_0_32_192, 89.14, 97.92, 0.000198644
_195_, 101.94, 97.92, 0.000201005
_356_, 101.94, 97.92, 0.000201005
_358_, 101.94, 97.92, 0.000201005
FILLER_0_31_207, 101.94, 97.92, 0.000201005
FILLER_0_32_197, 101.94, 97.92, 0.000201005
FILLER_0_33_220, 101.94, 97.92, 0.000201005
_218_, 114.74, 97.92, 0.000199006
_219_, 114.74, 97.92, 0.000199006
_222_, 114.74, 97.92, 0.000199006
_227_, 114.74, 97.92, 0.000199006
_230_, 114.74, 97.92, 0.000199006
_359_, 114.74, 97.92, 0.000199006
FILLER_0_31_225, 114.74, 97.92, 0.000199006
FILLER_0_32_225, 114.74, 97.92, 0.000199006
FILLER_0_32_244, 114.74, 97.92, 0.000199006
FILLER_0_33_248, 114.74, 97.92, 0.000199006
_234_, 127.54, 97.92, 0.000193713
_239_, 127.54, 97.92, 0.000193713
_269_, 127.54, 97.92, 0.000193713
_270_, 127.54, 97.92, 0.000193713
FILLER_0_32_253, 127.54, 97.92, 0.000193713
FILLER_0_33_277, 127.54, 97.92, 0.000193713
_263_, 140.34, 97.92, 0.000186502
_264_, 140.34, 97.92, 0.000186502
_279_, 140.34, 97.92, 0.000186502
_360_, 140.34, 97.92, 0.000186502
FILLER_0_31_285, 140.34, 97.92, 0.000186502
FILLER_0_32_357, 165.94, 97.92, 0.000160092
FILLER_0_31_385, 186.43, 97.92, 0.000146888
FILLER_0_32_401, 186.43, 97.92, 0.000146888
PHY_58, 5.52, 92.48, 0.000116102
PHY_60, 5.52, 92.48, 0.000116102
PHY_59, 194.12, 92.48, 0.0001479
PHY_61, 194.12, 92.48, 0.0001479
FILLER_0_30_77, 37.94, 92.48, 0.000131486
FILLER_0_31_105, 50.74, 92.48, 0.00014687
FILLER_0_30_133, 63.54, 92.48, 0.000162254
FILLER_0_30_165, 76.34, 92.48, 0.000177637
FILLER_0_31_161, 76.34, 92.48, 0.000177637
_176_, 89.14, 92.48, 0.000193021
_190_, 89.14, 92.48, 0.000193021
_199_, 89.14, 92.48, 0.000193021
_204_, 89.14, 92.48, 0.000193021
_210_, 89.14, 92.48, 0.000193021
FILLER_0_29_178, 89.14, 92.48, 0.000193021
_200_, 101.94, 92.48, 0.000200788
_213_, 101.94, 92.48, 0.000200788
FILLER_0_29_205, 101.94, 92.48, 0.000200788
FILLER_0_31_218, 101.94, 92.48, 0.000200788
_217_, 114.74, 92.48, 0.000206602
_221_, 114.74, 92.48, 0.000206602
_340_, 114.74, 92.48, 0.000206602
_343_, 114.74, 92.48, 0.000206602
FILLER_0_30_246, 114.74, 92.48, 0.000206602
FILLER_0_31_247, 114.74, 92.48, 0.000206602
_235_, 127.54, 92.48, 0.000204466
_236_, 127.54, 92.48, 0.000204466
_260_, 127.54, 92.48, 0.000204466
_261_, 127.54, 92.48, 0.000204466
_262_, 127.54, 92.48, 0.000204466
_306_, 127.54, 92.48, 0.000204466
FILLER_0_29_259, 127.54, 92.48, 0.000204466
FILLER_0_31_275, 127.54, 92.48, 0.000204466
_256_, 140.34, 92.48, 0.000199537
_258_, 140.34, 92.48, 0.000199537
_278_, 140.34, 92.48, 0.000199537
_357_, 140.34, 92.48, 0.000199537
_361_, 140.34, 92.48, 0.000199537
FILLER_0_29_281, 140.34, 92.48, 0.000199537
FILLER_0_29_289, 140.34, 92.48, 0.000199537
FILLER_0_30_284, 140.34, 92.48, 0.000199537
FILLER_0_30_305, 140.34, 92.48, 0.000199537
_257_, 153.14, 92.48, 0.000183909
FILLER_0_31_329, 153.14, 92.48, 0.000183909
FILLER_0_30_361, 165.94, 92.48, 0.000165904
FILLER_0_29_385, 186.43, 92.48, 0.0001479
FILLER_0_29_393, 186.43, 92.48, 0.0001479
FILLER_0_30_401, 186.43, 92.48, 0.0001479
PHY_54, 5.52, 87.04, 0.00010726
PHY_56, 5.52, 87.04, 0.00010726
PHY_55, 194.12, 87.04, 0.000151346
PHY_57, 194.12, 87.04, 0.000151346
FILLER_0_28_77, 37.94, 87.04, 0.000118247
FILLER_0_29_105, 50.74, 87.04, 0.000129233
FILLER_0_28_133, 63.54, 87.04, 0.000140219
FILLER_0_29_161, 76.34, 87.04, 0.000151205
_203_, 89.14, 87.04, 0.000162191
FILLER_0_28_189, 89.14, 87.04, 0.000162191
FILLER_0_29_186, 89.14, 87.04, 0.000162191
_242_, 101.94, 87.04, 0.000173014
_325_, 101.94, 87.04, 0.000173014
_337_, 101.94, 87.04, 0.000173014
_342_, 101.94, 87.04, 0.000173014
_344_, 101.94, 87.04, 0.000173014
_345_, 101.94, 87.04, 0.000173014
FILLER_0_27_200, 101.94, 87.04, 0.000173014
FILLER_0_27_206, 101.94, 87.04, 0.000173014
FILLER_0_28_221, 101.94, 87.04, 0.000173014
_305_, 114.74, 87.04, 0.000177931
_320_, 114.74, 87.04, 0.000177931
_341_, 114.74, 87.04, 0.000177931
FILLER_0_27_237, 114.74, 87.04, 0.000177931
FILLER_0_28_246, 114.74, 87.04, 0.000177931
_259_, 127.54, 87.04, 0.000176935
_296_, 127.54, 87.04, 0.000176935
FILLER_0_27_255, 127.54, 87.04, 0.000176935
FILLER_0_28_277, 127.54, 87.04, 0.000176935
FILLER_0_29_267, 127.54, 87.04, 0.000176935
FILLER_0_29_274, 127.54, 87.04, 0.000176935
_285_, 140.34, 87.04, 0.000175202
_286_, 140.34, 87.04, 0.000175202
_288_, 140.34, 87.04, 0.000175202
_299_, 140.34, 87.04, 0.000175202
_304_, 140.34, 87.04, 0.000175202
FILLER_0_27_281, 140.34, 87.04, 0.000175202
FILLER_0_28_304, 140.34, 87.04, 0.000175202
FILLER_0_29_329, 153.14, 87.04, 0.00016531
FILLER_0_28_357, 165.94, 87.04, 0.000155419
output30, 186.43, 87.04, 0.000151346
FILLER_0_27_385, 186.43, 87.04, 0.000151346
FILLER_0_28_401, 186.43, 87.04, 0.000151346
PHY_50, 5.52, 81.6, 0.000107079
PHY_52, 5.52, 81.6, 0.000107079
input6, 5.52, 81.6, 0.000107079
PHY_51, 194.12, 81.6, 0.000134017
PHY_53, 194.12, 81.6, 0.000134017
FILLER_0_26_19, 15.33, 81.6, 0.000105024
FILLER_0_26_77, 37.94, 81.6, 0.000113374
FILLER_0_27_105, 50.74, 81.6, 0.000123778
FILLER_0_26_133, 63.54, 81.6, 0.000134182
FILLER_0_27_161, 76.34, 81.6, 0.000144586
_321_, 89.14, 81.6, 0.000154991
_322_, 89.14, 81.6, 0.000154991
_332_, 89.14, 81.6, 0.000154991
FILLER_0_26_177, 89.14, 81.6, 0.000154991
FILLER_0_26_185, 89.14, 81.6, 0.000154991
_323_, 101.94, 81.6, 0.000163578
_329_, 101.94, 81.6, 0.000163578
_331_, 101.94, 81.6, 0.000163578
_333_, 101.94, 81.6, 0.000163578
_335_, 101.94, 81.6, 0.000163578
_346_, 101.94, 81.6, 0.000163578
FILLER_0_25_208, 101.94, 81.6, 0.000163578
FILLER_0_26_222, 101.94, 81.6, 0.000163578
FILLER_0_27_217, 101.94, 81.6, 0.000163578
_308_, 114.74, 81.6, 0.000169188
_315_, 114.74, 81.6, 0.000169188
_316_, 114.74, 81.6, 0.000169188
_317_, 114.74, 81.6, 0.000169188
_318_, 114.74, 81.6, 0.000169188
_319_, 114.74, 81.6, 0.000169188
_324_, 114.74, 81.6, 0.000169188
_330_, 114.74, 81.6, 0.000169188
FILLER_0_26_234, 114.74, 81.6, 0.000169188
FILLER_0_26_246, 114.74, 81.6, 0.000169188
_289_, 127.54, 81.6, 0.00016937
_290_, 127.54, 81.6, 0.00016937
_295_, 127.54, 81.6, 0.00016937
_297_, 127.54, 81.6, 0.00016937
_302_, 127.54, 81.6, 0.00016937
FILLER_0_27_277, 127.54, 81.6, 0.00016937
_281_, 140.34, 81.6, 0.000165987
_282_, 140.34, 81.6, 0.000165987
_292_, 140.34, 81.6, 0.000165987
_298_, 140.34, 81.6, 0.000165987
_303_, 140.34, 81.6, 0.000165987
_307_, 140.34, 81.6, 0.000165987
FILLER_0_25_285, 140.34, 81.6, 0.000165987
FILLER_0_26_299, 140.34, 81.6, 0.000165987
FILLER_0_27_326, 153.14, 81.6, 0.00015533
FILLER_0_26_357, 165.94, 81.6, 0.000144674
FILLER_0_25_385, 186.43, 81.6, 0.000134017
FILLER_0_26_401, 186.43, 81.6, 0.000134017
PHY_46, 5.52, 76.16, 9.03316e-05
PHY_48, 5.52, 76.16, 9.03316e-05
PHY_47, 194.12, 76.16, 0.000122213
PHY_49, 194.12, 76.16, 0.000122213
FILLER_0_24_77, 37.94, 76.16, 9.56388e-05
FILLER_0_25_105, 50.74, 76.16, 0.000100946
FILLER_0_24_133, 63.54, 76.16, 0.000106253
FILLER_0_25_161, 76.34, 76.16, 0.000111561
_334_, 89.14, 76.16, 0.000116868
FILLER_0_24_189, 89.14, 76.16, 0.000116868
_336_, 101.94, 76.16, 0.000121878
_347_, 101.94, 76.16, 0.000121878
_348_, 101.94, 76.16, 0.000121878
_309_, 114.74, 76.16, 0.000124802
_310_, 114.74, 76.16, 0.000124802
_314_, 114.74, 76.16, 0.000124802
_326_, 114.74, 76.16, 0.000124802
_327_, 114.74, 76.16, 0.000124802
FILLER_0_23_231, 114.74, 76.16, 0.000124802
FILLER_0_24_238, 114.74, 76.16, 0.000124802
_291_, 127.54, 76.16, 0.00012615
_293_, 127.54, 76.16, 0.00012615
_294_, 127.54, 76.16, 0.00012615
_311_, 127.54, 76.16, 0.00012615
FILLER_0_24_265, 127.54, 76.16, 0.00012615
_280_, 140.34, 76.16, 0.000125922
FILLER_0_24_299, 140.34, 76.16, 0.000125922
FILLER_0_25_326, 153.14, 76.16, 0.000124686
FILLER_0_24_357, 165.94, 76.16, 0.000123449
FILLER_0_23_386, 186.43, 76.16, 0.000122213
FILLER_0_24_401, 186.43, 76.16, 0.000122213
PHY_42, 5.52, 70.72, 8.27444e-05
PHY_44, 5.52, 70.72, 8.27444e-05
PHY_43, 194.12, 70.72, 0.000115128
PHY_45, 194.12, 70.72, 0.000115128
FILLER_0_22_77, 37.94, 70.72, 8.70615e-05
FILLER_0_23_105, 50.74, 70.72, 9.13786e-05
FILLER_0_22_133, 63.54, 70.72, 9.56958e-05
FILLER_0_23_161, 76.34, 70.72, 0.000100013
FILLER_0_22_189, 89.14, 70.72, 0.00010433
_328_, 101.94, 70.72, 0.000108647
_300_, 114.74, 70.72, 0.000112809
_301_, 114.74, 70.72, 0.000112809
_312_, 114.74, 70.72, 0.000112809
_313_, 114.74, 70.72, 0.000112809
_338_, 114.74, 70.72, 0.000112809
_339_, 114.74, 70.72, 0.000112809
FILLER_0_22_233, 114.74, 70.72, 0.000112809
FILLER_0_22_301, 140.34, 70.72, 0.000113737
FILLER_0_23_329, 153.14, 70.72, 0.000114201
FILLER_0_22_357, 165.94, 70.72, 0.000114665
FILLER_0_23_361, 165.94, 70.72, 0.000114665
FILLER_0_21_385, 186.43, 70.72, 0.000115128
FILLER_0_22_401, 186.43, 70.72, 0.000115128
PHY_38, 5.52, 65.28, 7.45406e-05
PHY_40, 5.52, 65.28, 7.45406e-05
PHY_39, 194.12, 65.28, 0.000108175
PHY_41, 194.12, 65.28, 0.000108175
FILLER_0_20_77, 37.94, 65.28, 7.73435e-05
FILLER_0_21_105, 50.74, 65.28, 8.01464e-05
FILLER_0_20_133, 63.54, 65.28, 8.29494e-05
FILLER_0_21_161, 76.34, 65.28, 8.57523e-05
FILLER_0_20_189, 89.14, 65.28, 8.85552e-05
FILLER_0_21_217, 101.94, 65.28, 9.13581e-05
FILLER_0_20_245, 114.74, 65.28, 9.4161e-05
FILLER_0_21_273, 127.54, 65.28, 9.69638e-05
FILLER_0_20_301, 140.34, 65.28, 9.97667e-05
FILLER_0_21_329, 153.14, 65.28, 0.00010257
FILLER_0_20_357, 165.94, 65.28, 0.000105372
FILLER_0_19_385, 186.43, 65.28, 0.000108175
FILLER_0_19_393, 186.43, 65.28, 0.000108175
FILLER_0_20_401, 186.43, 65.28, 0.000108175
PHY_34, 5.52, 59.84, 6.76488e-05
PHY_36, 5.52, 59.84, 6.76488e-05
PHY_35, 194.12, 59.84, 0.00010717
PHY_37, 194.12, 59.84, 0.00010717
FILLER_0_18_77, 37.94, 59.84, 7.07884e-05
FILLER_0_19_105, 50.74, 59.84, 7.3928e-05
FILLER_0_18_133, 63.54, 59.84, 7.70676e-05
FILLER_0_19_161, 76.34, 59.84, 8.02072e-05
FILLER_0_18_189, 89.14, 59.84, 8.33467e-05
FILLER_0_19_217, 101.94, 59.84, 8.64863e-05
FILLER_0_18_245, 114.74, 59.84, 8.96258e-05
FILLER_0_19_273, 127.54, 59.84, 9.27654e-05
FILLER_0_18_301, 140.34, 59.84, 9.59049e-05
FILLER_0_19_329, 153.14, 59.84, 9.90444e-05
FILLER_0_18_357, 165.94, 59.84, 0.000102184
input8, 186.43, 59.84, 0.00010717
FILLER_0_17_385, 186.43, 59.84, 0.00010717
FILLER_0_18_401, 186.43, 59.84, 0.00010717
PHY_30, 5.52, 54.4, 6.6106e-05
PHY_32, 5.52, 54.4, 6.6106e-05
input7, 5.52, 54.4, 6.6106e-05
PHY_31, 194.12, 54.4, 9.80531e-05
PHY_33, 194.12, 54.4, 9.80531e-05
FILLER_0_16_19, 15.33, 54.4, 6.41582e-05
FILLER_0_16_77, 37.94, 54.4, 6.51973e-05
FILLER_0_17_105, 50.74, 54.4, 6.81842e-05
FILLER_0_16_133, 63.54, 54.4, 7.11712e-05
FILLER_0_17_161, 76.34, 54.4, 7.41581e-05
FILLER_0_16_189, 89.14, 54.4, 7.7145e-05
FILLER_0_17_217, 101.94, 54.4, 8.01319e-05
FILLER_0_16_245, 114.74, 54.4, 8.31188e-05
FILLER_0_17_273, 127.54, 54.4, 8.61057e-05
FILLER_0_16_301, 140.34, 54.4, 8.90926e-05
FILLER_0_17_329, 153.14, 54.4, 9.20794e-05
FILLER_0_16_357, 165.94, 54.4, 9.50663e-05
FILLER_0_15_385, 186.43, 54.4, 9.80531e-05
FILLER_0_16_401, 186.43, 54.4, 9.80531e-05
PHY_26, 5.52, 48.96, 5.29254e-05
PHY_28, 5.52, 48.96, 5.29254e-05
PHY_27, 194.12, 48.96, 9.29372e-05
PHY_29, 194.12, 48.96, 9.29372e-05
FILLER_0_14_77, 37.94, 48.96, 5.62597e-05
FILLER_0_15_105, 50.74, 48.96, 5.95941e-05
FILLER_0_14_133, 63.54, 48.96, 6.29284e-05
FILLER_0_15_161, 76.34, 48.96, 6.62628e-05
FILLER_0_14_189, 89.14, 48.96, 6.95971e-05
FILLER_0_15_217, 101.94, 48.96, 7.29314e-05
FILLER_0_14_245, 114.74, 48.96, 7.62658e-05
FILLER_0_15_273, 127.54, 48.96, 7.96001e-05
FILLER_0_14_301, 140.34, 48.96, 8.29344e-05
FILLER_0_15_329, 153.14, 48.96, 8.62686e-05
FILLER_0_14_357, 165.94, 48.96, 8.96029e-05
FILLER_0_13_385, 186.43, 48.96, 9.29372e-05
FILLER_0_14_401, 186.43, 48.96, 9.29372e-05
PHY_22, 5.52, 43.52, 4.53706e-05
PHY_24, 5.52, 43.52, 4.53706e-05
PHY_23, 194.12, 43.52, 8.80772e-05
PHY_25, 194.12, 43.52, 8.80772e-05
FILLER_0_12_77, 37.94, 43.52, 4.89295e-05
FILLER_0_13_105, 50.74, 43.52, 5.24885e-05
FILLER_0_12_133, 63.54, 43.52, 5.60474e-05
FILLER_0_13_161, 76.34, 43.52, 5.96063e-05
FILLER_0_12_189, 89.14, 43.52, 6.31652e-05
FILLER_0_13_217, 101.94, 43.52, 6.67241e-05
FILLER_0_12_245, 114.74, 43.52, 7.02829e-05
FILLER_0_13_273, 127.54, 43.52, 7.38418e-05
FILLER_0_12_301, 140.34, 43.52, 7.74006e-05
FILLER_0_13_329, 153.14, 43.52, 8.09595e-05
FILLER_0_12_357, 165.94, 43.52, 8.45183e-05
FILLER_0_11_385, 186.43, 43.52, 8.80772e-05
FILLER_0_12_401, 186.43, 43.52, 8.80772e-05
PHY_18, 5.52, 38.08, 3.76649e-05
PHY_20, 5.52, 38.08, 3.76649e-05
PHY_19, 194.12, 38.08, 8.33681e-05
PHY_21, 194.12, 38.08, 8.33681e-05
FILLER_0_10_77, 37.94, 38.08, 4.14736e-05
FILLER_0_11_105, 50.74, 38.08, 4.52822e-05
FILLER_0_10_133, 63.54, 38.08, 4.90908e-05
FILLER_0_11_161, 76.34, 38.08, 5.28995e-05
FILLER_0_10_189, 89.14, 38.08, 5.67081e-05
FILLER_0_11_217, 101.94, 38.08, 6.05167e-05
FILLER_0_10_245, 114.74, 38.08, 6.43253e-05
FILLER_0_11_273, 127.54, 38.08, 6.81338e-05
FILLER_0_10_301, 140.34, 38.08, 7.19424e-05
FILLER_0_11_329, 153.14, 38.08, 7.5751e-05
FILLER_0_10_357, 165.94, 38.08, 7.95595e-05
FILLER_0_9_385, 186.43, 38.08, 8.33681e-05
FILLER_0_9_393, 186.43, 38.08, 8.33681e-05
FILLER_0_10_401, 186.43, 38.08, 8.33681e-05
PHY_14, 5.52, 32.64, 3.0038e-05
PHY_16, 5.52, 32.64, 3.0038e-05
PHY_15, 194.12, 32.64, 8.59574e-05
PHY_17, 194.12, 32.64, 8.59574e-05
FILLER_0_8_77, 37.94, 32.64, 3.44308e-05
FILLER_0_9_105, 50.74, 32.64, 3.88236e-05
FILLER_0_8_133, 63.54, 32.64, 4.32164e-05
FILLER_0_9_161, 76.34, 32.64, 4.76092e-05
FILLER_0_8_189, 89.14, 32.64, 5.20019e-05
FILLER_0_9_217, 101.94, 32.64, 5.63947e-05
FILLER_0_8_245, 114.74, 32.64, 6.07874e-05
FILLER_0_9_273, 127.54, 32.64, 6.51802e-05
FILLER_0_8_301, 140.34, 32.64, 6.95729e-05
FILLER_0_9_329, 153.14, 32.64, 7.39656e-05
FILLER_0_8_357, 165.94, 32.64, 7.83583e-05
output25, 186.43, 32.64, 8.59573e-05
FILLER_0_7_385, 186.43, 32.64, 8.59573e-05
FILLER_0_8_401, 186.43, 32.64, 8.59573e-05
PHY_10, 5.52, 27.2, 3.78657e-05
PHY_12, 5.52, 27.2, 3.78657e-05
input4, 5.52, 27.2, 3.78657e-05
PHY_11, 194.12, 27.2, 7.73935e-05
PHY_13, 194.12, 27.2, 7.73935e-05
FILLER_0_6_21, 15.33, 27.2, 3.45992e-05
FILLER_0_6_77, 37.94, 27.2, 3.51712e-05
FILLER_0_7_105, 50.74, 27.2, 3.90096e-05
FILLER_0_6_133, 63.54, 27.2, 4.28481e-05
FILLER_0_7_161, 76.34, 27.2, 4.66865e-05
FILLER_0_6_189, 89.14, 27.2, 5.05249e-05
FILLER_0_7_217, 101.94, 27.2, 5.43633e-05
FILLER_0_6_245, 114.74, 27.2, 5.82017e-05
FILLER_0_7_273, 127.54, 27.2, 6.204e-05
FILLER_0_6_301, 140.34, 27.2, 6.58784e-05
FILLER_0_7_329, 153.14, 27.2, 6.97168e-05
FILLER_0_6_357, 165.94, 27.2, 7.35551e-05
FILLER_0_5_385, 186.43, 27.2, 7.73935e-05
FILLER_0_6_401, 186.43, 27.2, 7.73935e-05
PHY_6, 5.52, 21.76, 2.94581e-05
PHY_8, 5.52, 21.76, 2.94581e-05
PHY_7, 194.12, 21.76, 7.72212e-05
PHY_9, 194.12, 21.76, 7.72212e-05
FILLER_0_4_77, 37.94, 21.76, 3.34384e-05
FILLER_0_5_105, 50.74, 21.76, 3.74187e-05
FILLER_0_4_133, 63.54, 21.76, 4.1399e-05
FILLER_0_5_161, 76.34, 21.76, 4.53793e-05
FILLER_0_4_189, 89.14, 21.76, 4.93596e-05
FILLER_0_5_217, 101.94, 21.76, 5.33398e-05
FILLER_0_4_245, 114.74, 21.76, 5.73201e-05
FILLER_0_5_273, 127.54, 21.76, 6.13003e-05
FILLER_0_4_301, 140.34, 21.76, 6.52805e-05
FILLER_0_5_329, 153.14, 21.76, 6.92608e-05
FILLER_0_4_357, 165.94, 21.76, 7.3241e-05
FILLER_0_3_385, 186.43, 21.76, 7.72212e-05
FILLER_0_4_401, 186.43, 21.76, 7.72212e-05
PHY_2, 5.52, 16.32, 3.05535e-05
PHY_4, 5.52, 16.32, 3.05535e-05
PHY_3, 194.12, 16.32, 7.74097e-05
PHY_5, 194.12, 16.32, 7.74097e-05
FILLER_0_2_77, 37.94, 16.32, 3.44582e-05
FILLER_0_3_105, 50.74, 16.32, 3.83629e-05
FILLER_0_2_133, 63.54, 16.32, 4.22677e-05
FILLER_0_3_161, 76.34, 16.32, 4.61724e-05
FILLER_0_2_189, 89.14, 16.32, 5.00771e-05
FILLER_0_3_217, 101.94, 16.32, 5.39818e-05
FILLER_0_2_245, 114.74, 16.32, 5.78864e-05
FILLER_0_3_273, 127.54, 16.32, 6.17911e-05
FILLER_0_2_301, 140.34, 16.32, 6.56958e-05
FILLER_0_3_329, 153.14, 16.32, 6.96004e-05
FILLER_0_2_357, 165.94, 16.32, 7.3505e-05
FILLER_0_1_385, 186.43, 16.32, 7.74097e-05
FILLER_0_2_401, 186.43, 16.32, 7.74097e-05
PHY_0, 5.52, 10.88, 4.9083e-05
input10, 5.52, 10.88, 4.9083e-05
PHY_1, 194.12, 10.88, 8.71667e-05
FILLER_0_0_21, 15.33, 10.88, 4.66599e-05
FILLER_0_0_81, 37.94, 10.88, 5.44773e-05
input2, 50.74, 10.88, 6.47177e-05
FILLER_0_0_97, 50.74, 10.88, 6.47177e-05
FILLER_0_0_104, 50.74, 10.88, 6.47177e-05
FILLER_0_1_105, 50.74, 10.88, 6.47177e-05
FILLER_0_0_137, 63.54, 10.88, 7.37937e-05
output26, 76.34, 10.88, 8.28696e-05
FILLER_0_0_161, 76.34, 10.88, 8.28696e-05
FILLER_0_1_161, 76.34, 10.88, 8.28696e-05
FILLER_0_0_193, 89.14, 10.88, 8.57431e-05
input18, 101.94, 10.88, 8.86165e-05
FILLER_0_0_209, 101.94, 10.88, 8.86165e-05
FILLER_0_0_217, 101.94, 10.88, 8.86165e-05
FILLER_0_1_217, 101.94, 10.88, 8.86165e-05
FILLER_0_0_249, 114.74, 10.88, 8.98422e-05
input15, 127.54, 10.88, 9.10678e-05
FILLER_0_0_253, 127.54, 10.88, 9.10678e-05
FILLER_0_0_272, 127.54, 10.88, 9.10678e-05
FILLER_0_1_273, 127.54, 10.88, 9.10678e-05
FILLER_0_0_305, 140.34, 10.88, 9.03513e-05
input5, 153.14, 10.88, 8.96348e-05
FILLER_0_0_321, 153.14, 10.88, 8.96348e-05
FILLER_0_0_328, 153.14, 10.88, 8.96348e-05
FILLER_0_1_329, 153.14, 10.88, 8.96348e-05
FILLER_0_0_361, 165.94, 10.88, 8.77869e-05
input14, 186.43, 10.88, 8.71667e-05
FILLER_0_0_387, 186.43, 10.88, 8.71667e-05
FILLER_0_0_393, 186.43, 10.88, 8.71667e-05

