Instance name,  X location,  Y location,  Voltage 
input11, 175.44, 187.68, 1.79985
FILLER_0_64_357, 175.44, 187.68, 1.79985
FILLER_0_62_357, 175.44, 182.24, 1.79986
FILLER_0_60_357, 175.44, 176.8, 1.79986
FILLER_0_58_357, 175.44, 171.36, 1.79986
FILLER_0_56_357, 175.44, 165.92, 1.79986
FILLER_0_54_357, 175.44, 160.48, 1.79986
FILLER_0_52_357, 175.44, 155.04, 1.79986
FILLER_0_50_357, 175.44, 149.6, 1.79986
FILLER_0_48_357, 175.44, 144.16, 1.79986
FILLER_0_46_357, 175.44, 138.72, 1.79986
FILLER_0_44_357, 175.44, 133.28, 1.79987
FILLER_0_42_357, 175.44, 127.84, 1.79987
FILLER_0_40_357, 175.44, 122.4, 1.79987
FILLER_0_38_357, 175.44, 116.96, 1.79986
FILLER_0_36_357, 175.44, 111.52, 1.79986
FILLER_0_34_357, 175.44, 106.08, 1.79986
FILLER_0_32_357, 175.44, 100.64, 1.79987
FILLER_0_30_361, 175.44, 95.2, 1.79987
FILLER_0_28_357, 175.44, 89.76, 1.79986
FILLER_0_26_357, 175.44, 84.32, 1.79988
FILLER_0_24_357, 175.44, 78.88, 1.79989
_349_, 175.44, 73.44, 1.7999
FILLER_0_22_357, 175.44, 73.44, 1.7999
FILLER_0_23_361, 175.44, 73.44, 1.7999
FILLER_0_20_357, 175.44, 68, 1.79991
FILLER_0_18_357, 175.44, 62.56, 1.79992
FILLER_0_16_357, 175.44, 57.12, 1.79993
FILLER_0_14_357, 175.44, 51.68, 1.79994
FILLER_0_12_357, 175.44, 46.24, 1.79994
FILLER_0_10_357, 175.44, 40.8, 1.79995
FILLER_0_8_357, 175.44, 35.36, 1.79996
FILLER_0_6_357, 175.44, 29.92, 1.79997
FILLER_0_4_357, 175.44, 24.48, 1.79997
FILLER_0_2_357, 175.44, 19.04, 1.79997
FILLER_0_0_361, 175.44, 13.6, 1.79996
FILLER_0_0_377, 175.44, 13.6, 1.79996
output23, 21.84, 13.6, 1.79991
FILLER_0_0_49, 21.84, 13.6, 1.79991
PHY_128, 5.52, 187.68, 1.79985
PHY_129, 194.12, 187.68, 1.79984
input12, 194.12, 187.68, 1.79984
FILLER_0_64_53, 34.64, 187.68, 1.79984
output24, 47.44, 187.68, 1.79983
FILLER_0_64_81, 47.44, 187.68, 1.79983
input9, 73.04, 187.68, 1.79983
FILLER_0_64_137, 73.04, 187.68, 1.79983
FILLER_0_64_163, 85.84, 187.68, 1.79983
input17, 98.64, 187.68, 1.79983
FILLER_0_64_189, 98.64, 187.68, 1.79983
FILLER_0_64_221, 111.44, 187.68, 1.79982
output22, 124.24, 187.68, 1.79982
FILLER_0_64_249, 124.24, 187.68, 1.79982
input13, 149.84, 187.68, 1.79983
FILLER_0_64_301, 149.84, 187.68, 1.79983
FILLER_0_64_333, 162.64, 187.68, 1.79984
FILLER_0_64_389, 184.78, 187.68, 1.79985
PHY_124, 5.52, 182.24, 1.79985
PHY_126, 5.52, 182.24, 1.79985
input20, 5.52, 182.24, 1.79985
PHY_125, 194.12, 182.24, 1.79986
PHY_127, 194.12, 182.24, 1.79986
FILLER_0_62_401, 194.12, 182.24, 1.79986
input16, 13.68, 182.24, 1.79985
FILLER_0_64_19, 13.68, 182.24, 1.79985
FILLER_0_63_51, 34.64, 182.24, 1.79985
FILLER_0_63_105, 47.44, 182.24, 1.79985
FILLER_0_64_103, 47.44, 182.24, 1.79985
FILLER_0_62_133, 73.04, 182.24, 1.79985
FILLER_0_63_161, 85.84, 182.24, 1.79986
FILLER_0_64_181, 85.84, 182.24, 1.79986
FILLER_0_62_189, 98.64, 182.24, 1.79986
FILLER_0_63_217, 111.44, 182.24, 1.79986
FILLER_0_62_245, 124.24, 182.24, 1.79986
FILLER_0_64_271, 124.24, 182.24, 1.79986
FILLER_0_63_273, 137.04, 182.24, 1.79986
FILLER_0_64_293, 137.04, 182.24, 1.79986
FILLER_0_62_301, 149.84, 182.24, 1.79986
FILLER_0_63_329, 162.64, 182.24, 1.79986
FILLER_0_64_349, 162.64, 182.24, 1.79986
FILLER_0_63_385, 184.78, 182.24, 1.79986
FILLER_0_64_393, 184.78, 182.24, 1.79986
PHY_120, 5.52, 176.8, 1.79986
PHY_122, 5.52, 176.8, 1.79986
PHY_121, 194.12, 176.8, 1.79986
PHY_123, 194.12, 176.8, 1.79986
FILLER_0_60_401, 194.12, 176.8, 1.79986
FILLER_0_61_51, 34.64, 176.8, 1.79986
FILLER_0_62_77, 34.64, 176.8, 1.79986
FILLER_0_61_105, 47.44, 176.8, 1.79986
FILLER_0_60_133, 73.04, 176.8, 1.79986
FILLER_0_61_161, 85.84, 176.8, 1.79986
FILLER_0_60_189, 98.64, 176.8, 1.79986
FILLER_0_61_217, 111.44, 176.8, 1.79986
FILLER_0_60_245, 124.24, 176.8, 1.79986
FILLER_0_61_273, 137.04, 176.8, 1.79986
FILLER_0_60_301, 149.84, 176.8, 1.79986
FILLER_0_61_329, 162.64, 176.8, 1.79986
FILLER_0_61_385, 184.78, 176.8, 1.79986
PHY_116, 5.52, 171.36, 1.79986
PHY_118, 5.52, 171.36, 1.79986
PHY_117, 194.12, 171.36, 1.79985
PHY_119, 194.12, 171.36, 1.79985
output28, 194.12, 171.36, 1.79985
FILLER_0_58_401, 194.12, 171.36, 1.79985
FILLER_0_59_51, 34.64, 171.36, 1.79986
FILLER_0_60_77, 34.64, 171.36, 1.79986
FILLER_0_59_105, 47.44, 171.36, 1.79986
FILLER_0_58_133, 73.04, 171.36, 1.79986
FILLER_0_59_161, 85.84, 171.36, 1.79986
FILLER_0_58_189, 98.64, 171.36, 1.79986
FILLER_0_59_217, 111.44, 171.36, 1.79986
FILLER_0_58_245, 124.24, 171.36, 1.79986
FILLER_0_59_273, 137.04, 171.36, 1.79986
FILLER_0_58_301, 149.84, 171.36, 1.79986
FILLER_0_59_329, 162.64, 171.36, 1.79986
FILLER_0_59_385, 184.78, 171.36, 1.79985
FILLER_0_59_393, 184.78, 171.36, 1.79985
PHY_112, 5.52, 165.92, 1.79986
PHY_114, 5.52, 165.92, 1.79986
PHY_113, 194.12, 165.92, 1.79986
PHY_115, 194.12, 165.92, 1.79986
FILLER_0_56_401, 194.12, 165.92, 1.79986
FILLER_0_57_51, 34.64, 165.92, 1.79986
FILLER_0_58_77, 34.64, 165.92, 1.79986
FILLER_0_57_105, 47.44, 165.92, 1.79986
FILLER_0_56_133, 73.04, 165.92, 1.79986
FILLER_0_57_161, 85.84, 165.92, 1.79986
FILLER_0_56_189, 98.64, 165.92, 1.79986
FILLER_0_57_217, 111.44, 165.92, 1.79986
FILLER_0_56_245, 124.24, 165.92, 1.79986
FILLER_0_57_273, 137.04, 165.92, 1.79986
FILLER_0_56_301, 149.84, 165.92, 1.79986
FILLER_0_57_329, 162.64, 165.92, 1.79986
FILLER_0_57_385, 184.78, 165.92, 1.79986
PHY_108, 5.52, 160.48, 1.79985
PHY_110, 5.52, 160.48, 1.79985
input3, 5.52, 160.48, 1.79985
PHY_109, 194.12, 160.48, 1.79986
PHY_111, 194.12, 160.48, 1.79986
FILLER_0_54_401, 194.12, 160.48, 1.79986
FILLER_0_56_21, 13.68, 160.48, 1.79985
FILLER_0_55_51, 34.64, 160.48, 1.79986
FILLER_0_56_77, 34.64, 160.48, 1.79986
FILLER_0_55_105, 47.44, 160.48, 1.79986
FILLER_0_54_133, 73.04, 160.48, 1.79986
FILLER_0_55_161, 85.84, 160.48, 1.79986
FILLER_0_54_189, 98.64, 160.48, 1.79986
FILLER_0_55_217, 111.44, 160.48, 1.79986
FILLER_0_54_245, 124.24, 160.48, 1.79986
FILLER_0_55_273, 137.04, 160.48, 1.79986
FILLER_0_54_301, 149.84, 160.48, 1.79986
FILLER_0_55_329, 162.64, 160.48, 1.79986
FILLER_0_55_385, 184.78, 160.48, 1.79986
PHY_104, 5.52, 155.04, 1.79986
PHY_106, 5.52, 155.04, 1.79986
PHY_105, 194.12, 155.04, 1.79986
PHY_107, 194.12, 155.04, 1.79986
FILLER_0_52_401, 194.12, 155.04, 1.79986
FILLER_0_53_51, 34.64, 155.04, 1.79986
FILLER_0_54_77, 34.64, 155.04, 1.79986
FILLER_0_53_105, 47.44, 155.04, 1.79986
FILLER_0_52_133, 73.04, 155.04, 1.79986
FILLER_0_53_161, 85.84, 155.04, 1.79986
FILLER_0_52_189, 98.64, 155.04, 1.79986
FILLER_0_53_217, 111.44, 155.04, 1.79986
FILLER_0_52_245, 124.24, 155.04, 1.79986
FILLER_0_53_273, 137.04, 155.04, 1.79986
FILLER_0_52_301, 149.84, 155.04, 1.79986
FILLER_0_53_329, 162.64, 155.04, 1.79986
FILLER_0_53_385, 184.78, 155.04, 1.79986
PHY_100, 5.52, 149.6, 1.79986
PHY_102, 5.52, 149.6, 1.79986
PHY_101, 194.12, 149.6, 1.79986
PHY_103, 194.12, 149.6, 1.79986
FILLER_0_50_401, 194.12, 149.6, 1.79986
FILLER_0_51_51, 34.64, 149.6, 1.79986
FILLER_0_52_77, 34.64, 149.6, 1.79986
FILLER_0_51_105, 47.44, 149.6, 1.79986
FILLER_0_50_133, 73.04, 149.6, 1.79986
FILLER_0_51_161, 85.84, 149.6, 1.79986
FILLER_0_50_189, 98.64, 149.6, 1.79986
FILLER_0_51_217, 111.44, 149.6, 1.79986
FILLER_0_50_245, 124.24, 149.6, 1.79986
FILLER_0_51_273, 137.04, 149.6, 1.79986
FILLER_0_50_301, 149.84, 149.6, 1.79986
FILLER_0_51_329, 162.64, 149.6, 1.79986
FILLER_0_51_385, 184.78, 149.6, 1.79986
PHY_96, 5.52, 144.16, 1.79986
PHY_98, 5.52, 144.16, 1.79986
PHY_97, 194.12, 144.16, 1.79985
PHY_99, 194.12, 144.16, 1.79985
output27, 194.12, 144.16, 1.79985
FILLER_0_48_401, 194.12, 144.16, 1.79985
FILLER_0_49_51, 34.64, 144.16, 1.79986
FILLER_0_50_77, 34.64, 144.16, 1.79986
FILLER_0_49_105, 47.44, 144.16, 1.79986
FILLER_0_48_133, 73.04, 144.16, 1.79986
FILLER_0_49_161, 85.84, 144.16, 1.79986
FILLER_0_48_189, 98.64, 144.16, 1.79986
FILLER_0_49_217, 111.44, 144.16, 1.79986
FILLER_0_48_245, 124.24, 144.16, 1.79986
FILLER_0_49_273, 137.04, 144.16, 1.79986
FILLER_0_48_301, 149.84, 144.16, 1.79986
FILLER_0_49_329, 162.64, 144.16, 1.79986
FILLER_0_49_385, 184.78, 144.16, 1.79986
FILLER_0_49_393, 184.78, 144.16, 1.79986
PHY_92, 5.52, 138.72, 1.79986
PHY_94, 5.52, 138.72, 1.79986
PHY_93, 194.12, 138.72, 1.79986
PHY_95, 194.12, 138.72, 1.79986
FILLER_0_46_401, 194.12, 138.72, 1.79986
FILLER_0_47_51, 34.64, 138.72, 1.79986
FILLER_0_48_77, 34.64, 138.72, 1.79986
FILLER_0_47_105, 47.44, 138.72, 1.79986
FILLER_0_46_133, 73.04, 138.72, 1.79986
FILLER_0_47_161, 85.84, 138.72, 1.79986
FILLER_0_46_189, 98.64, 138.72, 1.79986
FILLER_0_47_217, 111.44, 138.72, 1.79986
FILLER_0_46_245, 124.24, 138.72, 1.79986
FILLER_0_47_273, 137.04, 138.72, 1.79986
FILLER_0_46_301, 149.84, 138.72, 1.79986
FILLER_0_47_329, 162.64, 138.72, 1.79986
FILLER_0_47_385, 184.78, 138.72, 1.79986
PHY_88, 5.52, 133.28, 1.79985
PHY_90, 5.52, 133.28, 1.79985
output29, 5.52, 133.28, 1.79985
PHY_89, 194.12, 133.28, 1.79987
PHY_91, 194.12, 133.28, 1.79987
FILLER_0_44_401, 194.12, 133.28, 1.79987
FILLER_0_46_21, 13.68, 133.28, 1.79986
FILLER_0_45_51, 34.64, 133.28, 1.79986
FILLER_0_46_77, 34.64, 133.28, 1.79986
FILLER_0_45_105, 47.44, 133.28, 1.79986
FILLER_0_44_133, 73.04, 133.28, 1.79986
FILLER_0_45_161, 85.84, 133.28, 1.79986
FILLER_0_44_189, 98.64, 133.28, 1.79986
FILLER_0_45_217, 111.44, 133.28, 1.79986
FILLER_0_44_245, 124.24, 133.28, 1.79986
FILLER_0_45_273, 137.04, 133.28, 1.79986
FILLER_0_44_301, 149.84, 133.28, 1.79986
FILLER_0_45_329, 162.64, 133.28, 1.79987
FILLER_0_45_385, 184.78, 133.28, 1.79987
PHY_84, 5.52, 127.84, 1.79986
PHY_86, 5.52, 127.84, 1.79986
PHY_85, 194.12, 127.84, 1.79987
PHY_87, 194.12, 127.84, 1.79987
FILLER_0_42_401, 194.12, 127.84, 1.79987
FILLER_0_43_51, 34.64, 127.84, 1.79986
FILLER_0_44_77, 34.64, 127.84, 1.79986
FILLER_0_43_105, 47.44, 127.84, 1.79986
FILLER_0_42_133, 73.04, 127.84, 1.79986
FILLER_0_43_161, 85.84, 127.84, 1.79986
FILLER_0_42_189, 98.64, 127.84, 1.79987
FILLER_0_43_217, 111.44, 127.84, 1.79987
FILLER_0_42_245, 124.24, 127.84, 1.79987
FILLER_0_43_273, 137.04, 127.84, 1.79987
FILLER_0_42_301, 149.84, 127.84, 1.79987
FILLER_0_43_329, 162.64, 127.84, 1.79987
FILLER_0_43_385, 184.78, 127.84, 1.79987
PHY_80, 5.52, 122.4, 1.79986
PHY_82, 5.52, 122.4, 1.79986
PHY_81, 194.12, 122.4, 1.79987
PHY_83, 194.12, 122.4, 1.79987
FILLER_0_40_401, 194.12, 122.4, 1.79987
FILLER_0_41_51, 34.64, 122.4, 1.79986
FILLER_0_42_77, 34.64, 122.4, 1.79986
FILLER_0_41_105, 47.44, 122.4, 1.79986
FILLER_0_40_133, 73.04, 122.4, 1.79986
FILLER_0_41_161, 85.84, 122.4, 1.79986
FILLER_0_40_189, 98.64, 122.4, 1.79986
FILLER_0_41_217, 111.44, 122.4, 1.79986
_273_, 124.24, 122.4, 1.79987
FILLER_0_40_245, 124.24, 122.4, 1.79987
FILLER_0_41_273, 137.04, 122.4, 1.79987
FILLER_0_41_329, 162.64, 122.4, 1.79987
FILLER_0_41_385, 184.78, 122.4, 1.79987
PHY_76, 5.52, 116.96, 1.79986
PHY_78, 5.52, 116.96, 1.79986
PHY_77, 194.12, 116.96, 1.79986
PHY_79, 194.12, 116.96, 1.79986
input1, 194.12, 116.96, 1.79986
FILLER_0_38_401, 194.12, 116.96, 1.79986
FILLER_0_39_51, 34.64, 116.96, 1.79986
FILLER_0_40_77, 34.64, 116.96, 1.79986
FILLER_0_39_105, 47.44, 116.96, 1.79985
FILLER_0_38_133, 73.04, 116.96, 1.79984
FILLER_0_39_161, 85.84, 116.96, 1.79984
_180_, 98.64, 116.96, 1.79984
FILLER_0_38_189, 98.64, 116.96, 1.79984
_186_, 111.44, 116.96, 1.79983
_207_, 111.44, 116.96, 1.79983
_274_, 111.44, 116.96, 1.79983
FILLER_0_39_217, 111.44, 116.96, 1.79983
_208_, 124.24, 116.96, 1.79983
_247_, 124.24, 116.96, 1.79983
_249_, 124.24, 116.96, 1.79983
_253_, 124.24, 116.96, 1.79983
FILLER_0_38_248, 124.24, 116.96, 1.79983
FILLER_0_38_253, 124.24, 116.96, 1.79983
_250_, 137.04, 116.96, 1.79984
FILLER_0_39_275, 137.04, 116.96, 1.79984
FILLER_0_39_329, 162.64, 116.96, 1.79986
FILLER_0_39_385, 184.78, 116.96, 1.79986
FILLER_0_39_393, 184.78, 116.96, 1.79986
PHY_72, 5.52, 111.52, 1.79986
PHY_74, 5.52, 111.52, 1.79986
PHY_73, 194.12, 111.52, 1.79986
PHY_75, 194.12, 111.52, 1.79986
FILLER_0_36_401, 194.12, 111.52, 1.79986
FILLER_0_37_51, 34.64, 111.52, 1.79985
FILLER_0_38_77, 34.64, 111.52, 1.79985
FILLER_0_37_105, 47.44, 111.52, 1.79984
FILLER_0_36_133, 73.04, 111.52, 1.79982
_182_, 85.84, 111.52, 1.79981
FILLER_0_37_161, 85.84, 111.52, 1.79981
FILLER_0_37_181, 85.84, 111.52, 1.79981
_181_, 98.64, 111.52, 1.7998
_187_, 98.64, 111.52, 1.7998
_188_, 98.64, 111.52, 1.7998
_191_, 98.64, 111.52, 1.7998
_201_, 98.64, 111.52, 1.7998
_202_, 98.64, 111.52, 1.7998
_225_, 98.64, 111.52, 1.7998
_352_, 98.64, 111.52, 1.7998
FILLER_0_37_197, 98.64, 111.52, 1.7998
FILLER_0_38_203, 98.64, 111.52, 1.7998
_212_, 111.44, 111.52, 1.7998
_214_, 111.44, 111.52, 1.7998
_216_, 111.44, 111.52, 1.7998
_226_, 111.44, 111.52, 1.7998
_233_, 111.44, 111.52, 1.7998
_248_, 111.44, 111.52, 1.7998
_275_, 111.44, 111.52, 1.7998
FILLER_0_36_222, 111.44, 111.52, 1.7998
FILLER_0_37_221, 111.44, 111.52, 1.7998
FILLER_0_37_236, 111.44, 111.52, 1.7998
_209_, 124.24, 111.52, 1.79981
_251_, 124.24, 111.52, 1.79981
_252_, 124.24, 111.52, 1.79981
_254_, 124.24, 111.52, 1.79981
_272_, 124.24, 111.52, 1.79981
FILLER_0_37_258, 124.24, 111.52, 1.79981
FILLER_0_38_263, 124.24, 111.52, 1.79981
FILLER_0_37_272, 137.04, 111.52, 1.79982
FILLER_0_38_299, 137.04, 111.52, 1.79982
FILLER_0_36_305, 149.84, 111.52, 1.79983
FILLER_0_37_329, 162.64, 111.52, 1.79985
FILLER_0_37_385, 184.78, 111.52, 1.79986
PHY_68, 5.52, 106.08, 1.79985
PHY_70, 5.52, 106.08, 1.79985
input19, 5.52, 106.08, 1.79985
PHY_69, 194.12, 106.08, 1.79986
PHY_71, 194.12, 106.08, 1.79986
FILLER_0_34_401, 194.12, 106.08, 1.79986
FILLER_0_36_19, 13.68, 106.08, 1.79986
FILLER_0_35_51, 34.64, 106.08, 1.79984
FILLER_0_36_77, 34.64, 106.08, 1.79984
FILLER_0_35_105, 47.44, 106.08, 1.79983
FILLER_0_34_133, 73.04, 106.08, 1.79981
_178_, 85.84, 106.08, 1.7998
_184_, 85.84, 106.08, 1.7998
_196_, 85.84, 106.08, 1.7998
_350_, 85.84, 106.08, 1.7998
_353_, 85.84, 106.08, 1.7998
_354_, 85.84, 106.08, 1.7998
max_cap32, 85.84, 106.08, 1.7998
FILLER_0_34_165, 85.84, 106.08, 1.7998
FILLER_0_35_161, 85.84, 106.08, 1.7998
FILLER_0_36_177, 85.84, 106.08, 1.7998
_192_, 98.64, 106.08, 1.7998
_194_, 98.64, 106.08, 1.7998
_197_, 98.64, 106.08, 1.7998
_351_, 98.64, 106.08, 1.7998
_355_, 98.64, 106.08, 1.7998
max_cap31, 98.64, 106.08, 1.7998
FILLER_0_34_192, 98.64, 106.08, 1.7998
FILLER_0_34_197, 98.64, 106.08, 1.7998
_198_, 111.44, 106.08, 1.7998
_215_, 111.44, 106.08, 1.7998
_231_, 111.44, 106.08, 1.7998
_232_, 111.44, 106.08, 1.7998
FILLER_0_34_226, 111.44, 106.08, 1.7998
FILLER_0_35_217, 111.44, 106.08, 1.7998
FILLER_0_35_225, 111.44, 106.08, 1.7998
_229_, 124.24, 106.08, 1.7998
_237_, 124.24, 106.08, 1.7998
_243_, 124.24, 106.08, 1.7998
_244_, 124.24, 106.08, 1.7998
_255_, 124.24, 106.08, 1.7998
_266_, 124.24, 106.08, 1.7998
FILLER_0_36_265, 124.24, 106.08, 1.7998
_245_, 137.04, 106.08, 1.79982
_267_, 137.04, 106.08, 1.79982
_276_, 137.04, 106.08, 1.79982
_277_, 137.04, 106.08, 1.79982
_283_, 137.04, 106.08, 1.79982
FILLER_0_34_277, 137.04, 106.08, 1.79982
FILLER_0_35_281, 137.04, 106.08, 1.79982
FILLER_0_36_297, 137.04, 106.08, 1.79982
_265_, 149.84, 106.08, 1.79983
FILLER_0_34_304, 149.84, 106.08, 1.79983
FILLER_0_35_325, 149.84, 106.08, 1.79983
FILLER_0_35_333, 162.64, 106.08, 1.79985
FILLER_0_35_385, 184.78, 106.08, 1.79986
PHY_64, 5.52, 100.64, 1.79986
PHY_66, 5.52, 100.64, 1.79986
PHY_65, 194.12, 100.64, 1.79987
PHY_67, 194.12, 100.64, 1.79987
FILLER_0_32_401, 194.12, 100.64, 1.79987
FILLER_0_33_51, 34.64, 100.64, 1.79985
FILLER_0_34_77, 34.64, 100.64, 1.79985
FILLER_0_33_105, 47.44, 100.64, 1.79984
FILLER_0_32_133, 73.04, 100.64, 1.79982
_179_, 85.84, 100.64, 1.79981
_185_, 85.84, 100.64, 1.79981
_189_, 85.84, 100.64, 1.79981
_211_, 85.84, 100.64, 1.79981
FILLER_0_32_165, 85.84, 100.64, 1.79981
FILLER_0_33_161, 85.84, 100.64, 1.79981
FILLER_0_33_169, 85.84, 100.64, 1.79981
_193_, 98.64, 100.64, 1.7998
_356_, 98.64, 100.64, 1.7998
rebuffer1, 98.64, 100.64, 1.7998
FILLER_0_32_192, 98.64, 100.64, 1.7998
FILLER_0_32_197, 98.64, 100.64, 1.7998
FILLER_0_33_201, 98.64, 100.64, 1.7998
FILLER_0_33_209, 98.64, 100.64, 1.7998
_220_, 111.44, 100.64, 1.79981
_223_, 111.44, 100.64, 1.79981
_224_, 111.44, 100.64, 1.79981
_227_, 111.44, 100.64, 1.79981
_228_, 111.44, 100.64, 1.79981
FILLER_0_32_225, 111.44, 100.64, 1.79981
FILLER_0_33_220, 111.44, 100.64, 1.79981
_230_, 124.24, 100.64, 1.79981
_238_, 124.24, 100.64, 1.79981
_239_, 124.24, 100.64, 1.79981
_240_, 124.24, 100.64, 1.79981
_241_, 124.24, 100.64, 1.79981
_246_, 124.24, 100.64, 1.79981
_269_, 124.24, 100.64, 1.79981
FILLER_0_32_253, 124.24, 100.64, 1.79981
FILLER_0_33_248, 124.24, 100.64, 1.79981
_268_, 137.04, 100.64, 1.79982
_270_, 137.04, 100.64, 1.79982
_271_, 137.04, 100.64, 1.79982
_284_, 137.04, 100.64, 1.79982
_287_, 137.04, 100.64, 1.79982
FILLER_0_33_277, 137.04, 100.64, 1.79982
FILLER_0_33_281, 137.04, 100.64, 1.79982
_263_, 149.84, 100.64, 1.79983
FILLER_0_33_385, 184.78, 100.64, 1.79987
PHY_60, 5.52, 95.2, 1.79986
PHY_62, 5.52, 95.2, 1.79986
PHY_61, 194.12, 95.2, 1.79987
PHY_63, 194.12, 95.2, 1.79987
FILLER_0_30_401, 194.12, 95.2, 1.79987
FILLER_0_31_51, 34.64, 95.2, 1.79985
FILLER_0_32_77, 34.64, 95.2, 1.79985
FILLER_0_31_105, 47.44, 95.2, 1.79984
FILLER_0_30_133, 73.04, 95.2, 1.79981
_177_, 85.84, 95.2, 1.7998
_183_, 85.84, 95.2, 1.7998
_205_, 85.84, 95.2, 1.7998
_206_, 85.84, 95.2, 1.7998
_210_, 85.84, 95.2, 1.7998
FILLER_0_30_165, 85.84, 95.2, 1.7998
FILLER_0_31_161, 85.84, 95.2, 1.7998
_190_, 98.64, 95.2, 1.7998
_195_, 98.64, 95.2, 1.7998
_200_, 98.64, 95.2, 1.7998
_204_, 98.64, 95.2, 1.7998
_213_, 98.64, 95.2, 1.7998
_358_, 98.64, 95.2, 1.7998
FILLER_0_31_207, 98.64, 95.2, 1.7998
_218_, 111.44, 95.2, 1.7998
_219_, 111.44, 95.2, 1.7998
_221_, 111.44, 95.2, 1.7998
_222_, 111.44, 95.2, 1.7998
_340_, 111.44, 95.2, 1.7998
_359_, 111.44, 95.2, 1.7998
FILLER_0_31_218, 111.44, 95.2, 1.7998
FILLER_0_31_225, 111.44, 95.2, 1.7998
FILLER_0_32_244, 111.44, 95.2, 1.7998
_234_, 124.24, 95.2, 1.79981
_235_, 124.24, 95.2, 1.79981
_236_, 124.24, 95.2, 1.79981
FILLER_0_30_246, 124.24, 95.2, 1.79981
FILLER_0_31_247, 124.24, 95.2, 1.79981
_258_, 137.04, 95.2, 1.79982
_262_, 137.04, 95.2, 1.79982
_264_, 137.04, 95.2, 1.79982
_279_, 137.04, 95.2, 1.79982
_360_, 137.04, 95.2, 1.79982
FILLER_0_30_284, 137.04, 95.2, 1.79982
FILLER_0_31_275, 137.04, 95.2, 1.79982
FILLER_0_31_285, 137.04, 95.2, 1.79982
_256_, 149.84, 95.2, 1.79983
_257_, 149.84, 95.2, 1.79983
FILLER_0_30_305, 149.84, 95.2, 1.79983
FILLER_0_31_329, 162.64, 95.2, 1.79985
FILLER_0_31_385, 184.78, 95.2, 1.79987
PHY_56, 5.52, 89.76, 1.79987
PHY_58, 5.52, 89.76, 1.79987
PHY_57, 194.12, 89.76, 1.79985
PHY_59, 194.12, 89.76, 1.79985
output30, 194.12, 89.76, 1.79985
FILLER_0_28_401, 194.12, 89.76, 1.79985
FILLER_0_29_51, 34.64, 89.76, 1.79985
FILLER_0_30_77, 34.64, 89.76, 1.79985
FILLER_0_29_105, 47.44, 89.76, 1.79984
FILLER_0_28_133, 73.04, 89.76, 1.79982
_176_, 85.84, 89.76, 1.79981
_199_, 85.84, 89.76, 1.79981
FILLER_0_29_161, 85.84, 89.76, 1.79981
FILLER_0_29_178, 85.84, 89.76, 1.79981
FILLER_0_29_186, 85.84, 89.76, 1.79981
_203_, 98.64, 89.76, 1.7998
_337_, 98.64, 89.76, 1.7998
_342_, 98.64, 89.76, 1.7998
FILLER_0_28_189, 98.64, 89.76, 1.7998
FILLER_0_29_205, 98.64, 89.76, 1.7998
_217_, 111.44, 89.76, 1.7998
_305_, 111.44, 89.76, 1.7998
_341_, 111.44, 89.76, 1.7998
_343_, 111.44, 89.76, 1.7998
_344_, 111.44, 89.76, 1.7998
FILLER_0_28_221, 111.44, 89.76, 1.7998
_259_, 124.24, 89.76, 1.7998
_260_, 124.24, 89.76, 1.7998
_261_, 124.24, 89.76, 1.7998
_306_, 124.24, 89.76, 1.7998
_320_, 124.24, 89.76, 1.7998
FILLER_0_28_246, 124.24, 89.76, 1.7998
FILLER_0_29_259, 124.24, 89.76, 1.7998
FILLER_0_29_267, 124.24, 89.76, 1.7998
_278_, 137.04, 89.76, 1.79981
_357_, 137.04, 89.76, 1.79981
_361_, 137.04, 89.76, 1.79981
FILLER_0_28_277, 137.04, 89.76, 1.79981
FILLER_0_29_274, 137.04, 89.76, 1.79981
FILLER_0_29_281, 137.04, 89.76, 1.79981
FILLER_0_29_289, 137.04, 89.76, 1.79981
_286_, 149.84, 89.76, 1.79983
FILLER_0_28_304, 149.84, 89.76, 1.79983
FILLER_0_29_329, 162.64, 89.76, 1.79984
FILLER_0_29_385, 184.78, 89.76, 1.79986
FILLER_0_29_393, 184.78, 89.76, 1.79986
PHY_52, 5.52, 84.32, 1.79987
PHY_54, 5.52, 84.32, 1.79987
PHY_53, 194.12, 84.32, 1.79988
PHY_55, 194.12, 84.32, 1.79988
FILLER_0_26_401, 194.12, 84.32, 1.79988
FILLER_0_27_51, 34.64, 84.32, 1.79987
FILLER_0_28_77, 34.64, 84.32, 1.79987
FILLER_0_27_105, 47.44, 84.32, 1.79986
FILLER_0_26_133, 73.04, 84.32, 1.79985
FILLER_0_27_161, 85.84, 84.32, 1.79984
_242_, 98.64, 84.32, 1.79984
_322_, 98.64, 84.32, 1.79984
_325_, 98.64, 84.32, 1.79984
_332_, 98.64, 84.32, 1.79984
_333_, 98.64, 84.32, 1.79984
_345_, 98.64, 84.32, 1.79984
_346_, 98.64, 84.32, 1.79984
FILLER_0_27_200, 98.64, 84.32, 1.79984
FILLER_0_27_206, 98.64, 84.32, 1.79984
_308_, 111.44, 84.32, 1.79983
_318_, 111.44, 84.32, 1.79983
_331_, 111.44, 84.32, 1.79983
FILLER_0_26_222, 111.44, 84.32, 1.79983
FILLER_0_27_217, 111.44, 84.32, 1.79983
FILLER_0_27_237, 111.44, 84.32, 1.79983
_296_, 124.24, 84.32, 1.79984
_297_, 124.24, 84.32, 1.79984
_319_, 124.24, 84.32, 1.79984
FILLER_0_26_246, 124.24, 84.32, 1.79984
FILLER_0_27_255, 124.24, 84.32, 1.79984
_285_, 137.04, 84.32, 1.79984
_288_, 137.04, 84.32, 1.79984
_295_, 137.04, 84.32, 1.79984
_298_, 137.04, 84.32, 1.79984
_299_, 137.04, 84.32, 1.79984
_304_, 137.04, 84.32, 1.79984
_307_, 137.04, 84.32, 1.79984
FILLER_0_27_277, 137.04, 84.32, 1.79984
FILLER_0_27_281, 137.04, 84.32, 1.79984
FILLER_0_27_326, 149.84, 84.32, 1.79985
FILLER_0_27_385, 184.78, 84.32, 1.79988
PHY_48, 5.52, 78.88, 1.79987
PHY_50, 5.52, 78.88, 1.79987
input6, 5.52, 78.88, 1.79987
PHY_49, 194.12, 78.88, 1.79989
PHY_51, 194.12, 78.88, 1.79989
FILLER_0_24_401, 194.12, 78.88, 1.79989
FILLER_0_26_19, 13.68, 78.88, 1.79987
FILLER_0_25_51, 34.64, 78.88, 1.79987
FILLER_0_26_77, 34.64, 78.88, 1.79987
FILLER_0_25_105, 47.44, 78.88, 1.79986
FILLER_0_24_133, 73.04, 78.88, 1.79985
_321_, 85.84, 78.88, 1.79985
FILLER_0_25_161, 85.84, 78.88, 1.79985
FILLER_0_26_177, 85.84, 78.88, 1.79985
FILLER_0_26_185, 85.84, 78.88, 1.79985
_323_, 98.64, 78.88, 1.79984
_329_, 98.64, 78.88, 1.79984
_334_, 98.64, 78.88, 1.79984
_335_, 98.64, 78.88, 1.79984
_336_, 98.64, 78.88, 1.79984
FILLER_0_24_189, 98.64, 78.88, 1.79984
FILLER_0_25_208, 98.64, 78.88, 1.79984
_309_, 111.44, 78.88, 1.79984
_314_, 111.44, 78.88, 1.79984
_315_, 111.44, 78.88, 1.79984
_316_, 111.44, 78.88, 1.79984
_317_, 111.44, 78.88, 1.79984
_324_, 111.44, 78.88, 1.79984
_330_, 111.44, 78.88, 1.79984
_348_, 111.44, 78.88, 1.79984
FILLER_0_26_234, 111.44, 78.88, 1.79984
_289_, 124.24, 78.88, 1.79984
_290_, 124.24, 78.88, 1.79984
_294_, 124.24, 78.88, 1.79984
_302_, 124.24, 78.88, 1.79984
_280_, 137.04, 78.88, 1.79985
_281_, 137.04, 78.88, 1.79985
_282_, 137.04, 78.88, 1.79985
_291_, 137.04, 78.88, 1.79985
_292_, 137.04, 78.88, 1.79985
_303_, 137.04, 78.88, 1.79985
FILLER_0_25_285, 137.04, 78.88, 1.79985
FILLER_0_26_299, 137.04, 78.88, 1.79985
FILLER_0_25_326, 149.84, 78.88, 1.79986
FILLER_0_25_385, 184.78, 78.88, 1.79989
PHY_44, 5.52, 73.44, 1.79989
PHY_46, 5.52, 73.44, 1.79989
PHY_45, 194.12, 73.44, 1.7999
PHY_47, 194.12, 73.44, 1.7999
FILLER_0_22_401, 194.12, 73.44, 1.7999
FILLER_0_23_51, 34.64, 73.44, 1.79989
FILLER_0_24_77, 34.64, 73.44, 1.79989
FILLER_0_23_105, 47.44, 73.44, 1.79989
FILLER_0_22_133, 73.04, 73.44, 1.79989
FILLER_0_23_161, 85.84, 73.44, 1.79989
_347_, 98.64, 73.44, 1.79989
FILLER_0_22_189, 98.64, 73.44, 1.79989
_300_, 111.44, 73.44, 1.79989
_310_, 111.44, 73.44, 1.79989
_313_, 111.44, 73.44, 1.79989
_326_, 111.44, 73.44, 1.79989
_327_, 111.44, 73.44, 1.79989
_328_, 111.44, 73.44, 1.79989
FILLER_0_23_231, 111.44, 73.44, 1.79989
FILLER_0_24_238, 111.44, 73.44, 1.79989
_293_, 124.24, 73.44, 1.79989
_311_, 124.24, 73.44, 1.79989
_312_, 124.24, 73.44, 1.79989
_339_, 124.24, 73.44, 1.79989
FILLER_0_24_265, 124.24, 73.44, 1.79989
FILLER_0_24_299, 137.04, 73.44, 1.79989
FILLER_0_22_301, 149.84, 73.44, 1.7999
FILLER_0_23_329, 162.64, 73.44, 1.7999
FILLER_0_23_386, 184.78, 73.44, 1.7999
PHY_40, 5.52, 68, 1.79989
PHY_42, 5.52, 68, 1.79989
PHY_41, 194.12, 68, 1.79991
PHY_43, 194.12, 68, 1.79991
FILLER_0_20_401, 194.12, 68, 1.79991
FILLER_0_21_51, 34.64, 68, 1.79989
FILLER_0_22_77, 34.64, 68, 1.79989
FILLER_0_21_105, 47.44, 68, 1.79989
FILLER_0_20_133, 73.04, 68, 1.7999
FILLER_0_21_161, 85.84, 68, 1.7999
FILLER_0_20_189, 98.64, 68, 1.7999
_301_, 111.44, 68, 1.7999
_338_, 111.44, 68, 1.7999
FILLER_0_21_217, 111.44, 68, 1.7999
FILLER_0_22_233, 111.44, 68, 1.7999
FILLER_0_20_245, 124.24, 68, 1.7999
FILLER_0_21_273, 137.04, 68, 1.7999
FILLER_0_20_301, 149.84, 68, 1.79991
FILLER_0_21_329, 162.64, 68, 1.79991
FILLER_0_21_385, 184.78, 68, 1.79991
PHY_36, 5.52, 62.56, 1.7999
PHY_38, 5.52, 62.56, 1.7999
PHY_37, 194.12, 62.56, 1.79991
PHY_39, 194.12, 62.56, 1.79991
input8, 194.12, 62.56, 1.79991
FILLER_0_18_401, 194.12, 62.56, 1.79991
FILLER_0_19_51, 34.64, 62.56, 1.7999
FILLER_0_20_77, 34.64, 62.56, 1.7999
FILLER_0_19_105, 47.44, 62.56, 1.7999
FILLER_0_18_133, 73.04, 62.56, 1.7999
FILLER_0_19_161, 85.84, 62.56, 1.79991
FILLER_0_18_189, 98.64, 62.56, 1.79991
FILLER_0_19_217, 111.44, 62.56, 1.79991
FILLER_0_18_245, 124.24, 62.56, 1.79991
FILLER_0_19_273, 137.04, 62.56, 1.79991
FILLER_0_18_301, 149.84, 62.56, 1.79991
FILLER_0_19_329, 162.64, 62.56, 1.79992
FILLER_0_19_385, 184.78, 62.56, 1.79992
FILLER_0_19_393, 184.78, 62.56, 1.79992
PHY_32, 5.52, 57.12, 1.7999
PHY_34, 5.52, 57.12, 1.7999
PHY_33, 194.12, 57.12, 1.79993
PHY_35, 194.12, 57.12, 1.79993
FILLER_0_16_401, 194.12, 57.12, 1.79993
FILLER_0_17_51, 34.64, 57.12, 1.7999
FILLER_0_18_77, 34.64, 57.12, 1.7999
FILLER_0_17_105, 47.44, 57.12, 1.79991
FILLER_0_16_133, 73.04, 57.12, 1.79991
FILLER_0_17_161, 85.84, 57.12, 1.79991
FILLER_0_16_189, 98.64, 57.12, 1.79991
FILLER_0_17_217, 111.44, 57.12, 1.79992
FILLER_0_16_245, 124.24, 57.12, 1.79992
FILLER_0_17_273, 137.04, 57.12, 1.79992
FILLER_0_16_301, 149.84, 57.12, 1.79992
FILLER_0_17_329, 162.64, 57.12, 1.79993
FILLER_0_17_385, 184.78, 57.12, 1.79993
PHY_28, 5.52, 51.68, 1.7999
PHY_30, 5.52, 51.68, 1.7999
input7, 5.52, 51.68, 1.7999
PHY_29, 194.12, 51.68, 1.79994
PHY_31, 194.12, 51.68, 1.79994
FILLER_0_14_401, 194.12, 51.68, 1.79994
FILLER_0_16_19, 13.68, 51.68, 1.7999
FILLER_0_15_51, 34.64, 51.68, 1.79991
FILLER_0_16_77, 34.64, 51.68, 1.79991
FILLER_0_15_105, 47.44, 51.68, 1.79991
FILLER_0_14_133, 73.04, 51.68, 1.79991
FILLER_0_15_161, 85.84, 51.68, 1.79992
FILLER_0_14_189, 98.64, 51.68, 1.79992
FILLER_0_15_217, 111.44, 51.68, 1.79992
FILLER_0_14_245, 124.24, 51.68, 1.79993
FILLER_0_15_273, 137.04, 51.68, 1.79993
FILLER_0_14_301, 149.84, 51.68, 1.79993
FILLER_0_15_329, 162.64, 51.68, 1.79993
FILLER_0_15_385, 184.78, 51.68, 1.79994
PHY_24, 5.52, 46.24, 1.79991
PHY_26, 5.52, 46.24, 1.79991
PHY_25, 194.12, 46.24, 1.79994
PHY_27, 194.12, 46.24, 1.79994
FILLER_0_12_401, 194.12, 46.24, 1.79994
FILLER_0_13_51, 34.64, 46.24, 1.79991
FILLER_0_14_77, 34.64, 46.24, 1.79991
FILLER_0_13_105, 47.44, 46.24, 1.79992
FILLER_0_12_133, 73.04, 46.24, 1.79992
FILLER_0_13_161, 85.84, 46.24, 1.79992
FILLER_0_12_189, 98.64, 46.24, 1.79993
FILLER_0_13_217, 111.44, 46.24, 1.79993
FILLER_0_12_245, 124.24, 46.24, 1.79993
FILLER_0_13_273, 137.04, 46.24, 1.79994
FILLER_0_12_301, 149.84, 46.24, 1.79994
FILLER_0_13_329, 162.64, 46.24, 1.79994
FILLER_0_13_385, 184.78, 46.24, 1.79994
PHY_20, 5.52, 40.8, 1.79991
PHY_22, 5.52, 40.8, 1.79991
PHY_21, 194.12, 40.8, 1.79995
PHY_23, 194.12, 40.8, 1.79995
FILLER_0_10_401, 194.12, 40.8, 1.79995
FILLER_0_11_51, 34.64, 40.8, 1.79992
FILLER_0_12_77, 34.64, 40.8, 1.79992
FILLER_0_11_105, 47.44, 40.8, 1.79992
FILLER_0_10_133, 73.04, 40.8, 1.79993
FILLER_0_11_161, 85.84, 40.8, 1.79993
FILLER_0_10_189, 98.64, 40.8, 1.79993
FILLER_0_11_217, 111.44, 40.8, 1.79994
FILLER_0_10_245, 124.24, 40.8, 1.79994
FILLER_0_11_273, 137.04, 40.8, 1.79994
FILLER_0_10_301, 149.84, 40.8, 1.79995
FILLER_0_11_329, 162.64, 40.8, 1.79995
FILLER_0_11_385, 184.78, 40.8, 1.79995
PHY_16, 5.52, 35.36, 1.79992
PHY_18, 5.52, 35.36, 1.79992
PHY_17, 194.12, 35.36, 1.79995
PHY_19, 194.12, 35.36, 1.79995
output25, 194.12, 35.36, 1.79995
FILLER_0_8_401, 194.12, 35.36, 1.79995
FILLER_0_9_51, 34.64, 35.36, 1.79992
FILLER_0_10_77, 34.64, 35.36, 1.79992
FILLER_0_9_105, 47.44, 35.36, 1.79993
FILLER_0_8_133, 73.04, 35.36, 1.79993
FILLER_0_9_161, 85.84, 35.36, 1.79993
FILLER_0_8_189, 98.64, 35.36, 1.79994
FILLER_0_9_217, 111.44, 35.36, 1.79994
FILLER_0_8_245, 124.24, 35.36, 1.79994
FILLER_0_9_273, 137.04, 35.36, 1.79995
FILLER_0_8_301, 149.84, 35.36, 1.79995
FILLER_0_9_329, 162.64, 35.36, 1.79995
FILLER_0_9_385, 184.78, 35.36, 1.79995
FILLER_0_9_393, 184.78, 35.36, 1.79995
PHY_12, 5.52, 29.92, 1.79992
PHY_14, 5.52, 29.92, 1.79992
PHY_13, 194.12, 29.92, 1.79997
PHY_15, 194.12, 29.92, 1.79997
FILLER_0_6_401, 194.12, 29.92, 1.79997
FILLER_0_7_51, 34.64, 29.92, 1.79993
FILLER_0_8_77, 34.64, 29.92, 1.79993
FILLER_0_7_105, 47.44, 29.92, 1.79993
FILLER_0_6_133, 73.04, 29.92, 1.79994
FILLER_0_7_161, 85.84, 29.92, 1.79994
FILLER_0_6_189, 98.64, 29.92, 1.79995
FILLER_0_7_217, 111.44, 29.92, 1.79995
FILLER_0_6_245, 124.24, 29.92, 1.79995
FILLER_0_7_273, 137.04, 29.92, 1.79996
FILLER_0_6_301, 149.84, 29.92, 1.79996
FILLER_0_7_329, 162.64, 29.92, 1.79997
FILLER_0_7_385, 184.78, 29.92, 1.79997
PHY_8, 5.52, 24.48, 1.79992
PHY_10, 5.52, 24.48, 1.79992
input4, 5.52, 24.48, 1.79992
PHY_9, 194.12, 24.48, 1.79997
PHY_11, 194.12, 24.48, 1.79997
FILLER_0_4_401, 194.12, 24.48, 1.79997
FILLER_0_6_21, 13.68, 24.48, 1.79992
FILLER_0_5_51, 34.64, 24.48, 1.79993
FILLER_0_6_77, 34.64, 24.48, 1.79993
FILLER_0_5_105, 47.44, 24.48, 1.79993
FILLER_0_4_133, 73.04, 24.48, 1.79994
FILLER_0_5_161, 85.84, 24.48, 1.79994
FILLER_0_4_189, 98.64, 24.48, 1.79995
FILLER_0_5_217, 111.44, 24.48, 1.79995
FILLER_0_4_245, 124.24, 24.48, 1.79996
FILLER_0_5_273, 137.04, 24.48, 1.79996
FILLER_0_4_301, 149.84, 24.48, 1.79996
FILLER_0_5_329, 162.64, 24.48, 1.79997
FILLER_0_5_385, 184.78, 24.48, 1.79997
PHY_4, 5.52, 19.04, 1.79992
PHY_6, 5.52, 19.04, 1.79992
PHY_5, 194.12, 19.04, 1.79997
PHY_7, 194.12, 19.04, 1.79997
FILLER_0_2_401, 194.12, 19.04, 1.79997
FILLER_0_3_51, 34.64, 19.04, 1.79993
FILLER_0_4_77, 34.64, 19.04, 1.79993
FILLER_0_3_105, 47.44, 19.04, 1.79993
FILLER_0_2_133, 73.04, 19.04, 1.79994
FILLER_0_3_161, 85.84, 19.04, 1.79994
FILLER_0_2_189, 98.64, 19.04, 1.79995
FILLER_0_3_217, 111.44, 19.04, 1.79995
FILLER_0_2_245, 124.24, 19.04, 1.79996
FILLER_0_3_273, 137.04, 19.04, 1.79996
FILLER_0_2_301, 149.84, 19.04, 1.79996
FILLER_0_3_329, 162.64, 19.04, 1.79997
FILLER_0_3_385, 184.78, 19.04, 1.79997
PHY_0, 5.52, 13.6, 1.79991
PHY_2, 5.52, 13.6, 1.79991
input10, 5.52, 13.6, 1.79991
PHY_1, 194.12, 13.6, 1.79996
PHY_3, 194.12, 13.6, 1.79996
FILLER_0_0_21, 13.68, 13.6, 1.79991
FILLER_0_1_51, 34.64, 13.6, 1.79991
FILLER_0_2_77, 34.64, 13.6, 1.79991
input2, 47.44, 13.6, 1.79991
FILLER_0_0_81, 47.44, 13.6, 1.79991
FILLER_0_0_97, 47.44, 13.6, 1.79991
FILLER_0_0_104, 47.44, 13.6, 1.79991
FILLER_0_1_105, 47.44, 13.6, 1.79991
output26, 73.04, 13.6, 1.7999
FILLER_0_0_137, 73.04, 13.6, 1.7999
FILLER_0_0_161, 85.84, 13.6, 1.79991
FILLER_0_1_161, 85.84, 13.6, 1.79991
input18, 98.64, 13.6, 1.79991
FILLER_0_0_193, 98.64, 13.6, 1.79991
FILLER_0_0_209, 98.64, 13.6, 1.79991
FILLER_0_0_217, 111.44, 13.6, 1.79992
FILLER_0_1_217, 111.44, 13.6, 1.79992
input15, 124.24, 13.6, 1.79993
FILLER_0_0_249, 124.24, 13.6, 1.79993
FILLER_0_0_253, 124.24, 13.6, 1.79993
FILLER_0_0_272, 137.04, 13.6, 1.79993
FILLER_0_1_273, 137.04, 13.6, 1.79993
input5, 149.84, 13.6, 1.79994
FILLER_0_0_305, 149.84, 13.6, 1.79994
FILLER_0_0_321, 149.84, 13.6, 1.79994
FILLER_0_0_328, 162.64, 13.6, 1.79995
FILLER_0_1_329, 162.64, 13.6, 1.79995
input14, 184.78, 13.6, 1.79996
output21, 184.78, 13.6, 1.79996
FILLER_0_0_387, 184.78, 13.6, 1.79996
FILLER_0_0_393, 184.78, 13.6, 1.79996
FILLER_0_1_385, 184.78, 13.6, 1.79996

