OpenSTA 2.4.0 41a51eaf4c Copyright (c) 2021, Parallax Software, Inc.
License GPLv3: GNU GPL version 3 <http://gnu.org/licenses/gpl.html>

This is free software, and you are free to change and redistribute it
under certain conditions; type `show_copying' for details. 
This program comes with ABSOLUTELY NO WARRANTY; for details type `show_warranty'.
define_corners Typical
read_liberty -corner Typical /home/jagadeesh97/.ciel/ciel/sky130/versions/0fe599b2afb6708d281543108caf8310912f54af/sky130A/libs.ref/sky130_fd_sc_hd/lib/sky130_fd_sc_hd__tt_025C_1v80.lib
Using 1e-12 for capacitance...
Using 1e+03 for resistance...
Using 1e-09 for time...
Using 1e+00 for voltage...
Using 1e-03 for current...
Using 1e-09 for power...
Using 1e-06 for distance...
Reading netlist '/openlane/designs/alu/runs/myrun/results/routing/alu.nl.v'…
Warning: /openlane/designs/alu/runs/myrun/results/routing/alu.nl.v line 1044, module sky130_fd_sc_hd__tapvpwrvgnd_1 not found. Creating black box for TAP_130.
Warning: /openlane/designs/alu/runs/myrun/results/routing/alu.nl.v line 1579, module sky130_ef_sc_hd__decap_12 not found. Creating black box for FILLER_0_0_9.
Warning: /openlane/designs/alu/runs/myrun/results/routing/alu.nl.v line 1581, module sky130_fd_sc_hd__fill_1 not found. Creating black box for FILLER_0_0_27.
Warning: /openlane/designs/alu/runs/myrun/results/routing/alu.nl.v line 1583, module sky130_fd_sc_hd__fill_2 not found. Creating black box for FILLER_0_0_41.
Reading design constraints file at '/openlane/designs/alu/runs/myrun/tmp/17-alu.sdc'…
min_report

===========================================================================
report_checks -path_delay min (Hold)
============================================================================
======================= Typical Corner ===================================

Startpoint: Sel[2] (input port clocked by clk)
Endpoint: Result[1] (output port clocked by clk)
Path Group: clk
Path Type: min

Fanout     Cap    Slew   Delay    Time   Description
-----------------------------------------------------------------------------
                  0.00    0.00    0.00   clock clk (rise edge)
                          0.00    0.00   clock network delay (ideal)
                          2.00    2.00 ^ input external delay
                  0.02    0.01    2.01 ^ Sel[2] (in)
     1    0.00                           Sel[2] (net)
                  0.02    0.00    2.01 ^ input19/A (sky130_fd_sc_hd__clkbuf_2)
                  0.16    0.17    2.18 ^ input19/X (sky130_fd_sc_hd__clkbuf_2)
     7    0.03                           net19 (net)
                  0.16    0.00    2.18 ^ _182_/A (sky130_fd_sc_hd__nor4_1)
                  0.05    0.09    2.27 v _182_/Y (sky130_fd_sc_hd__nor4_1)
     2    0.01                           _115_ (net)
                  0.05    0.00    2.27 v _206_/A2 (sky130_fd_sc_hd__a31o_2)
                  0.08    0.27    2.54 v _206_/X (sky130_fd_sc_hd__a31o_2)
     2    0.02                           net23 (net)
                  0.08    0.00    2.55 v output23/A (sky130_fd_sc_hd__clkbuf_4)
                  0.08    0.19    2.74 v output23/X (sky130_fd_sc_hd__clkbuf_4)
     1    0.03                           Result[1] (net)
                  0.08    0.00    2.74 v Result[1] (out)
                                  2.74   data arrival time

                  0.00    0.00    0.00   clock clk (rise edge)
                          0.00    0.00   clock network delay (ideal)
                          0.25    0.25   clock uncertainty
                          0.00    0.25   clock reconvergence pessimism
                         -2.00   -1.75   output external delay
                                 -1.75   data required time
-----------------------------------------------------------------------------
                                 -1.75   data required time
                                 -2.74   data arrival time
-----------------------------------------------------------------------------
                                  4.49   slack (MET)


Startpoint: Sel[1] (input port clocked by clk)
Endpoint: Result[7] (output port clocked by clk)
Path Group: clk
Path Type: min

Fanout     Cap    Slew   Delay    Time   Description
-----------------------------------------------------------------------------
                  0.00    0.00    0.00   clock clk (rise edge)
                          0.00    0.00   clock network delay (ideal)
                          2.00    2.00 ^ input external delay
                  0.02    0.01    2.01 ^ Sel[1] (in)
     1    0.00                           Sel[1] (net)
                  0.02    0.00    2.01 ^ input18/A (sky130_fd_sc_hd__clkbuf_2)
                  0.12    0.15    2.16 ^ input18/X (sky130_fd_sc_hd__clkbuf_2)
     4    0.02                           net18 (net)
                  0.12    0.00    2.16 ^ _181_/A (sky130_fd_sc_hd__buf_4)
                  0.11    0.18    2.34 ^ _181_/X (sky130_fd_sc_hd__buf_4)
    10    0.04                           _114_ (net)
                  0.11    0.00    2.34 ^ _342_/D1 (sky130_fd_sc_hd__a2111o_1)
                  0.09    0.14    2.48 ^ _342_/X (sky130_fd_sc_hd__a2111o_1)
     1    0.01                           _093_ (net)
                  0.09    0.00    2.48 ^ _343_/C1 (sky130_fd_sc_hd__o211ai_4)
                  0.11    0.12    2.60 v _343_/Y (sky130_fd_sc_hd__o211ai_4)
     2    0.03                           net29 (net)
                  0.11    0.00    2.60 v output29/A (sky130_fd_sc_hd__clkbuf_4)
                  0.08    0.20    2.80 v output29/X (sky130_fd_sc_hd__clkbuf_4)
     1    0.03                           Result[7] (net)
                  0.08    0.00    2.80 v Result[7] (out)
                                  2.80   data arrival time

                  0.00    0.00    0.00   clock clk (rise edge)
                          0.00    0.00   clock network delay (ideal)
                          0.25    0.25   clock uncertainty
                          0.00    0.25   clock reconvergence pessimism
                         -2.00   -1.75   output external delay
                                 -1.75   data required time
-----------------------------------------------------------------------------
                                 -1.75   data required time
                                 -2.80   data arrival time
-----------------------------------------------------------------------------
                                  4.55   slack (MET)


Startpoint: B[0] (input port clocked by clk)
Endpoint: Result[0] (output port clocked by clk)
Path Group: clk
Path Type: min

Fanout     Cap    Slew   Delay    Time   Description
-----------------------------------------------------------------------------
                  0.00    0.00    0.00   clock clk (rise edge)
                          0.00    0.00   clock network delay (ideal)
                          2.00    2.00 ^ input external delay
                  0.02    0.01    2.01 ^ B[0] (in)
     1    0.00                           B[0] (net)
                  0.02    0.00    2.01 ^ input9/A (sky130_fd_sc_hd__dlymetal6s2s_1)
                  0.19    0.18    2.19 ^ input9/X (sky130_fd_sc_hd__dlymetal6s2s_1)
     3    0.02                           net9 (net)
                  0.19    0.00    2.19 ^ _350_/A (sky130_fd_sc_hd__or2_1)
                  0.12    0.18    2.37 ^ _350_/X (sky130_fd_sc_hd__or2_1)
     3    0.01                           _099_ (net)
                  0.12    0.00    2.37 ^ _354_/A2 (sky130_fd_sc_hd__a211o_1)
                  0.17    0.22    2.59 ^ _354_/X (sky130_fd_sc_hd__a211o_1)
     2    0.02                           net22 (net)
                  0.17    0.00    2.59 ^ output22/A (sky130_fd_sc_hd__clkbuf_4)
                  0.12    0.22    2.81 ^ output22/X (sky130_fd_sc_hd__clkbuf_4)
     1    0.04                           Result[0] (net)
                  0.12    0.00    2.81 ^ Result[0] (out)
                                  2.81   data arrival time

                  0.00    0.00    0.00   clock clk (rise edge)
                          0.00    0.00   clock network delay (ideal)
                          0.25    0.25   clock uncertainty
                          0.00    0.25   clock reconvergence pessimism
                         -2.00   -1.75   output external delay
                                 -1.75   data required time
-----------------------------------------------------------------------------
                                 -1.75   data required time
                                 -2.81   data arrival time
-----------------------------------------------------------------------------
                                  4.56   slack (MET)


Startpoint: Sel[1] (input port clocked by clk)
Endpoint: Result[2] (output port clocked by clk)
Path Group: clk
Path Type: min

Fanout     Cap    Slew   Delay    Time   Description
-----------------------------------------------------------------------------
                  0.00    0.00    0.00   clock clk (rise edge)
                          0.00    0.00   clock network delay (ideal)
                          2.00    2.00 ^ input external delay
                  0.02    0.01    2.01 ^ Sel[1] (in)
     1    0.00                           Sel[1] (net)
                  0.02    0.00    2.01 ^ input18/A (sky130_fd_sc_hd__clkbuf_2)
                  0.12    0.15    2.16 ^ input18/X (sky130_fd_sc_hd__clkbuf_2)
     4    0.02                           net18 (net)
                  0.12    0.00    2.16 ^ _181_/A (sky130_fd_sc_hd__buf_4)
                  0.11    0.18    2.34 ^ _181_/X (sky130_fd_sc_hd__buf_4)
    10    0.04                           _114_ (net)
                  0.11    0.00    2.34 ^ _213_/A (sky130_fd_sc_hd__nor2_2)
                  0.07    0.09    2.44 v _213_/Y (sky130_fd_sc_hd__nor2_2)
     5    0.03                           _145_ (net)
                  0.07    0.00    2.44 v _215_/A (sky130_fd_sc_hd__nand2_1)
                  0.06    0.08    2.51 ^ _215_/Y (sky130_fd_sc_hd__nand2_1)
     1    0.01                           _147_ (net)
                  0.06    0.00    2.51 ^ _233_/A2 (sky130_fd_sc_hd__o21ai_2)
                  0.09    0.10    2.61 v _233_/Y (sky130_fd_sc_hd__o21ai_2)
     2    0.02                           net24 (net)
                  0.09    0.00    2.61 v output24/A (sky130_fd_sc_hd__clkbuf_4)
                  0.08    0.19    2.81 v output24/X (sky130_fd_sc_hd__clkbuf_4)
     1    0.03                           Result[2] (net)
                  0.08    0.00    2.81 v Result[2] (out)
                                  2.81   data arrival time

                  0.00    0.00    0.00   clock clk (rise edge)
                          0.00    0.00   clock network delay (ideal)
                          0.25    0.25   clock uncertainty
                          0.00    0.25   clock reconvergence pessimism
                         -2.00   -1.75   output external delay
                                 -1.75   data required time
-----------------------------------------------------------------------------
                                 -1.75   data required time
                                 -2.81   data arrival time
-----------------------------------------------------------------------------
                                  4.56   slack (MET)


Startpoint: B[4] (input port clocked by clk)
Endpoint: Zero (output port clocked by clk)
Path Group: clk
Path Type: min

Fanout     Cap    Slew   Delay    Time   Description
-----------------------------------------------------------------------------
                  0.00    0.00    0.00   clock clk (rise edge)
                          0.00    0.00   clock network delay (ideal)
                          2.00    2.00 ^ input external delay
                  0.02    0.01    2.01 ^ B[4] (in)
     1    0.00                           B[4] (net)
                  0.02    0.00    2.01 ^ input13/A (sky130_fd_sc_hd__clkbuf_2)
                  0.12    0.14    2.16 ^ input13/X (sky130_fd_sc_hd__clkbuf_2)
     4    0.02                           net13 (net)
                  0.12    0.00    2.16 ^ _256_/B (sky130_fd_sc_hd__nor2_1)
                  0.05    0.07    2.23 v _256_/Y (sky130_fd_sc_hd__nor2_1)
     2    0.01                           _010_ (net)
                  0.05    0.00    2.23 v _264_/A (sky130_fd_sc_hd__nor2_1)
                  0.21    0.19    2.42 ^ _264_/Y (sky130_fd_sc_hd__nor2_1)
     3    0.01                           _018_ (net)
                  0.21    0.00    2.42 ^ _360_/A (sky130_fd_sc_hd__or4bb_1)
                  0.06    0.16    2.58 ^ _360_/X (sky130_fd_sc_hd__or4bb_1)
     1    0.01                           _108_ (net)
                  0.06    0.00    2.58 ^ _361_/B1 (sky130_fd_sc_hd__o31ai_2)
                  0.05    0.08    2.66 v _361_/Y (sky130_fd_sc_hd__o31ai_2)
     1    0.01                           net30 (net)
                  0.05    0.00    2.66 v output30/A (sky130_fd_sc_hd__buf_4)
                  0.06    0.16    2.82 v output30/X (sky130_fd_sc_hd__buf_4)
     1    0.03                           Zero (net)
                  0.06    0.00    2.82 v Zero (out)
                                  2.82   data arrival time

                  0.00    0.00    0.00   clock clk (rise edge)
                          0.00    0.00   clock network delay (ideal)
                          0.25    0.25   clock uncertainty
                          0.00    0.25   clock reconvergence pessimism
                         -2.00   -1.75   output external delay
                                 -1.75   data required time
-----------------------------------------------------------------------------
                                 -1.75   data required time
                                 -2.82   data arrival time
-----------------------------------------------------------------------------
                                  4.57   slack (MET)


Startpoint: B[7] (input port clocked by clk)
Endpoint: CarryOut (output port clocked by clk)
Path Group: clk
Path Type: min

Fanout     Cap    Slew   Delay    Time   Description
-----------------------------------------------------------------------------
                  0.00    0.00    0.00   clock clk (rise edge)
                          0.00    0.00   clock network delay (ideal)
                          2.00    2.00 ^ input external delay
                  0.02    0.01    2.01 ^ B[7] (in)
     1    0.00                           B[7] (net)
                  0.02    0.00    2.01 ^ input16/A (sky130_fd_sc_hd__clkbuf_2)
                  0.16    0.17    2.18 ^ input16/X (sky130_fd_sc_hd__clkbuf_2)
     4    0.03                           net16 (net)
                  0.16    0.00    2.18 ^ _345_/A2 (sky130_fd_sc_hd__o211a_1)
                  0.05    0.15    2.33 ^ _345_/X (sky130_fd_sc_hd__o211a_1)
     1    0.00                           _095_ (net)
                  0.05    0.00    2.33 ^ _348_/A (sky130_fd_sc_hd__or3b_1)
                  0.12    0.14    2.48 ^ _348_/X (sky130_fd_sc_hd__or3b_1)
     1    0.01                           _098_ (net)
                  0.12    0.00    2.48 ^ _349_/A (sky130_fd_sc_hd__buf_1)
                  0.11    0.14    2.62 ^ _349_/X (sky130_fd_sc_hd__buf_1)
     1    0.01                           net21 (net)
                  0.11    0.00    2.62 ^ output21/A (sky130_fd_sc_hd__clkbuf_4)
                  0.11    0.20    2.82 ^ output21/X (sky130_fd_sc_hd__clkbuf_4)
     1    0.03                           CarryOut (net)
                  0.11    0.00    2.82 ^ CarryOut (out)
                                  2.82   data arrival time

                  0.00    0.00    0.00   clock clk (rise edge)
                          0.00    0.00   clock network delay (ideal)
                          0.25    0.25   clock uncertainty
                          0.00    0.25   clock reconvergence pessimism
                         -2.00   -1.75   output external delay
                                 -1.75   data required time
-----------------------------------------------------------------------------
                                 -1.75   data required time
                                 -2.82   data arrival time
-----------------------------------------------------------------------------
                                  4.57   slack (MET)


Startpoint: A[3] (input port clocked by clk)
Endpoint: Result[3] (output port clocked by clk)
Path Group: clk
Path Type: min

Fanout     Cap    Slew   Delay    Time   Description
-----------------------------------------------------------------------------
                  0.00    0.00    0.00   clock clk (rise edge)
                          0.00    0.00   clock network delay (ideal)
                          2.00    2.00 v input external delay
                  0.01    0.00    2.00 v A[3] (in)
     1    0.00                           A[3] (net)
                  0.01    0.00    2.00 v input4/A (sky130_fd_sc_hd__buf_4)
                  0.09    0.17    2.17 v input4/X (sky130_fd_sc_hd__buf_4)
    10    0.06                           net4 (net)
                  0.09    0.01    2.18 v _235_/A (sky130_fd_sc_hd__nand2_1)
                  0.04    0.07    2.24 ^ _235_/Y (sky130_fd_sc_hd__nand2_1)
     1    0.00                           _166_ (net)
                  0.04    0.00    2.24 ^ _236_/A2 (sky130_fd_sc_hd__a21o_1)
                  0.04    0.10    2.35 ^ _236_/X (sky130_fd_sc_hd__a21o_1)
     1    0.00                           _167_ (net)
                  0.04    0.00    2.35 ^ _246_/A (sky130_fd_sc_hd__and4_1)
                  0.06    0.15    2.50 ^ _246_/X (sky130_fd_sc_hd__and4_1)
     1    0.00                           _001_ (net)
                  0.06    0.00    2.50 ^ _255_/A (sky130_fd_sc_hd__nand2_1)
                  0.15    0.13    2.63 v _255_/Y (sky130_fd_sc_hd__nand2_1)
     2    0.02                           net25 (net)
                  0.15    0.00    2.64 v output25/A (sky130_fd_sc_hd__clkbuf_4)
                  0.08    0.22    2.85 v output25/X (sky130_fd_sc_hd__clkbuf_4)
     1    0.03                           Result[3] (net)
                  0.08    0.00    2.85 v Result[3] (out)
                                  2.85   data arrival time

                  0.00    0.00    0.00   clock clk (rise edge)
                          0.00    0.00   clock network delay (ideal)
                          0.25    0.25   clock uncertainty
                          0.00    0.25   clock reconvergence pessimism
                         -2.00   -1.75   output external delay
                                 -1.75   data required time
-----------------------------------------------------------------------------
                                 -1.75   data required time
                                 -2.85   data arrival time
-----------------------------------------------------------------------------
                                  4.60   slack (MET)


Startpoint: B[4] (input port clocked by clk)
Endpoint: Result[4] (output port clocked by clk)
Path Group: clk
Path Type: min

Fanout     Cap    Slew   Delay    Time   Description
-----------------------------------------------------------------------------
                  0.00    0.00    0.00   clock clk (rise edge)
                          0.00    0.00   clock network delay (ideal)
                          2.00    2.00 ^ input external delay
                  0.02    0.01    2.01 ^ B[4] (in)
     1    0.00                           B[4] (net)
                  0.02    0.00    2.01 ^ input13/A (sky130_fd_sc_hd__clkbuf_2)
                  0.12    0.14    2.16 ^ input13/X (sky130_fd_sc_hd__clkbuf_2)
     4    0.02                           net13 (net)
                  0.12    0.00    2.16 ^ _256_/B (sky130_fd_sc_hd__nor2_1)
                  0.05    0.07    2.23 v _256_/Y (sky130_fd_sc_hd__nor2_1)
     2    0.01                           _010_ (net)
                  0.05    0.00    2.23 v _262_/A1 (sky130_fd_sc_hd__o221ai_1)
                  0.07    0.17    2.40 ^ _262_/Y (sky130_fd_sc_hd__o221ai_1)
     1    0.00                           _016_ (net)
                  0.07    0.00    2.40 ^ _278_/A (sky130_fd_sc_hd__or3b_1)
                  0.04    0.10    2.50 ^ _278_/X (sky130_fd_sc_hd__or3b_1)
     1    0.00                           _032_ (net)
                  0.04    0.00    2.50 ^ _279_/A (sky130_fd_sc_hd__clkbuf_2)
                  0.13    0.15    2.65 ^ _279_/X (sky130_fd_sc_hd__clkbuf_2)
     2    0.02                           net26 (net)
                  0.13    0.00    2.66 ^ output26/A (sky130_fd_sc_hd__clkbuf_4)
                  0.11    0.20    2.86 ^ output26/X (sky130_fd_sc_hd__clkbuf_4)
     1    0.03                           Result[4] (net)
                  0.11    0.00    2.86 ^ Result[4] (out)
                                  2.86   data arrival time

                  0.00    0.00    0.00   clock clk (rise edge)
                          0.00    0.00   clock network delay (ideal)
                          0.25    0.25   clock uncertainty
                          0.00    0.25   clock reconvergence pessimism
                         -2.00   -1.75   output external delay
                                 -1.75   data required time
-----------------------------------------------------------------------------
                                 -1.75   data required time
                                 -2.86   data arrival time
-----------------------------------------------------------------------------
                                  4.61   slack (MET)


Startpoint: Sel[1] (input port clocked by clk)
Endpoint: Result[5] (output port clocked by clk)
Path Group: clk
Path Type: min

Fanout     Cap    Slew   Delay    Time   Description
-----------------------------------------------------------------------------
                  0.00    0.00    0.00   clock clk (rise edge)
                          0.00    0.00   clock network delay (ideal)
                          2.00    2.00 ^ input external delay
                  0.02    0.01    2.01 ^ Sel[1] (in)
     1    0.00                           Sel[1] (net)
                  0.02    0.00    2.01 ^ input18/A (sky130_fd_sc_hd__clkbuf_2)
                  0.12    0.15    2.16 ^ input18/X (sky130_fd_sc_hd__clkbuf_2)
     4    0.02                           net18 (net)
                  0.12    0.00    2.16 ^ _181_/A (sky130_fd_sc_hd__buf_4)
                  0.11    0.18    2.34 ^ _181_/X (sky130_fd_sc_hd__buf_4)
    10    0.04                           _114_ (net)
                  0.11    0.00    2.34 ^ _213_/A (sky130_fd_sc_hd__nor2_2)
                  0.07    0.09    2.44 v _213_/Y (sky130_fd_sc_hd__nor2_2)
     5    0.03                           _145_ (net)
                  0.07    0.00    2.44 v _299_/A1 (sky130_fd_sc_hd__a31o_1)
                  0.11    0.24    2.68 v _299_/X (sky130_fd_sc_hd__a31o_1)
     2    0.02                           net27 (net)
                  0.11    0.00    2.68 v output27/A (sky130_fd_sc_hd__clkbuf_4)
                  0.08    0.20    2.88 v output27/X (sky130_fd_sc_hd__clkbuf_4)
     1    0.03                           Result[5] (net)
                  0.08    0.00    2.88 v Result[5] (out)
                                  2.88   data arrival time

                  0.00    0.00    0.00   clock clk (rise edge)
                          0.00    0.00   clock network delay (ideal)
                          0.25    0.25   clock uncertainty
                          0.00    0.25   clock reconvergence pessimism
                         -2.00   -1.75   output external delay
                                 -1.75   data required time
-----------------------------------------------------------------------------
                                 -1.75   data required time
                                 -2.88   data arrival time
-----------------------------------------------------------------------------
                                  4.63   slack (MET)


Startpoint: A[6] (input port clocked by clk)
Endpoint: Result[6] (output port clocked by clk)
Path Group: clk
Path Type: min

Fanout     Cap    Slew   Delay    Time   Description
-----------------------------------------------------------------------------
                  0.00    0.00    0.00   clock clk (rise edge)
                          0.00    0.00   clock network delay (ideal)
                          2.00    2.00 v input external delay
                  0.01    0.00    2.00 v A[6] (in)
     1    0.00                           A[6] (net)
                  0.01    0.00    2.00 v input7/A (sky130_fd_sc_hd__buf_2)
                  0.09    0.16    2.16 v input7/X (sky130_fd_sc_hd__buf_2)
     8    0.04                           net7 (net)
                  0.09    0.00    2.17 v _317_/A (sky130_fd_sc_hd__nand2_1)
                  0.05    0.08    2.24 ^ _317_/Y (sky130_fd_sc_hd__nand2_1)
     1    0.00                           _069_ (net)
                  0.05    0.00    2.24 ^ _318_/A2 (sky130_fd_sc_hd__a21o_1)
                  0.05    0.11    2.35 ^ _318_/X (sky130_fd_sc_hd__a21o_1)
     1    0.00                           _070_ (net)
                  0.05    0.00    2.35 ^ _319_/C1 (sky130_fd_sc_hd__o211ai_1)
                  0.05    0.07    2.42 v _319_/Y (sky130_fd_sc_hd__o211ai_1)
     1    0.00                           _071_ (net)
                  0.05    0.00    2.42 v _320_/B1 (sky130_fd_sc_hd__a31o_1)
                  0.14    0.27    2.69 v _320_/X (sky130_fd_sc_hd__a31o_1)
     2    0.03                           net28 (net)
                  0.14    0.00    2.69 v output28/A (sky130_fd_sc_hd__clkbuf_4)
                  0.08    0.21    2.91 v output28/X (sky130_fd_sc_hd__clkbuf_4)
     1    0.03                           Result[6] (net)
                  0.08    0.00    2.91 v Result[6] (out)
                                  2.91   data arrival time

                  0.00    0.00    0.00   clock clk (rise edge)
                          0.00    0.00   clock network delay (ideal)
                          0.25    0.25   clock uncertainty
                          0.00    0.25   clock reconvergence pessimism
                         -2.00   -1.75   output external delay
                                 -1.75   data required time
-----------------------------------------------------------------------------
                                 -1.75   data required time
                                 -2.91   data arrival time
-----------------------------------------------------------------------------
                                  4.66   slack (MET)



min_report_end
max_report

===========================================================================
report_checks -path_delay max (Setup)
============================================================================
======================= Typical Corner ===================================

Startpoint: A[1] (input port clocked by clk)
Endpoint: Zero (output port clocked by clk)
Path Group: clk
Path Type: max

Fanout     Cap    Slew   Delay    Time   Description
-----------------------------------------------------------------------------
                  0.00    0.00    0.00   clock clk (rise edge)
                          0.00    0.00   clock network delay (ideal)
                          2.00    2.00 ^ input external delay
                  0.02    0.01    2.01 ^ A[1] (in)
     1    0.00                           A[1] (net)
                  0.02    0.00    2.01 ^ input2/A (sky130_fd_sc_hd__buf_1)
                  0.20    0.19    2.20 ^ input2/X (sky130_fd_sc_hd__buf_1)
     1    0.02                           net2 (net)
                  0.20    0.00    2.20 ^ _176_/A (sky130_fd_sc_hd__buf_6)
                  0.11    0.20    2.40 ^ _176_/X (sky130_fd_sc_hd__buf_6)
    10    0.05                           _109_ (net)
                  0.11    0.00    2.40 ^ _177_/A (sky130_fd_sc_hd__xnor2_4)
                  0.08    0.11    2.51 v _177_/Y (sky130_fd_sc_hd__xnor2_4)
     6    0.02                           _110_ (net)
                  0.08    0.00    2.51 v rebuffer1/A (sky130_fd_sc_hd__dlymetal6s2s_1)
                  0.06    0.18    2.70 v rebuffer1/X (sky130_fd_sc_hd__dlymetal6s2s_1)
     3    0.01                           net33 (net)
                  0.06    0.00    2.70 v _211_/A1 (sky130_fd_sc_hd__a21o_1)
                  0.08    0.21    2.91 v _211_/X (sky130_fd_sc_hd__a21o_1)
     3    0.01                           _143_ (net)
                  0.08    0.00    2.91 v _275_/A2 (sky130_fd_sc_hd__a31o_1)
                  0.07    0.27    3.18 v _275_/X (sky130_fd_sc_hd__a31o_1)
     3    0.01                           _029_ (net)
                  0.07    0.00    3.18 v _284_/B2 (sky130_fd_sc_hd__a22o_1)
                  0.07    0.25    3.43 v _284_/X (sky130_fd_sc_hd__a22o_1)
     3    0.01                           _037_ (net)
                  0.07    0.00    3.43 v _285_/B (sky130_fd_sc_hd__or2_1)
                  0.05    0.22    3.65 v _285_/X (sky130_fd_sc_hd__or2_1)
     1    0.00                           _038_ (net)
                  0.05    0.00    3.65 v _299_/A2 (sky130_fd_sc_hd__a31o_1)
                  0.11    0.29    3.94 v _299_/X (sky130_fd_sc_hd__a31o_1)
     2    0.02                           net27 (net)
                  0.11    0.00    3.94 v _357_/C (sky130_fd_sc_hd__or4_4)
                  0.08    0.52    4.46 v _357_/X (sky130_fd_sc_hd__or4_4)
     1    0.00                           _105_ (net)
                  0.08    0.00    4.46 v _361_/A3 (sky130_fd_sc_hd__o31ai_2)
                  0.28    0.28    4.74 ^ _361_/Y (sky130_fd_sc_hd__o31ai_2)
     1    0.01                           net30 (net)
                  0.28    0.00    4.75 ^ output30/A (sky130_fd_sc_hd__buf_4)
                  0.10    0.24    4.98 ^ output30/X (sky130_fd_sc_hd__buf_4)
     1    0.03                           Zero (net)
                  0.10    0.00    4.98 ^ Zero (out)
                                  4.98   data arrival time

                  0.00   10.00   10.00   clock clk (rise edge)
                          0.00   10.00   clock network delay (ideal)
                         -0.25    9.75   clock uncertainty
                          0.00    9.75   clock reconvergence pessimism
                         -2.00    7.75   output external delay
                                  7.75   data required time
-----------------------------------------------------------------------------
                                  7.75   data required time
                                 -4.98   data arrival time
-----------------------------------------------------------------------------
                                  2.77   slack (MET)


Startpoint: A[1] (input port clocked by clk)
Endpoint: Result[7] (output port clocked by clk)
Path Group: clk
Path Type: max

Fanout     Cap    Slew   Delay    Time   Description
-----------------------------------------------------------------------------
                  0.00    0.00    0.00   clock clk (rise edge)
                          0.00    0.00   clock network delay (ideal)
                          2.00    2.00 ^ input external delay
                  0.02    0.01    2.01 ^ A[1] (in)
     1    0.00                           A[1] (net)
                  0.02    0.00    2.01 ^ input2/A (sky130_fd_sc_hd__buf_1)
                  0.20    0.19    2.20 ^ input2/X (sky130_fd_sc_hd__buf_1)
     1    0.02                           net2 (net)
                  0.20    0.00    2.20 ^ _176_/A (sky130_fd_sc_hd__buf_6)
                  0.11    0.20    2.40 ^ _176_/X (sky130_fd_sc_hd__buf_6)
    10    0.05                           _109_ (net)
                  0.11    0.00    2.40 ^ _177_/A (sky130_fd_sc_hd__xnor2_4)
                  0.08    0.11    2.51 v _177_/Y (sky130_fd_sc_hd__xnor2_4)
     6    0.02                           _110_ (net)
                  0.08    0.00    2.51 v rebuffer1/A (sky130_fd_sc_hd__dlymetal6s2s_1)
                  0.06    0.18    2.70 v rebuffer1/X (sky130_fd_sc_hd__dlymetal6s2s_1)
     3    0.01                           net33 (net)
                  0.06    0.00    2.70 v _211_/A1 (sky130_fd_sc_hd__a21o_1)
                  0.08    0.21    2.91 v _211_/X (sky130_fd_sc_hd__a21o_1)
     3    0.01                           _143_ (net)
                  0.08    0.00    2.91 v _275_/A2 (sky130_fd_sc_hd__a31o_1)
                  0.07    0.27    3.18 v _275_/X (sky130_fd_sc_hd__a31o_1)
     3    0.01                           _029_ (net)
                  0.07    0.00    3.18 v _284_/B2 (sky130_fd_sc_hd__a22o_1)
                  0.07    0.25    3.43 v _284_/X (sky130_fd_sc_hd__a22o_1)
     3    0.01                           _037_ (net)
                  0.07    0.00    3.43 v _304_/A2 (sky130_fd_sc_hd__a21o_1)
                  0.09    0.25    3.68 v _304_/X (sky130_fd_sc_hd__a21o_1)
     4    0.02                           _056_ (net)
                  0.09    0.00    3.68 v _340_/A2 (sky130_fd_sc_hd__a21o_1)
                  0.05    0.22    3.90 v _340_/X (sky130_fd_sc_hd__a21o_1)
     2    0.01                           _091_ (net)
                  0.05    0.00    3.90 v _342_/A2 (sky130_fd_sc_hd__a2111o_1)
                  0.09    0.47    4.36 v _342_/X (sky130_fd_sc_hd__a2111o_1)
     1    0.01                           _093_ (net)
                  0.09    0.00    4.36 v _343_/C1 (sky130_fd_sc_hd__o211ai_4)
                  0.29    0.16    4.52 ^ _343_/Y (sky130_fd_sc_hd__o211ai_4)
     2    0.03                           net29 (net)
                  0.29    0.00    4.52 ^ output29/A (sky130_fd_sc_hd__clkbuf_4)
                  0.11    0.28    4.80 ^ output29/X (sky130_fd_sc_hd__clkbuf_4)
     1    0.03                           Result[7] (net)
                  0.11    0.00    4.80 ^ Result[7] (out)
                                  4.80   data arrival time

                  0.00   10.00   10.00   clock clk (rise edge)
                          0.00   10.00   clock network delay (ideal)
                         -0.25    9.75   clock uncertainty
                          0.00    9.75   clock reconvergence pessimism
                         -2.00    7.75   output external delay
                                  7.75   data required time
-----------------------------------------------------------------------------
                                  7.75   data required time
                                 -4.80   data arrival time
-----------------------------------------------------------------------------
                                  2.95   slack (MET)


Startpoint: A[1] (input port clocked by clk)
Endpoint: CarryOut (output port clocked by clk)
Path Group: clk
Path Type: max

Fanout     Cap    Slew   Delay    Time   Description
-----------------------------------------------------------------------------
                  0.00    0.00    0.00   clock clk (rise edge)
                          0.00    0.00   clock network delay (ideal)
                          2.00    2.00 ^ input external delay
                  0.02    0.01    2.01 ^ A[1] (in)
     1    0.00                           A[1] (net)
                  0.02    0.00    2.01 ^ input2/A (sky130_fd_sc_hd__buf_1)
                  0.20    0.19    2.20 ^ input2/X (sky130_fd_sc_hd__buf_1)
     1    0.02                           net2 (net)
                  0.20    0.00    2.20 ^ _176_/A (sky130_fd_sc_hd__buf_6)
                  0.11    0.20    2.40 ^ _176_/X (sky130_fd_sc_hd__buf_6)
    10    0.05                           _109_ (net)
                  0.11    0.00    2.40 ^ _177_/A (sky130_fd_sc_hd__xnor2_4)
                  0.21    0.16    2.56 ^ _177_/Y (sky130_fd_sc_hd__xnor2_4)
     6    0.02                           _110_ (net)
                  0.21    0.00    2.56 ^ rebuffer1/A (sky130_fd_sc_hd__dlymetal6s2s_1)
                  0.12    0.19    2.75 ^ rebuffer1/X (sky130_fd_sc_hd__dlymetal6s2s_1)
     3    0.01                           net33 (net)
                  0.12    0.00    2.75 ^ _211_/A1 (sky130_fd_sc_hd__a21o_1)
                  0.13    0.20    2.96 ^ _211_/X (sky130_fd_sc_hd__a21o_1)
     3    0.01                           _143_ (net)
                  0.13    0.00    2.96 ^ _275_/A2 (sky130_fd_sc_hd__a31o_1)
                  0.13    0.23    3.19 ^ _275_/X (sky130_fd_sc_hd__a31o_1)
     3    0.01                           _029_ (net)
                  0.13    0.00    3.19 ^ _284_/B2 (sky130_fd_sc_hd__a22o_1)
                  0.11    0.20    3.39 ^ _284_/X (sky130_fd_sc_hd__a22o_1)
     3    0.01                           _037_ (net)
                  0.11    0.00    3.39 ^ _304_/A2 (sky130_fd_sc_hd__a21o_1)
                  0.15    0.22    3.61 ^ _304_/X (sky130_fd_sc_hd__a21o_1)
     4    0.02                           _056_ (net)
                  0.15    0.00    3.61 ^ _340_/A2 (sky130_fd_sc_hd__a21o_1)
                  0.07    0.17    3.78 ^ _340_/X (sky130_fd_sc_hd__a21o_1)
     2    0.01                           _091_ (net)
                  0.07    0.00    3.78 ^ _344_/B (sky130_fd_sc_hd__nand2_1)
                  0.04    0.06    3.84 v _344_/Y (sky130_fd_sc_hd__nand2_1)
     1    0.00                           _094_ (net)
                  0.04    0.00    3.84 v _345_/C1 (sky130_fd_sc_hd__o211a_1)
                  0.04    0.11    3.95 v _345_/X (sky130_fd_sc_hd__o211a_1)
     1    0.00                           _095_ (net)
                  0.04    0.00    3.95 v _348_/A (sky130_fd_sc_hd__or3b_1)
                  0.11    0.45    4.40 v _348_/X (sky130_fd_sc_hd__or3b_1)
     1    0.01                           _098_ (net)
                  0.11    0.00    4.40 v _349_/A (sky130_fd_sc_hd__buf_1)
                  0.06    0.15    4.55 v _349_/X (sky130_fd_sc_hd__buf_1)
     1    0.01                           net21 (net)
                  0.06    0.00    4.55 v output21/A (sky130_fd_sc_hd__clkbuf_4)
                  0.08    0.20    4.75 v output21/X (sky130_fd_sc_hd__clkbuf_4)
     1    0.03                           CarryOut (net)
                  0.08    0.00    4.75 v CarryOut (out)
                                  4.75   data arrival time

                  0.00   10.00   10.00   clock clk (rise edge)
                          0.00   10.00   clock network delay (ideal)
                         -0.25    9.75   clock uncertainty
                          0.00    9.75   clock reconvergence pessimism
                         -2.00    7.75   output external delay
                                  7.75   data required time
-----------------------------------------------------------------------------
                                  7.75   data required time
                                 -4.75   data arrival time
-----------------------------------------------------------------------------
                                  3.00   slack (MET)


Startpoint: A[1] (input port clocked by clk)
Endpoint: Result[6] (output port clocked by clk)
Path Group: clk
Path Type: max

Fanout     Cap    Slew   Delay    Time   Description
-----------------------------------------------------------------------------
                  0.00    0.00    0.00   clock clk (rise edge)
                          0.00    0.00   clock network delay (ideal)
                          2.00    2.00 ^ input external delay
                  0.02    0.01    2.01 ^ A[1] (in)
     1    0.00                           A[1] (net)
                  0.02    0.00    2.01 ^ input2/A (sky130_fd_sc_hd__buf_1)
                  0.20    0.19    2.20 ^ input2/X (sky130_fd_sc_hd__buf_1)
     1    0.02                           net2 (net)
                  0.20    0.00    2.20 ^ _176_/A (sky130_fd_sc_hd__buf_6)
                  0.11    0.20    2.40 ^ _176_/X (sky130_fd_sc_hd__buf_6)
    10    0.05                           _109_ (net)
                  0.11    0.00    2.40 ^ _177_/A (sky130_fd_sc_hd__xnor2_4)
                  0.08    0.11    2.51 v _177_/Y (sky130_fd_sc_hd__xnor2_4)
     6    0.02                           _110_ (net)
                  0.08    0.00    2.51 v rebuffer1/A (sky130_fd_sc_hd__dlymetal6s2s_1)
                  0.06    0.18    2.70 v rebuffer1/X (sky130_fd_sc_hd__dlymetal6s2s_1)
     3    0.01                           net33 (net)
                  0.06    0.00    2.70 v _211_/A1 (sky130_fd_sc_hd__a21o_1)
                  0.08    0.21    2.91 v _211_/X (sky130_fd_sc_hd__a21o_1)
     3    0.01                           _143_ (net)
                  0.08    0.00    2.91 v _275_/A2 (sky130_fd_sc_hd__a31o_1)
                  0.07    0.27    3.18 v _275_/X (sky130_fd_sc_hd__a31o_1)
     3    0.01                           _029_ (net)
                  0.07    0.00    3.18 v _284_/B2 (sky130_fd_sc_hd__a22o_1)
                  0.07    0.25    3.43 v _284_/X (sky130_fd_sc_hd__a22o_1)
     3    0.01                           _037_ (net)
                  0.07    0.00    3.43 v _304_/A2 (sky130_fd_sc_hd__a21o_1)
                  0.09    0.25    3.68 v _304_/X (sky130_fd_sc_hd__a21o_1)
     4    0.02                           _056_ (net)
                  0.09    0.00    3.68 v _306_/B (sky130_fd_sc_hd__or2_1)
                  0.05    0.23    3.91 v _306_/X (sky130_fd_sc_hd__or2_1)
     1    0.00                           _058_ (net)
                  0.05    0.00    3.91 v _320_/A3 (sky130_fd_sc_hd__a31o_1)
                  0.14    0.33    4.23 v _320_/X (sky130_fd_sc_hd__a31o_1)
     2    0.03                           net28 (net)
                  0.14    0.00    4.24 v output28/A (sky130_fd_sc_hd__clkbuf_4)
                  0.08    0.24    4.47 v output28/X (sky130_fd_sc_hd__clkbuf_4)
     1    0.03                           Result[6] (net)
                  0.08    0.00    4.48 v Result[6] (out)
                                  4.48   data arrival time

                  0.00   10.00   10.00   clock clk (rise edge)
                          0.00   10.00   clock network delay (ideal)
                         -0.25    9.75   clock uncertainty
                          0.00    9.75   clock reconvergence pessimism
                         -2.00    7.75   output external delay
                                  7.75   data required time
-----------------------------------------------------------------------------
                                  7.75   data required time
                                 -4.48   data arrival time
-----------------------------------------------------------------------------
                                  3.27   slack (MET)


Startpoint: A[1] (input port clocked by clk)
Endpoint: Result[5] (output port clocked by clk)
Path Group: clk
Path Type: max

Fanout     Cap    Slew   Delay    Time   Description
-----------------------------------------------------------------------------
                  0.00    0.00    0.00   clock clk (rise edge)
                          0.00    0.00   clock network delay (ideal)
                          2.00    2.00 ^ input external delay
                  0.02    0.01    2.01 ^ A[1] (in)
     1    0.00                           A[1] (net)
                  0.02    0.00    2.01 ^ input2/A (sky130_fd_sc_hd__buf_1)
                  0.20    0.19    2.20 ^ input2/X (sky130_fd_sc_hd__buf_1)
     1    0.02                           net2 (net)
                  0.20    0.00    2.20 ^ _176_/A (sky130_fd_sc_hd__buf_6)
                  0.11    0.20    2.40 ^ _176_/X (sky130_fd_sc_hd__buf_6)
    10    0.05                           _109_ (net)
                  0.11    0.00    2.40 ^ _177_/A (sky130_fd_sc_hd__xnor2_4)
                  0.08    0.11    2.51 v _177_/Y (sky130_fd_sc_hd__xnor2_4)
     6    0.02                           _110_ (net)
                  0.08    0.00    2.51 v rebuffer1/A (sky130_fd_sc_hd__dlymetal6s2s_1)
                  0.06    0.18    2.70 v rebuffer1/X (sky130_fd_sc_hd__dlymetal6s2s_1)
     3    0.01                           net33 (net)
                  0.06    0.00    2.70 v _211_/A1 (sky130_fd_sc_hd__a21o_1)
                  0.08    0.21    2.91 v _211_/X (sky130_fd_sc_hd__a21o_1)
     3    0.01                           _143_ (net)
                  0.08    0.00    2.91 v _275_/A2 (sky130_fd_sc_hd__a31o_1)
                  0.07    0.27    3.18 v _275_/X (sky130_fd_sc_hd__a31o_1)
     3    0.01                           _029_ (net)
                  0.07    0.00    3.18 v _284_/B2 (sky130_fd_sc_hd__a22o_1)
                  0.07    0.25    3.43 v _284_/X (sky130_fd_sc_hd__a22o_1)
     3    0.01                           _037_ (net)
                  0.07    0.00    3.43 v _285_/B (sky130_fd_sc_hd__or2_1)
                  0.05    0.22    3.65 v _285_/X (sky130_fd_sc_hd__or2_1)
     1    0.00                           _038_ (net)
                  0.05    0.00    3.65 v _299_/A2 (sky130_fd_sc_hd__a31o_1)
                  0.11    0.29    3.94 v _299_/X (sky130_fd_sc_hd__a31o_1)
     2    0.02                           net27 (net)
                  0.11    0.00    3.94 v output27/A (sky130_fd_sc_hd__clkbuf_4)
                  0.08    0.22    4.17 v output27/X (sky130_fd_sc_hd__clkbuf_4)
     1    0.03                           Result[5] (net)
                  0.08    0.00    4.17 v Result[5] (out)
                                  4.17   data arrival time

                  0.00   10.00   10.00   clock clk (rise edge)
                          0.00   10.00   clock network delay (ideal)
                         -0.25    9.75   clock uncertainty
                          0.00    9.75   clock reconvergence pessimism
                         -2.00    7.75   output external delay
                                  7.75   data required time
-----------------------------------------------------------------------------
                                  7.75   data required time
                                 -4.17   data arrival time
-----------------------------------------------------------------------------
                                  3.58   slack (MET)


Startpoint: A[1] (input port clocked by clk)
Endpoint: Result[4] (output port clocked by clk)
Path Group: clk
Path Type: max

Fanout     Cap    Slew   Delay    Time   Description
-----------------------------------------------------------------------------
                  0.00    0.00    0.00   clock clk (rise edge)
                          0.00    0.00   clock network delay (ideal)
                          2.00    2.00 ^ input external delay
                  0.02    0.01    2.01 ^ A[1] (in)
     1    0.00                           A[1] (net)
                  0.02    0.00    2.01 ^ input2/A (sky130_fd_sc_hd__buf_1)
                  0.20    0.19    2.20 ^ input2/X (sky130_fd_sc_hd__buf_1)
     1    0.02                           net2 (net)
                  0.20    0.00    2.20 ^ _176_/A (sky130_fd_sc_hd__buf_6)
                  0.11    0.20    2.40 ^ _176_/X (sky130_fd_sc_hd__buf_6)
    10    0.05                           _109_ (net)
                  0.11    0.00    2.40 ^ _177_/A (sky130_fd_sc_hd__xnor2_4)
                  0.21    0.16    2.56 ^ _177_/Y (sky130_fd_sc_hd__xnor2_4)
     6    0.02                           _110_ (net)
                  0.21    0.00    2.56 ^ rebuffer1/A (sky130_fd_sc_hd__dlymetal6s2s_1)
                  0.12    0.19    2.75 ^ rebuffer1/X (sky130_fd_sc_hd__dlymetal6s2s_1)
     3    0.01                           net33 (net)
                  0.12    0.00    2.75 ^ _211_/A1 (sky130_fd_sc_hd__a21o_1)
                  0.13    0.20    2.96 ^ _211_/X (sky130_fd_sc_hd__a21o_1)
     3    0.01                           _143_ (net)
                  0.13    0.00    2.96 ^ _275_/A2 (sky130_fd_sc_hd__a31o_1)
                  0.13    0.23    3.19 ^ _275_/X (sky130_fd_sc_hd__a31o_1)
     3    0.01                           _029_ (net)
                  0.13    0.00    3.19 ^ _276_/A2 (sky130_fd_sc_hd__a21oi_1)
                  0.05    0.08    3.27 v _276_/Y (sky130_fd_sc_hd__a21oi_1)
     1    0.00                           _030_ (net)
                  0.05    0.00    3.27 v _277_/B1 (sky130_fd_sc_hd__o21ai_1)
                  0.12    0.09    3.36 ^ _277_/Y (sky130_fd_sc_hd__o21ai_1)
     1    0.00                           _031_ (net)
                  0.12    0.00    3.36 ^ _278_/C_N (sky130_fd_sc_hd__or3b_1)
                  0.07    0.37    3.74 v _278_/X (sky130_fd_sc_hd__or3b_1)
     1    0.00                           _032_ (net)
                  0.07    0.00    3.74 v _279_/A (sky130_fd_sc_hd__clkbuf_2)
                  0.09    0.17    3.91 v _279_/X (sky130_fd_sc_hd__clkbuf_2)
     2    0.02                           net26 (net)
                  0.09    0.00    3.91 v output26/A (sky130_fd_sc_hd__clkbuf_4)
                  0.08    0.21    4.12 v output26/X (sky130_fd_sc_hd__clkbuf_4)
     1    0.03                           Result[4] (net)
                  0.08    0.00    4.12 v Result[4] (out)
                                  4.12   data arrival time

                  0.00   10.00   10.00   clock clk (rise edge)
                          0.00   10.00   clock network delay (ideal)
                         -0.25    9.75   clock uncertainty
                          0.00    9.75   clock reconvergence pessimism
                         -2.00    7.75   output external delay
                                  7.75   data required time
-----------------------------------------------------------------------------
                                  7.75   data required time
                                 -4.12   data arrival time
-----------------------------------------------------------------------------
                                  3.63   slack (MET)


Startpoint: Sel[0] (input port clocked by clk)
Endpoint: Result[2] (output port clocked by clk)
Path Group: clk
Path Type: max

Fanout     Cap    Slew   Delay    Time   Description
-----------------------------------------------------------------------------
                  0.00    0.00    0.00   clock clk (rise edge)
                          0.00    0.00   clock network delay (ideal)
                          2.00    2.00 v input external delay
                  0.01    0.01    2.01 v Sel[0] (in)
     1    0.00                           Sel[0] (net)
                  0.01    0.00    2.01 v input17/A (sky130_fd_sc_hd__buf_1)
                  0.08    0.12    2.13 v input17/X (sky130_fd_sc_hd__buf_1)
     2    0.01                           net17 (net)
                  0.08    0.00    2.13 v _180_/A (sky130_fd_sc_hd__clkbuf_4)
                  0.08    0.21    2.33 v _180_/X (sky130_fd_sc_hd__clkbuf_4)
    10    0.03                           _113_ (net)
                  0.08    0.00    2.33 v _225_/C (sky130_fd_sc_hd__or4_1)
                  0.08    0.49    2.82 v _225_/X (sky130_fd_sc_hd__or4_1)
     1    0.00                           _157_ (net)
                  0.08    0.00    2.82 v _226_/A (sky130_fd_sc_hd__buf_2)
                  0.09    0.20    3.03 v _226_/X (sky130_fd_sc_hd__buf_2)
     6    0.03                           _158_ (net)
                  0.09    0.00    3.03 v _231_/A (sky130_fd_sc_hd__or3b_1)
                  0.06    0.39    3.42 v _231_/X (sky130_fd_sc_hd__or3b_1)
     1    0.00                           _163_ (net)
                  0.06    0.00    3.42 v _232_/C (sky130_fd_sc_hd__and3_1)
                  0.05    0.20    3.62 v _232_/X (sky130_fd_sc_hd__and3_1)
     1    0.01                           _164_ (net)
                  0.05    0.00    3.62 v _233_/B1 (sky130_fd_sc_hd__o21ai_2)
                  0.28    0.13    3.75 ^ _233_/Y (sky130_fd_sc_hd__o21ai_2)
     2    0.02                           net24 (net)
                  0.28    0.00    3.75 ^ output24/A (sky130_fd_sc_hd__clkbuf_4)
                  0.12    0.28    4.03 ^ output24/X (sky130_fd_sc_hd__clkbuf_4)
     1    0.03                           Result[2] (net)
                  0.12    0.00    4.03 ^ Result[2] (out)
                                  4.03   data arrival time

                  0.00   10.00   10.00   clock clk (rise edge)
                          0.00   10.00   clock network delay (ideal)
                         -0.25    9.75   clock uncertainty
                          0.00    9.75   clock reconvergence pessimism
                         -2.00    7.75   output external delay
                                  7.75   data required time
-----------------------------------------------------------------------------
                                  7.75   data required time
                                 -4.03   data arrival time
-----------------------------------------------------------------------------
                                  3.72   slack (MET)


Startpoint: Sel[2] (input port clocked by clk)
Endpoint: Result[3] (output port clocked by clk)
Path Group: clk
Path Type: max

Fanout     Cap    Slew   Delay    Time   Description
-----------------------------------------------------------------------------
                  0.00    0.00    0.00   clock clk (rise edge)
                          0.00    0.00   clock network delay (ideal)
                          2.00    2.00 ^ input external delay
                  0.02    0.01    2.01 ^ Sel[2] (in)
     1    0.00                           Sel[2] (net)
                  0.02    0.00    2.01 ^ input19/A (sky130_fd_sc_hd__clkbuf_2)
                  0.16    0.18    2.19 ^ input19/X (sky130_fd_sc_hd__clkbuf_2)
     7    0.03                           net19 (net)
                  0.16    0.00    2.20 ^ _192_/B_N (sky130_fd_sc_hd__or2b_1)
                  0.07    0.29    2.49 v _192_/X (sky130_fd_sc_hd__or2b_1)
     3    0.01                           _125_ (net)
                  0.07    0.00    2.49 v _198_/A (sky130_fd_sc_hd__or3b_4)
                  0.11    0.49    2.98 v _198_/X (sky130_fd_sc_hd__or3b_4)
     8    0.03                           _131_ (net)
                  0.11    0.00    2.98 v _241_/B (sky130_fd_sc_hd__or3b_1)
                  0.06    0.38    3.36 v _241_/X (sky130_fd_sc_hd__or3b_1)
     1    0.00                           _172_ (net)
                  0.06    0.00    3.36 v _246_/C (sky130_fd_sc_hd__and4_1)
                  0.04    0.20    3.56 v _246_/X (sky130_fd_sc_hd__and4_1)
     1    0.00                           _001_ (net)
                  0.04    0.00    3.56 v _255_/A (sky130_fd_sc_hd__nand2_1)
                  0.20    0.17    3.73 ^ _255_/Y (sky130_fd_sc_hd__nand2_1)
     2    0.02                           net25 (net)
                  0.20    0.00    3.74 ^ output25/A (sky130_fd_sc_hd__clkbuf_4)
                  0.11    0.25    3.99 ^ output25/X (sky130_fd_sc_hd__clkbuf_4)
     1    0.03                           Result[3] (net)
                  0.11    0.00    3.99 ^ Result[3] (out)
                                  3.99   data arrival time

                  0.00   10.00   10.00   clock clk (rise edge)
                          0.00   10.00   clock network delay (ideal)
                         -0.25    9.75   clock uncertainty
                          0.00    9.75   clock reconvergence pessimism
                         -2.00    7.75   output external delay
                                  7.75   data required time
-----------------------------------------------------------------------------
                                  7.75   data required time
                                 -3.99   data arrival time
-----------------------------------------------------------------------------
                                  3.76   slack (MET)


Startpoint: Sel[2] (input port clocked by clk)
Endpoint: Result[1] (output port clocked by clk)
Path Group: clk
Path Type: max

Fanout     Cap    Slew   Delay    Time   Description
-----------------------------------------------------------------------------
                  0.00    0.00    0.00   clock clk (rise edge)
                          0.00    0.00   clock network delay (ideal)
                          2.00    2.00 ^ input external delay
                  0.02    0.01    2.01 ^ Sel[2] (in)
     1    0.00                           Sel[2] (net)
                  0.02    0.00    2.01 ^ input19/A (sky130_fd_sc_hd__clkbuf_2)
                  0.16    0.18    2.19 ^ input19/X (sky130_fd_sc_hd__clkbuf_2)
     7    0.03                           net19 (net)
                  0.16    0.00    2.20 ^ _192_/B_N (sky130_fd_sc_hd__or2b_1)
                  0.07    0.29    2.49 v _192_/X (sky130_fd_sc_hd__or2b_1)
     3    0.01                           _125_ (net)
                  0.07    0.00    2.49 v _198_/A (sky130_fd_sc_hd__or3b_4)
                  0.11    0.49    2.98 v _198_/X (sky130_fd_sc_hd__or3b_4)
     8    0.03                           _131_ (net)
                  0.11    0.00    2.98 v _200_/A1 (sky130_fd_sc_hd__mux2_1)
                  0.06    0.33    3.31 v _200_/X (sky130_fd_sc_hd__mux2_1)
     1    0.00                           _133_ (net)
                  0.06    0.00    3.31 v _204_/C1 (sky130_fd_sc_hd__o2111a_1)
                  0.04    0.14    3.45 v _204_/X (sky130_fd_sc_hd__o2111a_1)
     1    0.00                           _137_ (net)
                  0.04    0.00    3.45 v _205_/B1 (sky130_fd_sc_hd__o21ai_1)
                  0.09    0.07    3.52 ^ _205_/Y (sky130_fd_sc_hd__o21ai_1)
     1    0.00                           _138_ (net)
                  0.09    0.00    3.52 ^ _206_/B1 (sky130_fd_sc_hd__a31o_2)
                  0.15    0.20    3.72 ^ _206_/X (sky130_fd_sc_hd__a31o_2)
     2    0.02                           net23 (net)
                  0.15    0.00    3.72 ^ output23/A (sky130_fd_sc_hd__clkbuf_4)
                  0.11    0.23    3.96 ^ output23/X (sky130_fd_sc_hd__clkbuf_4)
     1    0.03                           Result[1] (net)
                  0.11    0.00    3.96 ^ Result[1] (out)
                                  3.96   data arrival time

                  0.00   10.00   10.00   clock clk (rise edge)
                          0.00   10.00   clock network delay (ideal)
                         -0.25    9.75   clock uncertainty
                          0.00    9.75   clock reconvergence pessimism
                         -2.00    7.75   output external delay
                                  7.75   data required time
-----------------------------------------------------------------------------
                                  7.75   data required time
                                 -3.96   data arrival time
-----------------------------------------------------------------------------
                                  3.79   slack (MET)


Startpoint: Sel[1] (input port clocked by clk)
Endpoint: Result[0] (output port clocked by clk)
Path Group: clk
Path Type: max

Fanout     Cap    Slew   Delay    Time   Description
-----------------------------------------------------------------------------
                  0.00    0.00    0.00   clock clk (rise edge)
                          0.00    0.00   clock network delay (ideal)
                          2.00    2.00 ^ input external delay
                  0.02    0.01    2.01 ^ Sel[1] (in)
     1    0.00                           Sel[1] (net)
                  0.02    0.00    2.01 ^ input18/A (sky130_fd_sc_hd__clkbuf_2)
                  0.12    0.16    2.17 ^ input18/X (sky130_fd_sc_hd__clkbuf_2)
     4    0.02                           net18 (net)
                  0.12    0.00    2.17 ^ _181_/A (sky130_fd_sc_hd__buf_4)
                  0.11    0.20    2.38 ^ _181_/X (sky130_fd_sc_hd__buf_4)
    10    0.04                           _114_ (net)
                  0.11    0.00    2.38 ^ _191_/D_N (sky130_fd_sc_hd__or4b_4)
                  0.14    0.58    2.96 v _191_/X (sky130_fd_sc_hd__or4b_4)
     8    0.04                           _124_ (net)
                  0.14    0.00    2.96 v _353_/A2_N (sky130_fd_sc_hd__a2bb2o_1)
                  0.05    0.29    3.25 ^ _353_/X (sky130_fd_sc_hd__a2bb2o_1)
     1    0.00                           _102_ (net)
                  0.05    0.00    3.25 ^ _354_/C1 (sky130_fd_sc_hd__a211o_1)
                  0.17    0.19    3.44 ^ _354_/X (sky130_fd_sc_hd__a211o_1)
     2    0.02                           net22 (net)
                  0.17    0.00    3.44 ^ output22/A (sky130_fd_sc_hd__clkbuf_4)
                  0.12    0.24    3.68 ^ output22/X (sky130_fd_sc_hd__clkbuf_4)
     1    0.04                           Result[0] (net)
                  0.12    0.00    3.68 ^ Result[0] (out)
                                  3.68   data arrival time

                  0.00   10.00   10.00   clock clk (rise edge)
                          0.00   10.00   clock network delay (ideal)
                         -0.25    9.75   clock uncertainty
                          0.00    9.75   clock reconvergence pessimism
                         -2.00    7.75   output external delay
                                  7.75   data required time
-----------------------------------------------------------------------------
                                  7.75   data required time
                                 -3.68   data arrival time
-----------------------------------------------------------------------------
                                  4.07   slack (MET)



max_report_end
checks_report

===========================================================================
report_checks -unconstrained
===========================================================================
======================= Typical Corner ===================================

Startpoint: A[1] (input port clocked by clk)
Endpoint: Zero (output port clocked by clk)
Path Group: clk
Path Type: max

Fanout     Cap    Slew   Delay    Time   Description
-----------------------------------------------------------------------------
                  0.00    0.00    0.00   clock clk (rise edge)
                          0.00    0.00   clock network delay (ideal)
                          2.00    2.00 ^ input external delay
                  0.02    0.01    2.01 ^ A[1] (in)
     1    0.00                           A[1] (net)
                  0.02    0.00    2.01 ^ input2/A (sky130_fd_sc_hd__buf_1)
                  0.20    0.19    2.20 ^ input2/X (sky130_fd_sc_hd__buf_1)
     1    0.02                           net2 (net)
                  0.20    0.00    2.20 ^ _176_/A (sky130_fd_sc_hd__buf_6)
                  0.11    0.20    2.40 ^ _176_/X (sky130_fd_sc_hd__buf_6)
    10    0.05                           _109_ (net)
                  0.11    0.00    2.40 ^ _177_/A (sky130_fd_sc_hd__xnor2_4)
                  0.08    0.11    2.51 v _177_/Y (sky130_fd_sc_hd__xnor2_4)
     6    0.02                           _110_ (net)
                  0.08    0.00    2.51 v rebuffer1/A (sky130_fd_sc_hd__dlymetal6s2s_1)
                  0.06    0.18    2.70 v rebuffer1/X (sky130_fd_sc_hd__dlymetal6s2s_1)
     3    0.01                           net33 (net)
                  0.06    0.00    2.70 v _211_/A1 (sky130_fd_sc_hd__a21o_1)
                  0.08    0.21    2.91 v _211_/X (sky130_fd_sc_hd__a21o_1)
     3    0.01                           _143_ (net)
                  0.08    0.00    2.91 v _275_/A2 (sky130_fd_sc_hd__a31o_1)
                  0.07    0.27    3.18 v _275_/X (sky130_fd_sc_hd__a31o_1)
     3    0.01                           _029_ (net)
                  0.07    0.00    3.18 v _284_/B2 (sky130_fd_sc_hd__a22o_1)
                  0.07    0.25    3.43 v _284_/X (sky130_fd_sc_hd__a22o_1)
     3    0.01                           _037_ (net)
                  0.07    0.00    3.43 v _285_/B (sky130_fd_sc_hd__or2_1)
                  0.05    0.22    3.65 v _285_/X (sky130_fd_sc_hd__or2_1)
     1    0.00                           _038_ (net)
                  0.05    0.00    3.65 v _299_/A2 (sky130_fd_sc_hd__a31o_1)
                  0.11    0.29    3.94 v _299_/X (sky130_fd_sc_hd__a31o_1)
     2    0.02                           net27 (net)
                  0.11    0.00    3.94 v _357_/C (sky130_fd_sc_hd__or4_4)
                  0.08    0.52    4.46 v _357_/X (sky130_fd_sc_hd__or4_4)
     1    0.00                           _105_ (net)
                  0.08    0.00    4.46 v _361_/A3 (sky130_fd_sc_hd__o31ai_2)
                  0.28    0.28    4.74 ^ _361_/Y (sky130_fd_sc_hd__o31ai_2)
     1    0.01                           net30 (net)
                  0.28    0.00    4.75 ^ output30/A (sky130_fd_sc_hd__buf_4)
                  0.10    0.24    4.98 ^ output30/X (sky130_fd_sc_hd__buf_4)
     1    0.03                           Zero (net)
                  0.10    0.00    4.98 ^ Zero (out)
                                  4.98   data arrival time

                  0.00   10.00   10.00   clock clk (rise edge)
                          0.00   10.00   clock network delay (ideal)
                         -0.25    9.75   clock uncertainty
                          0.00    9.75   clock reconvergence pessimism
                         -2.00    7.75   output external delay
                                  7.75   data required time
-----------------------------------------------------------------------------
                                  7.75   data required time
                                 -4.98   data arrival time
-----------------------------------------------------------------------------
                                  2.77   slack (MET)




===========================================================================
report_checks --slack_max -0.01
============================================================================
======================= Typical Corner ===================================

No paths found.


===========================================================================
 report_check_types -max_slew -max_cap -max_fanout -violators
============================================================================
======================= Typical Corner ===================================



===========================================================================
report_parasitic_annotation -report_unannotated
============================================================================
Found 0 unannotated drivers.
Found 0 partially unannotated drivers.

===========================================================================
max slew violation count 0
max fanout violation count 0
max cap violation count 0
============================================================================

===========================================================================
check_setup -verbose -unconstrained_endpoints -multiple_clock -no_clock -no_input_delay -loops -generated_clocks
===========================================================================
checks_report_end
power_report

===========================================================================
 report_power
============================================================================
======================= Typical Corner ===================================

Group                  Internal  Switching    Leakage      Total
                          Power      Power      Power      Power (Watts)
----------------------------------------------------------------
Sequential             0.00e+00   0.00e+00   0.00e+00   0.00e+00   0.0%
Combinational          3.36e-05   5.50e-05   2.88e-09   8.86e-05 100.0%
Macro                  0.00e+00   0.00e+00   0.00e+00   0.00e+00   0.0%
Pad                    0.00e+00   0.00e+00   0.00e+00   0.00e+00   0.0%
----------------------------------------------------------------
Total                  3.36e-05   5.50e-05   2.88e-09   8.86e-05 100.0%
                          37.9%      62.1%       0.0%

power_report_end
skew_report

===========================================================================
report_clock_skew
============================================================================
Clock clk
No launch/capture paths found.

skew_report_end
summary_report

===========================================================================
report_tns
============================================================================
tns 0.00

===========================================================================
report_wns
============================================================================
wns 0.00

===========================================================================
report_worst_slack -max (Setup)
============================================================================
worst slack 2.77

===========================================================================
report_worst_slack -min (Hold)
============================================================================
worst slack 4.49
summary_report_end
[WARNING] Did not save OpenROAD database!
Writing SDF to '/openlane/designs/alu/runs/myrun/results/routing/mca/process_corner_nom/alu.sdf'…
Writing timing model to '/openlane/designs/alu/runs/myrun/results/routing/mca/process_corner_nom/alu.lib'…
