OpenROAD 41a51eaf4ca2171c92ff38afb91eb37bbd3f36da 
This program is licensed under the BSD-3 license. See the LICENSE file for details.
Components of this program may be licensed under more restrictive licenses which must be honored.
[INFO]: Reading ODB at '/openlane/designs/alu-8bit/runs/myrun/results/routing/alu8.odb'…
define_corners Typical
read_liberty -corner Typical /home/jagadeesh97/.ciel/sky130A/libs.ref/sky130_fd_sc_hd/lib/sky130_fd_sc_hd__tt_025C_1v80.lib
Using 1e-12 for capacitance...
Using 1e+03 for resistance...
Using 1e-09 for time...
Using 1e+00 for voltage...
Using 1e-03 for current...
Using 1e-09 for power...
Using 1e-06 for distance...
Reading design constraints file at '/openlane/designs/alu-8bit/runs/myrun/tmp/17-alu8.sdc'…
Net: net11
  Pin: _208_/B (sky130_fd_sc_hd__nor2_1)
    Layer: met2
      Partial area ratio:   31.18
      Required ratio:    0.00 (Gate area) 
      Partial area ratio:  156.35
      Required ratio: 2956.40 (Side area) 
      Cumulative area ratio:  133.46
      Required ratio:    0.00 (Cumulative area) 
      Cumulative area ratio:  670.53
      Required ratio:    0.00 (Cumulative side area) 

    Layer: met1
      Partial area ratio:    0.00
      Required ratio:    0.00 (Gate area) 
      Partial area ratio:    0.00
      Required ratio:  400.00 (Side area) 
      Cumulative area ratio:    0.00
      Required ratio:    0.00 (Cumulative area) 
      Cumulative area ratio:    0.00
      Required ratio:    0.00 (Cumulative side area) 

    Layer: li1
      Partial area ratio:    0.00
      Required ratio:    0.00 (Gate area) 
      Partial area ratio:    0.00
      Required ratio:   75.00 (Side area) 
      Cumulative area ratio:    0.00
      Required ratio:    0.00 (Cumulative area) 
      Cumulative area ratio:    0.00
      Required ratio:    0.00 (Cumulative side area) 

    Via: M1M2_PR
      Partial area ratio:    0.09
      Required ratio:    6.00 (Gate area) 
      Cumulative area ratio:    0.21
      Required ratio:    0.00 (Cumulative area) 

    Via: L1M1_PR
      Partial area ratio:    0.12
      Required ratio:    3.00 (Gate area) 
      Cumulative area ratio:    0.12
      Required ratio:    0.00 (Cumulative area) 

  Pin: _216_/B (sky130_fd_sc_hd__nand2_1)
    Layer: met2
      Partial area ratio:   31.18
      Required ratio:    0.00 (Gate area) 
      Partial area ratio:  156.35
      Required ratio: 2956.40 (Side area) 
      Cumulative area ratio:  134.53
      Required ratio:    0.00 (Cumulative area) 
      Cumulative area ratio:  676.64
      Required ratio:    0.00 (Cumulative side area) 

    Layer: met1
      Partial area ratio:    1.06
      Required ratio:    0.00 (Gate area) 
      Partial area ratio:    6.11
      Required ratio:  400.00 (Side area) 
      Cumulative area ratio:    1.06
      Required ratio:    0.00 (Cumulative area) 
      Cumulative area ratio:    6.11
      Required ratio:    0.00 (Cumulative side area) 

    Layer: li1
      Partial area ratio:    0.00
      Required ratio:    0.00 (Gate area) 
      Partial area ratio:    0.00
      Required ratio:   75.00 (Side area) 
      Cumulative area ratio:    0.00
      Required ratio:    0.00 (Cumulative area) 
      Cumulative area ratio:    0.00
      Required ratio:    0.00 (Cumulative side area) 

    Via: M1M2_PR
      Partial area ratio:    0.09
      Required ratio:    6.00 (Gate area) 
      Cumulative area ratio:    0.21
      Required ratio:    0.00 (Cumulative area) 

    Via: L1M1_PR
      Partial area ratio:    0.12
      Required ratio:    3.00 (Gate area) 
      Cumulative area ratio:    0.12
      Required ratio:    0.00 (Cumulative area) 

  Pin: _207_/B (sky130_fd_sc_hd__and2_1)
    Layer: met2
      Partial area ratio:   31.18
      Required ratio:    0.00 (Gate area) 
      Partial area ratio:  156.35
      Required ratio: 2956.40 (Side area) 
      Cumulative area ratio:  133.46
      Required ratio:    0.00 (Cumulative area) 
      Cumulative area ratio:  670.53
      Required ratio:    0.00 (Cumulative side area) 

    Layer: met1
      Partial area ratio:    0.00
      Required ratio:    0.00 (Gate area) 
      Partial area ratio:    0.00
      Required ratio:  400.00 (Side area) 
      Cumulative area ratio:    0.00
      Required ratio:    0.00 (Cumulative area) 
      Cumulative area ratio:    0.00
      Required ratio:    0.00 (Cumulative side area) 

    Layer: li1
      Partial area ratio:    0.00
      Required ratio:    0.00 (Gate area) 
      Partial area ratio:    0.00
      Required ratio:   75.00 (Side area) 
      Cumulative area ratio:    0.00
      Required ratio:    0.00 (Cumulative area) 
      Cumulative area ratio:    0.00
      Required ratio:    0.00 (Cumulative side area) 

    Via: M1M2_PR
      Partial area ratio:    0.18
      Required ratio:    6.00 (Gate area) 
      Cumulative area ratio:    0.41
      Required ratio:    0.00 (Cumulative area) 

    Via: L1M1_PR
      Partial area ratio:    0.23
      Required ratio:    3.00 (Gate area) 
      Cumulative area ratio:    0.23
      Required ratio:    0.00 (Cumulative area) 

  Pin: _248_/A2 (sky130_fd_sc_hd__o21a_1)
    Layer: met2
      Partial area ratio:   31.18
      Required ratio:    0.00 (Gate area) 
      Partial area ratio:  156.35
      Required ratio: 2956.40 (Side area) 
      Cumulative area ratio:  133.46
      Required ratio:    0.00 (Cumulative area) 
      Cumulative area ratio:  670.53
      Required ratio:    0.00 (Cumulative side area) 

    Layer: met1
      Partial area ratio:  102.28
      Required ratio:    0.00 (Gate area) 
      Partial area ratio:  514.18
      Required ratio:  400.00 (Side area) (VIOLATED)
      Cumulative area ratio:  102.28
      Required ratio:    0.00 (Cumulative area) 
      Cumulative area ratio:  514.18
      Required ratio:    0.00 (Cumulative side area) 

    Layer: li1
      Partial area ratio:    0.00
      Required ratio:    0.00 (Gate area) 
      Partial area ratio:    0.00
      Required ratio:   75.00 (Side area) 
      Cumulative area ratio:    0.00
      Required ratio:    0.00 (Cumulative area) 
      Cumulative area ratio:    0.00
      Required ratio:    0.00 (Cumulative side area) 

    Via: M1M2_PR
      Partial area ratio:    0.36
      Required ratio:    6.00 (Gate area) 
      Cumulative area ratio:    0.48
      Required ratio:    0.00 (Cumulative area) 

    Via: L1M1_PR
      Partial area ratio:    0.12
      Required ratio:    3.00 (Gate area) 
      Cumulative area ratio:    0.12
      Required ratio:    0.00 (Cumulative area) 

  Pin: _274_/A2 (sky130_fd_sc_hd__o31ai_1)
    Layer: met2
      Partial area ratio:   31.18
      Required ratio:    0.00 (Gate area) 
      Partial area ratio:  156.35
      Required ratio: 2956.40 (Side area) 
      Cumulative area ratio:  133.67
      Required ratio:    0.00 (Cumulative area) 
      Cumulative area ratio:  671.97
      Required ratio:    0.00 (Cumulative side area) 

    Layer: met1
      Partial area ratio:    0.21
      Required ratio:    0.00 (Gate area) 
      Partial area ratio:    1.44
      Required ratio:  400.00 (Side area) 
      Cumulative area ratio:    0.21
      Required ratio:    0.00 (Cumulative area) 
      Cumulative area ratio:    1.44
      Required ratio:    0.00 (Cumulative side area) 

    Layer: li1
      Partial area ratio:    0.00
      Required ratio:    0.00 (Gate area) 
      Partial area ratio:    0.00
      Required ratio:   75.00 (Side area) 
      Cumulative area ratio:    0.00
      Required ratio:    0.00 (Cumulative area) 
      Cumulative area ratio:    0.00
      Required ratio:    0.00 (Cumulative side area) 

    Via: M1M2_PR
      Partial area ratio:    0.09
      Required ratio:    6.00 (Gate area) 
      Cumulative area ratio:    0.21
      Required ratio:    0.00 (Cumulative area) 

    Via: L1M1_PR
      Partial area ratio:    0.12
      Required ratio:    3.00 (Gate area) 
      Cumulative area ratio:    0.12
      Required ratio:    0.00 (Cumulative area) 


Net: net12
  Pin: _273_/A (sky130_fd_sc_hd__or2b_1)
    Layer: met2
      Partial area ratio:   12.93
      Required ratio:    0.00 (Gate area) 
      Partial area ratio:   64.78
      Required ratio: 3236.16 (Side area) 
      Cumulative area ratio:  251.93
      Required ratio:    0.00 (Cumulative area) 
      Cumulative area ratio: 1261.34
      Required ratio:    0.00 (Cumulative side area) 

    Layer: met1
      Partial area ratio:  239.00
      Required ratio:    0.00 (Gate area) 
      Partial area ratio: 1196.56
      Required ratio:  400.00 (Side area) (VIOLATED)
      Cumulative area ratio:  239.00
      Required ratio:    0.00 (Cumulative area) 
      Cumulative area ratio: 1196.56
      Required ratio:    0.00 (Cumulative side area) 

    Layer: li1
      Partial area ratio:    0.00
      Required ratio:    0.00 (Gate area) 
      Partial area ratio:    0.00
      Required ratio:   75.00 (Side area) 
      Cumulative area ratio:    0.00
      Required ratio:    0.00 (Cumulative area) 
      Cumulative area ratio:    0.00
      Required ratio:    0.00 (Cumulative side area) 

    Via: M1M2_PR
      Partial area ratio:    0.36
      Required ratio:    6.00 (Gate area) 
      Cumulative area ratio:    0.59
      Required ratio:    0.00 (Cumulative area) 

    Via: L1M1_PR
      Partial area ratio:    0.23
      Required ratio:    3.00 (Gate area) 
      Cumulative area ratio:    0.23
      Required ratio:    0.00 (Cumulative area) 

  Pin: _237_/B (sky130_fd_sc_hd__nand2_1)
    Layer: met2
      Partial area ratio:   12.93
      Required ratio:    0.00 (Gate area) 
      Partial area ratio:   64.78
      Required ratio: 3236.16 (Side area) 
      Cumulative area ratio:  254.57
      Required ratio:    0.00 (Cumulative area) 
      Cumulative area ratio: 1275.20
      Required ratio:    0.00 (Cumulative side area) 

    Layer: met1
      Partial area ratio:    2.13
      Required ratio:    0.00 (Gate area) 
      Partial area ratio:   11.17
      Required ratio:  400.00 (Side area) 
      Cumulative area ratio:    2.13
      Required ratio:    0.00 (Cumulative area) 
      Cumulative area ratio:   11.17
      Required ratio:    0.00 (Cumulative side area) 

    Layer: li1
      Partial area ratio:    0.00
      Required ratio:    0.00 (Gate area) 
      Partial area ratio:    0.00
      Required ratio:   75.00 (Side area) 
      Cumulative area ratio:    0.00
      Required ratio:    0.00 (Cumulative area) 
      Cumulative area ratio:    0.00
      Required ratio:    0.00 (Cumulative side area) 

    Via: M1M2_PR
      Partial area ratio:    0.06
      Required ratio:    6.00 (Gate area) 
      Cumulative area ratio:    0.18
      Required ratio:    0.00 (Cumulative area) 

    Via: L1M1_PR
      Partial area ratio:    0.12
      Required ratio:    3.00 (Gate area) 
      Cumulative area ratio:    0.12
      Required ratio:    0.00 (Cumulative area) 

  Pin: _244_/B (sky130_fd_sc_hd__or2_1)
    Layer: met2
      Partial area ratio:   12.93
      Required ratio:    0.00 (Gate area) 
      Partial area ratio:   64.78
      Required ratio: 3236.16 (Side area) 
      Cumulative area ratio:  254.57
      Required ratio:    0.00 (Cumulative area) 
      Cumulative area ratio: 1275.20
      Required ratio:    0.00 (Cumulative side area) 

    Layer: met1
      Partial area ratio:    2.13
      Required ratio:    0.00 (Gate area) 
      Partial area ratio:   11.17
      Required ratio:  400.00 (Side area) 
      Cumulative area ratio:    2.13
      Required ratio:    0.00 (Cumulative area) 
      Cumulative area ratio:   11.17
      Required ratio:    0.00 (Cumulative side area) 

    Layer: li1
      Partial area ratio:    0.00
      Required ratio:    0.00 (Gate area) 
      Partial area ratio:    0.00
      Required ratio:   75.00 (Side area) 
      Cumulative area ratio:    0.00
      Required ratio:    0.00 (Cumulative area) 
      Cumulative area ratio:    0.00
      Required ratio:    0.00 (Cumulative side area) 

    Via: M1M2_PR
      Partial area ratio:    0.06
      Required ratio:    6.00 (Gate area) 
      Cumulative area ratio:    0.29
      Required ratio:    0.00 (Cumulative area) 

    Via: L1M1_PR
      Partial area ratio:    0.23
      Required ratio:    3.00 (Gate area) 
      Cumulative area ratio:    0.23
      Required ratio:    0.00 (Cumulative area) 

  Pin: _266_/A2 (sky130_fd_sc_hd__a221o_1)
    Layer: met2
      Partial area ratio:   12.93
      Required ratio:    0.00 (Gate area) 
      Partial area ratio:   64.78
      Required ratio: 3236.16 (Side area) 
      Cumulative area ratio:  256.31
      Required ratio:    0.00 (Cumulative area) 
      Cumulative area ratio: 1284.60
      Required ratio:    0.00 (Cumulative side area) 

    Layer: met1
      Partial area ratio:    3.87
      Required ratio:    0.00 (Gate area) 
      Partial area ratio:   20.56
      Required ratio:  400.00 (Side area) 
      Cumulative area ratio:    3.87
      Required ratio:    0.00 (Cumulative area) 
      Cumulative area ratio:   20.56
      Required ratio:    0.00 (Cumulative side area) 

    Layer: li1
      Partial area ratio:    0.00
      Required ratio:    0.00 (Gate area) 
      Partial area ratio:    0.00
      Required ratio:   75.00 (Side area) 
      Cumulative area ratio:    0.00
      Required ratio:    0.00 (Cumulative area) 
      Cumulative area ratio:    0.00
      Required ratio:    0.00 (Cumulative side area) 

    Via: M1M2_PR
      Partial area ratio:    0.09
      Required ratio:    6.00 (Gate area) 
      Cumulative area ratio:    0.21
      Required ratio:    0.00 (Cumulative area) 

    Via: L1M1_PR
      Partial area ratio:    0.12
      Required ratio:    3.00 (Gate area) 
      Cumulative area ratio:    0.12
      Required ratio:    0.00 (Cumulative area) 

  Pin: _249_/B (sky130_fd_sc_hd__xor2_4)
    Layer: met2
      Partial area ratio:   12.93
      Required ratio:    0.00 (Gate area) 
      Partial area ratio:   64.78
      Required ratio: 3236.16 (Side area) 
      Cumulative area ratio:  252.44
      Required ratio:    0.00 (Cumulative area) 
      Cumulative area ratio: 1264.03
      Required ratio:    0.00 (Cumulative side area) 

    Layer: met1
      Partial area ratio:    0.51
      Required ratio:    0.00 (Gate area) 
      Partial area ratio:    2.69
      Required ratio:  400.00 (Side area) 
      Cumulative area ratio:    0.51
      Required ratio:    0.00 (Cumulative area) 
      Cumulative area ratio:    2.69
      Required ratio:    0.00 (Cumulative side area) 

    Layer: li1
      Partial area ratio:    0.00
      Required ratio:    0.00 (Gate area) 
      Partial area ratio:    0.00
      Required ratio:   75.00 (Side area) 
      Cumulative area ratio:    0.00
      Required ratio:    0.00 (Cumulative area) 
      Cumulative area ratio:    0.00
      Required ratio:    0.00 (Cumulative side area) 

    Via: M1M2_PR
      Partial area ratio:    0.02
      Required ratio:    6.00 (Gate area) 
      Cumulative area ratio:    0.04
      Required ratio:    0.00 (Cumulative area) 

    Via: L1M1_PR
      Partial area ratio:    0.01
      Required ratio:    3.00 (Gate area) 
      Cumulative area ratio:    0.01
      Required ratio:    0.00 (Cumulative area) 


Net: net23
  Pin: _356_/A (sky130_fd_sc_hd__or4b_4)
    Layer: met1
      Partial area ratio:    6.13
      Required ratio:    0.00 (Gate area) 
      Partial area ratio:   33.43
      Required ratio: 2956.40 (Side area) 
      Cumulative area ratio:    6.13
      Required ratio:    0.00 (Cumulative area) 
      Cumulative area ratio:   33.43
      Required ratio:    0.00 (Cumulative side area) 

    Layer: li1
      Partial area ratio:    0.00
      Required ratio:    0.00 (Gate area) 
      Partial area ratio:    0.00
      Required ratio:   75.00 (Side area) 
      Cumulative area ratio:    0.00
      Required ratio:    0.00 (Cumulative area) 
      Cumulative area ratio:    0.00
      Required ratio:    0.00 (Cumulative side area) 

    Layer: met2
      Partial area ratio:   69.54
      Required ratio:    0.00 (Gate area) 
      Partial area ratio:  348.77
      Required ratio: 2956.40 (Side area) 
      Cumulative area ratio:   75.67
      Required ratio:    0.00 (Cumulative area) 
      Cumulative area ratio:  382.20
      Required ratio:    0.00 (Cumulative side area) 

    Via: M1M2_PR
      Partial area ratio:    0.09
      Required ratio:    6.00 (Gate area) 
      Cumulative area ratio:    0.21
      Required ratio:    0.00 (Cumulative area) 

    Via: L1M1_PR
      Partial area ratio:    0.12
      Required ratio:    3.00 (Gate area) 
      Cumulative area ratio:    0.12
      Required ratio:    0.00 (Cumulative area) 

  Pin: output23/A (sky130_fd_sc_hd__clkbuf_4)
    Layer: met2
      Partial area ratio:   69.54
      Required ratio:    0.00 (Gate area) 
      Partial area ratio:  348.77
      Required ratio: 2956.40 (Side area) 
      Cumulative area ratio:  183.28
      Required ratio:    0.00 (Cumulative area) 
      Cumulative area ratio:  919.29
      Required ratio:    0.00 (Cumulative side area) 

    Layer: met1
      Partial area ratio:  113.74
      Required ratio:    0.00 (Gate area) 
      Partial area ratio:  570.52
      Required ratio:  400.00 (Side area) (VIOLATED)
      Cumulative area ratio:  113.74
      Required ratio:    0.00 (Cumulative area) 
      Cumulative area ratio:  570.52
      Required ratio:    0.00 (Cumulative side area) 

    Layer: li1
      Partial area ratio:    0.00
      Required ratio:    0.00 (Gate area) 
      Partial area ratio:    0.00
      Required ratio:   75.00 (Side area) 
      Cumulative area ratio:    0.00
      Required ratio:    0.00 (Cumulative area) 
      Cumulative area ratio:    0.00
      Required ratio:    0.00 (Cumulative side area) 

    Via: M1M2_PR
      Partial area ratio:    0.11
      Required ratio:    6.00 (Gate area) 
      Cumulative area ratio:    0.24
      Required ratio:    0.00 (Cumulative area) 

    Via: L1M1_PR
      Partial area ratio:    0.14
      Required ratio:    3.00 (Gate area) 
      Cumulative area ratio:    0.14
      Required ratio:    0.00 (Cumulative area) 


Net: net25
  Pin: _357_/A (sky130_fd_sc_hd__or4_4)
    Layer: met2
      Partial area ratio:   52.62
      Required ratio:    0.00 (Gate area) 
      Partial area ratio:  264.05
      Required ratio: 3172.40 (Side area) 
      Cumulative area ratio:  177.07
      Required ratio:    0.00 (Cumulative area) 
      Cumulative area ratio:  888.71
      Required ratio:    0.00 (Cumulative side area) 

    Layer: met1
      Partial area ratio:  124.46
      Required ratio:    0.00 (Gate area) 
      Partial area ratio:  624.65
      Required ratio:  400.00 (Side area) (VIOLATED)
      Cumulative area ratio:  124.46
      Required ratio:    0.00 (Cumulative area) 
      Cumulative area ratio:  624.65
      Required ratio:    0.00 (Cumulative side area) 

    Layer: li1
      Partial area ratio:    0.00
      Required ratio:    0.00 (Gate area) 
      Partial area ratio:    0.00
      Required ratio:   75.00 (Side area) 
      Cumulative area ratio:    0.00
      Required ratio:    0.00 (Cumulative area) 
      Cumulative area ratio:    0.00
      Required ratio:    0.00 (Cumulative side area) 

    Via: M1M2_PR
      Partial area ratio:    0.18
      Required ratio:    6.00 (Gate area) 
      Cumulative area ratio:    0.30
      Required ratio:    0.00 (Cumulative area) 

    Via: L1M1_PR
      Partial area ratio:    0.12
      Required ratio:    3.00 (Gate area) 
      Cumulative area ratio:    0.12
      Required ratio:    0.00 (Cumulative area) 

  Pin: output25/A (sky130_fd_sc_hd__buf_2)
    Layer: met2
      Partial area ratio:   52.62
      Required ratio:    0.00 (Gate area) 
      Partial area ratio:  264.05
      Required ratio: 3172.40 (Side area) 
      Cumulative area ratio:  177.07
      Required ratio:    0.00 (Cumulative area) 
      Cumulative area ratio:  888.71
      Required ratio:    0.00 (Cumulative side area) 

    Layer: met1
      Partial area ratio:    0.00
      Required ratio:    0.00 (Gate area) 
      Partial area ratio:    0.00
      Required ratio:  400.00 (Side area) 
      Cumulative area ratio:    0.00
      Required ratio:    0.00 (Cumulative area) 
      Cumulative area ratio:    0.00
      Required ratio:    0.00 (Cumulative side area) 

    Layer: li1
      Partial area ratio:    0.00
      Required ratio:    0.00 (Gate area) 
      Partial area ratio:    0.00
      Required ratio:   75.00 (Side area) 
      Cumulative area ratio:    0.00
      Required ratio:    0.00 (Cumulative area) 
      Cumulative area ratio:    0.00
      Required ratio:    0.00 (Cumulative side area) 

    Via: M1M2_PR
      Partial area ratio:    0.14
      Required ratio:    6.00 (Gate area) 
      Cumulative area ratio:    0.32
      Required ratio:    0.00 (Cumulative area) 

    Via: L1M1_PR
      Partial area ratio:    0.18
      Required ratio:    3.00 (Gate area) 
      Cumulative area ratio:    0.18
      Required ratio:    0.00 (Cumulative area) 


Net: net27
  Pin: _357_/C (sky130_fd_sc_hd__or4_4)
    Layer: met2
      Partial area ratio:   48.22
      Required ratio:    0.00 (Gate area) 
      Partial area ratio:  241.60
      Required ratio: 2956.40 (Side area) 
      Cumulative area ratio:  174.30
      Required ratio:    0.00 (Cumulative area) 
      Cumulative area ratio:  875.16
      Required ratio:    0.00 (Cumulative side area) 

    Layer: met1
      Partial area ratio:  126.08
      Required ratio:    0.00 (Gate area) 
      Partial area ratio:  633.56
      Required ratio:  400.00 (Side area) (VIOLATED)
      Cumulative area ratio:  126.08
      Required ratio:    0.00 (Cumulative area) 
      Cumulative area ratio:  633.56
      Required ratio:    0.00 (Cumulative side area) 

    Layer: li1
      Partial area ratio:    0.00
      Required ratio:    0.00 (Gate area) 
      Partial area ratio:    0.00
      Required ratio:   75.00 (Side area) 
      Cumulative area ratio:    0.00
      Required ratio:    0.00 (Cumulative area) 
      Cumulative area ratio:    0.00
      Required ratio:    0.00 (Cumulative side area) 

    Via: M1M2_PR
      Partial area ratio:    0.18
      Required ratio:    6.00 (Gate area) 
      Cumulative area ratio:    0.30
      Required ratio:    0.00 (Cumulative area) 

    Via: L1M1_PR
      Partial area ratio:    0.12
      Required ratio:    3.00 (Gate area) 
      Cumulative area ratio:    0.12
      Required ratio:    0.00 (Cumulative area) 

  Pin: output27/A (sky130_fd_sc_hd__buf_2)
    Layer: met2
      Partial area ratio:   48.22
      Required ratio:    0.00 (Gate area) 
      Partial area ratio:  241.60
      Required ratio: 2956.40 (Side area) 
      Cumulative area ratio:  174.83
      Required ratio:    0.00 (Cumulative area) 
      Cumulative area ratio:  878.42
      Required ratio:    0.00 (Cumulative side area) 

    Layer: met1
      Partial area ratio:    0.53
      Required ratio:    0.00 (Gate area) 
      Partial area ratio:    3.26
      Required ratio:  400.00 (Side area) 
      Cumulative area ratio:    0.53
      Required ratio:    0.00 (Cumulative area) 
      Cumulative area ratio:    3.26
      Required ratio:    0.00 (Cumulative side area) 

    Layer: li1
      Partial area ratio:    0.00
      Required ratio:    0.00 (Gate area) 
      Partial area ratio:    0.00
      Required ratio:   75.00 (Side area) 
      Cumulative area ratio:    0.00
      Required ratio:    0.00 (Cumulative area) 
      Cumulative area ratio:    0.00
      Required ratio:    0.00 (Cumulative side area) 

    Via: M1M2_PR
      Partial area ratio:    0.14
      Required ratio:    6.00 (Gate area) 
      Cumulative area ratio:    0.32
      Required ratio:    0.00 (Cumulative area) 

    Via: L1M1_PR
      Partial area ratio:    0.18
      Required ratio:    3.00 (Gate area) 
      Cumulative area ratio:    0.18
      Required ratio:    0.00 (Cumulative area) 


[INFO ANT-0002] Found 5 net violations.
[INFO ANT-0001] Found 5 pin violations.
