OpenROAD 41a51eaf4ca2171c92ff38afb91eb37bbd3f36da 
This program is licensed under the BSD-3 license. See the LICENSE file for details.
Components of this program may be licensed under more restrictive licenses which must be honored.
[INFO]: Reading ODB at '/openlane/designs/alu/runs/myrun/results/floorplan/alu.odb'…
define_corners Typical
read_liberty -corner Typical /home/jagadeesh97/.ciel/ciel/sky130/versions/0fe599b2afb6708d281543108caf8310912f54af/sky130A/libs.ref/sky130_fd_sc_hd/lib/sky130_fd_sc_hd__tt_025C_1v80.lib
Using 1e-12 for capacitance...
Using 1e+03 for resistance...
Using 1e-09 for time...
Using 1e+00 for voltage...
Using 1e-03 for current...
Using 1e-09 for power...
Using 1e-06 for distance...
Reading design constraints file at '/openlane/designs/alu/runs/myrun/tmp/floorplan/3-initial_fp.sdc'…
[INFO]: Setting RC values...
[INFO]: Setting signal min routing layer to: met1 and clock min routing layer to met3. 
[INFO]: Setting signal max routing layer to: met5 and clock max routing layer to met5. 
[INFO GPL-0002] DBU: 1000
[INFO GPL-0003] SiteSize: 460 2720
[INFO GPL-0004] CoreAreaLxLy: 5520 10880
[INFO GPL-0005] CoreAreaUxUy: 194120 187680
[INFO GPL-0006] NumInstances: 785
[INFO GPL-0007] NumPlaceInstances: 186
[INFO GPL-0008] NumFixedInstances: 599
[INFO GPL-0009] NumDummyInstances: 0
[INFO GPL-0010] NumNets: 206
[INFO GPL-0011] NumPins: 720
[INFO GPL-0012] DieAreaLxLy: 0 0
[INFO GPL-0013] DieAreaUxUy: 200000 200000
[INFO GPL-0014] CoreAreaLxLy: 5520 10880
[INFO GPL-0015] CoreAreaUxUy: 194120 187680
[INFO GPL-0016] CoreArea: 33344480000
[INFO GPL-0017] NonPlaceInstsArea: 1074780800
[INFO GPL-0018] PlaceInstsArea: 1562748800
[INFO GPL-0019] Util(%): 4.84
[INFO GPL-0020] StdInstsArea: 1562748800
[INFO GPL-0021] MacroInstsArea: 0
[InitialPlace]  Iter: 1 CG residual: 0.00000009 HPWL: 7239390
[InitialPlace]  Iter: 2 CG residual: 0.00000006 HPWL: 5934418
[InitialPlace]  Iter: 3 CG residual: 0.00000004 HPWL: 5930007
[InitialPlace]  Iter: 4 CG residual: 0.00000006 HPWL: 5942859
[InitialPlace]  Iter: 5 CG residual: 0.00000006 HPWL: 5932667
[INFO GPL-0031] FillerInit: NumGCells: 2360
[INFO GPL-0032] FillerInit: NumGNets: 206
[INFO GPL-0033] FillerInit: NumGPins: 720
[INFO GPL-0023] TargetDensity: 0.60
[INFO GPL-0024] AveragePlaceInstArea: 8401875
[INFO GPL-0025] IdealBinArea: 14003124
[INFO GPL-0026] IdealBinCnt: 2381
[INFO GPL-0027] TotalBinArea: 33344480000
[INFO GPL-0028] BinCnt: 32 32
[INFO GPL-0029] BinSize: 5894 5525
[INFO GPL-0030] NumBins: 1024
[NesterovSolve] Iter: 1 overflow: 0.757126 HPWL: 5668925
[INFO GPL-0100] worst slack 2.8e-09
[INFO GPL-0103] Weighted 20 nets.
[INFO GPL-0100] worst slack 2.66e-09
[INFO GPL-0103] Weighted 20 nets.
[NesterovSolve] Snapshot saved at iter = 4
[NesterovSolve] Iter: 10 overflow: 0.58569 HPWL: 6047629
[NesterovSolve] Iter: 20 overflow: 0.584355 HPWL: 6066499
[NesterovSolve] Iter: 30 overflow: 0.58124 HPWL: 6063441
[NesterovSolve] Iter: 40 overflow: 0.580429 HPWL: 6054920
[NesterovSolve] Iter: 50 overflow: 0.583562 HPWL: 6060874
[NesterovSolve] Iter: 60 overflow: 0.584726 HPWL: 6072316
[NesterovSolve] Iter: 70 overflow: 0.585448 HPWL: 6075521
[NesterovSolve] Iter: 80 overflow: 0.585483 HPWL: 6075036
[NesterovSolve] Iter: 90 overflow: 0.585423 HPWL: 6074204
[NesterovSolve] Iter: 100 overflow: 0.585252 HPWL: 6072639
[NesterovSolve] Iter: 110 overflow: 0.584862 HPWL: 6070623
[NesterovSolve] Iter: 120 overflow: 0.584375 HPWL: 6068439
[NesterovSolve] Iter: 130 overflow: 0.584103 HPWL: 6067628
[NesterovSolve] Iter: 140 overflow: 0.583936 HPWL: 6069516
[NesterovSolve] Iter: 150 overflow: 0.583602 HPWL: 6072306
[NesterovSolve] Iter: 160 overflow: 0.582919 HPWL: 6078530
[NesterovSolve] Iter: 170 overflow: 0.581664 HPWL: 6083736
[NesterovSolve] Iter: 180 overflow: 0.579757 HPWL: 6082413
[NesterovSolve] Iter: 190 overflow: 0.576588 HPWL: 6071613
[NesterovSolve] Iter: 200 overflow: 0.571275 HPWL: 6072393
[NesterovSolve] Iter: 210 overflow: 0.562225 HPWL: 6063721
[NesterovSolve] Iter: 220 overflow: 0.552777 HPWL: 6065336
[NesterovSolve] Iter: 230 overflow: 0.54287 HPWL: 6085830
[NesterovSolve] Iter: 240 overflow: 0.523442 HPWL: 6102115
[NesterovSolve] Iter: 250 overflow: 0.504289 HPWL: 6127777
[INFO GPL-0100] worst slack 2.79e-09
[INFO GPL-0103] Weighted 20 nets.
[NesterovSolve] Iter: 260 overflow: 0.479134 HPWL: 6151381
[NesterovSolve] Iter: 270 overflow: 0.443615 HPWL: 6224063
[NesterovSolve] Iter: 280 overflow: 0.392505 HPWL: 6227710
[NesterovSolve] Iter: 290 overflow: 0.354357 HPWL: 6255947
[NesterovSolve] Iter: 300 overflow: 0.30493 HPWL: 6293268
[INFO GPL-0100] worst slack 2.79e-09
[INFO GPL-0103] Weighted 20 nets.
[NesterovSolve] Iter: 310 overflow: 0.268841 HPWL: 6330721
[NesterovSolve] Iter: 320 overflow: 0.239141 HPWL: 6372017
[INFO GPL-0100] worst slack 2.85e-09
[INFO GPL-0103] Weighted 20 nets.
[NesterovSolve] Iter: 330 overflow: 0.196136 HPWL: 6416350
[INFO GPL-0075] Routability numCall: 1 inflationIterCnt: 1 bloatIterCnt: 0
[INFO GPL-0036] TileLxLy: 0 0
[INFO GPL-0037] TileSize: 6900 6900
[INFO GPL-0038] TileCnt: 28 28
[INFO GPL-0039] numRoutingLayers: 6
[INFO GPL-0040] NumTiles: 784
[INFO GPL-0063] TotalRouteOverflowH2: 0.0
[INFO GPL-0064] TotalRouteOverflowV2: 0.0
[INFO GPL-0065] OverflowTileCnt2: 0
[INFO GPL-0066] 0.5%RC: 0.9750000014901161
[INFO GPL-0067] 1.0%RC: 0.8977777838706971
[INFO GPL-0068] 2.0%RC: 0.7953488327736078
[INFO GPL-0069] 5.0%RC: 0.6803738424711139
[INFO GPL-0070] 0.5rcK: 1.0
[INFO GPL-0071] 1.0rcK: 1.0
[INFO GPL-0072] 2.0rcK: 0.0
[INFO GPL-0073] 5.0rcK: 0.0
[INFO GPL-0074] FinalRC: 0.9363889
[NesterovSolve] Iter: 340 overflow: 0.17618 HPWL: 6439511
[INFO GPL-0100] worst slack 2.85e-09
[INFO GPL-0103] Weighted 20 nets.
[NesterovSolve] Iter: 350 overflow: 0.13773 HPWL: 6483685
[NesterovSolve] Iter: 360 overflow: 0.111995 HPWL: 6463264
[NesterovSolve] Finished with Overflow: 0.098822
Setting global connections for newly added cells…
Writing OpenROAD database to '/openlane/designs/alu/runs/myrun/tmp/placement/7-global.odb'…
Writing netlist to '/openlane/designs/alu/runs/myrun/tmp/placement/7-global.nl.v'…
Writing powered netlist to '/openlane/designs/alu/runs/myrun/tmp/placement/7-global.pnl.v'…
Writing layout to '/openlane/designs/alu/runs/myrun/tmp/placement/7-global.def'…
