OpenROAD 41a51eaf4ca2171c92ff38afb91eb37bbd3f36da 
This program is licensed under the BSD-3 license. See the LICENSE file for details.
Components of this program may be licensed under more restrictive licenses which must be honored.
[INFO]: Reading ODB at '/openlane/designs/alu-8bit/runs/myrun/tmp/placement/7-global.odb'…
define_corners Typical
read_liberty -corner Typical /home/jagadeesh97/.ciel/sky130A/libs.ref/sky130_fd_sc_hd/lib/sky130_fd_sc_hd__tt_025C_1v80.lib
Using 1e-12 for capacitance...
Using 1e+03 for resistance...
Using 1e-09 for time...
Using 1e+00 for voltage...
Using 1e-03 for current...
Using 1e-09 for power...
Using 1e-06 for distance...
Reading design constraints file at '/openlane/designs/alu-8bit/runs/myrun/tmp/floorplan/3-initial_fp.sdc'…
[INFO]: Setting RC values...
min_report

===========================================================================
report_checks -path_delay min (Hold)
============================================================================
======================= Typical Corner ===================================

Startpoint: B[0] (input port clocked by clk)
Endpoint: Result[1] (output port clocked by clk)
Path Group: clk
Path Type: min

Fanout     Cap    Slew   Delay    Time   Description
-----------------------------------------------------------------------------
                  0.00    0.00    0.00   clock clk (rise edge)
                          0.00    0.00   clock network delay (ideal)
                          2.00    2.00 v input external delay
                  0.07    0.05    2.05 v B[0] (in)
     3    0.03                           B[0] (net)
                  0.07    0.00    2.05 v _178_/A (sky130_fd_sc_hd__nand2_2)
                  0.11    0.11    2.16 ^ _178_/Y (sky130_fd_sc_hd__nand2_2)
     6    0.02                           _111_ (net)
                  0.11    0.00    2.16 ^ _179_/B (sky130_fd_sc_hd__nand2_2)
                  0.03    0.05    2.22 v _179_/Y (sky130_fd_sc_hd__nand2_2)
     1    0.00                           _112_ (net)
                  0.03    0.00    2.22 v _206_/A1 (sky130_fd_sc_hd__a31o_2)
                  0.17    0.30    2.52 v _206_/X (sky130_fd_sc_hd__a31o_2)
     2    0.07                           Result[1] (net)
                  0.18    0.02    2.53 v Result[1] (out)
                                  2.53   data arrival time

                  0.00    0.00    0.00   clock clk (rise edge)
                          0.00    0.00   clock network delay (ideal)
                          0.25    0.25   clock uncertainty
                          0.00    0.25   clock reconvergence pessimism
                         -2.00   -1.75   output external delay
                                 -1.75   data required time
-----------------------------------------------------------------------------
                                 -1.75   data required time
                                 -2.53   data arrival time
-----------------------------------------------------------------------------
                                  4.28   slack (MET)


Startpoint: B[0] (input port clocked by clk)
Endpoint: Result[0] (output port clocked by clk)
Path Group: clk
Path Type: min

Fanout     Cap    Slew   Delay    Time   Description
-----------------------------------------------------------------------------
                  0.00    0.00    0.00   clock clk (rise edge)
                          0.00    0.00   clock network delay (ideal)
                          2.00    2.00 ^ input external delay
                  0.15    0.10    2.10 ^ B[0] (in)
     3    0.03                           B[0] (net)
                  0.15    0.00    2.10 ^ _350_/A (sky130_fd_sc_hd__or2_2)
                  0.06    0.15    2.25 ^ _350_/X (sky130_fd_sc_hd__or2_2)
     3    0.01                           _099_ (net)
                  0.06    0.00    2.25 ^ _354_/A2 (sky130_fd_sc_hd__a211o_2)
                  0.29    0.29    2.53 ^ _354_/X (sky130_fd_sc_hd__a211o_2)
     2    0.06                           Result[0] (net)
                  0.29    0.01    2.55 ^ Result[0] (out)
                                  2.55   data arrival time

                  0.00    0.00    0.00   clock clk (rise edge)
                          0.00    0.00   clock network delay (ideal)
                          0.25    0.25   clock uncertainty
                          0.00    0.25   clock reconvergence pessimism
                         -2.00   -1.75   output external delay
                                 -1.75   data required time
-----------------------------------------------------------------------------
                                 -1.75   data required time
                                 -2.55   data arrival time
-----------------------------------------------------------------------------
                                  4.30   slack (MET)


Startpoint: B[0] (input port clocked by clk)
Endpoint: Zero (output port clocked by clk)
Path Group: clk
Path Type: min

Fanout     Cap    Slew   Delay    Time   Description
-----------------------------------------------------------------------------
                  0.00    0.00    0.00   clock clk (rise edge)
                          0.00    0.00   clock network delay (ideal)
                          2.00    2.00 v input external delay
                  0.07    0.05    2.05 v B[0] (in)
     3    0.03                           B[0] (net)
                  0.07    0.00    2.05 v _178_/A (sky130_fd_sc_hd__nand2_2)
                  0.11    0.11    2.16 ^ _178_/Y (sky130_fd_sc_hd__nand2_2)
     6    0.02                           _111_ (net)
                  0.11    0.00    2.16 ^ _358_/A1 (sky130_fd_sc_hd__a211o_2)
                  0.03    0.13    2.29 ^ _358_/X (sky130_fd_sc_hd__a211o_2)
     1    0.00                           _106_ (net)
                  0.03    0.00    2.29 ^ _360_/B (sky130_fd_sc_hd__or4bb_2)
                  0.04    0.11    2.40 ^ _360_/X (sky130_fd_sc_hd__or4bb_2)
     1    0.01                           _108_ (net)
                  0.04    0.00    2.40 ^ _361_/B1 (sky130_fd_sc_hd__o31ai_2)
                  0.20    0.19    2.59 v _361_/Y (sky130_fd_sc_hd__o31ai_2)
     1    0.05                           Zero (net)
                  0.20    0.01    2.60 v Zero (out)
                                  2.60   data arrival time

                  0.00    0.00    0.00   clock clk (rise edge)
                          0.00    0.00   clock network delay (ideal)
                          0.25    0.25   clock uncertainty
                          0.00    0.25   clock reconvergence pessimism
                         -2.00   -1.75   output external delay
                                 -1.75   data required time
-----------------------------------------------------------------------------
                                 -1.75   data required time
                                 -2.60   data arrival time
-----------------------------------------------------------------------------
                                  4.35   slack (MET)


Startpoint: Sel[2] (input port clocked by clk)
Endpoint: Result[2] (output port clocked by clk)
Path Group: clk
Path Type: min

Fanout     Cap    Slew   Delay    Time   Description
-----------------------------------------------------------------------------
                  0.00    0.00    0.00   clock clk (rise edge)
                          0.00    0.00   clock network delay (ideal)
                          2.00    2.00 ^ input external delay
                  0.18    0.12    2.12 ^ Sel[2] (in)
     7    0.04                           Sel[2] (net)
                  0.18    0.00    2.12 ^ _186_/A (sky130_fd_sc_hd__nor2_2)
                  0.05    0.06    2.18 v _186_/Y (sky130_fd_sc_hd__nor2_2)
     2    0.01                           _119_ (net)
                  0.05    0.00    2.18 v _187_/B (sky130_fd_sc_hd__nand2_2)
                  0.07    0.08    2.27 ^ _187_/Y (sky130_fd_sc_hd__nand2_2)
     3    0.01                           _120_ (net)
                  0.07    0.00    2.27 ^ _213_/B (sky130_fd_sc_hd__nor2_2)
                  0.05    0.07    2.33 v _213_/Y (sky130_fd_sc_hd__nor2_2)
     5    0.02                           _145_ (net)
                  0.05    0.00    2.33 v _215_/A (sky130_fd_sc_hd__nand2_2)
                  0.04    0.06    2.39 ^ _215_/Y (sky130_fd_sc_hd__nand2_2)
     1    0.01                           _147_ (net)
                  0.04    0.00    2.39 ^ _233_/A2 (sky130_fd_sc_hd__o21ai_2)
                  0.25    0.20    2.59 v _233_/Y (sky130_fd_sc_hd__o21ai_2)
     2    0.07                           Result[2] (net)
                  0.25    0.02    2.61 v Result[2] (out)
                                  2.61   data arrival time

                  0.00    0.00    0.00   clock clk (rise edge)
                          0.00    0.00   clock network delay (ideal)
                          0.25    0.25   clock uncertainty
                          0.00    0.25   clock reconvergence pessimism
                         -2.00   -1.75   output external delay
                                 -1.75   data required time
-----------------------------------------------------------------------------
                                 -1.75   data required time
                                 -2.61   data arrival time
-----------------------------------------------------------------------------
                                  4.36   slack (MET)


Startpoint: A[5] (input port clocked by clk)
Endpoint: Result[5] (output port clocked by clk)
Path Group: clk
Path Type: min

Fanout     Cap    Slew   Delay    Time   Description
-----------------------------------------------------------------------------
                  0.00    0.00    0.00   clock clk (rise edge)
                          0.00    0.00   clock network delay (ideal)
                          2.00    2.00 v input external delay
                  0.10    0.07    2.07 v A[5] (in)
     8    0.04                           A[5] (net)
                  0.10    0.00    2.07 v _296_/B1 (sky130_fd_sc_hd__o21ai_2)
                  0.05    0.06    2.13 ^ _296_/Y (sky130_fd_sc_hd__o21ai_2)
     1    0.00                           _049_ (net)
                  0.05    0.00    2.13 ^ _297_/A2 (sky130_fd_sc_hd__a21o_2)
                  0.04    0.12    2.25 ^ _297_/X (sky130_fd_sc_hd__a21o_2)
     1    0.01                           _050_ (net)
                  0.04    0.00    2.25 ^ _298_/C1 (sky130_fd_sc_hd__o211ai_2)
                  0.04    0.06    2.31 v _298_/Y (sky130_fd_sc_hd__o211ai_2)
     1    0.00                           _051_ (net)
                  0.04    0.00    2.31 v _299_/B1 (sky130_fd_sc_hd__a31o_2)
                  0.17    0.32    2.63 v _299_/X (sky130_fd_sc_hd__a31o_2)
     2    0.06                           Result[5] (net)
                  0.17    0.01    2.64 v Result[5] (out)
                                  2.64   data arrival time

                  0.00    0.00    0.00   clock clk (rise edge)
                          0.00    0.00   clock network delay (ideal)
                          0.25    0.25   clock uncertainty
                          0.00    0.25   clock reconvergence pessimism
                         -2.00   -1.75   output external delay
                                 -1.75   data required time
-----------------------------------------------------------------------------
                                 -1.75   data required time
                                 -2.64   data arrival time
-----------------------------------------------------------------------------
                                  4.39   slack (MET)


Startpoint: Sel[2] (input port clocked by clk)
Endpoint: Result[6] (output port clocked by clk)
Path Group: clk
Path Type: min

Fanout     Cap    Slew   Delay    Time   Description
-----------------------------------------------------------------------------
                  0.00    0.00    0.00   clock clk (rise edge)
                          0.00    0.00   clock network delay (ideal)
                          2.00    2.00 ^ input external delay
                  0.18    0.12    2.12 ^ Sel[2] (in)
     7    0.04                           Sel[2] (net)
                  0.18    0.00    2.12 ^ _186_/A (sky130_fd_sc_hd__nor2_2)
                  0.05    0.06    2.18 v _186_/Y (sky130_fd_sc_hd__nor2_2)
     2    0.01                           _119_ (net)
                  0.05    0.00    2.18 v _187_/B (sky130_fd_sc_hd__nand2_2)
                  0.07    0.08    2.27 ^ _187_/Y (sky130_fd_sc_hd__nand2_2)
     3    0.01                           _120_ (net)
                  0.07    0.00    2.27 ^ _213_/B (sky130_fd_sc_hd__nor2_2)
                  0.05    0.07    2.33 v _213_/Y (sky130_fd_sc_hd__nor2_2)
     5    0.02                           _145_ (net)
                  0.05    0.00    2.33 v _320_/A1 (sky130_fd_sc_hd__a31o_2)
                  0.19    0.32    2.65 v _320_/X (sky130_fd_sc_hd__a31o_2)
     2    0.07                           Result[6] (net)
                  0.19    0.02    2.67 v Result[6] (out)
                                  2.67   data arrival time

                  0.00    0.00    0.00   clock clk (rise edge)
                          0.00    0.00   clock network delay (ideal)
                          0.25    0.25   clock uncertainty
                          0.00    0.25   clock reconvergence pessimism
                         -2.00   -1.75   output external delay
                                 -1.75   data required time
-----------------------------------------------------------------------------
                                 -1.75   data required time
                                 -2.67   data arrival time
-----------------------------------------------------------------------------
                                  4.42   slack (MET)


Startpoint: A[3] (input port clocked by clk)
Endpoint: Result[3] (output port clocked by clk)
Path Group: clk
Path Type: min

Fanout     Cap    Slew   Delay    Time   Description
-----------------------------------------------------------------------------
                  0.00    0.00    0.00   clock clk (rise edge)
                          0.00    0.00   clock network delay (ideal)
                          2.00    2.00 v input external delay
                  0.14    0.10    2.10 v A[3] (in)
    10    0.06                           A[3] (net)
                  0.15    0.00    2.10 v _235_/A (sky130_fd_sc_hd__nand2_2)
                  0.04    0.08    2.18 ^ _235_/Y (sky130_fd_sc_hd__nand2_2)
     1    0.00                           _166_ (net)
                  0.04    0.00    2.18 ^ _236_/A2 (sky130_fd_sc_hd__a21o_2)
                  0.03    0.10    2.28 ^ _236_/X (sky130_fd_sc_hd__a21o_2)
     1    0.00                           _167_ (net)
                  0.03    0.00    2.28 ^ _246_/A (sky130_fd_sc_hd__and4_2)
                  0.06    0.19    2.47 ^ _246_/X (sky130_fd_sc_hd__and4_2)
     1    0.01                           _001_ (net)
                  0.06    0.00    2.47 ^ _255_/A (sky130_fd_sc_hd__nand2_2)
                  0.25    0.19    2.67 v _255_/Y (sky130_fd_sc_hd__nand2_2)
     2    0.06                           Result[3] (net)
                  0.26    0.02    2.68 v Result[3] (out)
                                  2.68   data arrival time

                  0.00    0.00    0.00   clock clk (rise edge)
                          0.00    0.00   clock network delay (ideal)
                          0.25    0.25   clock uncertainty
                          0.00    0.25   clock reconvergence pessimism
                         -2.00   -1.75   output external delay
                                 -1.75   data required time
-----------------------------------------------------------------------------
                                 -1.75   data required time
                                 -2.68   data arrival time
-----------------------------------------------------------------------------
                                  4.43   slack (MET)


Startpoint: Sel[2] (input port clocked by clk)
Endpoint: Result[7] (output port clocked by clk)
Path Group: clk
Path Type: min

Fanout     Cap    Slew   Delay    Time   Description
-----------------------------------------------------------------------------
                  0.00    0.00    0.00   clock clk (rise edge)
                          0.00    0.00   clock network delay (ideal)
                          2.00    2.00 ^ input external delay
                  0.18    0.12    2.12 ^ Sel[2] (in)
     7    0.04                           Sel[2] (net)
                  0.18    0.00    2.12 ^ _186_/A (sky130_fd_sc_hd__nor2_2)
                  0.05    0.06    2.18 v _186_/Y (sky130_fd_sc_hd__nor2_2)
     2    0.01                           _119_ (net)
                  0.05    0.00    2.18 v _187_/B (sky130_fd_sc_hd__nand2_2)
                  0.07    0.08    2.27 ^ _187_/Y (sky130_fd_sc_hd__nand2_2)
     3    0.01                           _120_ (net)
                  0.07    0.00    2.27 ^ _342_/C1 (sky130_fd_sc_hd__a2111o_2)
                  0.04    0.10    2.37 ^ _342_/X (sky130_fd_sc_hd__a2111o_2)
     1    0.00                           _093_ (net)
                  0.04    0.00    2.37 ^ _343_/C1 (sky130_fd_sc_hd__o211ai_2)
                  0.40    0.31    2.67 v _343_/Y (sky130_fd_sc_hd__o211ai_2)
     2    0.07                           Result[7] (net)
                  0.40    0.01    2.69 v Result[7] (out)
                                  2.69   data arrival time

                  0.00    0.00    0.00   clock clk (rise edge)
                          0.00    0.00   clock network delay (ideal)
                          0.25    0.25   clock uncertainty
                          0.00    0.25   clock reconvergence pessimism
                         -2.00   -1.75   output external delay
                                 -1.75   data required time
-----------------------------------------------------------------------------
                                 -1.75   data required time
                                 -2.69   data arrival time
-----------------------------------------------------------------------------
                                  4.44   slack (MET)


Startpoint: A[7] (input port clocked by clk)
Endpoint: CarryOut (output port clocked by clk)
Path Group: clk
Path Type: min

Fanout     Cap    Slew   Delay    Time   Description
-----------------------------------------------------------------------------
                  0.00    0.00    0.00   clock clk (rise edge)
                          0.00    0.00   clock network delay (ideal)
                          2.00    2.00 v input external delay
                  0.12    0.08    2.08 v A[7] (in)
     9    0.05                           A[7] (net)
                  0.12    0.00    2.08 v _329_/A (sky130_fd_sc_hd__inv_2)
                  0.05    0.07    2.15 ^ _329_/Y (sky130_fd_sc_hd__inv_2)
     2    0.00                           _080_ (net)
                  0.05    0.00    2.15 ^ _345_/A1 (sky130_fd_sc_hd__o211a_2)
                  0.04    0.16    2.31 ^ _345_/X (sky130_fd_sc_hd__o211a_2)
     1    0.00                           _095_ (net)
                  0.04    0.00    2.31 ^ _348_/A (sky130_fd_sc_hd__or3b_2)
                  0.12    0.16    2.47 ^ _348_/X (sky130_fd_sc_hd__or3b_2)
     1    0.02                           _098_ (net)
                  0.12    0.00    2.47 ^ _349_/A (sky130_fd_sc_hd__buf_1)
                  0.58    0.44    2.92 ^ _349_/X (sky130_fd_sc_hd__buf_1)
     1    0.05                           CarryOut (net)
                  0.58    0.01    2.92 ^ CarryOut (out)
                                  2.92   data arrival time

                  0.00    0.00    0.00   clock clk (rise edge)
                          0.00    0.00   clock network delay (ideal)
                          0.25    0.25   clock uncertainty
                          0.00    0.25   clock reconvergence pessimism
                         -2.00   -1.75   output external delay
                                 -1.75   data required time
-----------------------------------------------------------------------------
                                 -1.75   data required time
                                 -2.92   data arrival time
-----------------------------------------------------------------------------
                                  4.67   slack (MET)


Startpoint: A[4] (input port clocked by clk)
Endpoint: Result[4] (output port clocked by clk)
Path Group: clk
Path Type: min

Fanout     Cap    Slew   Delay    Time   Description
-----------------------------------------------------------------------------
                  0.00    0.00    0.00   clock clk (rise edge)
                          0.00    0.00   clock network delay (ideal)
                          2.00    2.00 ^ input external delay
                  0.16    0.11    2.11 ^ A[4] (in)
     3    0.03                           A[4] (net)
                  0.16    0.00    2.11 ^ _256_/A (sky130_fd_sc_hd__nor2_2)
                  0.05    0.08    2.18 v _256_/Y (sky130_fd_sc_hd__nor2_2)
     2    0.01                           _010_ (net)
                  0.05    0.00    2.18 v _262_/A1 (sky130_fd_sc_hd__o221ai_2)
                  0.05    0.16    2.34 ^ _262_/Y (sky130_fd_sc_hd__o221ai_2)
     1    0.00                           _016_ (net)
                  0.05    0.00    2.34 ^ _278_/A (sky130_fd_sc_hd__or3b_2)
                  0.03    0.10    2.44 ^ _278_/X (sky130_fd_sc_hd__or3b_2)
     1    0.00                           _032_ (net)
                  0.03    0.00    2.44 ^ _279_/A (sky130_fd_sc_hd__buf_1)
                  0.68    0.48    2.92 ^ _279_/X (sky130_fd_sc_hd__buf_1)
     2    0.06                           Result[4] (net)
                  0.68    0.01    2.93 ^ Result[4] (out)
                                  2.93   data arrival time

                  0.00    0.00    0.00   clock clk (rise edge)
                          0.00    0.00   clock network delay (ideal)
                          0.25    0.25   clock uncertainty
                          0.00    0.25   clock reconvergence pessimism
                         -2.00   -1.75   output external delay
                                 -1.75   data required time
-----------------------------------------------------------------------------
                                 -1.75   data required time
                                 -2.93   data arrival time
-----------------------------------------------------------------------------
                                  4.68   slack (MET)



min_report_end
max_report

===========================================================================
report_checks -path_delay max (Setup)
============================================================================
======================= Typical Corner ===================================

Startpoint: A[1] (input port clocked by clk)
Endpoint: Zero (output port clocked by clk)
Path Group: clk
Path Type: max

Fanout     Cap    Slew   Delay    Time   Description
-----------------------------------------------------------------------------
                  0.00    0.00    0.00   clock clk (rise edge)
                          0.00    0.00   clock network delay (ideal)
                          2.00    2.00 ^ input external delay
                  0.13    0.09    2.09 ^ A[1] (in)
     1    0.03                           A[1] (net)
                  0.13    0.00    2.09 ^ _176_/A (sky130_fd_sc_hd__buf_1)
                  0.56    0.48    2.58 ^ _176_/X (sky130_fd_sc_hd__buf_1)
    10    0.05                           _109_ (net)
                  0.56    0.00    2.58 ^ _177_/A (sky130_fd_sc_hd__xnor2_2)
                  0.38    0.28    2.85 ^ _177_/Y (sky130_fd_sc_hd__xnor2_2)
     8    0.03                           _110_ (net)
                  0.38    0.00    2.85 ^ _228_/A1 (sky130_fd_sc_hd__o21ai_2)
                  0.09    0.15    3.00 v _228_/Y (sky130_fd_sc_hd__o21ai_2)
     3    0.01                           _160_ (net)
                  0.09    0.00    3.00 v _266_/B2 (sky130_fd_sc_hd__a221o_2)
                  0.07    0.41    3.41 v _266_/X (sky130_fd_sc_hd__a221o_2)
     2    0.01                           _020_ (net)
                  0.07    0.00    3.41 v _267_/B (sky130_fd_sc_hd__nand2_2)
                  0.07    0.09    3.51 ^ _267_/Y (sky130_fd_sc_hd__nand2_2)
     1    0.01                           _021_ (net)
                  0.07    0.00    3.51 ^ _268_/B (sky130_fd_sc_hd__xnor2_2)
                  0.12    0.11    3.62 ^ _268_/Y (sky130_fd_sc_hd__xnor2_2)
     1    0.00                           _022_ (net)
                  0.12    0.00    3.62 ^ _271_/A2 (sky130_fd_sc_hd__o21ai_2)
                  0.06    0.06    3.68 v _271_/Y (sky130_fd_sc_hd__o21ai_2)
     1    0.00                           _025_ (net)
                  0.06    0.00    3.68 v _278_/B (sky130_fd_sc_hd__or3b_2)
                  0.07    0.45    4.13 v _278_/X (sky130_fd_sc_hd__or3b_2)
     1    0.00                           _032_ (net)
                  0.07    0.00    4.13 v _279_/A (sky130_fd_sc_hd__buf_1)
                  0.34    0.34    4.47 v _279_/X (sky130_fd_sc_hd__buf_1)
     2    0.06                           Result[4] (net)
                  0.34    0.00    4.47 v _357_/B (sky130_fd_sc_hd__or4_2)
                  0.11    0.78    5.25 v _357_/X (sky130_fd_sc_hd__or4_2)
     1    0.00                           _105_ (net)
                  0.11    0.00    5.25 v _361_/A3 (sky130_fd_sc_hd__o31ai_2)
                  0.96    0.82    6.07 ^ _361_/Y (sky130_fd_sc_hd__o31ai_2)
     1    0.05                           Zero (net)
                  0.96    0.01    6.07 ^ Zero (out)
                                  6.07   data arrival time

                  0.00   10.00   10.00   clock clk (rise edge)
                          0.00   10.00   clock network delay (ideal)
                         -0.25    9.75   clock uncertainty
                          0.00    9.75   clock reconvergence pessimism
                         -2.00    7.75   output external delay
                                  7.75   data required time
-----------------------------------------------------------------------------
                                  7.75   data required time
                                 -6.07   data arrival time
-----------------------------------------------------------------------------
                                  1.68   slack (MET)


Startpoint: A[1] (input port clocked by clk)
Endpoint: CarryOut (output port clocked by clk)
Path Group: clk
Path Type: max

Fanout     Cap    Slew   Delay    Time   Description
-----------------------------------------------------------------------------
                  0.00    0.00    0.00   clock clk (rise edge)
                          0.00    0.00   clock network delay (ideal)
                          2.00    2.00 ^ input external delay
                  0.13    0.09    2.09 ^ A[1] (in)
     1    0.03                           A[1] (net)
                  0.13    0.00    2.09 ^ _176_/A (sky130_fd_sc_hd__buf_1)
                  0.56    0.48    2.58 ^ _176_/X (sky130_fd_sc_hd__buf_1)
    10    0.05                           _109_ (net)
                  0.56    0.00    2.58 ^ _177_/A (sky130_fd_sc_hd__xnor2_2)
                  0.38    0.28    2.85 ^ _177_/Y (sky130_fd_sc_hd__xnor2_2)
     8    0.03                           _110_ (net)
                  0.38    0.00    2.85 ^ _228_/A1 (sky130_fd_sc_hd__o21ai_2)
                  0.09    0.15    3.00 v _228_/Y (sky130_fd_sc_hd__o21ai_2)
     3    0.01                           _160_ (net)
                  0.09    0.00    3.00 v _266_/B2 (sky130_fd_sc_hd__a221o_2)
                  0.07    0.41    3.41 v _266_/X (sky130_fd_sc_hd__a221o_2)
     2    0.01                           _020_ (net)
                  0.07    0.00    3.41 v _287_/A3 (sky130_fd_sc_hd__a31o_2)
                  0.06    0.30    3.71 v _287_/X (sky130_fd_sc_hd__a31o_2)
     2    0.01                           _040_ (net)
                  0.06    0.00    3.71 v _307_/A2 (sky130_fd_sc_hd__a21boi_2)
                  0.20    0.23    3.94 ^ _307_/Y (sky130_fd_sc_hd__a21boi_2)
     2    0.01                           _059_ (net)
                  0.20    0.00    3.94 ^ _324_/A2 (sky130_fd_sc_hd__o21ai_2)
                  0.07    0.11    4.05 v _324_/Y (sky130_fd_sc_hd__o21ai_2)
     2    0.01                           _075_ (net)
                  0.07    0.00    4.05 v _346_/A2 (sky130_fd_sc_hd__o211a_2)
                  0.04    0.25    4.30 v _346_/X (sky130_fd_sc_hd__o211a_2)
     1    0.00                           _096_ (net)
                  0.04    0.00    4.30 v _348_/B (sky130_fd_sc_hd__or3b_2)
                  0.13    0.54    4.84 v _348_/X (sky130_fd_sc_hd__or3b_2)
     1    0.02                           _098_ (net)
                  0.13    0.00    4.84 v _349_/A (sky130_fd_sc_hd__buf_1)
                  0.29    0.33    5.17 v _349_/X (sky130_fd_sc_hd__buf_1)
     1    0.05                           CarryOut (net)
                  0.29    0.01    5.18 v CarryOut (out)
                                  5.18   data arrival time

                  0.00   10.00   10.00   clock clk (rise edge)
                          0.00   10.00   clock network delay (ideal)
                         -0.25    9.75   clock uncertainty
                          0.00    9.75   clock reconvergence pessimism
                         -2.00    7.75   output external delay
                                  7.75   data required time
-----------------------------------------------------------------------------
                                  7.75   data required time
                                 -5.18   data arrival time
-----------------------------------------------------------------------------
                                  2.57   slack (MET)


Startpoint: A[1] (input port clocked by clk)
Endpoint: Result[7] (output port clocked by clk)
Path Group: clk
Path Type: max

Fanout     Cap    Slew   Delay    Time   Description
-----------------------------------------------------------------------------
                  0.00    0.00    0.00   clock clk (rise edge)
                          0.00    0.00   clock network delay (ideal)
                          2.00    2.00 ^ input external delay
                  0.13    0.09    2.09 ^ A[1] (in)
     1    0.03                           A[1] (net)
                  0.13    0.00    2.09 ^ _176_/A (sky130_fd_sc_hd__buf_1)
                  0.56    0.48    2.58 ^ _176_/X (sky130_fd_sc_hd__buf_1)
    10    0.05                           _109_ (net)
                  0.56    0.00    2.58 ^ _177_/A (sky130_fd_sc_hd__xnor2_2)
                  0.18    0.25    2.83 v _177_/Y (sky130_fd_sc_hd__xnor2_2)
     8    0.03                           _110_ (net)
                  0.18    0.00    2.83 v _211_/A1 (sky130_fd_sc_hd__a21o_2)
                  0.06    0.29    3.11 v _211_/X (sky130_fd_sc_hd__a21o_2)
     3    0.02                           _143_ (net)
                  0.06    0.00    3.11 v _275_/A2 (sky130_fd_sc_hd__a31o_2)
                  0.06    0.28    3.39 v _275_/X (sky130_fd_sc_hd__a31o_2)
     3    0.01                           _029_ (net)
                  0.06    0.00    3.39 v _284_/B2 (sky130_fd_sc_hd__a22o_2)
                  0.06    0.26    3.65 v _284_/X (sky130_fd_sc_hd__a22o_2)
     3    0.01                           _037_ (net)
                  0.06    0.00    3.65 v _304_/A2 (sky130_fd_sc_hd__a21o_2)
                  0.06    0.26    3.91 v _304_/X (sky130_fd_sc_hd__a21o_2)
     4    0.01                           _056_ (net)
                  0.06    0.00    3.91 v _340_/A2 (sky130_fd_sc_hd__a21o_2)
                  0.04    0.24    4.15 v _340_/X (sky130_fd_sc_hd__a21o_2)
     2    0.01                           _091_ (net)
                  0.04    0.00    4.15 v _342_/A2 (sky130_fd_sc_hd__a2111o_2)
                  0.07    0.49    4.63 v _342_/X (sky130_fd_sc_hd__a2111o_2)
     1    0.00                           _093_ (net)
                  0.07    0.00    4.63 v _343_/C1 (sky130_fd_sc_hd__o211ai_2)
                  0.78    0.31    4.94 ^ _343_/Y (sky130_fd_sc_hd__o211ai_2)
     2    0.07                           Result[7] (net)
                  0.78    0.02    4.96 ^ Result[7] (out)
                                  4.96   data arrival time

                  0.00   10.00   10.00   clock clk (rise edge)
                          0.00   10.00   clock network delay (ideal)
                         -0.25    9.75   clock uncertainty
                          0.00    9.75   clock reconvergence pessimism
                         -2.00    7.75   output external delay
                                  7.75   data required time
-----------------------------------------------------------------------------
                                  7.75   data required time
                                 -4.96   data arrival time
-----------------------------------------------------------------------------
                                  2.79   slack (MET)


Startpoint: A[1] (input port clocked by clk)
Endpoint: Result[6] (output port clocked by clk)
Path Group: clk
Path Type: max

Fanout     Cap    Slew   Delay    Time   Description
-----------------------------------------------------------------------------
                  0.00    0.00    0.00   clock clk (rise edge)
                          0.00    0.00   clock network delay (ideal)
                          2.00    2.00 ^ input external delay
                  0.13    0.09    2.09 ^ A[1] (in)
     1    0.03                           A[1] (net)
                  0.13    0.00    2.09 ^ _176_/A (sky130_fd_sc_hd__buf_1)
                  0.56    0.48    2.58 ^ _176_/X (sky130_fd_sc_hd__buf_1)
    10    0.05                           _109_ (net)
                  0.56    0.00    2.58 ^ _177_/A (sky130_fd_sc_hd__xnor2_2)
                  0.18    0.25    2.83 v _177_/Y (sky130_fd_sc_hd__xnor2_2)
     8    0.03                           _110_ (net)
                  0.18    0.00    2.83 v _211_/A1 (sky130_fd_sc_hd__a21o_2)
                  0.06    0.29    3.11 v _211_/X (sky130_fd_sc_hd__a21o_2)
     3    0.02                           _143_ (net)
                  0.06    0.00    3.11 v _275_/A2 (sky130_fd_sc_hd__a31o_2)
                  0.06    0.28    3.39 v _275_/X (sky130_fd_sc_hd__a31o_2)
     3    0.01                           _029_ (net)
                  0.06    0.00    3.39 v _284_/B2 (sky130_fd_sc_hd__a22o_2)
                  0.06    0.26    3.65 v _284_/X (sky130_fd_sc_hd__a22o_2)
     3    0.01                           _037_ (net)
                  0.06    0.00    3.65 v _304_/A2 (sky130_fd_sc_hd__a21o_2)
                  0.06    0.26    3.91 v _304_/X (sky130_fd_sc_hd__a21o_2)
     4    0.01                           _056_ (net)
                  0.06    0.00    3.91 v _306_/B (sky130_fd_sc_hd__or2_2)
                  0.05    0.28    4.19 v _306_/X (sky130_fd_sc_hd__or2_2)
     1    0.00                           _058_ (net)
                  0.05    0.00    4.19 v _320_/A3 (sky130_fd_sc_hd__a31o_2)
                  0.19    0.40    4.59 v _320_/X (sky130_fd_sc_hd__a31o_2)
     2    0.07                           Result[6] (net)
                  0.19    0.02    4.62 v Result[6] (out)
                                  4.62   data arrival time

                  0.00   10.00   10.00   clock clk (rise edge)
                          0.00   10.00   clock network delay (ideal)
                         -0.25    9.75   clock uncertainty
                          0.00    9.75   clock reconvergence pessimism
                         -2.00    7.75   output external delay
                                  7.75   data required time
-----------------------------------------------------------------------------
                                  7.75   data required time
                                 -4.62   data arrival time
-----------------------------------------------------------------------------
                                  3.13   slack (MET)


Startpoint: A[1] (input port clocked by clk)
Endpoint: Result[4] (output port clocked by clk)
Path Group: clk
Path Type: max

Fanout     Cap    Slew   Delay    Time   Description
-----------------------------------------------------------------------------
                  0.00    0.00    0.00   clock clk (rise edge)
                          0.00    0.00   clock network delay (ideal)
                          2.00    2.00 ^ input external delay
                  0.13    0.09    2.09 ^ A[1] (in)
     1    0.03                           A[1] (net)
                  0.13    0.00    2.09 ^ _176_/A (sky130_fd_sc_hd__buf_1)
                  0.56    0.48    2.58 ^ _176_/X (sky130_fd_sc_hd__buf_1)
    10    0.05                           _109_ (net)
                  0.56    0.00    2.58 ^ _177_/A (sky130_fd_sc_hd__xnor2_2)
                  0.38    0.28    2.85 ^ _177_/Y (sky130_fd_sc_hd__xnor2_2)
     8    0.03                           _110_ (net)
                  0.38    0.00    2.85 ^ _228_/A1 (sky130_fd_sc_hd__o21ai_2)
                  0.09    0.15    3.00 v _228_/Y (sky130_fd_sc_hd__o21ai_2)
     3    0.01                           _160_ (net)
                  0.09    0.00    3.00 v _266_/B2 (sky130_fd_sc_hd__a221o_2)
                  0.07    0.41    3.41 v _266_/X (sky130_fd_sc_hd__a221o_2)
     2    0.01                           _020_ (net)
                  0.07    0.00    3.41 v _267_/B (sky130_fd_sc_hd__nand2_2)
                  0.07    0.09    3.51 ^ _267_/Y (sky130_fd_sc_hd__nand2_2)
     1    0.01                           _021_ (net)
                  0.07    0.00    3.51 ^ _268_/B (sky130_fd_sc_hd__xnor2_2)
                  0.12    0.11    3.62 ^ _268_/Y (sky130_fd_sc_hd__xnor2_2)
     1    0.00                           _022_ (net)
                  0.12    0.00    3.62 ^ _271_/A2 (sky130_fd_sc_hd__o21ai_2)
                  0.06    0.06    3.68 v _271_/Y (sky130_fd_sc_hd__o21ai_2)
     1    0.00                           _025_ (net)
                  0.06    0.00    3.68 v _278_/B (sky130_fd_sc_hd__or3b_2)
                  0.07    0.45    4.13 v _278_/X (sky130_fd_sc_hd__or3b_2)
     1    0.00                           _032_ (net)
                  0.07    0.00    4.13 v _279_/A (sky130_fd_sc_hd__buf_1)
                  0.34    0.34    4.47 v _279_/X (sky130_fd_sc_hd__buf_1)
     2    0.06                           Result[4] (net)
                  0.34    0.01    4.48 v Result[4] (out)
                                  4.48   data arrival time

                  0.00   10.00   10.00   clock clk (rise edge)
                          0.00   10.00   clock network delay (ideal)
                         -0.25    9.75   clock uncertainty
                          0.00    9.75   clock reconvergence pessimism
                         -2.00    7.75   output external delay
                                  7.75   data required time
-----------------------------------------------------------------------------
                                  7.75   data required time
                                 -4.48   data arrival time
-----------------------------------------------------------------------------
                                  3.27   slack (MET)


Startpoint: A[1] (input port clocked by clk)
Endpoint: Result[5] (output port clocked by clk)
Path Group: clk
Path Type: max

Fanout     Cap    Slew   Delay    Time   Description
-----------------------------------------------------------------------------
                  0.00    0.00    0.00   clock clk (rise edge)
                          0.00    0.00   clock network delay (ideal)
                          2.00    2.00 v input external delay
                  0.06    0.05    2.05 v A[1] (in)
     1    0.03                           A[1] (net)
                  0.06    0.00    2.05 v _176_/A (sky130_fd_sc_hd__buf_1)
                  0.25    0.28    2.33 v _176_/X (sky130_fd_sc_hd__buf_1)
    10    0.04                           _109_ (net)
                  0.25    0.00    2.33 v _217_/B (sky130_fd_sc_hd__or3_2)
                  0.09    0.57    2.91 v _217_/X (sky130_fd_sc_hd__or3_2)
     3    0.01                           _149_ (net)
                  0.09    0.00    2.91 v _234_/B (sky130_fd_sc_hd__or2_2)
                  0.09    0.36    3.27 v _234_/X (sky130_fd_sc_hd__or2_2)
     4    0.02                           _165_ (net)
                  0.09    0.00    3.27 v _295_/C (sky130_fd_sc_hd__or3_2)
                  0.11    0.49    3.76 v _295_/X (sky130_fd_sc_hd__or3_2)
     3    0.01                           _048_ (net)
                  0.11    0.00    3.76 v _297_/A1 (sky130_fd_sc_hd__a21o_2)
                  0.04    0.23    3.99 v _297_/X (sky130_fd_sc_hd__a21o_2)
     1    0.01                           _050_ (net)
                  0.04    0.00    3.99 v _298_/C1 (sky130_fd_sc_hd__o211ai_2)
                  0.12    0.05    4.04 ^ _298_/Y (sky130_fd_sc_hd__o211ai_2)
     1    0.00                           _051_ (net)
                  0.12    0.00    4.04 ^ _299_/B1 (sky130_fd_sc_hd__a31o_2)
                  0.36    0.36    4.40 ^ _299_/X (sky130_fd_sc_hd__a31o_2)
     2    0.06                           Result[5] (net)
                  0.36    0.02    4.41 ^ Result[5] (out)
                                  4.41   data arrival time

                  0.00   10.00   10.00   clock clk (rise edge)
                          0.00   10.00   clock network delay (ideal)
                         -0.25    9.75   clock uncertainty
                          0.00    9.75   clock reconvergence pessimism
                         -2.00    7.75   output external delay
                                  7.75   data required time
-----------------------------------------------------------------------------
                                  7.75   data required time
                                 -4.41   data arrival time
-----------------------------------------------------------------------------
                                  3.34   slack (MET)


Startpoint: Sel[0] (input port clocked by clk)
Endpoint: Result[2] (output port clocked by clk)
Path Group: clk
Path Type: max

Fanout     Cap    Slew   Delay    Time   Description
-----------------------------------------------------------------------------
                  0.00    0.00    0.00   clock clk (rise edge)
                          0.00    0.00   clock network delay (ideal)
                          2.00    2.00 v input external delay
                  0.05    0.04    2.04 v Sel[0] (in)
     2    0.02                           Sel[0] (net)
                  0.05    0.00    2.04 v _180_/A (sky130_fd_sc_hd__buf_1)
                  0.16    0.20    2.24 v _180_/X (sky130_fd_sc_hd__buf_1)
    10    0.03                           _113_ (net)
                  0.16    0.00    2.24 v _225_/C (sky130_fd_sc_hd__or4_2)
                  0.09    0.66    2.90 v _225_/X (sky130_fd_sc_hd__or4_2)
     1    0.00                           _157_ (net)
                  0.09    0.00    2.90 v _226_/A (sky130_fd_sc_hd__buf_1)
                  0.17    0.24    3.13 v _226_/X (sky130_fd_sc_hd__buf_1)
     6    0.03                           _158_ (net)
                  0.17    0.00    3.13 v _231_/A (sky130_fd_sc_hd__or3b_2)
                  0.07    0.52    3.65 v _231_/X (sky130_fd_sc_hd__or3b_2)
     1    0.00                           _163_ (net)
                  0.07    0.00    3.65 v _232_/C (sky130_fd_sc_hd__and3_2)
                  0.04    0.23    3.88 v _232_/X (sky130_fd_sc_hd__and3_2)
     1    0.00                           _164_ (net)
                  0.04    0.00    3.88 v _233_/B1 (sky130_fd_sc_hd__o21ai_2)
                  0.72    0.28    4.17 ^ _233_/Y (sky130_fd_sc_hd__o21ai_2)
     2    0.07                           Result[2] (net)
                  0.72    0.02    4.18 ^ Result[2] (out)
                                  4.18   data arrival time

                  0.00   10.00   10.00   clock clk (rise edge)
                          0.00   10.00   clock network delay (ideal)
                         -0.25    9.75   clock uncertainty
                          0.00    9.75   clock reconvergence pessimism
                         -2.00    7.75   output external delay
                                  7.75   data required time
-----------------------------------------------------------------------------
                                  7.75   data required time
                                 -4.18   data arrival time
-----------------------------------------------------------------------------
                                  3.57   slack (MET)


Startpoint: Sel[2] (input port clocked by clk)
Endpoint: Result[3] (output port clocked by clk)
Path Group: clk
Path Type: max

Fanout     Cap    Slew   Delay    Time   Description
-----------------------------------------------------------------------------
                  0.00    0.00    0.00   clock clk (rise edge)
                          0.00    0.00   clock network delay (ideal)
                          2.00    2.00 ^ input external delay
                  0.18    0.13    2.13 ^ Sel[2] (in)
     7    0.04                           Sel[2] (net)
                  0.18    0.00    2.13 ^ _192_/B_N (sky130_fd_sc_hd__or2b_2)
                  0.06    0.34    2.47 v _192_/X (sky130_fd_sc_hd__or2b_2)
     3    0.00                           _125_ (net)
                  0.06    0.00    2.47 v _198_/A (sky130_fd_sc_hd__or3b_2)
                  0.14    0.59    3.06 v _198_/X (sky130_fd_sc_hd__or3b_2)
     8    0.03                           _131_ (net)
                  0.14    0.00    3.06 v _241_/B (sky130_fd_sc_hd__or3b_2)
                  0.07    0.48    3.54 v _241_/X (sky130_fd_sc_hd__or3b_2)
     1    0.00                           _172_ (net)
                  0.07    0.00    3.54 v _246_/C (sky130_fd_sc_hd__and4_2)
                  0.05    0.25    3.78 v _246_/X (sky130_fd_sc_hd__and4_2)
     1    0.01                           _001_ (net)
                  0.05    0.00    3.78 v _255_/A (sky130_fd_sc_hd__nand2_2)
                  0.33    0.27    4.05 ^ _255_/Y (sky130_fd_sc_hd__nand2_2)
     2    0.06                           Result[3] (net)
                  0.33    0.02    4.07 ^ Result[3] (out)
                                  4.07   data arrival time

                  0.00   10.00   10.00   clock clk (rise edge)
                          0.00   10.00   clock network delay (ideal)
                         -0.25    9.75   clock uncertainty
                          0.00    9.75   clock reconvergence pessimism
                         -2.00    7.75   output external delay
                                  7.75   data required time
-----------------------------------------------------------------------------
                                  7.75   data required time
                                 -4.07   data arrival time
-----------------------------------------------------------------------------
                                  3.68   slack (MET)


Startpoint: Sel[1] (input port clocked by clk)
Endpoint: Result[1] (output port clocked by clk)
Path Group: clk
Path Type: max

Fanout     Cap    Slew   Delay    Time   Description
-----------------------------------------------------------------------------
                  0.00    0.00    0.00   clock clk (rise edge)
                          0.00    0.00   clock network delay (ideal)
                          2.00    2.00 ^ input external delay
                  0.13    0.10    2.10 ^ Sel[1] (in)
     4    0.03                           Sel[1] (net)
                  0.13    0.00    2.10 ^ _181_/A (sky130_fd_sc_hd__buf_1)
                  0.36    0.34    2.44 ^ _181_/X (sky130_fd_sc_hd__buf_1)
    10    0.03                           _114_ (net)
                  0.36    0.00    2.44 ^ _191_/D_N (sky130_fd_sc_hd__or4b_2)
                  0.18    0.79    3.23 v _191_/X (sky130_fd_sc_hd__or4b_2)
     8    0.03                           _124_ (net)
                  0.18    0.00    3.23 v _204_/A2 (sky130_fd_sc_hd__o2111a_2)
                  0.05    0.32    3.55 v _204_/X (sky130_fd_sc_hd__o2111a_2)
     1    0.00                           _137_ (net)
                  0.05    0.00    3.55 v _205_/B1 (sky130_fd_sc_hd__o21ai_2)
                  0.09    0.05    3.60 ^ _205_/Y (sky130_fd_sc_hd__o21ai_2)
     1    0.00                           _138_ (net)
                  0.09    0.00    3.60 ^ _206_/B1 (sky130_fd_sc_hd__a31o_2)
                  0.38    0.36    3.96 ^ _206_/X (sky130_fd_sc_hd__a31o_2)
     2    0.07                           Result[1] (net)
                  0.38    0.02    3.98 ^ Result[1] (out)
                                  3.98   data arrival time

                  0.00   10.00   10.00   clock clk (rise edge)
                          0.00   10.00   clock network delay (ideal)
                         -0.25    9.75   clock uncertainty
                          0.00    9.75   clock reconvergence pessimism
                         -2.00    7.75   output external delay
                                  7.75   data required time
-----------------------------------------------------------------------------
                                  7.75   data required time
                                 -3.98   data arrival time
-----------------------------------------------------------------------------
                                  3.77   slack (MET)


Startpoint: Sel[1] (input port clocked by clk)
Endpoint: Result[0] (output port clocked by clk)
Path Group: clk
Path Type: max

Fanout     Cap    Slew   Delay    Time   Description
-----------------------------------------------------------------------------
                  0.00    0.00    0.00   clock clk (rise edge)
                          0.00    0.00   clock network delay (ideal)
                          2.00    2.00 ^ input external delay
                  0.13    0.10    2.10 ^ Sel[1] (in)
     4    0.03                           Sel[1] (net)
                  0.13    0.00    2.10 ^ _181_/A (sky130_fd_sc_hd__buf_1)
                  0.36    0.34    2.44 ^ _181_/X (sky130_fd_sc_hd__buf_1)
    10    0.03                           _114_ (net)
                  0.36    0.00    2.44 ^ _191_/D_N (sky130_fd_sc_hd__or4b_2)
                  0.18    0.79    3.23 v _191_/X (sky130_fd_sc_hd__or4b_2)
     8    0.03                           _124_ (net)
                  0.18    0.00    3.23 v _353_/A2_N (sky130_fd_sc_hd__a2bb2o_2)
                  0.04    0.28    3.51 ^ _353_/X (sky130_fd_sc_hd__a2bb2o_2)
     1    0.00                           _102_ (net)
                  0.04    0.00    3.51 ^ _354_/C1 (sky130_fd_sc_hd__a211o_2)
                  0.29    0.28    3.79 ^ _354_/X (sky130_fd_sc_hd__a211o_2)
     2    0.06                           Result[0] (net)
                  0.29    0.01    3.80 ^ Result[0] (out)
                                  3.80   data arrival time

                  0.00   10.00   10.00   clock clk (rise edge)
                          0.00   10.00   clock network delay (ideal)
                         -0.25    9.75   clock uncertainty
                          0.00    9.75   clock reconvergence pessimism
                         -2.00    7.75   output external delay
                                  7.75   data required time
-----------------------------------------------------------------------------
                                  7.75   data required time
                                 -3.80   data arrival time
-----------------------------------------------------------------------------
                                  3.95   slack (MET)



max_report_end
checks_report

===========================================================================
report_checks -unconstrained
===========================================================================
======================= Typical Corner ===================================

Startpoint: A[1] (input port clocked by clk)
Endpoint: Zero (output port clocked by clk)
Path Group: clk
Path Type: max

Fanout     Cap    Slew   Delay    Time   Description
-----------------------------------------------------------------------------
                  0.00    0.00    0.00   clock clk (rise edge)
                          0.00    0.00   clock network delay (ideal)
                          2.00    2.00 ^ input external delay
                  0.13    0.09    2.09 ^ A[1] (in)
     1    0.03                           A[1] (net)
                  0.13    0.00    2.09 ^ _176_/A (sky130_fd_sc_hd__buf_1)
                  0.56    0.48    2.58 ^ _176_/X (sky130_fd_sc_hd__buf_1)
    10    0.05                           _109_ (net)
                  0.56    0.00    2.58 ^ _177_/A (sky130_fd_sc_hd__xnor2_2)
                  0.38    0.28    2.85 ^ _177_/Y (sky130_fd_sc_hd__xnor2_2)
     8    0.03                           _110_ (net)
                  0.38    0.00    2.85 ^ _228_/A1 (sky130_fd_sc_hd__o21ai_2)
                  0.09    0.15    3.00 v _228_/Y (sky130_fd_sc_hd__o21ai_2)
     3    0.01                           _160_ (net)
                  0.09    0.00    3.00 v _266_/B2 (sky130_fd_sc_hd__a221o_2)
                  0.07    0.41    3.41 v _266_/X (sky130_fd_sc_hd__a221o_2)
     2    0.01                           _020_ (net)
                  0.07    0.00    3.41 v _267_/B (sky130_fd_sc_hd__nand2_2)
                  0.07    0.09    3.51 ^ _267_/Y (sky130_fd_sc_hd__nand2_2)
     1    0.01                           _021_ (net)
                  0.07    0.00    3.51 ^ _268_/B (sky130_fd_sc_hd__xnor2_2)
                  0.12    0.11    3.62 ^ _268_/Y (sky130_fd_sc_hd__xnor2_2)
     1    0.00                           _022_ (net)
                  0.12    0.00    3.62 ^ _271_/A2 (sky130_fd_sc_hd__o21ai_2)
                  0.06    0.06    3.68 v _271_/Y (sky130_fd_sc_hd__o21ai_2)
     1    0.00                           _025_ (net)
                  0.06    0.00    3.68 v _278_/B (sky130_fd_sc_hd__or3b_2)
                  0.07    0.45    4.13 v _278_/X (sky130_fd_sc_hd__or3b_2)
     1    0.00                           _032_ (net)
                  0.07    0.00    4.13 v _279_/A (sky130_fd_sc_hd__buf_1)
                  0.34    0.34    4.47 v _279_/X (sky130_fd_sc_hd__buf_1)
     2    0.06                           Result[4] (net)
                  0.34    0.00    4.47 v _357_/B (sky130_fd_sc_hd__or4_2)
                  0.11    0.78    5.25 v _357_/X (sky130_fd_sc_hd__or4_2)
     1    0.00                           _105_ (net)
                  0.11    0.00    5.25 v _361_/A3 (sky130_fd_sc_hd__o31ai_2)
                  0.96    0.82    6.07 ^ _361_/Y (sky130_fd_sc_hd__o31ai_2)
     1    0.05                           Zero (net)
                  0.96    0.01    6.07 ^ Zero (out)
                                  6.07   data arrival time

                  0.00   10.00   10.00   clock clk (rise edge)
                          0.00   10.00   clock network delay (ideal)
                         -0.25    9.75   clock uncertainty
                          0.00    9.75   clock reconvergence pessimism
                         -2.00    7.75   output external delay
                                  7.75   data required time
-----------------------------------------------------------------------------
                                  7.75   data required time
                                 -6.07   data arrival time
-----------------------------------------------------------------------------
                                  1.68   slack (MET)




===========================================================================
report_checks --slack_max -0.01
============================================================================
======================= Typical Corner ===================================

No paths found.


===========================================================================
 report_check_types -max_slew -max_cap -max_fanout -violators
============================================================================
======================= Typical Corner ===================================

max slew

Pin                                    Limit    Slew   Slack
------------------------------------------------------------
Zero                                    0.75    0.96   -0.21 (VIOLATED)
_361_/Y                                 0.75    0.96   -0.21 (VIOLATED)
Result[7]                               0.75    0.78   -0.03 (VIOLATED)
_343_/Y                                 0.75    0.78   -0.03 (VIOLATED)
_361_/A2                                0.75    0.78   -0.03 (VIOLATED)



===========================================================================
report_parasitic_annotation -report_unannotated
============================================================================
Found 206 unannotated drivers.
 A[0]
 A[1]
 A[2]
 A[3]
 A[4]
 A[5]
 A[6]
 A[7]
 B[0]
 B[1]
 B[2]
 B[3]
 B[4]
 B[5]
 B[6]
 B[7]
 Sel[0]
 Sel[1]
 Sel[2]
 Sel[3]
 _176_/X
 _177_/Y
 _178_/Y
 _179_/Y
 _180_/X
 _181_/X
 _182_/Y
 _183_/X
 _184_/X
 _185_/Y
 _186_/Y
 _187_/Y
 _188_/X
 _189_/X
 _190_/Y
 _191_/X
 _192_/X
 _193_/X
 _194_/X
 _195_/X
 _196_/X
 _197_/Y
 _198_/X
 _199_/X
 _200_/X
 _201_/X
 _202_/X
 _203_/Y
 _204_/X
 _205_/Y
 _206_/X
 _207_/X
 _208_/Y
 _209_/X
 _210_/X
 _211_/X
 _212_/Y
 _213_/Y
 _214_/Y
 _215_/Y
 _216_/Y
 _217_/X
 _218_/Y
 _219_/X
 _220_/X
 _221_/X
 _222_/Y
 _223_/X
 _224_/X
 _225_/X
 _226_/X
 _227_/Y
 _228_/Y
 _229_/Y
 _230_/Y
 _231_/X
 _232_/X
 _233_/Y
 _234_/X
 _235_/Y
 _236_/X
 _237_/Y
 _238_/X
 _239_/X
 _240_/X
 _241_/X
 _242_/Y
 _243_/X
 _244_/X
 _245_/Y
 _246_/X
 _247_/Y
 _248_/X
 _249_/X
 _250_/Y
 _251_/X
 _252_/Y
 _253_/Y
 _254_/X
 _255_/Y
 _256_/Y
 _257_/X
 _258_/Y
 _259_/Y
 _260_/X
 _261_/X
 _262_/Y
 _263_/X
 _264_/Y
 _265_/Y
 _266_/X
 _267_/Y
 _268_/Y
 _269_/Y
 _270_/Y
 _271_/Y
 _272_/Y
 _273_/X
 _274_/Y
 _275_/X
 _276_/Y
 _277_/Y
 _278_/X
 _279_/X
 _280_/X
 _281_/Y
 _282_/Y
 _283_/Y
 _284_/X
 _285_/X
 _286_/Y
 _287_/X
 _288_/X
 _289_/Y
 _290_/X
 _291_/X
 _292_/Y
 _293_/X
 _294_/X
 _295_/X
 _296_/Y
 _297_/X
 _298_/Y
 _299_/X
 _300_/Y
 _301_/Y
 _302_/Y
 _303_/X
 _304_/X
 _305_/Y
 _306_/X
 _307_/Y
 _308_/Y
 _309_/Y
 _310_/X
 _311_/Y
 _312_/X
 _313_/X
 _314_/X
 _315_/Y
 _316_/Y
 _317_/Y
 _318_/X
 _319_/Y
 _320_/X
 _321_/Y
 _322_/X
 _323_/X
 _324_/Y
 _325_/Y
 _326_/Y
 _327_/Y
 _328_/X
 _329_/Y
 _330_/X
 _331_/X
 _332_/X
 _333_/Y
 _334_/Y
 _335_/X
 _336_/X
 _337_/Y
 _338_/X
 _339_/Y
 _340_/X
 _341_/Y
 _342_/X
 _343_/Y
 _344_/Y
 _345_/X
 _346_/X
 _347_/X
 _348_/X
 _349_/X
 _350_/X
 _351_/X
 _352_/X
 _353_/X
 _354_/X
 _355_/X
 _356_/X
 _357_/X
 _358_/X
 _359_/X
 _360_/X
 _361_/Y
Found 0 partially unannotated drivers.

===========================================================================
max slew violation count 5
max fanout violation count 0
max cap violation count 0
============================================================================

===========================================================================
check_setup -verbose -unconstrained_endpoints -multiple_clock -no_clock -no_input_delay -loops -generated_clocks
===========================================================================
checks_report_end
power_report

===========================================================================
 report_power
============================================================================
======================= Typical Corner ===================================

Group                  Internal  Switching    Leakage      Total
                          Power      Power      Power      Power (Watts)
----------------------------------------------------------------
Sequential             0.00e+00   0.00e+00   0.00e+00   0.00e+00   0.0%
Combinational          2.98e-05   4.71e-05   1.69e-09   7.68e-05 100.0%
Macro                  0.00e+00   0.00e+00   0.00e+00   0.00e+00   0.0%
Pad                    0.00e+00   0.00e+00   0.00e+00   0.00e+00   0.0%
----------------------------------------------------------------
Total                  2.98e-05   4.71e-05   1.69e-09   7.68e-05 100.0%
                          38.7%      61.3%       0.0%

power_report_end
skew_report

===========================================================================
report_clock_skew
============================================================================
Clock clk
No launch/capture paths found.

skew_report_end
summary_report

===========================================================================
report_tns
============================================================================
tns 0.00

===========================================================================
report_wns
============================================================================
wns 0.00

===========================================================================
report_worst_slack -max (Setup)
============================================================================
worst slack 1.68

===========================================================================
report_worst_slack -min (Hold)
============================================================================
worst slack 4.28
summary_report_end
area_report

===========================================================================
report_design_area
============================================================================
Design area 5659 u^2 2% utilization.
area_report_end
[WARNING] Did not save OpenROAD database!
Writing SDF to '/openlane/designs/alu-8bit/runs/myrun/results/signoff/alu8.sdf'…
