OpenSTA 2.4.0 41a51eaf4c Copyright (c) 2021, Parallax Software, Inc.
License GPLv3: GNU GPL version 3 <http://gnu.org/licenses/gpl.html>

This is free software, and you are free to change and redistribute it
under certain conditions; type `show_copying' for details. 
This program comes with ABSOLUTELY NO WARRANTY; for details type `show_warranty'.
define_corners Typical
read_liberty -corner Typical /home/jagadeesh97/.ciel/ciel/sky130/versions/0fe599b2afb6708d281543108caf8310912f54af/sky130A/libs.ref/sky130_fd_sc_hd/lib/sky130_fd_sc_hd__tt_025C_1v80.lib
Using 1e-12 for capacitance...
Using 1e+03 for resistance...
Using 1e-09 for time...
Using 1e+00 for voltage...
Using 1e-03 for current...
Using 1e-09 for power...
Using 1e-06 for distance...
Reading netlist '/openlane/designs/alu/runs/myrun/results/synthesis/alu.v'…
Reading design constraints file at '/openlane/scripts/base.sdc'…
Warning: base.sdc line 6, port 'clk' not found.
[INFO]: Setting output delay to: 2.0
[INFO]: Setting input delay to: 2.0
Warning: base.sdc line 18, port 'clk' not found.
[INFO]: Setting load to: 0.033442
[INFO]: Setting clock uncertainty to: 0.25
[INFO]: Setting clock transition to: 0.15
Warning: base.sdc line 52, transition time can not be specified for virtual clocks.
[INFO]: Setting timing derate to: 5.0 %
min_report

===========================================================================
report_checks -path_delay min (Hold)
============================================================================
======================= Typical Corner ===================================

Startpoint: B[0] (input port clocked by clk)
Endpoint: Result[0] (output port clocked by clk)
Path Group: clk
Path Type: min

Fanout     Cap    Slew   Delay    Time   Description
-----------------------------------------------------------------------------
                  0.00    0.00    0.00   clock clk (rise edge)
                          0.00    0.00   clock network delay (ideal)
                          2.00    2.00 ^ input external delay
                  0.04    0.02    2.02 ^ B[0] (in)
     3    0.01                           B[0] (net)
                  0.04    0.00    2.02 ^ _350_/A (sky130_fd_sc_hd__or2_2)
                  0.05    0.11    2.13 ^ _350_/X (sky130_fd_sc_hd__or2_2)
     3    0.01                           _099_ (net)
                  0.05    0.00    2.13 ^ _354_/A2 (sky130_fd_sc_hd__a211o_2)
                  0.17    0.22    2.35 ^ _354_/X (sky130_fd_sc_hd__a211o_2)
     2    0.04                           Result[0] (net)
                  0.17    0.00    2.35 ^ Result[0] (out)
                                  2.35   data arrival time

                  0.00    0.00    0.00   clock clk (rise edge)
                          0.00    0.00   clock network delay (ideal)
                          0.25    0.25   clock uncertainty
                          0.00    0.25   clock reconvergence pessimism
                         -2.00   -1.75   output external delay
                                 -1.75   data required time
-----------------------------------------------------------------------------
                                 -1.75   data required time
                                 -2.35   data arrival time
-----------------------------------------------------------------------------
                                  4.10   slack (MET)


Startpoint: Sel[3] (input port clocked by clk)
Endpoint: Result[2] (output port clocked by clk)
Path Group: clk
Path Type: min

Fanout     Cap    Slew   Delay    Time   Description
-----------------------------------------------------------------------------
                  0.00    0.00    0.00   clock clk (rise edge)
                          0.00    0.00   clock network delay (ideal)
                          2.00    2.00 ^ input external delay
                  0.09    0.06    2.06 ^ Sel[3] (in)
     7    0.02                           Sel[3] (net)
                  0.09    0.00    2.06 ^ _186_/B (sky130_fd_sc_hd__nor2_2)
                  0.03    0.04    2.10 v _186_/Y (sky130_fd_sc_hd__nor2_2)
     2    0.01                           _119_ (net)
                  0.03    0.00    2.10 v _187_/B (sky130_fd_sc_hd__nand2_2)
                  0.07    0.07    2.17 ^ _187_/Y (sky130_fd_sc_hd__nand2_2)
     3    0.01                           _120_ (net)
                  0.07    0.00    2.17 ^ _213_/B (sky130_fd_sc_hd__nor2_2)
                  0.04    0.05    2.22 v _213_/Y (sky130_fd_sc_hd__nor2_2)
     5    0.01                           _145_ (net)
                  0.04    0.00    2.22 v _215_/A (sky130_fd_sc_hd__nand2_2)
                  0.04    0.05    2.27 ^ _215_/Y (sky130_fd_sc_hd__nand2_2)
     1    0.00                           _147_ (net)
                  0.04    0.00    2.27 ^ _233_/A2 (sky130_fd_sc_hd__o21ai_2)
                  0.14    0.12    2.39 v _233_/Y (sky130_fd_sc_hd__o21ai_2)
     2    0.03                           Result[2] (net)
                  0.14    0.00    2.39 v Result[2] (out)
                                  2.39   data arrival time

                  0.00    0.00    0.00   clock clk (rise edge)
                          0.00    0.00   clock network delay (ideal)
                          0.25    0.25   clock uncertainty
                          0.00    0.25   clock reconvergence pessimism
                         -2.00   -1.75   output external delay
                                 -1.75   data required time
-----------------------------------------------------------------------------
                                 -1.75   data required time
                                 -2.39   data arrival time
-----------------------------------------------------------------------------
                                  4.14   slack (MET)


Startpoint: B[0] (input port clocked by clk)
Endpoint: Result[1] (output port clocked by clk)
Path Group: clk
Path Type: min

Fanout     Cap    Slew   Delay    Time   Description
-----------------------------------------------------------------------------
                  0.00    0.00    0.00   clock clk (rise edge)
                          0.00    0.00   clock network delay (ideal)
                          2.00    2.00 v input external delay
                  0.02    0.01    2.01 v B[0] (in)
     3    0.01                           B[0] (net)
                  0.02    0.00    2.01 v _178_/A (sky130_fd_sc_hd__nand2_2)
                  0.10    0.08    2.09 ^ _178_/Y (sky130_fd_sc_hd__nand2_2)
     6    0.02                           _111_ (net)
                  0.10    0.00    2.09 ^ _179_/B (sky130_fd_sc_hd__nand2_2)
                  0.03    0.05    2.14 v _179_/Y (sky130_fd_sc_hd__nand2_2)
     1    0.00                           _112_ (net)
                  0.03    0.00    2.14 v _206_/A1 (sky130_fd_sc_hd__a31o_2)
                  0.11    0.26    2.40 v _206_/X (sky130_fd_sc_hd__a31o_2)
     2    0.03                           Result[1] (net)
                  0.11    0.00    2.40 v Result[1] (out)
                                  2.40   data arrival time

                  0.00    0.00    0.00   clock clk (rise edge)
                          0.00    0.00   clock network delay (ideal)
                          0.25    0.25   clock uncertainty
                          0.00    0.25   clock reconvergence pessimism
                         -2.00   -1.75   output external delay
                                 -1.75   data required time
-----------------------------------------------------------------------------
                                 -1.75   data required time
                                 -2.40   data arrival time
-----------------------------------------------------------------------------
                                  4.15   slack (MET)


Startpoint: B[0] (input port clocked by clk)
Endpoint: Zero (output port clocked by clk)
Path Group: clk
Path Type: min

Fanout     Cap    Slew   Delay    Time   Description
-----------------------------------------------------------------------------
                  0.00    0.00    0.00   clock clk (rise edge)
                          0.00    0.00   clock network delay (ideal)
                          2.00    2.00 v input external delay
                  0.02    0.01    2.01 v B[0] (in)
     3    0.01                           B[0] (net)
                  0.02    0.00    2.01 v _178_/A (sky130_fd_sc_hd__nand2_2)
                  0.10    0.08    2.09 ^ _178_/Y (sky130_fd_sc_hd__nand2_2)
     6    0.02                           _111_ (net)
                  0.10    0.00    2.09 ^ _358_/A1 (sky130_fd_sc_hd__a211o_2)
                  0.02    0.12    2.21 ^ _358_/X (sky130_fd_sc_hd__a211o_2)
     1    0.00                           _106_ (net)
                  0.02    0.00    2.21 ^ _360_/B (sky130_fd_sc_hd__or4bb_2)
                  0.04    0.10    2.31 ^ _360_/X (sky130_fd_sc_hd__or4bb_2)
     1    0.00                           _108_ (net)
                  0.04    0.00    2.31 ^ _361_/B1 (sky130_fd_sc_hd__o31ai_2)
                  0.14    0.14    2.45 v _361_/Y (sky130_fd_sc_hd__o31ai_2)
     1    0.03                           Zero (net)
                  0.14    0.00    2.45 v Zero (out)
                                  2.45   data arrival time

                  0.00    0.00    0.00   clock clk (rise edge)
                          0.00    0.00   clock network delay (ideal)
                          0.25    0.25   clock uncertainty
                          0.00    0.25   clock reconvergence pessimism
                         -2.00   -1.75   output external delay
                                 -1.75   data required time
-----------------------------------------------------------------------------
                                 -1.75   data required time
                                 -2.45   data arrival time
-----------------------------------------------------------------------------
                                  4.20   slack (MET)


Startpoint: Sel[3] (input port clocked by clk)
Endpoint: Result[7] (output port clocked by clk)
Path Group: clk
Path Type: min

Fanout     Cap    Slew   Delay    Time   Description
-----------------------------------------------------------------------------
                  0.00    0.00    0.00   clock clk (rise edge)
                          0.00    0.00   clock network delay (ideal)
                          2.00    2.00 ^ input external delay
                  0.09    0.06    2.06 ^ Sel[3] (in)
     7    0.02                           Sel[3] (net)
                  0.09    0.00    2.06 ^ _186_/B (sky130_fd_sc_hd__nor2_2)
                  0.03    0.04    2.10 v _186_/Y (sky130_fd_sc_hd__nor2_2)
     2    0.01                           _119_ (net)
                  0.03    0.00    2.10 v _187_/B (sky130_fd_sc_hd__nand2_2)
                  0.07    0.07    2.17 ^ _187_/Y (sky130_fd_sc_hd__nand2_2)
     3    0.01                           _120_ (net)
                  0.07    0.00    2.17 ^ _342_/C1 (sky130_fd_sc_hd__a2111o_2)
                  0.03    0.10    2.26 ^ _342_/X (sky130_fd_sc_hd__a2111o_2)
     1    0.00                           _093_ (net)
                  0.03    0.00    2.26 ^ _343_/C1 (sky130_fd_sc_hd__o211ai_2)
                  0.23    0.20    2.46 v _343_/Y (sky130_fd_sc_hd__o211ai_2)
     2    0.04                           Result[7] (net)
                  0.23    0.00    2.46 v Result[7] (out)
                                  2.46   data arrival time

                  0.00    0.00    0.00   clock clk (rise edge)
                          0.00    0.00   clock network delay (ideal)
                          0.25    0.25   clock uncertainty
                          0.00    0.25   clock reconvergence pessimism
                         -2.00   -1.75   output external delay
                                 -1.75   data required time
-----------------------------------------------------------------------------
                                 -1.75   data required time
                                 -2.46   data arrival time
-----------------------------------------------------------------------------
                                  4.21   slack (MET)


Startpoint: Sel[3] (input port clocked by clk)
Endpoint: Result[5] (output port clocked by clk)
Path Group: clk
Path Type: min

Fanout     Cap    Slew   Delay    Time   Description
-----------------------------------------------------------------------------
                  0.00    0.00    0.00   clock clk (rise edge)
                          0.00    0.00   clock network delay (ideal)
                          2.00    2.00 ^ input external delay
                  0.09    0.06    2.06 ^ Sel[3] (in)
     7    0.02                           Sel[3] (net)
                  0.09    0.00    2.06 ^ _186_/B (sky130_fd_sc_hd__nor2_2)
                  0.03    0.04    2.10 v _186_/Y (sky130_fd_sc_hd__nor2_2)
     2    0.01                           _119_ (net)
                  0.03    0.00    2.10 v _187_/B (sky130_fd_sc_hd__nand2_2)
                  0.07    0.07    2.17 ^ _187_/Y (sky130_fd_sc_hd__nand2_2)
     3    0.01                           _120_ (net)
                  0.07    0.00    2.17 ^ _213_/B (sky130_fd_sc_hd__nor2_2)
                  0.04    0.05    2.22 v _213_/Y (sky130_fd_sc_hd__nor2_2)
     5    0.01                           _145_ (net)
                  0.04    0.00    2.22 v _299_/A1 (sky130_fd_sc_hd__a31o_2)
                  0.11    0.26    2.48 v _299_/X (sky130_fd_sc_hd__a31o_2)
     2    0.03                           Result[5] (net)
                  0.11    0.00    2.48 v Result[5] (out)
                                  2.48   data arrival time

                  0.00    0.00    0.00   clock clk (rise edge)
                          0.00    0.00   clock network delay (ideal)
                          0.25    0.25   clock uncertainty
                          0.00    0.25   clock reconvergence pessimism
                         -2.00   -1.75   output external delay
                                 -1.75   data required time
-----------------------------------------------------------------------------
                                 -1.75   data required time
                                 -2.48   data arrival time
-----------------------------------------------------------------------------
                                  4.23   slack (MET)


Startpoint: Sel[3] (input port clocked by clk)
Endpoint: Result[6] (output port clocked by clk)
Path Group: clk
Path Type: min

Fanout     Cap    Slew   Delay    Time   Description
-----------------------------------------------------------------------------
                  0.00    0.00    0.00   clock clk (rise edge)
                          0.00    0.00   clock network delay (ideal)
                          2.00    2.00 ^ input external delay
                  0.09    0.06    2.06 ^ Sel[3] (in)
     7    0.02                           Sel[3] (net)
                  0.09    0.00    2.06 ^ _186_/B (sky130_fd_sc_hd__nor2_2)
                  0.03    0.04    2.10 v _186_/Y (sky130_fd_sc_hd__nor2_2)
     2    0.01                           _119_ (net)
                  0.03    0.00    2.10 v _187_/B (sky130_fd_sc_hd__nand2_2)
                  0.07    0.07    2.17 ^ _187_/Y (sky130_fd_sc_hd__nand2_2)
     3    0.01                           _120_ (net)
                  0.07    0.00    2.17 ^ _213_/B (sky130_fd_sc_hd__nor2_2)
                  0.04    0.05    2.22 v _213_/Y (sky130_fd_sc_hd__nor2_2)
     5    0.01                           _145_ (net)
                  0.04    0.00    2.22 v _320_/A1 (sky130_fd_sc_hd__a31o_2)
                  0.11    0.27    2.48 v _320_/X (sky130_fd_sc_hd__a31o_2)
     2    0.04                           Result[6] (net)
                  0.11    0.00    2.48 v Result[6] (out)
                                  2.48   data arrival time

                  0.00    0.00    0.00   clock clk (rise edge)
                          0.00    0.00   clock network delay (ideal)
                          0.25    0.25   clock uncertainty
                          0.00    0.25   clock reconvergence pessimism
                         -2.00   -1.75   output external delay
                                 -1.75   data required time
-----------------------------------------------------------------------------
                                 -1.75   data required time
                                 -2.48   data arrival time
-----------------------------------------------------------------------------
                                  4.23   slack (MET)


Startpoint: A[3] (input port clocked by clk)
Endpoint: Result[3] (output port clocked by clk)
Path Group: clk
Path Type: min

Fanout     Cap    Slew   Delay    Time   Description
-----------------------------------------------------------------------------
                  0.00    0.00    0.00   clock clk (rise edge)
                          0.00    0.00   clock network delay (ideal)
                          2.00    2.00 v input external delay
                  0.06    0.04    2.04 v A[3] (in)
    10    0.03                           A[3] (net)
                  0.06    0.00    2.04 v _235_/A (sky130_fd_sc_hd__nand2_2)
                  0.03    0.05    2.09 ^ _235_/Y (sky130_fd_sc_hd__nand2_2)
     1    0.00                           _166_ (net)
                  0.03    0.00    2.09 ^ _236_/A2 (sky130_fd_sc_hd__a21o_2)
                  0.02    0.09    2.19 ^ _236_/X (sky130_fd_sc_hd__a21o_2)
     1    0.00                           _167_ (net)
                  0.02    0.00    2.19 ^ _246_/A (sky130_fd_sc_hd__and4_2)
                  0.06    0.18    2.37 ^ _246_/X (sky130_fd_sc_hd__and4_2)
     1    0.00                           _001_ (net)
                  0.06    0.00    2.37 ^ _255_/A (sky130_fd_sc_hd__nand2_2)
                  0.14    0.13    2.50 v _255_/Y (sky130_fd_sc_hd__nand2_2)
     2    0.03                           Result[3] (net)
                  0.14    0.00    2.50 v Result[3] (out)
                                  2.50   data arrival time

                  0.00    0.00    0.00   clock clk (rise edge)
                          0.00    0.00   clock network delay (ideal)
                          0.25    0.25   clock uncertainty
                          0.00    0.25   clock reconvergence pessimism
                         -2.00   -1.75   output external delay
                                 -1.75   data required time
-----------------------------------------------------------------------------
                                 -1.75   data required time
                                 -2.50   data arrival time
-----------------------------------------------------------------------------
                                  4.25   slack (MET)


Startpoint: B[7] (input port clocked by clk)
Endpoint: CarryOut (output port clocked by clk)
Path Group: clk
Path Type: min

Fanout     Cap    Slew   Delay    Time   Description
-----------------------------------------------------------------------------
                  0.00    0.00    0.00   clock clk (rise edge)
                          0.00    0.00   clock network delay (ideal)
                          2.00    2.00 ^ input external delay
                  0.05    0.03    2.03 ^ B[7] (in)
     4    0.01                           B[7] (net)
                  0.05    0.00    2.03 ^ _345_/A2 (sky130_fd_sc_hd__o211a_2)
                  0.03    0.14    2.17 ^ _345_/X (sky130_fd_sc_hd__o211a_2)
     1    0.00                           _095_ (net)
                  0.03    0.00    2.17 ^ _348_/A (sky130_fd_sc_hd__or3b_2)
                  0.03    0.09    2.26 ^ _348_/X (sky130_fd_sc_hd__or3b_2)
     1    0.00                           _098_ (net)
                  0.03    0.00    2.26 ^ _349_/A (sky130_fd_sc_hd__buf_1)
                  0.40    0.30    2.57 ^ _349_/X (sky130_fd_sc_hd__buf_1)
     1    0.03                           CarryOut (net)
                  0.40    0.00    2.57 ^ CarryOut (out)
                                  2.57   data arrival time

                  0.00    0.00    0.00   clock clk (rise edge)
                          0.00    0.00   clock network delay (ideal)
                          0.25    0.25   clock uncertainty
                          0.00    0.25   clock reconvergence pessimism
                         -2.00   -1.75   output external delay
                                 -1.75   data required time
-----------------------------------------------------------------------------
                                 -1.75   data required time
                                 -2.57   data arrival time
-----------------------------------------------------------------------------
                                  4.32   slack (MET)


Startpoint: A[4] (input port clocked by clk)
Endpoint: Result[4] (output port clocked by clk)
Path Group: clk
Path Type: min

Fanout     Cap    Slew   Delay    Time   Description
-----------------------------------------------------------------------------
                  0.00    0.00    0.00   clock clk (rise edge)
                          0.00    0.00   clock network delay (ideal)
                          2.00    2.00 ^ input external delay
                  0.05    0.03    2.03 ^ A[4] (in)
     3    0.01                           A[4] (net)
                  0.05    0.00    2.03 ^ _256_/A (sky130_fd_sc_hd__nor2_2)
                  0.03    0.04    2.07 v _256_/Y (sky130_fd_sc_hd__nor2_2)
     2    0.01                           _010_ (net)
                  0.03    0.00    2.07 v _262_/A1 (sky130_fd_sc_hd__o221ai_2)
                  0.05    0.14    2.21 ^ _262_/Y (sky130_fd_sc_hd__o221ai_2)
     1    0.00                           _016_ (net)
                  0.05    0.00    2.21 ^ _278_/A (sky130_fd_sc_hd__or3b_2)
                  0.03    0.09    2.31 ^ _278_/X (sky130_fd_sc_hd__or3b_2)
     1    0.00                           _032_ (net)
                  0.03    0.00    2.31 ^ _279_/A (sky130_fd_sc_hd__buf_1)
                  0.42    0.31    2.62 ^ _279_/X (sky130_fd_sc_hd__buf_1)
     2    0.04                           Result[4] (net)
                  0.42    0.00    2.62 ^ Result[4] (out)
                                  2.62   data arrival time

                  0.00    0.00    0.00   clock clk (rise edge)
                          0.00    0.00   clock network delay (ideal)
                          0.25    0.25   clock uncertainty
                          0.00    0.25   clock reconvergence pessimism
                         -2.00   -1.75   output external delay
                                 -1.75   data required time
-----------------------------------------------------------------------------
                                 -1.75   data required time
                                 -2.62   data arrival time
-----------------------------------------------------------------------------
                                  4.37   slack (MET)



min_report_end
max_report

===========================================================================
report_checks -path_delay max (Setup)
============================================================================
======================= Typical Corner ===================================

Startpoint: A[1] (input port clocked by clk)
Endpoint: Zero (output port clocked by clk)
Path Group: clk
Path Type: max

Fanout     Cap    Slew   Delay    Time   Description
-----------------------------------------------------------------------------
                  0.00    0.00    0.00   clock clk (rise edge)
                          0.00    0.00   clock network delay (ideal)
                          2.00    2.00 ^ input external delay
                  0.02    0.01    2.01 ^ A[1] (in)
     1    0.00                           A[1] (net)
                  0.02    0.00    2.01 ^ _176_/A (sky130_fd_sc_hd__buf_1)
                  0.52    0.42    2.43 ^ _176_/X (sky130_fd_sc_hd__buf_1)
    10    0.04                           _109_ (net)
                  0.52    0.00    2.43 ^ _177_/A (sky130_fd_sc_hd__xnor2_2)
                  0.35    0.26    2.69 ^ _177_/Y (sky130_fd_sc_hd__xnor2_2)
     8    0.02                           _110_ (net)
                  0.35    0.00    2.69 ^ _228_/A1 (sky130_fd_sc_hd__o21ai_2)
                  0.09    0.14    2.83 v _228_/Y (sky130_fd_sc_hd__o21ai_2)
     3    0.01                           _160_ (net)
                  0.09    0.00    2.83 v _266_/B2 (sky130_fd_sc_hd__a221o_2)
                  0.06    0.40    3.23 v _266_/X (sky130_fd_sc_hd__a221o_2)
     2    0.01                           _020_ (net)
                  0.06    0.00    3.23 v _267_/B (sky130_fd_sc_hd__nand2_2)
                  0.06    0.09    3.32 ^ _267_/Y (sky130_fd_sc_hd__nand2_2)
     1    0.01                           _021_ (net)
                  0.06    0.00    3.32 ^ _268_/B (sky130_fd_sc_hd__xnor2_2)
                  0.12    0.11    3.43 ^ _268_/Y (sky130_fd_sc_hd__xnor2_2)
     1    0.00                           _022_ (net)
                  0.12    0.00    3.43 ^ _271_/A2 (sky130_fd_sc_hd__o21ai_2)
                  0.05    0.06    3.49 v _271_/Y (sky130_fd_sc_hd__o21ai_2)
     1    0.00                           _025_ (net)
                  0.05    0.00    3.49 v _278_/B (sky130_fd_sc_hd__or3b_2)
                  0.07    0.45    3.94 v _278_/X (sky130_fd_sc_hd__or3b_2)
     1    0.00                           _032_ (net)
                  0.07    0.00    3.94 v _279_/A (sky130_fd_sc_hd__buf_1)
                  0.20    0.25    4.19 v _279_/X (sky130_fd_sc_hd__buf_1)
     2    0.04                           Result[4] (net)
                  0.20    0.00    4.19 v _357_/B (sky130_fd_sc_hd__or4_2)
                  0.11    0.73    4.91 v _357_/X (sky130_fd_sc_hd__or4_2)
     1    0.00                           _105_ (net)
                  0.11    0.00    4.91 v _361_/A3 (sky130_fd_sc_hd__o31ai_2)
                  0.68    0.60    5.51 ^ _361_/Y (sky130_fd_sc_hd__o31ai_2)
     1    0.03                           Zero (net)
                  0.68    0.00    5.51 ^ Zero (out)
                                  5.51   data arrival time

                  0.00   10.00   10.00   clock clk (rise edge)
                          0.00   10.00   clock network delay (ideal)
                         -0.25    9.75   clock uncertainty
                          0.00    9.75   clock reconvergence pessimism
                         -2.00    7.75   output external delay
                                  7.75   data required time
-----------------------------------------------------------------------------
                                  7.75   data required time
                                 -5.51   data arrival time
-----------------------------------------------------------------------------
                                  2.24   slack (MET)


Startpoint: A[1] (input port clocked by clk)
Endpoint: CarryOut (output port clocked by clk)
Path Group: clk
Path Type: max

Fanout     Cap    Slew   Delay    Time   Description
-----------------------------------------------------------------------------
                  0.00    0.00    0.00   clock clk (rise edge)
                          0.00    0.00   clock network delay (ideal)
                          2.00    2.00 ^ input external delay
                  0.02    0.01    2.01 ^ A[1] (in)
     1    0.00                           A[1] (net)
                  0.02    0.00    2.01 ^ _176_/A (sky130_fd_sc_hd__buf_1)
                  0.52    0.42    2.43 ^ _176_/X (sky130_fd_sc_hd__buf_1)
    10    0.04                           _109_ (net)
                  0.52    0.00    2.43 ^ _177_/A (sky130_fd_sc_hd__xnor2_2)
                  0.35    0.26    2.69 ^ _177_/Y (sky130_fd_sc_hd__xnor2_2)
     8    0.02                           _110_ (net)
                  0.35    0.00    2.69 ^ _228_/A1 (sky130_fd_sc_hd__o21ai_2)
                  0.09    0.14    2.83 v _228_/Y (sky130_fd_sc_hd__o21ai_2)
     3    0.01                           _160_ (net)
                  0.09    0.00    2.83 v _266_/B2 (sky130_fd_sc_hd__a221o_2)
                  0.06    0.40    3.23 v _266_/X (sky130_fd_sc_hd__a221o_2)
     2    0.01                           _020_ (net)
                  0.06    0.00    3.23 v _287_/A3 (sky130_fd_sc_hd__a31o_2)
                  0.06    0.29    3.53 v _287_/X (sky130_fd_sc_hd__a31o_2)
     2    0.01                           _040_ (net)
                  0.06    0.00    3.53 v _307_/A2 (sky130_fd_sc_hd__a21boi_2)
                  0.19    0.22    3.75 ^ _307_/Y (sky130_fd_sc_hd__a21boi_2)
     2    0.01                           _059_ (net)
                  0.19    0.00    3.75 ^ _324_/A2 (sky130_fd_sc_hd__o21ai_2)
                  0.06    0.10    3.85 v _324_/Y (sky130_fd_sc_hd__o21ai_2)
     2    0.01                           _075_ (net)
                  0.06    0.00    3.85 v _346_/A2 (sky130_fd_sc_hd__o211a_2)
                  0.04    0.24    4.09 v _346_/X (sky130_fd_sc_hd__o211a_2)
     1    0.00                           _096_ (net)
                  0.04    0.00    4.09 v _348_/B (sky130_fd_sc_hd__or3b_2)
                  0.07    0.44    4.53 v _348_/X (sky130_fd_sc_hd__or3b_2)
     1    0.00                           _098_ (net)
                  0.07    0.00    4.53 v _349_/A (sky130_fd_sc_hd__buf_1)
                  0.19    0.24    4.77 v _349_/X (sky130_fd_sc_hd__buf_1)
     1    0.03                           CarryOut (net)
                  0.19    0.00    4.77 v CarryOut (out)
                                  4.77   data arrival time

                  0.00   10.00   10.00   clock clk (rise edge)
                          0.00   10.00   clock network delay (ideal)
                         -0.25    9.75   clock uncertainty
                          0.00    9.75   clock reconvergence pessimism
                         -2.00    7.75   output external delay
                                  7.75   data required time
-----------------------------------------------------------------------------
                                  7.75   data required time
                                 -4.77   data arrival time
-----------------------------------------------------------------------------
                                  2.98   slack (MET)


Startpoint: A[1] (input port clocked by clk)
Endpoint: Result[7] (output port clocked by clk)
Path Group: clk
Path Type: max

Fanout     Cap    Slew   Delay    Time   Description
-----------------------------------------------------------------------------
                  0.00    0.00    0.00   clock clk (rise edge)
                          0.00    0.00   clock network delay (ideal)
                          2.00    2.00 v input external delay
                  0.01    0.00    2.00 v A[1] (in)
     1    0.00                           A[1] (net)
                  0.01    0.00    2.00 v _176_/A (sky130_fd_sc_hd__buf_1)
                  0.23    0.24    2.25 v _176_/X (sky130_fd_sc_hd__buf_1)
    10    0.04                           _109_ (net)
                  0.23    0.00    2.25 v _217_/B (sky130_fd_sc_hd__or3_2)
                  0.10    0.56    2.81 v _217_/X (sky130_fd_sc_hd__or3_2)
     3    0.01                           _149_ (net)
                  0.10    0.00    2.81 v _234_/B (sky130_fd_sc_hd__or2_2)
                  0.09    0.36    3.17 v _234_/X (sky130_fd_sc_hd__or2_2)
     4    0.02                           _165_ (net)
                  0.09    0.00    3.17 v _295_/C (sky130_fd_sc_hd__or3_2)
                  0.11    0.49    3.65 v _295_/X (sky130_fd_sc_hd__or3_2)
     3    0.01                           _048_ (net)
                  0.11    0.00    3.65 v _315_/B (sky130_fd_sc_hd__nor2_2)
                  0.10    0.12    3.78 ^ _315_/Y (sky130_fd_sc_hd__nor2_2)
     2    0.01                           _067_ (net)
                  0.10    0.00    3.78 ^ _316_/A (sky130_fd_sc_hd__inv_2)
                  0.03    0.05    3.82 v _316_/Y (sky130_fd_sc_hd__inv_2)
     3    0.01                           _068_ (net)
                  0.03    0.00    3.82 v _331_/C (sky130_fd_sc_hd__or3_2)
                  0.07    0.41    4.23 v _331_/X (sky130_fd_sc_hd__or3_2)
     1    0.00                           _082_ (net)
                  0.07    0.00    4.23 v _336_/C (sky130_fd_sc_hd__and4_2)
                  0.05    0.24    4.47 v _336_/X (sky130_fd_sc_hd__and4_2)
     1    0.00                           _087_ (net)
                  0.05    0.00    4.47 v _343_/B1 (sky130_fd_sc_hd__o211ai_2)
                  0.48    0.20    4.67 ^ _343_/Y (sky130_fd_sc_hd__o211ai_2)
     2    0.04                           Result[7] (net)
                  0.48    0.00    4.67 ^ Result[7] (out)
                                  4.67   data arrival time

                  0.00   10.00   10.00   clock clk (rise edge)
                          0.00   10.00   clock network delay (ideal)
                         -0.25    9.75   clock uncertainty
                          0.00    9.75   clock reconvergence pessimism
                         -2.00    7.75   output external delay
                                  7.75   data required time
-----------------------------------------------------------------------------
                                  7.75   data required time
                                 -4.67   data arrival time
-----------------------------------------------------------------------------
                                  3.08   slack (MET)


Startpoint: A[1] (input port clocked by clk)
Endpoint: Result[6] (output port clocked by clk)
Path Group: clk
Path Type: max

Fanout     Cap    Slew   Delay    Time   Description
-----------------------------------------------------------------------------
                  0.00    0.00    0.00   clock clk (rise edge)
                          0.00    0.00   clock network delay (ideal)
                          2.00    2.00 ^ input external delay
                  0.02    0.01    2.01 ^ A[1] (in)
     1    0.00                           A[1] (net)
                  0.02    0.00    2.01 ^ _176_/A (sky130_fd_sc_hd__buf_1)
                  0.52    0.42    2.43 ^ _176_/X (sky130_fd_sc_hd__buf_1)
    10    0.04                           _109_ (net)
                  0.52    0.00    2.43 ^ _177_/A (sky130_fd_sc_hd__xnor2_2)
                  0.17    0.23    2.66 v _177_/Y (sky130_fd_sc_hd__xnor2_2)
     8    0.02                           _110_ (net)
                  0.17    0.00    2.66 v _211_/A1 (sky130_fd_sc_hd__a21o_2)
                  0.05    0.27    2.93 v _211_/X (sky130_fd_sc_hd__a21o_2)
     3    0.01                           _143_ (net)
                  0.05    0.00    2.93 v _275_/A2 (sky130_fd_sc_hd__a31o_2)
                  0.06    0.27    3.20 v _275_/X (sky130_fd_sc_hd__a31o_2)
     3    0.01                           _029_ (net)
                  0.06    0.00    3.20 v _284_/B2 (sky130_fd_sc_hd__a22o_2)
                  0.05    0.25    3.45 v _284_/X (sky130_fd_sc_hd__a22o_2)
     3    0.01                           _037_ (net)
                  0.05    0.00    3.45 v _304_/A2 (sky130_fd_sc_hd__a21o_2)
                  0.06    0.25    3.70 v _304_/X (sky130_fd_sc_hd__a21o_2)
     4    0.01                           _056_ (net)
                  0.06    0.00    3.70 v _306_/B (sky130_fd_sc_hd__or2_2)
                  0.05    0.28    3.98 v _306_/X (sky130_fd_sc_hd__or2_2)
     1    0.00                           _058_ (net)
                  0.05    0.00    3.98 v _320_/A3 (sky130_fd_sc_hd__a31o_2)
                  0.12    0.35    4.33 v _320_/X (sky130_fd_sc_hd__a31o_2)
     2    0.04                           Result[6] (net)
                  0.12    0.00    4.33 v Result[6] (out)
                                  4.33   data arrival time

                  0.00   10.00   10.00   clock clk (rise edge)
                          0.00   10.00   clock network delay (ideal)
                         -0.25    9.75   clock uncertainty
                          0.00    9.75   clock reconvergence pessimism
                         -2.00    7.75   output external delay
                                  7.75   data required time
-----------------------------------------------------------------------------
                                  7.75   data required time
                                 -4.33   data arrival time
-----------------------------------------------------------------------------
                                  3.42   slack (MET)


Startpoint: A[1] (input port clocked by clk)
Endpoint: Result[4] (output port clocked by clk)
Path Group: clk
Path Type: max

Fanout     Cap    Slew   Delay    Time   Description
-----------------------------------------------------------------------------
                  0.00    0.00    0.00   clock clk (rise edge)
                          0.00    0.00   clock network delay (ideal)
                          2.00    2.00 ^ input external delay
                  0.02    0.01    2.01 ^ A[1] (in)
     1    0.00                           A[1] (net)
                  0.02    0.00    2.01 ^ _176_/A (sky130_fd_sc_hd__buf_1)
                  0.52    0.42    2.43 ^ _176_/X (sky130_fd_sc_hd__buf_1)
    10    0.04                           _109_ (net)
                  0.52    0.00    2.43 ^ _177_/A (sky130_fd_sc_hd__xnor2_2)
                  0.35    0.26    2.69 ^ _177_/Y (sky130_fd_sc_hd__xnor2_2)
     8    0.02                           _110_ (net)
                  0.35    0.00    2.69 ^ _228_/A1 (sky130_fd_sc_hd__o21ai_2)
                  0.09    0.14    2.83 v _228_/Y (sky130_fd_sc_hd__o21ai_2)
     3    0.01                           _160_ (net)
                  0.09    0.00    2.83 v _266_/B2 (sky130_fd_sc_hd__a221o_2)
                  0.06    0.40    3.23 v _266_/X (sky130_fd_sc_hd__a221o_2)
     2    0.01                           _020_ (net)
                  0.06    0.00    3.23 v _267_/B (sky130_fd_sc_hd__nand2_2)
                  0.06    0.09    3.32 ^ _267_/Y (sky130_fd_sc_hd__nand2_2)
     1    0.01                           _021_ (net)
                  0.06    0.00    3.32 ^ _268_/B (sky130_fd_sc_hd__xnor2_2)
                  0.12    0.11    3.43 ^ _268_/Y (sky130_fd_sc_hd__xnor2_2)
     1    0.00                           _022_ (net)
                  0.12    0.00    3.43 ^ _271_/A2 (sky130_fd_sc_hd__o21ai_2)
                  0.05    0.06    3.49 v _271_/Y (sky130_fd_sc_hd__o21ai_2)
     1    0.00                           _025_ (net)
                  0.05    0.00    3.49 v _278_/B (sky130_fd_sc_hd__or3b_2)
                  0.07    0.45    3.94 v _278_/X (sky130_fd_sc_hd__or3b_2)
     1    0.00                           _032_ (net)
                  0.07    0.00    3.94 v _279_/A (sky130_fd_sc_hd__buf_1)
                  0.20    0.25    4.19 v _279_/X (sky130_fd_sc_hd__buf_1)
     2    0.04                           Result[4] (net)
                  0.20    0.00    4.19 v Result[4] (out)
                                  4.19   data arrival time

                  0.00   10.00   10.00   clock clk (rise edge)
                          0.00   10.00   clock network delay (ideal)
                         -0.25    9.75   clock uncertainty
                          0.00    9.75   clock reconvergence pessimism
                         -2.00    7.75   output external delay
                                  7.75   data required time
-----------------------------------------------------------------------------
                                  7.75   data required time
                                 -4.19   data arrival time
-----------------------------------------------------------------------------
                                  3.56   slack (MET)


Startpoint: A[1] (input port clocked by clk)
Endpoint: Result[5] (output port clocked by clk)
Path Group: clk
Path Type: max

Fanout     Cap    Slew   Delay    Time   Description
-----------------------------------------------------------------------------
                  0.00    0.00    0.00   clock clk (rise edge)
                          0.00    0.00   clock network delay (ideal)
                          2.00    2.00 v input external delay
                  0.01    0.00    2.00 v A[1] (in)
     1    0.00                           A[1] (net)
                  0.01    0.00    2.00 v _176_/A (sky130_fd_sc_hd__buf_1)
                  0.23    0.24    2.25 v _176_/X (sky130_fd_sc_hd__buf_1)
    10    0.04                           _109_ (net)
                  0.23    0.00    2.25 v _217_/B (sky130_fd_sc_hd__or3_2)
                  0.10    0.56    2.81 v _217_/X (sky130_fd_sc_hd__or3_2)
     3    0.01                           _149_ (net)
                  0.10    0.00    2.81 v _234_/B (sky130_fd_sc_hd__or2_2)
                  0.09    0.36    3.17 v _234_/X (sky130_fd_sc_hd__or2_2)
     4    0.02                           _165_ (net)
                  0.09    0.00    3.17 v _295_/C (sky130_fd_sc_hd__or3_2)
                  0.11    0.49    3.65 v _295_/X (sky130_fd_sc_hd__or3_2)
     3    0.01                           _048_ (net)
                  0.11    0.00    3.65 v _297_/A1 (sky130_fd_sc_hd__a21o_2)
                  0.04    0.22    3.87 v _297_/X (sky130_fd_sc_hd__a21o_2)
     1    0.00                           _050_ (net)
                  0.04    0.00    3.87 v _298_/C1 (sky130_fd_sc_hd__o211ai_2)
                  0.11    0.05    3.92 ^ _298_/Y (sky130_fd_sc_hd__o211ai_2)
     1    0.00                           _051_ (net)
                  0.11    0.00    3.92 ^ _299_/B1 (sky130_fd_sc_hd__a31o_2)
                  0.21    0.25    4.17 ^ _299_/X (sky130_fd_sc_hd__a31o_2)
     2    0.04                           Result[5] (net)
                  0.21    0.00    4.17 ^ Result[5] (out)
                                  4.17   data arrival time

                  0.00   10.00   10.00   clock clk (rise edge)
                          0.00   10.00   clock network delay (ideal)
                         -0.25    9.75   clock uncertainty
                          0.00    9.75   clock reconvergence pessimism
                         -2.00    7.75   output external delay
                                  7.75   data required time
-----------------------------------------------------------------------------
                                  7.75   data required time
                                 -4.17   data arrival time
-----------------------------------------------------------------------------
                                  3.58   slack (MET)


Startpoint: Sel[0] (input port clocked by clk)
Endpoint: Result[2] (output port clocked by clk)
Path Group: clk
Path Type: max

Fanout     Cap    Slew   Delay    Time   Description
-----------------------------------------------------------------------------
                  0.00    0.00    0.00   clock clk (rise edge)
                          0.00    0.00   clock network delay (ideal)
                          2.00    2.00 v input external delay
                  0.01    0.01    2.01 v Sel[0] (in)
     2    0.00                           Sel[0] (net)
                  0.01    0.00    2.01 v _180_/A (sky130_fd_sc_hd__buf_1)
                  0.14    0.17    2.18 v _180_/X (sky130_fd_sc_hd__buf_1)
    10    0.02                           _113_ (net)
                  0.14    0.00    2.18 v _225_/C (sky130_fd_sc_hd__or4_2)
                  0.09    0.65    2.83 v _225_/X (sky130_fd_sc_hd__or4_2)
     1    0.00                           _157_ (net)
                  0.09    0.00    2.83 v _226_/A (sky130_fd_sc_hd__buf_1)
                  0.12    0.20    3.02 v _226_/X (sky130_fd_sc_hd__buf_1)
     6    0.02                           _158_ (net)
                  0.12    0.00    3.02 v _231_/A (sky130_fd_sc_hd__or3b_2)
                  0.07    0.49    3.52 v _231_/X (sky130_fd_sc_hd__or3b_2)
     1    0.00                           _163_ (net)
                  0.07    0.00    3.52 v _232_/C (sky130_fd_sc_hd__and3_2)
                  0.04    0.23    3.75 v _232_/X (sky130_fd_sc_hd__and3_2)
     1    0.00                           _164_ (net)
                  0.04    0.00    3.75 v _233_/B1 (sky130_fd_sc_hd__o21ai_2)
                  0.41    0.17    3.92 ^ _233_/Y (sky130_fd_sc_hd__o21ai_2)
     2    0.03                           Result[2] (net)
                  0.41    0.00    3.92 ^ Result[2] (out)
                                  3.92   data arrival time

                  0.00   10.00   10.00   clock clk (rise edge)
                          0.00   10.00   clock network delay (ideal)
                         -0.25    9.75   clock uncertainty
                          0.00    9.75   clock reconvergence pessimism
                         -2.00    7.75   output external delay
                                  7.75   data required time
-----------------------------------------------------------------------------
                                  7.75   data required time
                                 -3.92   data arrival time
-----------------------------------------------------------------------------
                                  3.83   slack (MET)


Startpoint: Sel[2] (input port clocked by clk)
Endpoint: Result[3] (output port clocked by clk)
Path Group: clk
Path Type: max

Fanout     Cap    Slew   Delay    Time   Description
-----------------------------------------------------------------------------
                  0.00    0.00    0.00   clock clk (rise edge)
                          0.00    0.00   clock network delay (ideal)
                          2.00    2.00 ^ input external delay
                  0.08    0.06    2.06 ^ Sel[2] (in)
     7    0.02                           Sel[2] (net)
                  0.08    0.00    2.06 ^ _192_/B_N (sky130_fd_sc_hd__or2b_2)
                  0.06    0.32    2.38 v _192_/X (sky130_fd_sc_hd__or2b_2)
     3    0.00                           _125_ (net)
                  0.06    0.00    2.38 v _198_/A (sky130_fd_sc_hd__or3b_2)
                  0.12    0.56    2.93 v _198_/X (sky130_fd_sc_hd__or3b_2)
     8    0.02                           _131_ (net)
                  0.12    0.00    2.93 v _241_/B (sky130_fd_sc_hd__or3b_2)
                  0.07    0.47    3.40 v _241_/X (sky130_fd_sc_hd__or3b_2)
     1    0.00                           _172_ (net)
                  0.07    0.00    3.40 v _246_/C (sky130_fd_sc_hd__and4_2)
                  0.05    0.24    3.65 v _246_/X (sky130_fd_sc_hd__and4_2)
     1    0.00                           _001_ (net)
                  0.05    0.00    3.65 v _255_/A (sky130_fd_sc_hd__nand2_2)
                  0.19    0.17    3.82 ^ _255_/Y (sky130_fd_sc_hd__nand2_2)
     2    0.03                           Result[3] (net)
                  0.19    0.00    3.82 ^ Result[3] (out)
                                  3.82   data arrival time

                  0.00   10.00   10.00   clock clk (rise edge)
                          0.00   10.00   clock network delay (ideal)
                         -0.25    9.75   clock uncertainty
                          0.00    9.75   clock reconvergence pessimism
                         -2.00    7.75   output external delay
                                  7.75   data required time
-----------------------------------------------------------------------------
                                  7.75   data required time
                                 -3.82   data arrival time
-----------------------------------------------------------------------------
                                  3.93   slack (MET)


Startpoint: Sel[2] (input port clocked by clk)
Endpoint: Result[1] (output port clocked by clk)
Path Group: clk
Path Type: max

Fanout     Cap    Slew   Delay    Time   Description
-----------------------------------------------------------------------------
                  0.00    0.00    0.00   clock clk (rise edge)
                          0.00    0.00   clock network delay (ideal)
                          2.00    2.00 ^ input external delay
                  0.08    0.06    2.06 ^ Sel[2] (in)
     7    0.02                           Sel[2] (net)
                  0.08    0.00    2.06 ^ _192_/B_N (sky130_fd_sc_hd__or2b_2)
                  0.06    0.32    2.38 v _192_/X (sky130_fd_sc_hd__or2b_2)
     3    0.00                           _125_ (net)
                  0.06    0.00    2.38 v _198_/A (sky130_fd_sc_hd__or3b_2)
                  0.12    0.56    2.93 v _198_/X (sky130_fd_sc_hd__or3b_2)
     8    0.02                           _131_ (net)
                  0.12    0.00    2.93 v _200_/A1 (sky130_fd_sc_hd__mux2_2)
                  0.05    0.30    3.23 v _200_/X (sky130_fd_sc_hd__mux2_2)
     1    0.00                           _133_ (net)
                  0.05    0.00    3.23 v _204_/C1 (sky130_fd_sc_hd__o2111a_2)
                  0.04    0.15    3.38 v _204_/X (sky130_fd_sc_hd__o2111a_2)
     1    0.00                           _137_ (net)
                  0.04    0.00    3.38 v _205_/B1 (sky130_fd_sc_hd__o21ai_2)
                  0.08    0.05    3.43 ^ _205_/Y (sky130_fd_sc_hd__o21ai_2)
     1    0.00                           _138_ (net)
                  0.08    0.00    3.43 ^ _206_/B1 (sky130_fd_sc_hd__a31o_2)
                  0.21    0.24    3.67 ^ _206_/X (sky130_fd_sc_hd__a31o_2)
     2    0.03                           Result[1] (net)
                  0.21    0.00    3.67 ^ Result[1] (out)
                                  3.67   data arrival time

                  0.00   10.00   10.00   clock clk (rise edge)
                          0.00   10.00   clock network delay (ideal)
                         -0.25    9.75   clock uncertainty
                          0.00    9.75   clock reconvergence pessimism
                         -2.00    7.75   output external delay
                                  7.75   data required time
-----------------------------------------------------------------------------
                                  7.75   data required time
                                 -3.67   data arrival time
-----------------------------------------------------------------------------
                                  4.08   slack (MET)


Startpoint: Sel[1] (input port clocked by clk)
Endpoint: Result[0] (output port clocked by clk)
Path Group: clk
Path Type: max

Fanout     Cap    Slew   Delay    Time   Description
-----------------------------------------------------------------------------
                  0.00    0.00    0.00   clock clk (rise edge)
                          0.00    0.00   clock network delay (ideal)
                          2.00    2.00 ^ input external delay
                  0.04    0.03    2.03 ^ Sel[1] (in)
     4    0.01                           Sel[1] (net)
                  0.04    0.00    2.03 ^ _181_/A (sky130_fd_sc_hd__buf_1)
                  0.32    0.28    2.31 ^ _181_/X (sky130_fd_sc_hd__buf_1)
    10    0.03                           _114_ (net)
                  0.32    0.00    2.31 ^ _191_/D_N (sky130_fd_sc_hd__or4b_2)
                  0.16    0.74    3.05 v _191_/X (sky130_fd_sc_hd__or4b_2)
     8    0.02                           _124_ (net)
                  0.16    0.00    3.05 v _353_/A2_N (sky130_fd_sc_hd__a2bb2o_2)
                  0.04    0.27    3.32 ^ _353_/X (sky130_fd_sc_hd__a2bb2o_2)
     1    0.00                           _102_ (net)
                  0.04    0.00    3.32 ^ _354_/C1 (sky130_fd_sc_hd__a211o_2)
                  0.17    0.20    3.51 ^ _354_/X (sky130_fd_sc_hd__a211o_2)
     2    0.04                           Result[0] (net)
                  0.17    0.00    3.51 ^ Result[0] (out)
                                  3.51   data arrival time

                  0.00   10.00   10.00   clock clk (rise edge)
                          0.00   10.00   clock network delay (ideal)
                         -0.25    9.75   clock uncertainty
                          0.00    9.75   clock reconvergence pessimism
                         -2.00    7.75   output external delay
                                  7.75   data required time
-----------------------------------------------------------------------------
                                  7.75   data required time
                                 -3.51   data arrival time
-----------------------------------------------------------------------------
                                  4.24   slack (MET)



max_report_end
checks_report

===========================================================================
report_checks -unconstrained
===========================================================================
======================= Typical Corner ===================================

Startpoint: A[1] (input port clocked by clk)
Endpoint: Zero (output port clocked by clk)
Path Group: clk
Path Type: max

Fanout     Cap    Slew   Delay    Time   Description
-----------------------------------------------------------------------------
                  0.00    0.00    0.00   clock clk (rise edge)
                          0.00    0.00   clock network delay (ideal)
                          2.00    2.00 ^ input external delay
                  0.02    0.01    2.01 ^ A[1] (in)
     1    0.00                           A[1] (net)
                  0.02    0.00    2.01 ^ _176_/A (sky130_fd_sc_hd__buf_1)
                  0.52    0.42    2.43 ^ _176_/X (sky130_fd_sc_hd__buf_1)
    10    0.04                           _109_ (net)
                  0.52    0.00    2.43 ^ _177_/A (sky130_fd_sc_hd__xnor2_2)
                  0.35    0.26    2.69 ^ _177_/Y (sky130_fd_sc_hd__xnor2_2)
     8    0.02                           _110_ (net)
                  0.35    0.00    2.69 ^ _228_/A1 (sky130_fd_sc_hd__o21ai_2)
                  0.09    0.14    2.83 v _228_/Y (sky130_fd_sc_hd__o21ai_2)
     3    0.01                           _160_ (net)
                  0.09    0.00    2.83 v _266_/B2 (sky130_fd_sc_hd__a221o_2)
                  0.06    0.40    3.23 v _266_/X (sky130_fd_sc_hd__a221o_2)
     2    0.01                           _020_ (net)
                  0.06    0.00    3.23 v _267_/B (sky130_fd_sc_hd__nand2_2)
                  0.06    0.09    3.32 ^ _267_/Y (sky130_fd_sc_hd__nand2_2)
     1    0.01                           _021_ (net)
                  0.06    0.00    3.32 ^ _268_/B (sky130_fd_sc_hd__xnor2_2)
                  0.12    0.11    3.43 ^ _268_/Y (sky130_fd_sc_hd__xnor2_2)
     1    0.00                           _022_ (net)
                  0.12    0.00    3.43 ^ _271_/A2 (sky130_fd_sc_hd__o21ai_2)
                  0.05    0.06    3.49 v _271_/Y (sky130_fd_sc_hd__o21ai_2)
     1    0.00                           _025_ (net)
                  0.05    0.00    3.49 v _278_/B (sky130_fd_sc_hd__or3b_2)
                  0.07    0.45    3.94 v _278_/X (sky130_fd_sc_hd__or3b_2)
     1    0.00                           _032_ (net)
                  0.07    0.00    3.94 v _279_/A (sky130_fd_sc_hd__buf_1)
                  0.20    0.25    4.19 v _279_/X (sky130_fd_sc_hd__buf_1)
     2    0.04                           Result[4] (net)
                  0.20    0.00    4.19 v _357_/B (sky130_fd_sc_hd__or4_2)
                  0.11    0.73    4.91 v _357_/X (sky130_fd_sc_hd__or4_2)
     1    0.00                           _105_ (net)
                  0.11    0.00    4.91 v _361_/A3 (sky130_fd_sc_hd__o31ai_2)
                  0.68    0.60    5.51 ^ _361_/Y (sky130_fd_sc_hd__o31ai_2)
     1    0.03                           Zero (net)
                  0.68    0.00    5.51 ^ Zero (out)
                                  5.51   data arrival time

                  0.00   10.00   10.00   clock clk (rise edge)
                          0.00   10.00   clock network delay (ideal)
                         -0.25    9.75   clock uncertainty
                          0.00    9.75   clock reconvergence pessimism
                         -2.00    7.75   output external delay
                                  7.75   data required time
-----------------------------------------------------------------------------
                                  7.75   data required time
                                 -5.51   data arrival time
-----------------------------------------------------------------------------
                                  2.24   slack (MET)




===========================================================================
report_checks --slack_max -0.01
============================================================================
======================= Typical Corner ===================================

No paths found.


===========================================================================
 report_check_types -max_slew -max_cap -max_fanout -violators
============================================================================
======================= Typical Corner ===================================



===========================================================================
report_parasitic_annotation -report_unannotated
============================================================================
Found 206 unannotated drivers.
 A[0]
 A[1]
 A[2]
 A[3]
 A[4]
 A[5]
 A[6]
 A[7]
 B[0]
 B[1]
 B[2]
 B[3]
 B[4]
 B[5]
 B[6]
 B[7]
 Sel[0]
 Sel[1]
 Sel[2]
 Sel[3]
 _176_/X
 _177_/Y
 _178_/Y
 _179_/Y
 _180_/X
 _181_/X
 _182_/Y
 _183_/X
 _184_/X
 _185_/Y
 _186_/Y
 _187_/Y
 _188_/X
 _189_/X
 _190_/Y
 _191_/X
 _192_/X
 _193_/X
 _194_/X
 _195_/X
 _196_/X
 _197_/Y
 _198_/X
 _199_/X
 _200_/X
 _201_/X
 _202_/X
 _203_/Y
 _204_/X
 _205_/Y
 _206_/X
 _207_/X
 _208_/Y
 _209_/X
 _210_/X
 _211_/X
 _212_/Y
 _213_/Y
 _214_/Y
 _215_/Y
 _216_/Y
 _217_/X
 _218_/Y
 _219_/X
 _220_/X
 _221_/X
 _222_/Y
 _223_/X
 _224_/X
 _225_/X
 _226_/X
 _227_/Y
 _228_/Y
 _229_/Y
 _230_/Y
 _231_/X
 _232_/X
 _233_/Y
 _234_/X
 _235_/Y
 _236_/X
 _237_/Y
 _238_/X
 _239_/X
 _240_/X
 _241_/X
 _242_/Y
 _243_/X
 _244_/X
 _245_/Y
 _246_/X
 _247_/Y
 _248_/X
 _249_/X
 _250_/Y
 _251_/X
 _252_/Y
 _253_/Y
 _254_/X
 _255_/Y
 _256_/Y
 _257_/X
 _258_/Y
 _259_/Y
 _260_/X
 _261_/X
 _262_/Y
 _263_/X
 _264_/Y
 _265_/Y
 _266_/X
 _267_/Y
 _268_/Y
 _269_/Y
 _270_/Y
 _271_/Y
 _272_/Y
 _273_/X
 _274_/Y
 _275_/X
 _276_/Y
 _277_/Y
 _278_/X
 _279_/X
 _280_/X
 _281_/Y
 _282_/Y
 _283_/Y
 _284_/X
 _285_/X
 _286_/Y
 _287_/X
 _288_/X
 _289_/Y
 _290_/X
 _291_/X
 _292_/Y
 _293_/X
 _294_/X
 _295_/X
 _296_/Y
 _297_/X
 _298_/Y
 _299_/X
 _300_/Y
 _301_/Y
 _302_/Y
 _303_/X
 _304_/X
 _305_/Y
 _306_/X
 _307_/Y
 _308_/Y
 _309_/Y
 _310_/X
 _311_/Y
 _312_/X
 _313_/X
 _314_/X
 _315_/Y
 _316_/Y
 _317_/Y
 _318_/X
 _319_/Y
 _320_/X
 _321_/Y
 _322_/X
 _323_/X
 _324_/Y
 _325_/Y
 _326_/Y
 _327_/Y
 _328_/X
 _329_/Y
 _330_/X
 _331_/X
 _332_/X
 _333_/Y
 _334_/Y
 _335_/X
 _336_/X
 _337_/Y
 _338_/X
 _339_/Y
 _340_/X
 _341_/Y
 _342_/X
 _343_/Y
 _344_/Y
 _345_/X
 _346_/X
 _347_/X
 _348_/X
 _349_/X
 _350_/X
 _351_/X
 _352_/X
 _353_/X
 _354_/X
 _355_/X
 _356_/X
 _357_/X
 _358_/X
 _359_/X
 _360_/X
 _361_/Y
Found 0 partially unannotated drivers.

===========================================================================
max slew violation count 0
max fanout violation count 0
max cap violation count 0
============================================================================

===========================================================================
check_setup -verbose -unconstrained_endpoints -multiple_clock -no_clock -no_input_delay -loops -generated_clocks
===========================================================================
checks_report_end
power_report

===========================================================================
 report_power
============================================================================
======================= Typical Corner ===================================

Group                  Internal  Switching    Leakage      Total
                          Power      Power      Power      Power (Watts)
----------------------------------------------------------------
Sequential             0.00e+00   0.00e+00   0.00e+00   0.00e+00   0.0%
Combinational          2.98e-05   3.43e-05   5.53e-10   6.41e-05 100.0%
Macro                  0.00e+00   0.00e+00   0.00e+00   0.00e+00   0.0%
Pad                    0.00e+00   0.00e+00   0.00e+00   0.00e+00   0.0%
----------------------------------------------------------------
Total                  2.98e-05   3.43e-05   5.53e-10   6.41e-05 100.0%
                          46.5%      53.5%       0.0%

power_report_end
skew_report

===========================================================================
report_clock_skew
============================================================================
Clock clk
No launch/capture paths found.

skew_report_end
summary_report

===========================================================================
report_tns
============================================================================
tns 0.00

===========================================================================
report_wns
============================================================================
wns 0.00

===========================================================================
report_worst_slack -max (Setup)
============================================================================
worst slack 2.24

===========================================================================
report_worst_slack -min (Hold)
============================================================================
worst slack 4.10
summary_report_end
[WARNING] Did not save OpenROAD database!
Writing SDF to '/openlane/designs/alu/runs/myrun/results/synthesis/alu.sdf'…
