
*** Running vivado
    with args -log alu_tb.vds -m64 -product Vivado -mode batch -messageDb vivado.pb -notrace -source alu_tb.tcl


****** Vivado v2024.2.2 (64-bit)
  **** SW Build 6060944 on Thu Mar 06 19:10:09 MST 2025
  **** IP Build 6050500 on Thu Mar  6 23:33:39 MST 2025
  **** SharedData Build 6060542 on Thu Mar 06 10:31:07 MST 2025
  **** Start of session at: Thu Sep 18 17:52:47 2025
    ** Copyright 1986-2022 Xilinx, Inc. All Rights Reserved.
    ** Copyright 2022-2025 Advanced Micro Devices, Inc. All Rights Reserved.

source alu_tb.tcl -notrace
Command: read_checkpoint -auto_incremental -incremental /home/jagadeesh97/Downloads/vivado/alu/alu/alu.srcs/utils_1/imports/synth_1/alu_tb.dcp
INFO: [Vivado 12-5825] Read reference checkpoint from /home/jagadeesh97/Downloads/vivado/alu/alu/alu.srcs/utils_1/imports/synth_1/alu_tb.dcp for incremental synthesis
INFO: [Vivado 12-7989] Please ensure there are no constraint changes
Command: synth_design -top alu_tb -part xck24-ubva530-2LV-c
Starting synth_design
Attempting to get a license for feature 'Synthesis' and/or device 'xck24'
INFO: [Common 17-349] Got license for feature 'Synthesis' and/or device 'xck24'
INFO: [Designutils 20-5440] No compile time benefit to using incremental synthesis; A full resynthesis will be run
INFO: [Designutils 20-4379] Flow is switching to default flow due to incremental criteria not met. If you would like to alter this behaviour and have the flow terminate instead, please set the following parameter config_implementation {autoIncr.Synth.RejectBehavior Terminate}
INFO: [Synth 8-7079] Multithreading enabled for synth_design using a maximum of 7 processes.
INFO: [Synth 8-7078] Launching helper process for spawning children vivado processes
INFO: [Synth 8-7075] Helper process launched with PID 10171
---------------------------------------------------------------------------------
Starting Synthesize : Time (s): cpu = 00:00:03 ; elapsed = 00:00:03 . Memory (MB): peak = 1706.164 ; gain = 346.859 ; free physical = 132 ; free virtual = 4194
---------------------------------------------------------------------------------
INFO: [Synth 8-6157] synthesizing module 'alu_tb' [/home/jagadeesh97/Downloads/vivado/alu/alu/alu.srcs/sources_1/new/alu_tb.v:4]
INFO: [Synth 8-251] Time  Sel   A    B   => Result  Carry Zero [/home/jagadeesh97/Downloads/vivado/alu/alu/alu.srcs/sources_1/new/alu_tb.v:27]
WARNING: [Synth 8-11581] system function call 'time' not supported [/home/jagadeesh97/Downloads/vivado/alu/alu/alu.srcs/sources_1/new/alu_tb.v:31]
INFO: [Synth 8-251] 1'b0  4'b0000  a  5 => xx  1'bx   1'bx [/home/jagadeesh97/Downloads/vivado/alu/alu/alu.srcs/sources_1/new/alu_tb.v:31]
WARNING: [Synth 8-11581] system function call 'time' not supported [/home/jagadeesh97/Downloads/vivado/alu/alu/alu.srcs/sources_1/new/alu_tb.v:35]
INFO: [Synth 8-251] 1'b0  4'b0001  5  a => xx  1'bx   1'bx [/home/jagadeesh97/Downloads/vivado/alu/alu/alu.srcs/sources_1/new/alu_tb.v:35]
WARNING: [Synth 8-11581] system function call 'time' not supported [/home/jagadeesh97/Downloads/vivado/alu/alu/alu.srcs/sources_1/new/alu_tb.v:39]
INFO: [Synth 8-251] 1'b0  4'b0010  f0  f => xx  1'bx   1'bx [/home/jagadeesh97/Downloads/vivado/alu/alu/alu.srcs/sources_1/new/alu_tb.v:39]
WARNING: [Synth 8-11581] system function call 'time' not supported [/home/jagadeesh97/Downloads/vivado/alu/alu/alu.srcs/sources_1/new/alu_tb.v:43]
INFO: [Synth 8-251] 1'b0  4'b0011  f0  f => xx  1'bx   1'bx [/home/jagadeesh97/Downloads/vivado/alu/alu/alu.srcs/sources_1/new/alu_tb.v:43]
WARNING: [Synth 8-11581] system function call 'time' not supported [/home/jagadeesh97/Downloads/vivado/alu/alu/alu.srcs/sources_1/new/alu_tb.v:47]
INFO: [Synth 8-251] 1'b0  4'b0100  aa  55 => xx  1'bx   1'bx [/home/jagadeesh97/Downloads/vivado/alu/alu/alu.srcs/sources_1/new/alu_tb.v:47]
WARNING: [Synth 8-11581] system function call 'time' not supported [/home/jagadeesh97/Downloads/vivado/alu/alu/alu.srcs/sources_1/new/alu_tb.v:51]
INFO: [Synth 8-251] 1'b0  4'b0101  ff  0 => xx  1'bx   1'bx [/home/jagadeesh97/Downloads/vivado/alu/alu/alu.srcs/sources_1/new/alu_tb.v:51]
WARNING: [Synth 8-11581] system function call 'time' not supported [/home/jagadeesh97/Downloads/vivado/alu/alu/alu.srcs/sources_1/new/alu_tb.v:55]
INFO: [Synth 8-251] 1'b0  4'b0110  7f  0 => xx  1'bx   1'bx [/home/jagadeesh97/Downloads/vivado/alu/alu/alu.srcs/sources_1/new/alu_tb.v:55]
WARNING: [Synth 8-11581] system function call 'time' not supported [/home/jagadeesh97/Downloads/vivado/alu/alu/alu.srcs/sources_1/new/alu_tb.v:59]
INFO: [Synth 8-251] 1'b0  4'b0111  0  0 => xx  1'bx   1'bx [/home/jagadeesh97/Downloads/vivado/alu/alu/alu.srcs/sources_1/new/alu_tb.v:59]
WARNING: [Synth 8-11581] system function call 'time' not supported [/home/jagadeesh97/Downloads/vivado/alu/alu/alu.srcs/sources_1/new/alu_tb.v:63]
INFO: [Synth 8-251] 1'b0  4'b1000  5a  5a => xx  1'bx   1'bx [/home/jagadeesh97/Downloads/vivado/alu/alu/alu.srcs/sources_1/new/alu_tb.v:63]
WARNING: [Synth 8-11581] system task call 'finish' not supported [/home/jagadeesh97/Downloads/vivado/alu/alu/alu.srcs/sources_1/new/alu_tb.v:65]
INFO: [Synth 8-6157] synthesizing module 'alu8' [/home/jagadeesh97/Downloads/vivado/alu/alu/alu.srcs/sources_1/new/alu.v:5]
INFO: [Synth 8-6155] done synthesizing module 'alu8' (0#1) [/home/jagadeesh97/Downloads/vivado/alu/alu/alu.srcs/sources_1/new/alu.v:5]
INFO: [Synth 8-6155] done synthesizing module 'alu_tb' (0#1) [/home/jagadeesh97/Downloads/vivado/alu/alu/alu.srcs/sources_1/new/alu_tb.v:4]
---------------------------------------------------------------------------------
Finished Synthesize : Time (s): cpu = 00:00:04 ; elapsed = 00:00:04 . Memory (MB): peak = 1777.102 ; gain = 417.797 ; free physical = 139 ; free virtual = 4100
---------------------------------------------------------------------------------
---------------------------------------------------------------------------------
Finished Constraint Validation : Time (s): cpu = 00:00:04 ; elapsed = 00:00:04 . Memory (MB): peak = 1791.945 ; gain = 432.641 ; free physical = 132 ; free virtual = 4102
---------------------------------------------------------------------------------
---------------------------------------------------------------------------------
Start Loading Part and Timing Information
---------------------------------------------------------------------------------
Loading part: xck24-ubva530-2LV-c
INFO: [Device 21-403] Loading part xck24-ubva530-2LV-c
INFO: [Synth 8-6742] Reading net delay rules and data
---------------------------------------------------------------------------------
Finished Loading Part and Timing Information : Time (s): cpu = 00:00:04 ; elapsed = 00:00:05 . Memory (MB): peak = 1799.949 ; gain = 440.645 ; free physical = 129 ; free virtual = 4099
---------------------------------------------------------------------------------
---------------------------------------------------------------------------------
Finished RTL Optimization Phase 2 : Time (s): cpu = 00:00:04 ; elapsed = 00:00:05 . Memory (MB): peak = 1819.832 ; gain = 460.527 ; free physical = 124 ; free virtual = 4079
---------------------------------------------------------------------------------
No constraint files found.
---------------------------------------------------------------------------------
Start RTL Component Statistics 
---------------------------------------------------------------------------------
Detailed RTL Component Info : 
+---Adders : 
	   2 Input    9 Bit       Adders := 3     
	   3 Input    9 Bit       Adders := 1     
+---XORs : 
	   2 Input      8 Bit         XORs := 1     
+---Muxes : 
	   2 Input    1 Bit        Muxes := 1     
	  10 Input    1 Bit        Muxes := 1     
---------------------------------------------------------------------------------
Finished RTL Component Statistics 
---------------------------------------------------------------------------------
---------------------------------------------------------------------------------
Start Part Resource Summary
---------------------------------------------------------------------------------
Part Resources:
DSPs: 360 (col length:72)
BRAMs: 432 (col length: RAMB18 72 RAMB36 36)
---------------------------------------------------------------------------------
Finished Part Resource Summary
---------------------------------------------------------------------------------
No constraint files found.
---------------------------------------------------------------------------------
Start Cross Boundary and Area Optimization
---------------------------------------------------------------------------------
WARNING: [Synth 8-7080] Parallel synthesis criteria is not met
---------------------------------------------------------------------------------
Finished Cross Boundary and Area Optimization : Time (s): cpu = 00:00:07 ; elapsed = 00:00:26 . Memory (MB): peak = 2512.652 ; gain = 1153.348 ; free physical = 136 ; free virtual = 3261
---------------------------------------------------------------------------------
No constraint files found.
---------------------------------------------------------------------------------
Start Timing Optimization
---------------------------------------------------------------------------------
---------------------------------------------------------------------------------
Finished Timing Optimization : Time (s): cpu = 00:00:07 ; elapsed = 00:00:26 . Memory (MB): peak = 2512.652 ; gain = 1153.348 ; free physical = 151 ; free virtual = 3260
---------------------------------------------------------------------------------
---------------------------------------------------------------------------------
Start Technology Mapping
---------------------------------------------------------------------------------
---------------------------------------------------------------------------------
Finished Technology Mapping : Time (s): cpu = 00:00:07 ; elapsed = 00:00:26 . Memory (MB): peak = 2512.652 ; gain = 1153.348 ; free physical = 202 ; free virtual = 3261
---------------------------------------------------------------------------------
---------------------------------------------------------------------------------
Start IO Insertion
---------------------------------------------------------------------------------
---------------------------------------------------------------------------------
Start Flattening Before IO Insertion
---------------------------------------------------------------------------------
---------------------------------------------------------------------------------
Finished Flattening Before IO Insertion
---------------------------------------------------------------------------------
---------------------------------------------------------------------------------
Start Final Netlist Cleanup
---------------------------------------------------------------------------------
---------------------------------------------------------------------------------
Finished Final Netlist Cleanup
---------------------------------------------------------------------------------
---------------------------------------------------------------------------------
Finished IO Insertion : Time (s): cpu = 00:00:09 ; elapsed = 00:00:29 . Memory (MB): peak = 2512.652 ; gain = 1153.348 ; free physical = 136 ; free virtual = 3196
---------------------------------------------------------------------------------
---------------------------------------------------------------------------------
Start Renaming Generated Instances
---------------------------------------------------------------------------------
---------------------------------------------------------------------------------
Finished Renaming Generated Instances : Time (s): cpu = 00:00:09 ; elapsed = 00:00:29 . Memory (MB): peak = 2512.652 ; gain = 1153.348 ; free physical = 125 ; free virtual = 3196
---------------------------------------------------------------------------------
---------------------------------------------------------------------------------
Start Rebuilding User Hierarchy
---------------------------------------------------------------------------------
---------------------------------------------------------------------------------
Finished Rebuilding User Hierarchy : Time (s): cpu = 00:00:09 ; elapsed = 00:00:29 . Memory (MB): peak = 2512.652 ; gain = 1153.348 ; free physical = 130 ; free virtual = 3197
---------------------------------------------------------------------------------
---------------------------------------------------------------------------------
Start Renaming Generated Ports
---------------------------------------------------------------------------------
---------------------------------------------------------------------------------
Finished Renaming Generated Ports : Time (s): cpu = 00:00:09 ; elapsed = 00:00:29 . Memory (MB): peak = 2512.652 ; gain = 1153.348 ; free physical = 148 ; free virtual = 3198
---------------------------------------------------------------------------------
---------------------------------------------------------------------------------
Start Handling Custom Attributes
---------------------------------------------------------------------------------
---------------------------------------------------------------------------------
Finished Handling Custom Attributes : Time (s): cpu = 00:00:09 ; elapsed = 00:00:29 . Memory (MB): peak = 2512.652 ; gain = 1153.348 ; free physical = 146 ; free virtual = 3197
---------------------------------------------------------------------------------
---------------------------------------------------------------------------------
Start Renaming Generated Nets
---------------------------------------------------------------------------------
---------------------------------------------------------------------------------
Finished Renaming Generated Nets : Time (s): cpu = 00:00:09 ; elapsed = 00:00:29 . Memory (MB): peak = 2512.652 ; gain = 1153.348 ; free physical = 146 ; free virtual = 3197
---------------------------------------------------------------------------------
---------------------------------------------------------------------------------
Start Writing Synthesis Report
---------------------------------------------------------------------------------

Report BlackBoxes: 
+-+--------------+----------+
| |BlackBox name |Instances |
+-+--------------+----------+
+-+--------------+----------+

Report Cell Usage: 
+-+-----+------+
| |Cell |Count |
+-+-----+------+
+-+-----+------+

Report Instance Areas: 
+------+---------+-------+------+
|      |Instance |Module |Cells |
+------+---------+-------+------+
|1     |top      |       |     0|
+------+---------+-------+------+
---------------------------------------------------------------------------------
Finished Writing Synthesis Report : Time (s): cpu = 00:00:09 ; elapsed = 00:00:29 . Memory (MB): peak = 2512.652 ; gain = 1153.348 ; free physical = 133 ; free virtual = 3197
---------------------------------------------------------------------------------
Synthesis finished with 0 errors, 0 critical warnings and 11 warnings.
Synthesis Optimization Runtime : Time (s): cpu = 00:00:09 ; elapsed = 00:00:29 . Memory (MB): peak = 2512.652 ; gain = 1153.348 ; free physical = 141 ; free virtual = 3196
Synthesis Optimization Complete : Time (s): cpu = 00:00:09 ; elapsed = 00:00:29 . Memory (MB): peak = 2512.660 ; gain = 1153.348 ; free physical = 141 ; free virtual = 3194
INFO: [Project 1-571] Translating synthesized netlist
Netlist sorting complete. Time (s): cpu = 00:00:00 ; elapsed = 00:00:00 . Memory (MB): peak = 2512.660 ; gain = 0.000 ; free physical = 155 ; free virtual = 3213
INFO: [Project 1-570] Preparing netlist for logic optimization
INFO: [Opt 31-138] Pushed 0 inverter(s) to 0 load pin(s).
Netlist sorting complete. Time (s): cpu = 00:00:00 ; elapsed = 00:00:00 . Memory (MB): peak = 2595.121 ; gain = 0.000 ; free physical = 136 ; free virtual = 3303
INFO: [Project 1-111] Unisim Transformation Summary:
No Unisim elements were transformed.

Synth Design complete | Checksum: 259418d8
INFO: [Common 17-83] Releasing license: Synthesis
29 Infos, 11 Warnings, 0 Critical Warnings and 0 Errors encountered.
synth_design completed successfully
synth_design: Time (s): cpu = 00:00:14 ; elapsed = 00:00:38 . Memory (MB): peak = 2595.121 ; gain = 1235.820 ; free physical = 143 ; free virtual = 3299
INFO: [Common 17-2834] synth_design peak Physical Memory [PSS] (MB): overall = 1878.937; main = 1665.098; forked = 272.602
INFO: [Common 17-2834] synth_design peak Virtual Memory [VSS] (MB): overall = 3430.867; main = 2595.125; forked = 918.211
INFO: [Common 17-1381] The checkpoint '/home/jagadeesh97/Downloads/vivado/alu/alu/alu.runs/synth_1/alu_tb.dcp' has been generated.
INFO: [Vivado 12-24828] Executing command : report_utilization -file alu_tb_utilization_synth.rpt -pb alu_tb_utilization_synth.pb
INFO: [Common 17-206] Exiting Vivado at Thu Sep 18 17:53:34 2025...
